<?xml version="1.0" encoding="UTF-8"?>
<testsuites name="Header_menu" time="213.937" tests="17" failures="0" errors="0">
   <testsuite name="Header_menu" tests="17" failures="0" errors="0" time="213.937" skipped="0" timestamp="26-07-2024T00:09:20" hostname="Admin - DESKTOP-26G4KH6" id="Test Suites/Shopping Cart/Filter/Header_menu">
      <properties>
         <property name="deviceName" value=""/>
         <property name="devicePlatform"/>
         <property name="logFolder" value="C:\\Users\\Admin\\git\\Katalon-certification\\Reports\\20240726_000905\\Shopping Cart\\Filter\\Header_menu\\20240726_000909"/>
         <property name="logFiles" value="C:\\Users\\Admin\\git\\Katalon-certification\\Reports\\20240726_000905\\Shopping Cart\\Filter\\Header_menu\\20240726_000909\\execution0.log"/>
         <property name="attachments" value=""/>
         <property name="hostName" value="Admin - DESKTOP-26G4KH6"/>
         <property name="os" value="Windows 10 64bit"/>
         <property name="katalonVersion" value="9.6.0.217"/>
         <property name="browser" value="Chrome 126.0.0.0"/>
         <property name="hostAddress" value="192.168.0.191"/>
         <property name="sessionId" value="2294d728addd80d984b709029f663acb"/>
         <property name="seleniumVersion" value="3.141.59"/>
         <property name="proxyInformation" value="ProxyInformation { proxyOption=NO_PROXY, proxyServerType=HTTP, username=, password=********, proxyServerAddress=, proxyServerPort=0, executionList=&quot;&quot;, isApplyToDesiredCapabilities=true }"/>
         <property name="platform" value="Windows 10"/>
      </properties>
      <testcase name="Test Cases/Shopping Cart/Filter/TC23_HeaderMenu_Women_product_type_Basics" time="11.548" classname="Test Cases/Shopping Cart/Filter/TC23_HeaderMenu_Women_product_type_Basics" status="PASSED">
         <system-out><![CDATA[26-07-2024T00:09:20 - [TEST_CASE][PASSED] - Test Cases/Shopping Cart/Filter/TC23_HeaderMenu_Women_product_type_Basics: Test Cases/Shopping Cart/Filter/TC23_HeaderMenu_Women_product_type_Basics

26-07-2024T00:09:21 - [TEST_STEP][PASSED] - openBrowser(Dashborad_URL): Browser is opened with url: 'https://demo-store.katalon.com/'

26-07-2024T00:09:21 - [MESSAGE][INFO] - Starting 'Chrome' driver

26-07-2024T00:09:21 - [MESSAGE][INFO] - Action delay is set to 0 milliseconds

26-07-2024T00:09:28 - [MESSAGE][PASSED] - Browser is opened with url: 'https://demo-store.katalon.com/'

26-07-2024T00:09:28 - [TEST_STEP][PASSED] - maximizeWindow(): Current window maximized

26-07-2024T00:09:28 - [MESSAGE][PASSED] - Current window maximized

26-07-2024T00:09:28 - [TEST_STEP][PASSED] - waitForElementPresent(findTestObject("Object Repository/Shopping Cart/Dashboard/Dashboard_page"), 5): Object 'Object Repository/Shopping Cart/Dashboard/Dashboard_page' is present

26-07-2024T00:09:31 - [MESSAGE][PASSED] - Object 'Object Repository/Shopping Cart/Dashboard/Dashboard_page' is present

26-07-2024T00:09:31 - [TEST_STEP][PASSED] - if (department == "Women" && type == "Basics"): null

26-07-2024T00:09:31 - [TEST_STEP][PASSED] - closeBrowser(): Browser is closed

26-07-2024T00:09:32 - [MESSAGE][PASSED] - Browser is closed]]></system-out>
         <system-err><![CDATA[]]></system-err>
      </testcase>
      <testcase name="Test Cases/Shopping Cart/Filter/TC24_HeaderMenu_Women_product_type_Blazer" time="6.443" classname="Test Cases/Shopping Cart/Filter/TC24_HeaderMenu_Women_product_type_Blazer" status="PASSED">
         <system-out><![CDATA[26-07-2024T00:09:32 - [TEST_CASE][PASSED] - Test Cases/Shopping Cart/Filter/TC24_HeaderMenu_Women_product_type_Blazer: Test Cases/Shopping Cart/Filter/TC24_HeaderMenu_Women_product_type_Blazer

26-07-2024T00:09:32 - [TEST_STEP][PASSED] - openBrowser(Dashborad_URL): Browser is opened with url: 'https://demo-store.katalon.com/'

26-07-2024T00:09:32 - [MESSAGE][INFO] - Starting 'Chrome' driver

26-07-2024T00:09:32 - [MESSAGE][INFO] - Action delay is set to 0 milliseconds

26-07-2024T00:09:38 - [MESSAGE][PASSED] - Browser is opened with url: 'https://demo-store.katalon.com/'

26-07-2024T00:09:38 - [TEST_STEP][PASSED] - maximizeWindow(): Current window maximized

26-07-2024T00:09:38 - [MESSAGE][PASSED] - Current window maximized

26-07-2024T00:09:38 - [TEST_STEP][PASSED] - waitForElementPresent(findTestObject("Object Repository/Shopping Cart/Dashboard/Dashboard_page"), 5): Object 'Object Repository/Shopping Cart/Dashboard/Dashboard_page' is present

26-07-2024T00:09:38 - [MESSAGE][PASSED] - Object 'Object Repository/Shopping Cart/Dashboard/Dashboard_page' is present

26-07-2024T00:09:38 - [TEST_STEP][PASSED] - if (department == "Women" && type == "Blazer"): null

26-07-2024T00:09:38 - [TEST_STEP][PASSED] - closeBrowser(): Browser is closed

26-07-2024T00:09:38 - [MESSAGE][PASSED] - Browser is closed]]></system-out>
         <system-err><![CDATA[]]></system-err>
      </testcase>
      <testcase name="Test Cases/Shopping Cart/Filter/TC25_HeaderMenu_Kids_product_type_Girl" time="5.844" classname="Test Cases/Shopping Cart/Filter/TC25_HeaderMenu_Kids_product_type_Girl" status="PASSED">
         <system-out><![CDATA[26-07-2024T00:09:38 - [TEST_CASE][PASSED] - Test Cases/Shopping Cart/Filter/TC25_HeaderMenu_Kids_product_type_Girl: Test Cases/Shopping Cart/Filter/TC25_HeaderMenu_Kids_product_type_Girl

26-07-2024T00:09:38 - [TEST_STEP][PASSED] - openBrowser(Dashborad_URL): Browser is opened with url: 'https://demo-store.katalon.com/'

26-07-2024T00:09:38 - [MESSAGE][INFO] - Starting 'Chrome' driver

26-07-2024T00:09:38 - [MESSAGE][INFO] - Action delay is set to 0 milliseconds

26-07-2024T00:09:44 - [MESSAGE][PASSED] - Browser is opened with url: 'https://demo-store.katalon.com/'

26-07-2024T00:09:44 - [TEST_STEP][PASSED] - maximizeWindow(): Current window maximized

26-07-2024T00:09:44 - [MESSAGE][PASSED] - Current window maximized

26-07-2024T00:09:44 - [TEST_STEP][PASSED] - waitForElementPresent(findTestObject("Object Repository/Shopping Cart/Dashboard/Dashboard_page"), 5): Object 'Object Repository/Shopping Cart/Dashboard/Dashboard_page' is present

26-07-2024T00:09:44 - [MESSAGE][PASSED] - Object 'Object Repository/Shopping Cart/Dashboard/Dashboard_page' is present

26-07-2024T00:09:44 - [TEST_STEP][PASSED] - if (department == "Kids" && type == "Girl"): null

26-07-2024T00:09:44 - [TEST_STEP][PASSED] - closeBrowser(): Browser is closed

26-07-2024T00:09:44 - [MESSAGE][PASSED] - Browser is closed]]></system-out>
         <system-err><![CDATA[]]></system-err>
      </testcase>
      <testcase name="Test Cases/Shopping Cart/Filter/TC26_HeaderMenu_Kids_product_type_Boy" time="5.824" classname="Test Cases/Shopping Cart/Filter/TC26_HeaderMenu_Kids_product_type_Boy" status="PASSED">
         <system-out><![CDATA[26-07-2024T00:09:44 - [TEST_CASE][PASSED] - Test Cases/Shopping Cart/Filter/TC26_HeaderMenu_Kids_product_type_Boy: Test Cases/Shopping Cart/Filter/TC26_HeaderMenu_Kids_product_type_Boy

26-07-2024T00:09:44 - [TEST_STEP][PASSED] - openBrowser(Dashborad_URL): Browser is opened with url: 'https://demo-store.katalon.com/'

26-07-2024T00:09:44 - [MESSAGE][INFO] - Starting 'Chrome' driver

26-07-2024T00:09:44 - [MESSAGE][INFO] - Action delay is set to 0 milliseconds

26-07-2024T00:09:49 - [MESSAGE][PASSED] - Browser is opened with url: 'https://demo-store.katalon.com/'

26-07-2024T00:09:49 - [TEST_STEP][PASSED] - maximizeWindow(): Current window maximized

26-07-2024T00:09:49 - [MESSAGE][PASSED] - Current window maximized

26-07-2024T00:09:49 - [TEST_STEP][PASSED] - waitForElementPresent(findTestObject("Object Repository/Shopping Cart/Dashboard/Dashboard_page"), 5): Object 'Object Repository/Shopping Cart/Dashboard/Dashboard_page' is present

26-07-2024T00:09:50 - [MESSAGE][PASSED] - Object 'Object Repository/Shopping Cart/Dashboard/Dashboard_page' is present

26-07-2024T00:09:50 - [TEST_STEP][PASSED] - if (department == "Kids" && type == "Boy"): null

26-07-2024T00:09:50 - [TEST_STEP][PASSED] - closeBrowser(): Browser is closed

26-07-2024T00:09:50 - [MESSAGE][PASSED] - Browser is closed]]></system-out>
         <system-err><![CDATA[]]></system-err>
      </testcase>
      <testcase name="Test Cases/Shopping Cart/Filter/TC27_HeaderMenu_Men_product_type_Knitwear" time="12.279" classname="Test Cases/Shopping Cart/Filter/TC27_HeaderMenu_Men_product_type_Knitwear" status="PASSED">
         <system-out><![CDATA[26-07-2024T00:09:50 - [TEST_CASE][PASSED] - Test Cases/Shopping Cart/Filter/TC27_HeaderMenu_Men_product_type_Knitwear: Test Cases/Shopping Cart/Filter/TC27_HeaderMenu_Men_product_type_Knitwear

26-07-2024T00:09:50 - [TEST_STEP][PASSED] - openBrowser(Dashborad_URL): Browser is opened with url: 'https://demo-store.katalon.com/'

26-07-2024T00:09:50 - [MESSAGE][INFO] - Starting 'Chrome' driver

26-07-2024T00:09:50 - [MESSAGE][INFO] - Action delay is set to 0 milliseconds

26-07-2024T00:09:59 - [MESSAGE][PASSED] - Browser is opened with url: 'https://demo-store.katalon.com/'

26-07-2024T00:09:59 - [TEST_STEP][PASSED] - maximizeWindow(): Current window maximized

26-07-2024T00:09:59 - [MESSAGE][PASSED] - Current window maximized

26-07-2024T00:09:59 - [TEST_STEP][PASSED] - waitForElementPresent(findTestObject("Object Repository/Shopping Cart/Dashboard/Dashboard_page"), 5): Object 'Object Repository/Shopping Cart/Dashboard/Dashboard_page' is present

26-07-2024T00:10:02 - [MESSAGE][PASSED] - Object 'Object Repository/Shopping Cart/Dashboard/Dashboard_page' is present

26-07-2024T00:10:02 - [TEST_STEP][PASSED] - if (department == "Men" && type == "Knitwear"): null

26-07-2024T00:10:02 - [TEST_STEP][PASSED] - closeBrowser(): Browser is closed

26-07-2024T00:10:02 - [MESSAGE][PASSED] - Browser is closed]]></system-out>
         <system-err><![CDATA[]]></system-err>
      </testcase>
      <testcase name="Test Cases/Shopping Cart/Filter/TC28_HeaderMenu_Men_product_type_Jeans" time="10.319" classname="Test Cases/Shopping Cart/Filter/TC28_HeaderMenu_Men_product_type_Jeans" status="PASSED">
         <system-out><![CDATA[26-07-2024T00:10:02 - [TEST_CASE][PASSED] - Test Cases/Shopping Cart/Filter/TC28_HeaderMenu_Men_product_type_Jeans: Test Cases/Shopping Cart/Filter/TC28_HeaderMenu_Men_product_type_Jeans

26-07-2024T00:10:02 - [TEST_STEP][PASSED] - openBrowser(Dashborad_URL): Browser is opened with url: 'https://demo-store.katalon.com/'

26-07-2024T00:10:02 - [MESSAGE][INFO] - Starting 'Chrome' driver

26-07-2024T00:10:02 - [MESSAGE][INFO] - Action delay is set to 0 milliseconds

26-07-2024T00:10:12 - [MESSAGE][PASSED] - Browser is opened with url: 'https://demo-store.katalon.com/'

26-07-2024T00:10:12 - [TEST_STEP][PASSED] - maximizeWindow(): Current window maximized

26-07-2024T00:10:12 - [MESSAGE][PASSED] - Current window maximized

26-07-2024T00:10:12 - [TEST_STEP][PASSED] - waitForElementPresent(findTestObject("Object Repository/Shopping Cart/Dashboard/Dashboard_page"), 5): Object 'Object Repository/Shopping Cart/Dashboard/Dashboard_page' is present

26-07-2024T00:10:12 - [MESSAGE][PASSED] - Object 'Object Repository/Shopping Cart/Dashboard/Dashboard_page' is present

26-07-2024T00:10:12 - [TEST_STEP][PASSED] - if (department == "Men" && type == "Jeans"): null

26-07-2024T00:10:12 - [TEST_STEP][PASSED] - closeBrowser(): Browser is closed

26-07-2024T00:10:12 - [MESSAGE][PASSED] - Browser is closed]]></system-out>
         <system-err><![CDATA[]]></system-err>
      </testcase>
      <testcase name="Test Cases/Shopping Cart/Filter/TC29_HeaderMenu_Men_product_type_Jackets" time="12.346" classname="Test Cases/Shopping Cart/Filter/TC29_HeaderMenu_Men_product_type_Jackets" status="PASSED">
         <system-out><![CDATA[26-07-2024T00:10:12 - [TEST_CASE][PASSED] - Test Cases/Shopping Cart/Filter/TC29_HeaderMenu_Men_product_type_Jackets: Test Cases/Shopping Cart/Filter/TC29_HeaderMenu_Men_product_type_Jackets

26-07-2024T00:10:12 - [TEST_STEP][PASSED] - openBrowser(Dashborad_URL): Browser is opened with url: 'https://demo-store.katalon.com/'

26-07-2024T00:10:12 - [MESSAGE][INFO] - Starting 'Chrome' driver

26-07-2024T00:10:12 - [MESSAGE][INFO] - Action delay is set to 0 milliseconds

26-07-2024T00:10:21 - [MESSAGE][PASSED] - Browser is opened with url: 'https://demo-store.katalon.com/'

26-07-2024T00:10:21 - [TEST_STEP][PASSED] - maximizeWindow(): Current window maximized

26-07-2024T00:10:21 - [MESSAGE][PASSED] - Current window maximized

26-07-2024T00:10:21 - [TEST_STEP][PASSED] - waitForElementPresent(findTestObject("Object Repository/Shopping Cart/Dashboard/Dashboard_page"), 5): Object 'Object Repository/Shopping Cart/Dashboard/Dashboard_page' is present

26-07-2024T00:10:24 - [MESSAGE][PASSED] - Object 'Object Repository/Shopping Cart/Dashboard/Dashboard_page' is present

26-07-2024T00:10:24 - [TEST_STEP][PASSED] - if (department == "Men" && type == "Jackets"): null

26-07-2024T00:10:24 - [TEST_STEP][PASSED] - closeBrowser(): Browser is closed

26-07-2024T00:10:25 - [MESSAGE][PASSED] - Browser is closed]]></system-out>
         <system-err><![CDATA[]]></system-err>
      </testcase>
      <testcase name="Test Cases/Shopping Cart/Filter/TC30_HeaderMenu_All_products_01" time="11.354" classname="Test Cases/Shopping Cart/Filter/TC30_HeaderMenu_All_products_01" status="PASSED">
         <system-out><![CDATA[26-07-2024T00:10:25 - [TEST_CASE][PASSED] - Test Cases/Shopping Cart/Filter/TC30_HeaderMenu_All_products_01: Test Cases/Shopping Cart/Filter/TC30_HeaderMenu_All_products_01

26-07-2024T00:10:25 - [TEST_STEP][PASSED] - openBrowser(Dashborad_URL): Browser is opened with url: 'https://demo-store.katalon.com/'

26-07-2024T00:10:25 - [MESSAGE][INFO] - Starting 'Chrome' driver

26-07-2024T00:10:25 - [MESSAGE][INFO] - Action delay is set to 0 milliseconds

26-07-2024T00:10:31 - [MESSAGE][PASSED] - Browser is opened with url: 'https://demo-store.katalon.com/'

26-07-2024T00:10:31 - [TEST_STEP][PASSED] - maximizeWindow(): Current window maximized

26-07-2024T00:10:31 - [MESSAGE][PASSED] - Current window maximized

26-07-2024T00:10:31 - [TEST_STEP][PASSED] - waitForElementPresent(findTestObject("Object Repository/Shopping Cart/Dashboard/Dashboard_page"), 5): Object 'Object Repository/Shopping Cart/Dashboard/Dashboard_page' is present

26-07-2024T00:10:31 - [MESSAGE][PASSED] - Object 'Object Repository/Shopping Cart/Dashboard/Dashboard_page' is present

26-07-2024T00:10:31 - [TEST_STEP][PASSED] - click(findTestObject("Object Repository/Shopping Cart/Header/Header_menu_All_products")): Object: 'Object Repository/Shopping Cart/Header/Header_menu_All_products' is clicked on

26-07-2024T00:10:35 - [MESSAGE][PASSED] - Object: 'Object Repository/Shopping Cart/Header/Header_menu_All_products' is clicked on

26-07-2024T00:10:35 - [TEST_STEP][PASSED] - verifyElementPresent(findTestObject("Object Repository/Shopping Cart/Dashboard/Product_item", ["product_name":product_name]), 5): Object 'Object Repository/Shopping Cart/Dashboard/Product_item' is present

26-07-2024T00:10:36 - [MESSAGE][PASSED] - Object 'Object Repository/Shopping Cart/Dashboard/Product_item' is present

26-07-2024T00:10:36 - [TEST_STEP][PASSED] - closeBrowser(): Browser is closed

26-07-2024T00:10:36 - [MESSAGE][PASSED] - Browser is closed]]></system-out>
         <system-err><![CDATA[]]></system-err>
      </testcase>
      <testcase name="Test Cases/Shopping Cart/Filter/TC31_HeaderMenu_All_products_02" time="25.577" classname="Test Cases/Shopping Cart/Filter/TC31_HeaderMenu_All_products_02" status="PASSED">
         <system-out><![CDATA[26-07-2024T00:10:36 - [TEST_CASE][PASSED] - Test Cases/Shopping Cart/Filter/TC31_HeaderMenu_All_products_02: Test Cases/Shopping Cart/Filter/TC31_HeaderMenu_All_products_02

26-07-2024T00:10:36 - [TEST_STEP][PASSED] - openBrowser(Dashborad_URL): Browser is opened with url: 'https://demo-store.katalon.com/'

26-07-2024T00:10:36 - [MESSAGE][INFO] - Starting 'Chrome' driver

26-07-2024T00:10:36 - [MESSAGE][INFO] - Action delay is set to 0 milliseconds

26-07-2024T00:10:59 - [MESSAGE][PASSED] - Browser is opened with url: 'https://demo-store.katalon.com/'

26-07-2024T00:10:59 - [TEST_STEP][PASSED] - maximizeWindow(): Current window maximized

26-07-2024T00:10:59 - [MESSAGE][PASSED] - Current window maximized

26-07-2024T00:10:59 - [TEST_STEP][PASSED] - waitForElementPresent(findTestObject("Object Repository/Shopping Cart/Dashboard/Dashboard_page"), 5): Object 'Object Repository/Shopping Cart/Dashboard/Dashboard_page' is present

26-07-2024T00:11:00 - [MESSAGE][PASSED] - Object 'Object Repository/Shopping Cart/Dashboard/Dashboard_page' is present

26-07-2024T00:11:00 - [TEST_STEP][PASSED] - click(findTestObject("Object Repository/Shopping Cart/Header/Header_menu_All_products")): Object: 'Object Repository/Shopping Cart/Header/Header_menu_All_products' is clicked on

26-07-2024T00:11:01 - [MESSAGE][PASSED] - Object: 'Object Repository/Shopping Cart/Header/Header_menu_All_products' is clicked on

26-07-2024T00:11:01 - [TEST_STEP][PASSED] - verifyElementPresent(findTestObject("Object Repository/Shopping Cart/Dashboard/Product_item", ["product_name":product_name]), 5): Object 'Object Repository/Shopping Cart/Dashboard/Product_item' is present

26-07-2024T00:11:02 - [MESSAGE][PASSED] - Object 'Object Repository/Shopping Cart/Dashboard/Product_item' is present

26-07-2024T00:11:02 - [TEST_STEP][PASSED] - closeBrowser(): Browser is closed

26-07-2024T00:11:02 - [MESSAGE][PASSED] - Browser is closed]]></system-out>
         <system-err><![CDATA[]]></system-err>
      </testcase>
      <testcase name="Test Cases/Shopping Cart/Filter/TC32_HeaderMenu_All_products_03" time="16.606" classname="Test Cases/Shopping Cart/Filter/TC32_HeaderMenu_All_products_03" status="PASSED">
         <system-out><![CDATA[26-07-2024T00:11:02 - [TEST_CASE][PASSED] - Test Cases/Shopping Cart/Filter/TC32_HeaderMenu_All_products_03: Test Cases/Shopping Cart/Filter/TC32_HeaderMenu_All_products_03

26-07-2024T00:11:02 - [TEST_STEP][PASSED] - openBrowser(Dashborad_URL): Browser is opened with url: 'https://demo-store.katalon.com/'

26-07-2024T00:11:02 - [MESSAGE][INFO] - Starting 'Chrome' driver

26-07-2024T00:11:02 - [MESSAGE][INFO] - Action delay is set to 0 milliseconds

26-07-2024T00:11:12 - [MESSAGE][PASSED] - Browser is opened with url: 'https://demo-store.katalon.com/'

26-07-2024T00:11:12 - [TEST_STEP][PASSED] - maximizeWindow(): Current window maximized

26-07-2024T00:11:12 - [MESSAGE][PASSED] - Current window maximized

26-07-2024T00:11:12 - [TEST_STEP][PASSED] - waitForElementPresent(findTestObject("Object Repository/Shopping Cart/Dashboard/Dashboard_page"), 5): Object 'Object Repository/Shopping Cart/Dashboard/Dashboard_page' is present

26-07-2024T00:11:12 - [MESSAGE][PASSED] - Object 'Object Repository/Shopping Cart/Dashboard/Dashboard_page' is present

26-07-2024T00:11:12 - [TEST_STEP][PASSED] - click(findTestObject("Object Repository/Shopping Cart/Header/Header_menu_All_products")): Object: 'Object Repository/Shopping Cart/Header/Header_menu_All_products' is clicked on

26-07-2024T00:11:16 - [MESSAGE][PASSED] - Object: 'Object Repository/Shopping Cart/Header/Header_menu_All_products' is clicked on

26-07-2024T00:11:16 - [TEST_STEP][PASSED] - verifyElementPresent(findTestObject("Object Repository/Shopping Cart/Dashboard/Product_item", ["product_name":product_name]), 5): Object 'Object Repository/Shopping Cart/Dashboard/Product_item' is present

26-07-2024T00:11:17 - [MESSAGE][PASSED] - Object 'Object Repository/Shopping Cart/Dashboard/Product_item' is present

26-07-2024T00:11:17 - [TEST_STEP][PASSED] - closeBrowser(): Browser is closed

26-07-2024T00:11:18 - [MESSAGE][PASSED] - Browser is closed]]></system-out>
         <system-err><![CDATA[]]></system-err>
      </testcase>
      <testcase name="Test Cases/Shopping Cart/Filter/TC33_HeaderMenu_All_products_04" time="15.18" classname="Test Cases/Shopping Cart/Filter/TC33_HeaderMenu_All_products_04" status="PASSED">
         <system-out><![CDATA[26-07-2024T00:11:18 - [TEST_CASE][PASSED] - Test Cases/Shopping Cart/Filter/TC33_HeaderMenu_All_products_04: Test Cases/Shopping Cart/Filter/TC33_HeaderMenu_All_products_04

26-07-2024T00:11:18 - [TEST_STEP][PASSED] - openBrowser(Dashborad_URL): Browser is opened with url: 'https://demo-store.katalon.com/'

26-07-2024T00:11:18 - [MESSAGE][INFO] - Starting 'Chrome' driver

26-07-2024T00:11:18 - [MESSAGE][INFO] - Action delay is set to 0 milliseconds

26-07-2024T00:11:28 - [MESSAGE][PASSED] - Browser is opened with url: 'https://demo-store.katalon.com/'

26-07-2024T00:11:28 - [TEST_STEP][PASSED] - maximizeWindow(): Current window maximized

26-07-2024T00:11:28 - [MESSAGE][PASSED] - Current window maximized

26-07-2024T00:11:28 - [TEST_STEP][PASSED] - waitForElementPresent(findTestObject("Object Repository/Shopping Cart/Dashboard/Dashboard_page"), 5): Object 'Object Repository/Shopping Cart/Dashboard/Dashboard_page' is present

26-07-2024T00:11:32 - [MESSAGE][PASSED] - Object 'Object Repository/Shopping Cart/Dashboard/Dashboard_page' is present

26-07-2024T00:11:32 - [TEST_STEP][PASSED] - click(findTestObject("Object Repository/Shopping Cart/Header/Header_menu_All_products")): Object: 'Object Repository/Shopping Cart/Header/Header_menu_All_products' is clicked on

26-07-2024T00:11:32 - [MESSAGE][PASSED] - Object: 'Object Repository/Shopping Cart/Header/Header_menu_All_products' is clicked on

26-07-2024T00:11:32 - [TEST_STEP][PASSED] - verifyElementPresent(findTestObject("Object Repository/Shopping Cart/Dashboard/Product_item", ["product_name":product_name]), 5): Object 'Object Repository/Shopping Cart/Dashboard/Product_item' is present

26-07-2024T00:11:33 - [MESSAGE][PASSED] - Object 'Object Repository/Shopping Cart/Dashboard/Product_item' is present

26-07-2024T00:11:33 - [TEST_STEP][PASSED] - closeBrowser(): Browser is closed

26-07-2024T00:11:33 - [MESSAGE][PASSED] - Browser is closed]]></system-out>
         <system-err><![CDATA[]]></system-err>
      </testcase>
      <testcase name="Test Cases/Shopping Cart/Filter/TC34_HeaderMenu_All_products_05" time="11.367" classname="Test Cases/Shopping Cart/Filter/TC34_HeaderMenu_All_products_05" status="PASSED">
         <system-out><![CDATA[26-07-2024T00:11:33 - [TEST_CASE][PASSED] - Test Cases/Shopping Cart/Filter/TC34_HeaderMenu_All_products_05: Test Cases/Shopping Cart/Filter/TC34_HeaderMenu_All_products_05

26-07-2024T00:11:34 - [TEST_STEP][PASSED] - openBrowser(Dashborad_URL): Browser is opened with url: 'https://demo-store.katalon.com/'

26-07-2024T00:11:34 - [MESSAGE][INFO] - Starting 'Chrome' driver

26-07-2024T00:11:34 - [MESSAGE][INFO] - Action delay is set to 0 milliseconds

26-07-2024T00:11:40 - [MESSAGE][PASSED] - Browser is opened with url: 'https://demo-store.katalon.com/'

26-07-2024T00:11:40 - [TEST_STEP][PASSED] - maximizeWindow(): Current window maximized

26-07-2024T00:11:40 - [MESSAGE][PASSED] - Current window maximized

26-07-2024T00:11:40 - [TEST_STEP][PASSED] - waitForElementPresent(findTestObject("Object Repository/Shopping Cart/Dashboard/Dashboard_page"), 5): Object 'Object Repository/Shopping Cart/Dashboard/Dashboard_page' is present

26-07-2024T00:11:40 - [MESSAGE][PASSED] - Object 'Object Repository/Shopping Cart/Dashboard/Dashboard_page' is present

26-07-2024T00:11:40 - [TEST_STEP][PASSED] - click(findTestObject("Object Repository/Shopping Cart/Header/Header_menu_All_products")): Object: 'Object Repository/Shopping Cart/Header/Header_menu_All_products' is clicked on

26-07-2024T00:11:44 - [MESSAGE][PASSED] - Object: 'Object Repository/Shopping Cart/Header/Header_menu_All_products' is clicked on

26-07-2024T00:11:44 - [TEST_STEP][PASSED] - verifyElementPresent(findTestObject("Object Repository/Shopping Cart/Dashboard/Product_item", ["product_name":product_name]), 5): Object 'Object Repository/Shopping Cart/Dashboard/Product_item' is present

26-07-2024T00:11:45 - [MESSAGE][PASSED] - Object 'Object Repository/Shopping Cart/Dashboard/Product_item' is present

26-07-2024T00:11:45 - [TEST_STEP][PASSED] - closeBrowser(): Browser is closed

26-07-2024T00:11:45 - [MESSAGE][PASSED] - Browser is closed]]></system-out>
         <system-err><![CDATA[]]></system-err>
      </testcase>
      <testcase name="Test Cases/Shopping Cart/Filter/TC35_HeaderMenu_All_products_06" time="18.615" classname="Test Cases/Shopping Cart/Filter/TC35_HeaderMenu_All_products_06" status="PASSED">
         <system-out><![CDATA[26-07-2024T00:11:45 - [TEST_CASE][PASSED] - Test Cases/Shopping Cart/Filter/TC35_HeaderMenu_All_products_06: Test Cases/Shopping Cart/Filter/TC35_HeaderMenu_All_products_06

26-07-2024T00:11:45 - [TEST_STEP][PASSED] - openBrowser(Dashborad_URL): Browser is opened with url: 'https://demo-store.katalon.com/'

26-07-2024T00:11:45 - [MESSAGE][INFO] - Starting 'Chrome' driver

26-07-2024T00:11:45 - [MESSAGE][INFO] - Action delay is set to 0 milliseconds

26-07-2024T00:11:58 - [MESSAGE][PASSED] - Browser is opened with url: 'https://demo-store.katalon.com/'

26-07-2024T00:11:58 - [TEST_STEP][PASSED] - maximizeWindow(): Current window maximized

26-07-2024T00:11:58 - [MESSAGE][PASSED] - Current window maximized

26-07-2024T00:11:58 - [TEST_STEP][PASSED] - waitForElementPresent(findTestObject("Object Repository/Shopping Cart/Dashboard/Dashboard_page"), 5): Object 'Object Repository/Shopping Cart/Dashboard/Dashboard_page' is present

26-07-2024T00:11:58 - [MESSAGE][PASSED] - Object 'Object Repository/Shopping Cart/Dashboard/Dashboard_page' is present

26-07-2024T00:11:58 - [TEST_STEP][PASSED] - click(findTestObject("Object Repository/Shopping Cart/Header/Header_menu_All_products")): Object: 'Object Repository/Shopping Cart/Header/Header_menu_All_products' is clicked on

26-07-2024T00:12:02 - [MESSAGE][PASSED] - Object: 'Object Repository/Shopping Cart/Header/Header_menu_All_products' is clicked on

26-07-2024T00:12:02 - [TEST_STEP][PASSED] - verifyElementPresent(findTestObject("Object Repository/Shopping Cart/Dashboard/Product_item", ["product_name":product_name]), 5): Object 'Object Repository/Shopping Cart/Dashboard/Product_item' is present

26-07-2024T00:12:03 - [MESSAGE][PASSED] - Object 'Object Repository/Shopping Cart/Dashboard/Product_item' is present

26-07-2024T00:12:03 - [TEST_STEP][PASSED] - closeBrowser(): Browser is closed

26-07-2024T00:12:03 - [MESSAGE][PASSED] - Browser is closed]]></system-out>
         <system-err><![CDATA[]]></system-err>
      </testcase>
      <testcase name="Test Cases/Shopping Cart/Filter/TC36_HeaderMenu_All_products_07" time="12.537" classname="Test Cases/Shopping Cart/Filter/TC36_HeaderMenu_All_products_07" status="PASSED">
         <system-out><![CDATA[26-07-2024T00:12:03 - [TEST_CASE][PASSED] - Test Cases/Shopping Cart/Filter/TC36_HeaderMenu_All_products_07: Test Cases/Shopping Cart/Filter/TC36_HeaderMenu_All_products_07

26-07-2024T00:12:03 - [TEST_STEP][PASSED] - openBrowser(Dashborad_URL): Browser is opened with url: 'https://demo-store.katalon.com/'

26-07-2024T00:12:03 - [MESSAGE][INFO] - Starting 'Chrome' driver

26-07-2024T00:12:03 - [MESSAGE][INFO] - Action delay is set to 0 milliseconds

26-07-2024T00:12:10 - [MESSAGE][PASSED] - Browser is opened with url: 'https://demo-store.katalon.com/'

26-07-2024T00:12:10 - [TEST_STEP][PASSED] - maximizeWindow(): Current window maximized

26-07-2024T00:12:10 - [MESSAGE][PASSED] - Current window maximized

26-07-2024T00:12:10 - [TEST_STEP][PASSED] - waitForElementPresent(findTestObject("Object Repository/Shopping Cart/Dashboard/Dashboard_page"), 5): Object 'Object Repository/Shopping Cart/Dashboard/Dashboard_page' is present

26-07-2024T00:12:13 - [MESSAGE][PASSED] - Object 'Object Repository/Shopping Cart/Dashboard/Dashboard_page' is present

26-07-2024T00:12:13 - [TEST_STEP][PASSED] - click(findTestObject("Object Repository/Shopping Cart/Header/Header_menu_All_products")): Object: 'Object Repository/Shopping Cart/Header/Header_menu_All_products' is clicked on

26-07-2024T00:12:14 - [MESSAGE][PASSED] - Object: 'Object Repository/Shopping Cart/Header/Header_menu_All_products' is clicked on

26-07-2024T00:12:14 - [TEST_STEP][PASSED] - verifyElementPresent(findTestObject("Object Repository/Shopping Cart/Dashboard/Product_item", ["product_name":product_name]), 5): Object 'Object Repository/Shopping Cart/Dashboard/Product_item' is present

26-07-2024T00:12:16 - [MESSAGE][PASSED] - Object 'Object Repository/Shopping Cart/Dashboard/Product_item' is present

26-07-2024T00:12:16 - [TEST_STEP][PASSED] - closeBrowser(): Browser is closed

26-07-2024T00:12:16 - [MESSAGE][PASSED] - Browser is closed]]></system-out>
         <system-err><![CDATA[]]></system-err>
      </testcase>
      <testcase name="Test Cases/Shopping Cart/Filter/TC37_HeaderMenu_All_products_08" time="11.066" classname="Test Cases/Shopping Cart/Filter/TC37_HeaderMenu_All_products_08" status="PASSED">
         <system-out><![CDATA[26-07-2024T00:12:16 - [TEST_CASE][PASSED] - Test Cases/Shopping Cart/Filter/TC37_HeaderMenu_All_products_08: Test Cases/Shopping Cart/Filter/TC37_HeaderMenu_All_products_08

26-07-2024T00:12:16 - [TEST_STEP][PASSED] - openBrowser(Dashborad_URL): Browser is opened with url: 'https://demo-store.katalon.com/'

26-07-2024T00:12:16 - [MESSAGE][INFO] - Starting 'Chrome' driver

26-07-2024T00:12:16 - [MESSAGE][INFO] - Action delay is set to 0 milliseconds

26-07-2024T00:12:22 - [MESSAGE][PASSED] - Browser is opened with url: 'https://demo-store.katalon.com/'

26-07-2024T00:12:22 - [TEST_STEP][PASSED] - maximizeWindow(): Current window maximized

26-07-2024T00:12:22 - [MESSAGE][PASSED] - Current window maximized

26-07-2024T00:12:22 - [TEST_STEP][PASSED] - waitForElementPresent(findTestObject("Object Repository/Shopping Cart/Dashboard/Dashboard_page"), 5): Object 'Object Repository/Shopping Cart/Dashboard/Dashboard_page' is present

26-07-2024T00:12:26 - [MESSAGE][PASSED] - Object 'Object Repository/Shopping Cart/Dashboard/Dashboard_page' is present

26-07-2024T00:12:26 - [TEST_STEP][PASSED] - click(findTestObject("Object Repository/Shopping Cart/Header/Header_menu_All_products")): Object: 'Object Repository/Shopping Cart/Header/Header_menu_All_products' is clicked on

26-07-2024T00:12:26 - [MESSAGE][PASSED] - Object: 'Object Repository/Shopping Cart/Header/Header_menu_All_products' is clicked on

26-07-2024T00:12:26 - [TEST_STEP][PASSED] - verifyElementPresent(findTestObject("Object Repository/Shopping Cart/Dashboard/Product_item", ["product_name":product_name]), 5): Object 'Object Repository/Shopping Cart/Dashboard/Product_item' is present

26-07-2024T00:12:27 - [MESSAGE][PASSED] - Object 'Object Repository/Shopping Cart/Dashboard/Product_item' is present

26-07-2024T00:12:27 - [TEST_STEP][PASSED] - closeBrowser(): Browser is closed

26-07-2024T00:12:27 - [MESSAGE][PASSED] - Browser is closed]]></system-out>
         <system-err><![CDATA[]]></system-err>
      </testcase>
      <testcase name="Test Cases/Shopping Cart/Filter/TC38_HeaderMenu_All_products_09" time="11.027" classname="Test Cases/Shopping Cart/Filter/TC38_HeaderMenu_All_products_09" status="PASSED">
         <system-out><![CDATA[26-07-2024T00:12:27 - [TEST_CASE][PASSED] - Test Cases/Shopping Cart/Filter/TC38_HeaderMenu_All_products_09: Test Cases/Shopping Cart/Filter/TC38_HeaderMenu_All_products_09

26-07-2024T00:12:27 - [TEST_STEP][PASSED] - openBrowser(Dashborad_URL): Browser is opened with url: 'https://demo-store.katalon.com/'

26-07-2024T00:12:27 - [MESSAGE][INFO] - Starting 'Chrome' driver

26-07-2024T00:12:27 - [MESSAGE][INFO] - Action delay is set to 0 milliseconds

26-07-2024T00:12:33 - [MESSAGE][PASSED] - Browser is opened with url: 'https://demo-store.katalon.com/'

26-07-2024T00:12:33 - [TEST_STEP][PASSED] - maximizeWindow(): Current window maximized

26-07-2024T00:12:33 - [MESSAGE][PASSED] - Current window maximized

26-07-2024T00:12:33 - [TEST_STEP][PASSED] - waitForElementPresent(findTestObject("Object Repository/Shopping Cart/Dashboard/Dashboard_page"), 5): Object 'Object Repository/Shopping Cart/Dashboard/Dashboard_page' is present

26-07-2024T00:12:33 - [MESSAGE][PASSED] - Object 'Object Repository/Shopping Cart/Dashboard/Dashboard_page' is present

26-07-2024T00:12:33 - [TEST_STEP][PASSED] - click(findTestObject("Object Repository/Shopping Cart/Header/Header_menu_All_products")): Object: 'Object Repository/Shopping Cart/Header/Header_menu_All_products' is clicked on

26-07-2024T00:12:37 - [MESSAGE][PASSED] - Object: 'Object Repository/Shopping Cart/Header/Header_menu_All_products' is clicked on

26-07-2024T00:12:37 - [TEST_STEP][PASSED] - verifyElementPresent(findTestObject("Object Repository/Shopping Cart/Dashboard/Product_item", ["product_name":product_name]), 5): Object 'Object Repository/Shopping Cart/Dashboard/Product_item' is present

26-07-2024T00:12:38 - [MESSAGE][PASSED] - Object 'Object Repository/Shopping Cart/Dashboard/Product_item' is present

26-07-2024T00:12:38 - [TEST_STEP][PASSED] - closeBrowser(): Browser is closed

26-07-2024T00:12:38 - [MESSAGE][PASSED] - Browser is closed]]></system-out>
         <system-err><![CDATA[]]></system-err>
      </testcase>
      <testcase name="Test Cases/Shopping Cart/Filter/TC39_HeaderMenu_All_products_10" time="15.746" classname="Test Cases/Shopping Cart/Filter/TC39_HeaderMenu_All_products_10" status="PASSED">
         <system-out><![CDATA[26-07-2024T00:12:38 - [TEST_CASE][PASSED] - Test Cases/Shopping Cart/Filter/TC39_HeaderMenu_All_products_10: Test Cases/Shopping Cart/Filter/TC39_HeaderMenu_All_products_10

26-07-2024T00:12:38 - [TEST_STEP][PASSED] - openBrowser(Dashborad_URL): Browser is opened with url: 'https://demo-store.katalon.com/'

26-07-2024T00:12:38 - [MESSAGE][INFO] - Starting 'Chrome' driver

26-07-2024T00:12:38 - [MESSAGE][INFO] - Action delay is set to 0 milliseconds

26-07-2024T00:12:49 - [MESSAGE][PASSED] - Browser is opened with url: 'https://demo-store.katalon.com/'

26-07-2024T00:12:49 - [TEST_STEP][PASSED] - maximizeWindow(): Current window maximized

26-07-2024T00:12:49 - [MESSAGE][PASSED] - Current window maximized

26-07-2024T00:12:49 - [TEST_STEP][PASSED] - waitForElementPresent(findTestObject("Object Repository/Shopping Cart/Dashboard/Dashboard_page"), 5): Object 'Object Repository/Shopping Cart/Dashboard/Dashboard_page' is present

26-07-2024T00:12:52 - [MESSAGE][PASSED] - Object 'Object Repository/Shopping Cart/Dashboard/Dashboard_page' is present

26-07-2024T00:12:52 - [TEST_STEP][PASSED] - click(findTestObject("Object Repository/Shopping Cart/Header/Header_menu_All_products")): Object: 'Object Repository/Shopping Cart/Header/Header_menu_All_products' is clicked on

26-07-2024T00:12:53 - [MESSAGE][PASSED] - Object: 'Object Repository/Shopping Cart/Header/Header_menu_All_products' is clicked on

26-07-2024T00:12:53 - [TEST_STEP][PASSED] - verifyElementPresent(findTestObject("Object Repository/Shopping Cart/Dashboard/Product_item", ["product_name":product_name]), 5): Object 'Object Repository/Shopping Cart/Dashboard/Product_item' is present

26-07-2024T00:12:54 - [MESSAGE][PASSED] - Object 'Object Repository/Shopping Cart/Dashboard/Product_item' is present

26-07-2024T00:12:54 - [TEST_STEP][PASSED] - closeBrowser(): Browser is closed

26-07-2024T00:12:54 - [MESSAGE][PASSED] - Browser is closed]]></system-out>
         <system-err><![CDATA[]]></system-err>
      </testcase>
      <system-out><![CDATA[26-07-2024T00:09:20 - [TEST_SUITE][PASSED] - Header_menu: Test Cases/Shopping Cart/Filter/TC39_HeaderMenu_All_products_10]]></system-out>
      <system-err><![CDATA[]]></system-err>
   </testsuite>
</testsuites>
