<?xml version="1.0" encoding="UTF-8"?>
<testsuites name="Header_menu" time="150.996" tests="17" failures="0" errors="0">
   <testsuite name="Header_menu" tests="17" failures="0" errors="0" time="150.996" skipped="0" timestamp="27-07-2024T09:10:40" hostname="Admin - DESKTOP-26G4KH6" id="Test Suites/Shopping Cart/Filter/Header_menu">
      <properties>
         <property name="deviceName" value=""/>
         <property name="devicePlatform"/>
         <property name="logFolder" value="C:\\Users\\Admin\\git\\Katalon-certification\\Reports\\20240727_091027\\Shopping Cart\\Filter\\Header_menu\\20240727_091033"/>
         <property name="logFiles" value="C:\\Users\\Admin\\git\\Katalon-certification\\Reports\\20240727_091027\\Shopping Cart\\Filter\\Header_menu\\20240727_091033\\execution0.log"/>
         <property name="attachments" value=""/>
         <property name="hostName" value="Admin - DESKTOP-26G4KH6"/>
         <property name="os" value="Windows 10 64bit"/>
         <property name="katalonVersion" value="9.6.0.217"/>
         <property name="browser" value="Chrome 127.0.0.0"/>
         <property name="hostAddress" value="192.168.0.191"/>
         <property name="sessionId" value="94f2920d1489a96a11dc2e5f9094cf07"/>
         <property name="seleniumVersion" value="3.141.59"/>
         <property name="proxyInformation" value="ProxyInformation { proxyOption=NO_PROXY, proxyServerType=HTTP, username=, password=********, proxyServerAddress=, proxyServerPort=0, executionList=&quot;&quot;, isApplyToDesiredCapabilities=true }"/>
         <property name="platform" value="Windows 10"/>
      </properties>
      <testcase name="Test Cases/Shopping Cart/Filter/TC23_HeaderMenu_Women_product_type_Basics" time="12.197" classname="Test Cases/Shopping Cart/Filter/TC23_HeaderMenu_Women_product_type_Basics" status="PASSED">
         <system-out><![CDATA[27-07-2024T09:10:40 - [TEST_CASE][PASSED] - Test Cases/Shopping Cart/Filter/TC23_HeaderMenu_Women_product_type_Basics: Test Cases/Shopping Cart/Filter/TC23_HeaderMenu_Women_product_type_Basics

27-07-2024T09:10:40 - [TEST_STEP][PASSED] - openBrowser(Dashborad_URL): Browser is opened with url: 'https://demo-store.katalon.com/'

27-07-2024T09:10:41 - [MESSAGE][INFO] - Starting 'Chrome' driver

27-07-2024T09:10:41 - [MESSAGE][INFO] - Action delay is set to 0 milliseconds

27-07-2024T09:10:49 - [MESSAGE][PASSED] - Browser is opened with url: 'https://demo-store.katalon.com/'

27-07-2024T09:10:49 - [TEST_STEP][PASSED] - maximizeWindow(): Current window maximized

27-07-2024T09:10:49 - [MESSAGE][PASSED] - Current window maximized

27-07-2024T09:10:49 - [TEST_STEP][PASSED] - waitForElementPresent(findTestObject("Object Repository/Shopping Cart/Dashboard/Dashboard_page"), 5): Object 'Object Repository/Shopping Cart/Dashboard/Dashboard_page' is present

27-07-2024T09:10:52 - [MESSAGE][PASSED] - Object 'Object Repository/Shopping Cart/Dashboard/Dashboard_page' is present

27-07-2024T09:10:52 - [TEST_STEP][PASSED] - if (department == "Women" && type == "Basics"): null

27-07-2024T09:10:52 - [TEST_STEP][PASSED] - closeBrowser(): Browser is closed

27-07-2024T09:10:52 - [MESSAGE][PASSED] - Browser is closed]]></system-out>
         <system-err><![CDATA[]]></system-err>
      </testcase>
      <testcase name="Test Cases/Shopping Cart/Filter/TC24_HeaderMenu_Women_product_type_Blazer" time="5.953" classname="Test Cases/Shopping Cart/Filter/TC24_HeaderMenu_Women_product_type_Blazer" status="PASSED">
         <system-out><![CDATA[27-07-2024T09:10:52 - [TEST_CASE][PASSED] - Test Cases/Shopping Cart/Filter/TC24_HeaderMenu_Women_product_type_Blazer: Test Cases/Shopping Cart/Filter/TC24_HeaderMenu_Women_product_type_Blazer

27-07-2024T09:10:52 - [TEST_STEP][PASSED] - openBrowser(Dashborad_URL): Browser is opened with url: 'https://demo-store.katalon.com/'

27-07-2024T09:10:52 - [MESSAGE][INFO] - Starting 'Chrome' driver

27-07-2024T09:10:52 - [MESSAGE][INFO] - Action delay is set to 0 milliseconds

27-07-2024T09:10:58 - [MESSAGE][PASSED] - Browser is opened with url: 'https://demo-store.katalon.com/'

27-07-2024T09:10:58 - [TEST_STEP][PASSED] - maximizeWindow(): Current window maximized

27-07-2024T09:10:58 - [MESSAGE][PASSED] - Current window maximized

27-07-2024T09:10:58 - [TEST_STEP][PASSED] - waitForElementPresent(findTestObject("Object Repository/Shopping Cart/Dashboard/Dashboard_page"), 5): Object 'Object Repository/Shopping Cart/Dashboard/Dashboard_page' is present

27-07-2024T09:10:58 - [MESSAGE][PASSED] - Object 'Object Repository/Shopping Cart/Dashboard/Dashboard_page' is present

27-07-2024T09:10:58 - [TEST_STEP][PASSED] - if (department == "Women" && type == "Blazer"): null

27-07-2024T09:10:58 - [TEST_STEP][PASSED] - closeBrowser(): Browser is closed

27-07-2024T09:10:58 - [MESSAGE][PASSED] - Browser is closed]]></system-out>
         <system-err><![CDATA[]]></system-err>
      </testcase>
      <testcase name="Test Cases/Shopping Cart/Filter/TC25_HeaderMenu_Kids_product_type_Girl" time="5.962" classname="Test Cases/Shopping Cart/Filter/TC25_HeaderMenu_Kids_product_type_Girl" status="PASSED">
         <system-out><![CDATA[27-07-2024T09:10:58 - [TEST_CASE][PASSED] - Test Cases/Shopping Cart/Filter/TC25_HeaderMenu_Kids_product_type_Girl: Test Cases/Shopping Cart/Filter/TC25_HeaderMenu_Kids_product_type_Girl

27-07-2024T09:10:58 - [TEST_STEP][PASSED] - openBrowser(Dashborad_URL): Browser is opened with url: 'https://demo-store.katalon.com/'

27-07-2024T09:10:58 - [MESSAGE][INFO] - Starting 'Chrome' driver

27-07-2024T09:10:58 - [MESSAGE][INFO] - Action delay is set to 0 milliseconds

27-07-2024T09:11:04 - [MESSAGE][PASSED] - Browser is opened with url: 'https://demo-store.katalon.com/'

27-07-2024T09:11:04 - [TEST_STEP][PASSED] - maximizeWindow(): Current window maximized

27-07-2024T09:11:04 - [MESSAGE][PASSED] - Current window maximized

27-07-2024T09:11:04 - [TEST_STEP][PASSED] - waitForElementPresent(findTestObject("Object Repository/Shopping Cart/Dashboard/Dashboard_page"), 5): Object 'Object Repository/Shopping Cart/Dashboard/Dashboard_page' is present

27-07-2024T09:11:04 - [MESSAGE][PASSED] - Object 'Object Repository/Shopping Cart/Dashboard/Dashboard_page' is present

27-07-2024T09:11:04 - [TEST_STEP][PASSED] - if (department == "Kids" && type == "Girl"): null

27-07-2024T09:11:04 - [TEST_STEP][PASSED] - closeBrowser(): Browser is closed

27-07-2024T09:11:04 - [MESSAGE][PASSED] - Browser is closed]]></system-out>
         <system-err><![CDATA[]]></system-err>
      </testcase>
      <testcase name="Test Cases/Shopping Cart/Filter/TC26_HeaderMenu_Kids_product_type_Boy" time="5.795" classname="Test Cases/Shopping Cart/Filter/TC26_HeaderMenu_Kids_product_type_Boy" status="PASSED">
         <system-out><![CDATA[27-07-2024T09:11:04 - [TEST_CASE][PASSED] - Test Cases/Shopping Cart/Filter/TC26_HeaderMenu_Kids_product_type_Boy: Test Cases/Shopping Cart/Filter/TC26_HeaderMenu_Kids_product_type_Boy

27-07-2024T09:11:04 - [TEST_STEP][PASSED] - openBrowser(Dashborad_URL): Browser is opened with url: 'https://demo-store.katalon.com/'

27-07-2024T09:11:04 - [MESSAGE][INFO] - Starting 'Chrome' driver

27-07-2024T09:11:04 - [MESSAGE][INFO] - Action delay is set to 0 milliseconds

27-07-2024T09:11:10 - [MESSAGE][PASSED] - Browser is opened with url: 'https://demo-store.katalon.com/'

27-07-2024T09:11:10 - [TEST_STEP][PASSED] - maximizeWindow(): Current window maximized

27-07-2024T09:11:10 - [MESSAGE][PASSED] - Current window maximized

27-07-2024T09:11:10 - [TEST_STEP][PASSED] - waitForElementPresent(findTestObject("Object Repository/Shopping Cart/Dashboard/Dashboard_page"), 5): Object 'Object Repository/Shopping Cart/Dashboard/Dashboard_page' is present

27-07-2024T09:11:10 - [MESSAGE][PASSED] - Object 'Object Repository/Shopping Cart/Dashboard/Dashboard_page' is present

27-07-2024T09:11:10 - [TEST_STEP][PASSED] - if (department == "Kids" && type == "Boy"): null

27-07-2024T09:11:10 - [TEST_STEP][PASSED] - closeBrowser(): Browser is closed

27-07-2024T09:11:10 - [MESSAGE][PASSED] - Browser is closed]]></system-out>
         <system-err><![CDATA[]]></system-err>
      </testcase>
      <testcase name="Test Cases/Shopping Cart/Filter/TC27_HeaderMenu_Men_product_type_Knitwear" time="5.937" classname="Test Cases/Shopping Cart/Filter/TC27_HeaderMenu_Men_product_type_Knitwear" status="PASSED">
         <system-out><![CDATA[27-07-2024T09:11:10 - [TEST_CASE][PASSED] - Test Cases/Shopping Cart/Filter/TC27_HeaderMenu_Men_product_type_Knitwear: Test Cases/Shopping Cart/Filter/TC27_HeaderMenu_Men_product_type_Knitwear

27-07-2024T09:11:10 - [TEST_STEP][PASSED] - openBrowser(Dashborad_URL): Browser is opened with url: 'https://demo-store.katalon.com/'

27-07-2024T09:11:10 - [MESSAGE][INFO] - Starting 'Chrome' driver

27-07-2024T09:11:10 - [MESSAGE][INFO] - Action delay is set to 0 milliseconds

27-07-2024T09:11:16 - [MESSAGE][PASSED] - Browser is opened with url: 'https://demo-store.katalon.com/'

27-07-2024T09:11:16 - [TEST_STEP][PASSED] - maximizeWindow(): Current window maximized

27-07-2024T09:11:16 - [MESSAGE][PASSED] - Current window maximized

27-07-2024T09:11:16 - [TEST_STEP][PASSED] - waitForElementPresent(findTestObject("Object Repository/Shopping Cart/Dashboard/Dashboard_page"), 5): Object 'Object Repository/Shopping Cart/Dashboard/Dashboard_page' is present

27-07-2024T09:11:16 - [MESSAGE][PASSED] - Object 'Object Repository/Shopping Cart/Dashboard/Dashboard_page' is present

27-07-2024T09:11:16 - [TEST_STEP][PASSED] - if (department == "Men" && type == "Knitwear"): null

27-07-2024T09:11:16 - [TEST_STEP][PASSED] - closeBrowser(): Browser is closed

27-07-2024T09:11:16 - [MESSAGE][PASSED] - Browser is closed]]></system-out>
         <system-err><![CDATA[]]></system-err>
      </testcase>
      <testcase name="Test Cases/Shopping Cart/Filter/TC28_HeaderMenu_Men_product_type_Jeans" time="6.212" classname="Test Cases/Shopping Cart/Filter/TC28_HeaderMenu_Men_product_type_Jeans" status="PASSED">
         <system-out><![CDATA[27-07-2024T09:11:16 - [TEST_CASE][PASSED] - Test Cases/Shopping Cart/Filter/TC28_HeaderMenu_Men_product_type_Jeans: Test Cases/Shopping Cart/Filter/TC28_HeaderMenu_Men_product_type_Jeans

27-07-2024T09:11:16 - [TEST_STEP][PASSED] - openBrowser(Dashborad_URL): Browser is opened with url: 'https://demo-store.katalon.com/'

27-07-2024T09:11:16 - [MESSAGE][INFO] - Starting 'Chrome' driver

27-07-2024T09:11:16 - [MESSAGE][INFO] - Action delay is set to 0 milliseconds

27-07-2024T09:11:22 - [MESSAGE][PASSED] - Browser is opened with url: 'https://demo-store.katalon.com/'

27-07-2024T09:11:22 - [TEST_STEP][PASSED] - maximizeWindow(): Current window maximized

27-07-2024T09:11:22 - [MESSAGE][PASSED] - Current window maximized

27-07-2024T09:11:22 - [TEST_STEP][PASSED] - waitForElementPresent(findTestObject("Object Repository/Shopping Cart/Dashboard/Dashboard_page"), 5): Object 'Object Repository/Shopping Cart/Dashboard/Dashboard_page' is present

27-07-2024T09:11:22 - [MESSAGE][PASSED] - Object 'Object Repository/Shopping Cart/Dashboard/Dashboard_page' is present

27-07-2024T09:11:22 - [TEST_STEP][PASSED] - if (department == "Men" && type == "Jeans"): null

27-07-2024T09:11:22 - [TEST_STEP][PASSED] - closeBrowser(): Browser is closed

27-07-2024T09:11:22 - [MESSAGE][PASSED] - Browser is closed]]></system-out>
         <system-err><![CDATA[]]></system-err>
      </testcase>
      <testcase name="Test Cases/Shopping Cart/Filter/TC29_HeaderMenu_Men_product_type_Jackets" time="9.631" classname="Test Cases/Shopping Cart/Filter/TC29_HeaderMenu_Men_product_type_Jackets" status="PASSED">
         <system-out><![CDATA[27-07-2024T09:11:22 - [TEST_CASE][PASSED] - Test Cases/Shopping Cart/Filter/TC29_HeaderMenu_Men_product_type_Jackets: Test Cases/Shopping Cart/Filter/TC29_HeaderMenu_Men_product_type_Jackets

27-07-2024T09:11:22 - [TEST_STEP][PASSED] - openBrowser(Dashborad_URL): Browser is opened with url: 'https://demo-store.katalon.com/'

27-07-2024T09:11:22 - [MESSAGE][INFO] - Starting 'Chrome' driver

27-07-2024T09:11:22 - [MESSAGE][INFO] - Action delay is set to 0 milliseconds

27-07-2024T09:11:30 - [MESSAGE][PASSED] - Browser is opened with url: 'https://demo-store.katalon.com/'

27-07-2024T09:11:30 - [TEST_STEP][PASSED] - maximizeWindow(): Current window maximized

27-07-2024T09:11:30 - [MESSAGE][PASSED] - Current window maximized

27-07-2024T09:11:30 - [TEST_STEP][PASSED] - waitForElementPresent(findTestObject("Object Repository/Shopping Cart/Dashboard/Dashboard_page"), 5): Object 'Object Repository/Shopping Cart/Dashboard/Dashboard_page' is present

27-07-2024T09:11:32 - [MESSAGE][PASSED] - Object 'Object Repository/Shopping Cart/Dashboard/Dashboard_page' is present

27-07-2024T09:11:32 - [TEST_STEP][PASSED] - if (department == "Men" && type == "Jackets"): null

27-07-2024T09:11:32 - [TEST_STEP][PASSED] - closeBrowser(): Browser is closed

27-07-2024T09:11:32 - [MESSAGE][PASSED] - Browser is closed]]></system-out>
         <system-err><![CDATA[]]></system-err>
      </testcase>
      <testcase name="Test Cases/Shopping Cart/Filter/TC30_HeaderMenu_All_products_01" time="10.912" classname="Test Cases/Shopping Cart/Filter/TC30_HeaderMenu_All_products_01" status="PASSED">
         <system-out><![CDATA[27-07-2024T09:11:32 - [TEST_CASE][PASSED] - Test Cases/Shopping Cart/Filter/TC30_HeaderMenu_All_products_01: Test Cases/Shopping Cart/Filter/TC30_HeaderMenu_All_products_01

27-07-2024T09:11:32 - [TEST_STEP][PASSED] - openBrowser(Dashborad_URL): Browser is opened with url: 'https://demo-store.katalon.com/'

27-07-2024T09:11:32 - [MESSAGE][INFO] - Starting 'Chrome' driver

27-07-2024T09:11:32 - [MESSAGE][INFO] - Action delay is set to 0 milliseconds

27-07-2024T09:11:38 - [MESSAGE][PASSED] - Browser is opened with url: 'https://demo-store.katalon.com/'

27-07-2024T09:11:38 - [TEST_STEP][PASSED] - maximizeWindow(): Current window maximized

27-07-2024T09:11:38 - [MESSAGE][PASSED] - Current window maximized

27-07-2024T09:11:38 - [TEST_STEP][PASSED] - waitForElementPresent(findTestObject("Object Repository/Shopping Cart/Dashboard/Dashboard_page"), 5): Object 'Object Repository/Shopping Cart/Dashboard/Dashboard_page' is present

27-07-2024T09:11:38 - [MESSAGE][PASSED] - Object 'Object Repository/Shopping Cart/Dashboard/Dashboard_page' is present

27-07-2024T09:11:38 - [TEST_STEP][PASSED] - click(findTestObject("Object Repository/Shopping Cart/Header/Header_menu_All_products")): Object: 'Object Repository/Shopping Cart/Header/Header_menu_All_products' is clicked on

27-07-2024T09:11:42 - [MESSAGE][PASSED] - Object: 'Object Repository/Shopping Cart/Header/Header_menu_All_products' is clicked on

27-07-2024T09:11:42 - [TEST_STEP][PASSED] - verifyElementPresent(findTestObject("Object Repository/Shopping Cart/Dashboard/Product_item", ["product_name":product_name]), 5): Object 'Object Repository/Shopping Cart/Dashboard/Product_item' is present

27-07-2024T09:11:43 - [MESSAGE][PASSED] - Object 'Object Repository/Shopping Cart/Dashboard/Product_item' is present

27-07-2024T09:11:43 - [TEST_STEP][PASSED] - closeBrowser(): Browser is closed

27-07-2024T09:11:43 - [MESSAGE][PASSED] - Browser is closed]]></system-out>
         <system-err><![CDATA[]]></system-err>
      </testcase>
      <testcase name="Test Cases/Shopping Cart/Filter/TC31_HeaderMenu_All_products_02" time="9.558" classname="Test Cases/Shopping Cart/Filter/TC31_HeaderMenu_All_products_02" status="PASSED">
         <system-out><![CDATA[27-07-2024T09:11:43 - [TEST_CASE][PASSED] - Test Cases/Shopping Cart/Filter/TC31_HeaderMenu_All_products_02: Test Cases/Shopping Cart/Filter/TC31_HeaderMenu_All_products_02

27-07-2024T09:11:43 - [TEST_STEP][PASSED] - openBrowser(Dashborad_URL): Browser is opened with url: 'https://demo-store.katalon.com/'

27-07-2024T09:11:43 - [MESSAGE][INFO] - Starting 'Chrome' driver

27-07-2024T09:11:43 - [MESSAGE][INFO] - Action delay is set to 0 milliseconds

27-07-2024T09:11:48 - [MESSAGE][PASSED] - Browser is opened with url: 'https://demo-store.katalon.com/'

27-07-2024T09:11:48 - [TEST_STEP][PASSED] - maximizeWindow(): Current window maximized

27-07-2024T09:11:48 - [MESSAGE][PASSED] - Current window maximized

27-07-2024T09:11:48 - [TEST_STEP][PASSED] - waitForElementPresent(findTestObject("Object Repository/Shopping Cart/Dashboard/Dashboard_page"), 5): Object 'Object Repository/Shopping Cart/Dashboard/Dashboard_page' is present

27-07-2024T09:11:48 - [MESSAGE][PASSED] - Object 'Object Repository/Shopping Cart/Dashboard/Dashboard_page' is present

27-07-2024T09:11:48 - [TEST_STEP][PASSED] - click(findTestObject("Object Repository/Shopping Cart/Header/Header_menu_All_products")): Object: 'Object Repository/Shopping Cart/Header/Header_menu_All_products' is clicked on

27-07-2024T09:11:49 - [MESSAGE][PASSED] - Object: 'Object Repository/Shopping Cart/Header/Header_menu_All_products' is clicked on

27-07-2024T09:11:49 - [TEST_STEP][PASSED] - verifyElementPresent(findTestObject("Object Repository/Shopping Cart/Dashboard/Product_item", ["product_name":product_name]), 5): Object 'Object Repository/Shopping Cart/Dashboard/Product_item' is present

27-07-2024T09:11:52 - [MESSAGE][PASSED] - Object 'Object Repository/Shopping Cart/Dashboard/Product_item' is present

27-07-2024T09:11:52 - [TEST_STEP][PASSED] - closeBrowser(): Browser is closed

27-07-2024T09:11:52 - [MESSAGE][PASSED] - Browser is closed]]></system-out>
         <system-err><![CDATA[]]></system-err>
      </testcase>
      <testcase name="Test Cases/Shopping Cart/Filter/TC32_HeaderMenu_All_products_03" time="10.704" classname="Test Cases/Shopping Cart/Filter/TC32_HeaderMenu_All_products_03" status="PASSED">
         <system-out><![CDATA[27-07-2024T09:11:52 - [TEST_CASE][PASSED] - Test Cases/Shopping Cart/Filter/TC32_HeaderMenu_All_products_03: Test Cases/Shopping Cart/Filter/TC32_HeaderMenu_All_products_03

27-07-2024T09:11:52 - [TEST_STEP][PASSED] - openBrowser(Dashborad_URL): Browser is opened with url: 'https://demo-store.katalon.com/'

27-07-2024T09:11:52 - [MESSAGE][INFO] - Starting 'Chrome' driver

27-07-2024T09:11:52 - [MESSAGE][INFO] - Action delay is set to 0 milliseconds

27-07-2024T09:11:59 - [MESSAGE][PASSED] - Browser is opened with url: 'https://demo-store.katalon.com/'

27-07-2024T09:11:59 - [TEST_STEP][PASSED] - maximizeWindow(): Current window maximized

27-07-2024T09:11:59 - [MESSAGE][PASSED] - Current window maximized

27-07-2024T09:11:59 - [TEST_STEP][PASSED] - waitForElementPresent(findTestObject("Object Repository/Shopping Cart/Dashboard/Dashboard_page"), 5): Object 'Object Repository/Shopping Cart/Dashboard/Dashboard_page' is present

27-07-2024T09:12:02 - [MESSAGE][PASSED] - Object 'Object Repository/Shopping Cart/Dashboard/Dashboard_page' is present

27-07-2024T09:12:02 - [TEST_STEP][PASSED] - click(findTestObject("Object Repository/Shopping Cart/Header/Header_menu_All_products")): Object: 'Object Repository/Shopping Cart/Header/Header_menu_All_products' is clicked on

27-07-2024T09:12:02 - [MESSAGE][PASSED] - Object: 'Object Repository/Shopping Cart/Header/Header_menu_All_products' is clicked on

27-07-2024T09:12:02 - [TEST_STEP][PASSED] - verifyElementPresent(findTestObject("Object Repository/Shopping Cart/Dashboard/Product_item", ["product_name":product_name]), 5): Object 'Object Repository/Shopping Cart/Dashboard/Product_item' is present

27-07-2024T09:12:03 - [MESSAGE][PASSED] - Object 'Object Repository/Shopping Cart/Dashboard/Product_item' is present

27-07-2024T09:12:03 - [TEST_STEP][PASSED] - closeBrowser(): Browser is closed

27-07-2024T09:12:03 - [MESSAGE][PASSED] - Browser is closed]]></system-out>
         <system-err><![CDATA[]]></system-err>
      </testcase>
      <testcase name="Test Cases/Shopping Cart/Filter/TC33_HeaderMenu_All_products_04" time="10.211" classname="Test Cases/Shopping Cart/Filter/TC33_HeaderMenu_All_products_04" status="PASSED">
         <system-out><![CDATA[27-07-2024T09:12:03 - [TEST_CASE][PASSED] - Test Cases/Shopping Cart/Filter/TC33_HeaderMenu_All_products_04: Test Cases/Shopping Cart/Filter/TC33_HeaderMenu_All_products_04

27-07-2024T09:12:03 - [TEST_STEP][PASSED] - openBrowser(Dashborad_URL): Browser is opened with url: 'https://demo-store.katalon.com/'

27-07-2024T09:12:03 - [MESSAGE][INFO] - Starting 'Chrome' driver

27-07-2024T09:12:03 - [MESSAGE][INFO] - Action delay is set to 0 milliseconds

27-07-2024T09:12:09 - [MESSAGE][PASSED] - Browser is opened with url: 'https://demo-store.katalon.com/'

27-07-2024T09:12:09 - [TEST_STEP][PASSED] - maximizeWindow(): Current window maximized

27-07-2024T09:12:09 - [MESSAGE][PASSED] - Current window maximized

27-07-2024T09:12:09 - [TEST_STEP][PASSED] - waitForElementPresent(findTestObject("Object Repository/Shopping Cart/Dashboard/Dashboard_page"), 5): Object 'Object Repository/Shopping Cart/Dashboard/Dashboard_page' is present

27-07-2024T09:12:09 - [MESSAGE][PASSED] - Object 'Object Repository/Shopping Cart/Dashboard/Dashboard_page' is present

27-07-2024T09:12:09 - [TEST_STEP][PASSED] - click(findTestObject("Object Repository/Shopping Cart/Header/Header_menu_All_products")): Object: 'Object Repository/Shopping Cart/Header/Header_menu_All_products' is clicked on

27-07-2024T09:12:10 - [MESSAGE][PASSED] - Object: 'Object Repository/Shopping Cart/Header/Header_menu_All_products' is clicked on

27-07-2024T09:12:10 - [TEST_STEP][PASSED] - verifyElementPresent(findTestObject("Object Repository/Shopping Cart/Dashboard/Product_item", ["product_name":product_name]), 5): Object 'Object Repository/Shopping Cart/Dashboard/Product_item' is present

27-07-2024T09:12:13 - [MESSAGE][PASSED] - Object 'Object Repository/Shopping Cart/Dashboard/Product_item' is present

27-07-2024T09:12:13 - [TEST_STEP][PASSED] - closeBrowser(): Browser is closed

27-07-2024T09:12:13 - [MESSAGE][PASSED] - Browser is closed]]></system-out>
         <system-err><![CDATA[]]></system-err>
      </testcase>
      <testcase name="Test Cases/Shopping Cart/Filter/TC34_HeaderMenu_All_products_05" time="9.825" classname="Test Cases/Shopping Cart/Filter/TC34_HeaderMenu_All_products_05" status="PASSED">
         <system-out><![CDATA[27-07-2024T09:12:13 - [TEST_CASE][PASSED] - Test Cases/Shopping Cart/Filter/TC34_HeaderMenu_All_products_05: Test Cases/Shopping Cart/Filter/TC34_HeaderMenu_All_products_05

27-07-2024T09:12:13 - [TEST_STEP][PASSED] - openBrowser(Dashborad_URL): Browser is opened with url: 'https://demo-store.katalon.com/'

27-07-2024T09:12:13 - [MESSAGE][INFO] - Starting 'Chrome' driver

27-07-2024T09:12:13 - [MESSAGE][INFO] - Action delay is set to 0 milliseconds

27-07-2024T09:12:19 - [MESSAGE][PASSED] - Browser is opened with url: 'https://demo-store.katalon.com/'

27-07-2024T09:12:19 - [TEST_STEP][PASSED] - maximizeWindow(): Current window maximized

27-07-2024T09:12:19 - [MESSAGE][PASSED] - Current window maximized

27-07-2024T09:12:19 - [TEST_STEP][PASSED] - waitForElementPresent(findTestObject("Object Repository/Shopping Cart/Dashboard/Dashboard_page"), 5): Object 'Object Repository/Shopping Cart/Dashboard/Dashboard_page' is present

27-07-2024T09:12:19 - [MESSAGE][PASSED] - Object 'Object Repository/Shopping Cart/Dashboard/Dashboard_page' is present

27-07-2024T09:12:19 - [TEST_STEP][PASSED] - click(findTestObject("Object Repository/Shopping Cart/Header/Header_menu_All_products")): Object: 'Object Repository/Shopping Cart/Header/Header_menu_All_products' is clicked on

27-07-2024T09:12:19 - [MESSAGE][PASSED] - Object: 'Object Repository/Shopping Cart/Header/Header_menu_All_products' is clicked on

27-07-2024T09:12:19 - [TEST_STEP][PASSED] - verifyElementPresent(findTestObject("Object Repository/Shopping Cart/Dashboard/Product_item", ["product_name":product_name]), 5): Object 'Object Repository/Shopping Cart/Dashboard/Product_item' is present

27-07-2024T09:12:23 - [MESSAGE][PASSED] - Object 'Object Repository/Shopping Cart/Dashboard/Product_item' is present

27-07-2024T09:12:23 - [TEST_STEP][PASSED] - closeBrowser(): Browser is closed

27-07-2024T09:12:23 - [MESSAGE][PASSED] - Browser is closed]]></system-out>
         <system-err><![CDATA[]]></system-err>
      </testcase>
      <testcase name="Test Cases/Shopping Cart/Filter/TC35_HeaderMenu_All_products_06" time="9.777" classname="Test Cases/Shopping Cart/Filter/TC35_HeaderMenu_All_products_06" status="PASSED">
         <system-out><![CDATA[27-07-2024T09:12:23 - [TEST_CASE][PASSED] - Test Cases/Shopping Cart/Filter/TC35_HeaderMenu_All_products_06: Test Cases/Shopping Cart/Filter/TC35_HeaderMenu_All_products_06

27-07-2024T09:12:23 - [TEST_STEP][PASSED] - openBrowser(Dashborad_URL): Browser is opened with url: 'https://demo-store.katalon.com/'

27-07-2024T09:12:23 - [MESSAGE][INFO] - Starting 'Chrome' driver

27-07-2024T09:12:23 - [MESSAGE][INFO] - Action delay is set to 0 milliseconds

27-07-2024T09:12:29 - [MESSAGE][PASSED] - Browser is opened with url: 'https://demo-store.katalon.com/'

27-07-2024T09:12:29 - [TEST_STEP][PASSED] - maximizeWindow(): Current window maximized

27-07-2024T09:12:29 - [MESSAGE][PASSED] - Current window maximized

27-07-2024T09:12:29 - [TEST_STEP][PASSED] - waitForElementPresent(findTestObject("Object Repository/Shopping Cart/Dashboard/Dashboard_page"), 5): Object 'Object Repository/Shopping Cart/Dashboard/Dashboard_page' is present

27-07-2024T09:12:29 - [MESSAGE][PASSED] - Object 'Object Repository/Shopping Cart/Dashboard/Dashboard_page' is present

27-07-2024T09:12:29 - [TEST_STEP][PASSED] - click(findTestObject("Object Repository/Shopping Cart/Header/Header_menu_All_products")): Object: 'Object Repository/Shopping Cart/Header/Header_menu_All_products' is clicked on

27-07-2024T09:12:29 - [MESSAGE][PASSED] - Object: 'Object Repository/Shopping Cart/Header/Header_menu_All_products' is clicked on

27-07-2024T09:12:29 - [TEST_STEP][PASSED] - verifyElementPresent(findTestObject("Object Repository/Shopping Cart/Dashboard/Product_item", ["product_name":product_name]), 5): Object 'Object Repository/Shopping Cart/Dashboard/Product_item' is present

27-07-2024T09:12:33 - [MESSAGE][PASSED] - Object 'Object Repository/Shopping Cart/Dashboard/Product_item' is present

27-07-2024T09:12:33 - [TEST_STEP][PASSED] - closeBrowser(): Browser is closed

27-07-2024T09:12:33 - [MESSAGE][PASSED] - Browser is closed]]></system-out>
         <system-err><![CDATA[]]></system-err>
      </testcase>
      <testcase name="Test Cases/Shopping Cart/Filter/TC36_HeaderMenu_All_products_07" time="6.913" classname="Test Cases/Shopping Cart/Filter/TC36_HeaderMenu_All_products_07" status="PASSED">
         <system-out><![CDATA[27-07-2024T09:12:33 - [TEST_CASE][PASSED] - Test Cases/Shopping Cart/Filter/TC36_HeaderMenu_All_products_07: Test Cases/Shopping Cart/Filter/TC36_HeaderMenu_All_products_07

27-07-2024T09:12:33 - [TEST_STEP][PASSED] - openBrowser(Dashborad_URL): Browser is opened with url: 'https://demo-store.katalon.com/'

27-07-2024T09:12:33 - [MESSAGE][INFO] - Starting 'Chrome' driver

27-07-2024T09:12:33 - [MESSAGE][INFO] - Action delay is set to 0 milliseconds

27-07-2024T09:12:38 - [MESSAGE][PASSED] - Browser is opened with url: 'https://demo-store.katalon.com/'

27-07-2024T09:12:38 - [TEST_STEP][PASSED] - maximizeWindow(): Current window maximized

27-07-2024T09:12:38 - [MESSAGE][PASSED] - Current window maximized

27-07-2024T09:12:38 - [TEST_STEP][PASSED] - waitForElementPresent(findTestObject("Object Repository/Shopping Cart/Dashboard/Dashboard_page"), 5): Object 'Object Repository/Shopping Cart/Dashboard/Dashboard_page' is present

27-07-2024T09:12:39 - [MESSAGE][PASSED] - Object 'Object Repository/Shopping Cart/Dashboard/Dashboard_page' is present

27-07-2024T09:12:39 - [TEST_STEP][PASSED] - click(findTestObject("Object Repository/Shopping Cart/Header/Header_menu_All_products")): Object: 'Object Repository/Shopping Cart/Header/Header_menu_All_products' is clicked on

27-07-2024T09:12:39 - [MESSAGE][PASSED] - Object: 'Object Repository/Shopping Cart/Header/Header_menu_All_products' is clicked on

27-07-2024T09:12:39 - [TEST_STEP][PASSED] - verifyElementPresent(findTestObject("Object Repository/Shopping Cart/Dashboard/Product_item", ["product_name":product_name]), 5): Object 'Object Repository/Shopping Cart/Dashboard/Product_item' is present

27-07-2024T09:12:40 - [MESSAGE][PASSED] - Object 'Object Repository/Shopping Cart/Dashboard/Product_item' is present

27-07-2024T09:12:40 - [TEST_STEP][PASSED] - closeBrowser(): Browser is closed

27-07-2024T09:12:40 - [MESSAGE][PASSED] - Browser is closed]]></system-out>
         <system-err><![CDATA[]]></system-err>
      </testcase>
      <testcase name="Test Cases/Shopping Cart/Filter/TC37_HeaderMenu_All_products_08" time="10.687" classname="Test Cases/Shopping Cart/Filter/TC37_HeaderMenu_All_products_08" status="PASSED">
         <system-out><![CDATA[27-07-2024T09:12:40 - [TEST_CASE][PASSED] - Test Cases/Shopping Cart/Filter/TC37_HeaderMenu_All_products_08: Test Cases/Shopping Cart/Filter/TC37_HeaderMenu_All_products_08

27-07-2024T09:12:40 - [TEST_STEP][PASSED] - openBrowser(Dashborad_URL): Browser is opened with url: 'https://demo-store.katalon.com/'

27-07-2024T09:12:40 - [MESSAGE][INFO] - Starting 'Chrome' driver

27-07-2024T09:12:40 - [MESSAGE][INFO] - Action delay is set to 0 milliseconds

27-07-2024T09:12:46 - [MESSAGE][PASSED] - Browser is opened with url: 'https://demo-store.katalon.com/'

27-07-2024T09:12:46 - [TEST_STEP][PASSED] - maximizeWindow(): Current window maximized

27-07-2024T09:12:46 - [MESSAGE][PASSED] - Current window maximized

27-07-2024T09:12:46 - [TEST_STEP][PASSED] - waitForElementPresent(findTestObject("Object Repository/Shopping Cart/Dashboard/Dashboard_page"), 5): Object 'Object Repository/Shopping Cart/Dashboard/Dashboard_page' is present

27-07-2024T09:12:46 - [MESSAGE][PASSED] - Object 'Object Repository/Shopping Cart/Dashboard/Dashboard_page' is present

27-07-2024T09:12:46 - [TEST_STEP][PASSED] - click(findTestObject("Object Repository/Shopping Cart/Header/Header_menu_All_products")): Object: 'Object Repository/Shopping Cart/Header/Header_menu_All_products' is clicked on

27-07-2024T09:12:47 - [MESSAGE][PASSED] - Object: 'Object Repository/Shopping Cart/Header/Header_menu_All_products' is clicked on

27-07-2024T09:12:47 - [TEST_STEP][PASSED] - verifyElementPresent(findTestObject("Object Repository/Shopping Cart/Dashboard/Product_item", ["product_name":product_name]), 5): Object 'Object Repository/Shopping Cart/Dashboard/Product_item' is present

27-07-2024T09:12:50 - [MESSAGE][PASSED] - Object 'Object Repository/Shopping Cart/Dashboard/Product_item' is present

27-07-2024T09:12:50 - [TEST_STEP][PASSED] - closeBrowser(): Browser is closed

27-07-2024T09:12:50 - [MESSAGE][PASSED] - Browser is closed]]></system-out>
         <system-err><![CDATA[]]></system-err>
      </testcase>
      <testcase name="Test Cases/Shopping Cart/Filter/TC38_HeaderMenu_All_products_09" time="10.726" classname="Test Cases/Shopping Cart/Filter/TC38_HeaderMenu_All_products_09" status="PASSED">
         <system-out><![CDATA[27-07-2024T09:12:50 - [TEST_CASE][PASSED] - Test Cases/Shopping Cart/Filter/TC38_HeaderMenu_All_products_09: Test Cases/Shopping Cart/Filter/TC38_HeaderMenu_All_products_09

27-07-2024T09:12:50 - [TEST_STEP][PASSED] - openBrowser(Dashborad_URL): Browser is opened with url: 'https://demo-store.katalon.com/'

27-07-2024T09:12:50 - [MESSAGE][INFO] - Starting 'Chrome' driver

27-07-2024T09:12:50 - [MESSAGE][INFO] - Action delay is set to 0 milliseconds

27-07-2024T09:12:56 - [MESSAGE][PASSED] - Browser is opened with url: 'https://demo-store.katalon.com/'

27-07-2024T09:12:56 - [TEST_STEP][PASSED] - maximizeWindow(): Current window maximized

27-07-2024T09:12:56 - [MESSAGE][PASSED] - Current window maximized

27-07-2024T09:12:56 - [TEST_STEP][PASSED] - waitForElementPresent(findTestObject("Object Repository/Shopping Cart/Dashboard/Dashboard_page"), 5): Object 'Object Repository/Shopping Cart/Dashboard/Dashboard_page' is present

27-07-2024T09:12:56 - [MESSAGE][PASSED] - Object 'Object Repository/Shopping Cart/Dashboard/Dashboard_page' is present

27-07-2024T09:12:56 - [TEST_STEP][PASSED] - click(findTestObject("Object Repository/Shopping Cart/Header/Header_menu_All_products")): Object: 'Object Repository/Shopping Cart/Header/Header_menu_All_products' is clicked on

27-07-2024T09:13:00 - [MESSAGE][PASSED] - Object: 'Object Repository/Shopping Cart/Header/Header_menu_All_products' is clicked on

27-07-2024T09:13:00 - [TEST_STEP][PASSED] - verifyElementPresent(findTestObject("Object Repository/Shopping Cart/Dashboard/Product_item", ["product_name":product_name]), 5): Object 'Object Repository/Shopping Cart/Dashboard/Product_item' is present

27-07-2024T09:13:01 - [MESSAGE][PASSED] - Object 'Object Repository/Shopping Cart/Dashboard/Product_item' is present

27-07-2024T09:13:01 - [TEST_STEP][PASSED] - closeBrowser(): Browser is closed

27-07-2024T09:13:01 - [MESSAGE][PASSED] - Browser is closed]]></system-out>
         <system-err><![CDATA[]]></system-err>
      </testcase>
      <testcase name="Test Cases/Shopping Cart/Filter/TC39_HeaderMenu_All_products_10" time="9.798" classname="Test Cases/Shopping Cart/Filter/TC39_HeaderMenu_All_products_10" status="PASSED">
         <system-out><![CDATA[27-07-2024T09:13:01 - [TEST_CASE][PASSED] - Test Cases/Shopping Cart/Filter/TC39_HeaderMenu_All_products_10: Test Cases/Shopping Cart/Filter/TC39_HeaderMenu_All_products_10

27-07-2024T09:13:01 - [TEST_STEP][PASSED] - openBrowser(Dashborad_URL): Browser is opened with url: 'https://demo-store.katalon.com/'

27-07-2024T09:13:01 - [MESSAGE][INFO] - Starting 'Chrome' driver

27-07-2024T09:13:01 - [MESSAGE][INFO] - Action delay is set to 0 milliseconds

27-07-2024T09:13:07 - [MESSAGE][PASSED] - Browser is opened with url: 'https://demo-store.katalon.com/'

27-07-2024T09:13:07 - [TEST_STEP][PASSED] - maximizeWindow(): Current window maximized

27-07-2024T09:13:07 - [MESSAGE][PASSED] - Current window maximized

27-07-2024T09:13:07 - [TEST_STEP][PASSED] - waitForElementPresent(findTestObject("Object Repository/Shopping Cart/Dashboard/Dashboard_page"), 5): Object 'Object Repository/Shopping Cart/Dashboard/Dashboard_page' is present

27-07-2024T09:13:07 - [MESSAGE][PASSED] - Object 'Object Repository/Shopping Cart/Dashboard/Dashboard_page' is present

27-07-2024T09:13:07 - [TEST_STEP][PASSED] - click(findTestObject("Object Repository/Shopping Cart/Header/Header_menu_All_products")): Object: 'Object Repository/Shopping Cart/Header/Header_menu_All_products' is clicked on

27-07-2024T09:13:07 - [MESSAGE][PASSED] - Object: 'Object Repository/Shopping Cart/Header/Header_menu_All_products' is clicked on

27-07-2024T09:13:07 - [TEST_STEP][PASSED] - verifyElementPresent(findTestObject("Object Repository/Shopping Cart/Dashboard/Product_item", ["product_name":product_name]), 5): Object 'Object Repository/Shopping Cart/Dashboard/Product_item' is present

27-07-2024T09:13:11 - [MESSAGE][PASSED] - Object 'Object Repository/Shopping Cart/Dashboard/Product_item' is present

27-07-2024T09:13:11 - [TEST_STEP][PASSED] - closeBrowser(): Browser is closed

27-07-2024T09:13:11 - [MESSAGE][PASSED] - Browser is closed]]></system-out>
         <system-err><![CDATA[]]></system-err>
      </testcase>
      <system-out><![CDATA[27-07-2024T09:10:40 - [TEST_SUITE][PASSED] - Header_menu: Test Cases/Shopping Cart/Filter/TC39_HeaderMenu_All_products_10]]></system-out>
      <system-err><![CDATA[]]></system-err>
   </testsuite>
</testsuites>
