<?xml version="1.0" encoding="UTF-8"?>
<testsuites name="Make appointment" time="48.28" tests="4" failures="0" errors="0">
   <testsuite name="Make appointment" tests="4" failures="0" errors="0" time="48.28" skipped="0" timestamp="25-07-2024T23:03:52" hostname="Admin - DESKTOP-26G4KH6" id="Test Suites/Haealthcare/Appointment/Make appointment">
      <properties>
         <property name="deviceName" value=""/>
         <property name="devicePlatform"/>
         <property name="logFolder" value="C:\\Users\\Admin\\git\\Katalon-certification\\Reports\\20240725_230345\\Haealthcare\\Appointment\\Make appointment\\20240725_230345"/>
         <property name="logFiles" value="C:\\Users\\Admin\\git\\Katalon-certification\\Reports\\20240725_230345\\Haealthcare\\Appointment\\Make appointment\\20240725_230345\\execution0.log"/>
         <property name="attachments" value=""/>
         <property name="hostName" value="Admin - DESKTOP-26G4KH6"/>
         <property name="os" value="Windows 10 64bit"/>
         <property name="katalonVersion" value="9.6.0.217"/>
         <property name="browser" value="Chrome 126.0.0.0"/>
         <property name="hostAddress" value="192.168.0.191"/>
         <property name="sessionId" value="50ac094f5182c1c2cb46aaad4536d99f"/>
         <property name="seleniumVersion" value="3.141.59"/>
         <property name="proxyInformation" value="ProxyInformation { proxyOption=NO_PROXY, proxyServerType=HTTP, username=, password=********, proxyServerAddress=, proxyServerPort=0, executionList=&quot;&quot;, isApplyToDesiredCapabilities=true }"/>
         <property name="platform" value="Windows 10"/>
      </properties>
      <testcase name="Test Cases/Healthcare/Appointment/TC13_Make_apointment_Tokyo" time="12.52" classname="Test Cases/Healthcare/Appointment/TC13_Make_apointment_Tokyo" status="PASSED">
         <system-out><![CDATA[25-07-2024T23:03:53 - [TEST_CASE][PASSED] - Test Cases/Healthcare/Appointment/TC13_Make_apointment_Tokyo: Test Cases/Healthcare/Appointment/TC13_Make_apointment_Tokyo

25-07-2024T23:03:53 - [TEST_STEP][PASSED] - store.Authentication.HC_Login_Make_Appointment.Login_Appointment(): store.Authentication.HC_Login_Make_Appointment.Login_Appointment is PASSED

25-07-2024T23:03:53 - [MESSAGE][INFO] - Starting 'Chrome' driver

25-07-2024T23:03:53 - [MESSAGE][INFO] - Action delay is set to 0 milliseconds

25-07-2024T23:03:58 - [MESSAGE][PASSED] - Browser is opened with url: 'https://katalon-demo-cura.herokuapp.com/'

25-07-2024T23:03:58 - [MESSAGE][PASSED] - Current window maximized

25-07-2024T23:03:59 - [MESSAGE][PASSED] - Object: 'Object Repository/Healthcare/Dashboard/a_Make Appointment' is clicked on

25-07-2024T23:03:59 - [MESSAGE][PASSED] - Text 'John Doe' is set on object 'Object Repository/Healthcare/Login/input_Username_username'

25-07-2024T23:04:00 - [MESSAGE][PASSED] - Text 'ThisIsNotAPassword' is set on object 'Object Repository/Healthcare/Login/input_Password_password'

25-07-2024T23:04:01 - [MESSAGE][PASSED] - Object: 'Object Repository/Healthcare/Login/button_Login' is clicked on

25-07-2024T23:04:02 - [MESSAGE][PASSED] - Object 'Object Repository/Healthcare/Appointment/form_Healthcare' is present

25-07-2024T23:04:02 - [MESSAGE][PASSED] - Object 'Object Repository/Healthcare/Appointment/form_Healthcare' is present

25-07-2024T23:04:02 - [MESSAGE][PASSED] - store.Authentication.HC_Login_Make_Appointment.Login_Appointment is PASSED

25-07-2024T23:04:02 - [TEST_STEP][PASSED] - click(findTestObject("Object Repository/Healthcare/Appointment/Facility_dropdownlist")): Object: 'Object Repository/Healthcare/Appointment/Facility_dropdownlist' is clicked on

25-07-2024T23:04:02 - [MESSAGE][PASSED] - Object: 'Object Repository/Healthcare/Appointment/Facility_dropdownlist' is clicked on

25-07-2024T23:04:02 - [TEST_STEP][PASSED] - click(findTestObject("Object Repository/Healthcare/Appointment/Facility_Tokyo_option")): Object: 'Object Repository/Healthcare/Appointment/Facility_Tokyo_option' is clicked on

25-07-2024T23:04:03 - [MESSAGE][PASSED] - Object: 'Object Repository/Healthcare/Appointment/Facility_Tokyo_option' is clicked on

25-07-2024T23:04:03 - [TEST_STEP][PASSED] - click(findTestObject("Object Repository/Healthcare/Appointment/VisitDate_Calendar_icon")): Object: 'Object Repository/Healthcare/Appointment/VisitDate_Calendar_icon' is clicked on

25-07-2024T23:04:03 - [MESSAGE][PASSED] - Object: 'Object Repository/Healthcare/Appointment/VisitDate_Calendar_icon' is clicked on

25-07-2024T23:04:03 - [TEST_STEP][PASSED] - click(findTestObject("Object Repository/Healthcare/Appointment/VisitDate_Calendar_Date_option")): Object: 'Object Repository/Healthcare/Appointment/VisitDate_Calendar_Date_option' is clicked on

25-07-2024T23:04:03 - [MESSAGE][PASSED] - Object: 'Object Repository/Healthcare/Appointment/VisitDate_Calendar_Date_option' is clicked on

25-07-2024T23:04:03 - [TEST_STEP][PASSED] - click(findTestObject("Object Repository/Healthcare/Appointment/Book_appointment_button")): Object: 'Object Repository/Healthcare/Appointment/Book_appointment_button' is clicked on

25-07-2024T23:04:04 - [MESSAGE][PASSED] - Object: 'Object Repository/Healthcare/Appointment/Book_appointment_button' is clicked on

25-07-2024T23:04:04 - [TEST_STEP][PASSED] - verifyElementPresent(findTestObject("Object Repository/Healthcare/Summary/Appointment_Confirmation_label"), 3): Object 'Object Repository/Healthcare/Summary/Appointment_Confirmation_label' is present

25-07-2024T23:04:05 - [MESSAGE][PASSED] - Object 'Object Repository/Healthcare/Summary/Appointment_Confirmation_label' is present

25-07-2024T23:04:05 - [TEST_STEP][PASSED] - verifyElementPresent(findTestObject("Object Repository/Healthcare/Summary/Facility_Tokyo_label"), 3): Object 'Object Repository/Healthcare/Summary/Facility_Tokyo_label' is present

25-07-2024T23:04:05 - [MESSAGE][PASSED] - Object 'Object Repository/Healthcare/Summary/Facility_Tokyo_label' is present

25-07-2024T23:04:05 - [TEST_STEP][PASSED] - closeBrowser(): Browser is closed

25-07-2024T23:04:05 - [MESSAGE][PASSED] - Browser is closed]]></system-out>
         <system-err><![CDATA[]]></system-err>
      </testcase>
      <testcase name="Test Cases/Healthcare/Appointment/TC14_Make_appointment_Seoul" time="13.123" classname="Test Cases/Healthcare/Appointment/TC14_Make_appointment_Seoul" status="PASSED">
         <system-out><![CDATA[25-07-2024T23:04:05 - [TEST_CASE][PASSED] - Test Cases/Healthcare/Appointment/TC14_Make_appointment_Seoul: Test Cases/Healthcare/Appointment/TC14_Make_appointment_Seoul

25-07-2024T23:04:05 - [TEST_STEP][PASSED] - store.Authentication.HC_Login_Make_Appointment.Login_Appointment(): store.Authentication.HC_Login_Make_Appointment.Login_Appointment is PASSED

25-07-2024T23:04:05 - [MESSAGE][INFO] - Starting 'Chrome' driver

25-07-2024T23:04:05 - [MESSAGE][INFO] - Action delay is set to 0 milliseconds

25-07-2024T23:04:11 - [MESSAGE][PASSED] - Browser is opened with url: 'https://katalon-demo-cura.herokuapp.com/'

25-07-2024T23:04:11 - [MESSAGE][PASSED] - Current window maximized

25-07-2024T23:04:12 - [MESSAGE][PASSED] - Object: 'Object Repository/Healthcare/Dashboard/a_Make Appointment' is clicked on

25-07-2024T23:04:12 - [MESSAGE][PASSED] - Text 'John Doe' is set on object 'Object Repository/Healthcare/Login/input_Username_username'

25-07-2024T23:04:13 - [MESSAGE][PASSED] - Text 'ThisIsNotAPassword' is set on object 'Object Repository/Healthcare/Login/input_Password_password'

25-07-2024T23:04:14 - [MESSAGE][PASSED] - Object: 'Object Repository/Healthcare/Login/button_Login' is clicked on

25-07-2024T23:04:14 - [MESSAGE][PASSED] - Object 'Object Repository/Healthcare/Appointment/form_Healthcare' is present

25-07-2024T23:04:14 - [MESSAGE][PASSED] - Object 'Object Repository/Healthcare/Appointment/form_Healthcare' is present

25-07-2024T23:04:14 - [MESSAGE][PASSED] - store.Authentication.HC_Login_Make_Appointment.Login_Appointment is PASSED

25-07-2024T23:04:14 - [TEST_STEP][PASSED] - click(findTestObject("Object Repository/Healthcare/Appointment/Facility_dropdownlist")): Object: 'Object Repository/Healthcare/Appointment/Facility_dropdownlist' is clicked on

25-07-2024T23:04:15 - [MESSAGE][PASSED] - Object: 'Object Repository/Healthcare/Appointment/Facility_dropdownlist' is clicked on

25-07-2024T23:04:15 - [TEST_STEP][PASSED] - click(findTestObject("Object Repository/Healthcare/Appointment/Facility_Seoul_option")): Object: 'Object Repository/Healthcare/Appointment/Facility_Seoul_option' is clicked on

25-07-2024T23:04:15 - [MESSAGE][PASSED] - Object: 'Object Repository/Healthcare/Appointment/Facility_Seoul_option' is clicked on

25-07-2024T23:04:15 - [TEST_STEP][PASSED] - click(findTestObject("Object Repository/Healthcare/Appointment/VisitDate_Calendar_icon")): Object: 'Object Repository/Healthcare/Appointment/VisitDate_Calendar_icon' is clicked on

25-07-2024T23:04:15 - [MESSAGE][PASSED] - Object: 'Object Repository/Healthcare/Appointment/VisitDate_Calendar_icon' is clicked on

25-07-2024T23:04:15 - [TEST_STEP][PASSED] - click(findTestObject("Object Repository/Healthcare/Appointment/VisitDate_Calendar_Date_option")): Object: 'Object Repository/Healthcare/Appointment/VisitDate_Calendar_Date_option' is clicked on

25-07-2024T23:04:16 - [MESSAGE][PASSED] - Object: 'Object Repository/Healthcare/Appointment/VisitDate_Calendar_Date_option' is clicked on

25-07-2024T23:04:16 - [TEST_STEP][PASSED] - click(findTestObject("Object Repository/Healthcare/Appointment/Book_appointment_button")): Object: 'Object Repository/Healthcare/Appointment/Book_appointment_button' is clicked on

25-07-2024T23:04:17 - [MESSAGE][PASSED] - Object: 'Object Repository/Healthcare/Appointment/Book_appointment_button' is clicked on

25-07-2024T23:04:17 - [TEST_STEP][PASSED] - verifyElementPresent(findTestObject("Object Repository/Healthcare/Summary/Appointment_Confirmation_label"), 3): Object 'Object Repository/Healthcare/Summary/Appointment_Confirmation_label' is present

25-07-2024T23:04:17 - [MESSAGE][PASSED] - Object 'Object Repository/Healthcare/Summary/Appointment_Confirmation_label' is present

25-07-2024T23:04:17 - [TEST_STEP][PASSED] - verifyElementPresent(findTestObject("Object Repository/Healthcare/Summary/Facility_Seoul_label"), 3): Object 'Object Repository/Healthcare/Summary/Facility_Seoul_label' is present

25-07-2024T23:04:17 - [MESSAGE][PASSED] - Object 'Object Repository/Healthcare/Summary/Facility_Seoul_label' is present

25-07-2024T23:04:17 - [TEST_STEP][PASSED] - closeBrowser(): Browser is closed

25-07-2024T23:04:18 - [MESSAGE][PASSED] - Browser is closed]]></system-out>
         <system-err><![CDATA[]]></system-err>
      </testcase>
      <testcase name="Test Cases/Healthcare/Appointment/TC15_Make_appointment_Hongkong" time="10.757" classname="Test Cases/Healthcare/Appointment/TC15_Make_appointment_Hongkong" status="PASSED">
         <system-out><![CDATA[25-07-2024T23:04:18 - [TEST_CASE][PASSED] - Test Cases/Healthcare/Appointment/TC15_Make_appointment_Hongkong: Test Cases/Healthcare/Appointment/TC15_Make_appointment_Hongkong

25-07-2024T23:04:18 - [TEST_STEP][PASSED] - store.Authentication.HC_Login_Make_Appointment.Login_Appointment(): store.Authentication.HC_Login_Make_Appointment.Login_Appointment is PASSED

25-07-2024T23:04:18 - [MESSAGE][INFO] - Starting 'Chrome' driver

25-07-2024T23:04:18 - [MESSAGE][INFO] - Action delay is set to 0 milliseconds

25-07-2024T23:04:22 - [MESSAGE][PASSED] - Browser is opened with url: 'https://katalon-demo-cura.herokuapp.com/'

25-07-2024T23:04:22 - [MESSAGE][PASSED] - Current window maximized

25-07-2024T23:04:22 - [MESSAGE][PASSED] - Object: 'Object Repository/Healthcare/Dashboard/a_Make Appointment' is clicked on

25-07-2024T23:04:23 - [MESSAGE][PASSED] - Text 'John Doe' is set on object 'Object Repository/Healthcare/Login/input_Username_username'

25-07-2024T23:04:24 - [MESSAGE][PASSED] - Text 'ThisIsNotAPassword' is set on object 'Object Repository/Healthcare/Login/input_Password_password'

25-07-2024T23:04:25 - [MESSAGE][PASSED] - Object: 'Object Repository/Healthcare/Login/button_Login' is clicked on

25-07-2024T23:04:26 - [MESSAGE][PASSED] - Object 'Object Repository/Healthcare/Appointment/form_Healthcare' is present

25-07-2024T23:04:26 - [MESSAGE][PASSED] - Object 'Object Repository/Healthcare/Appointment/form_Healthcare' is present

25-07-2024T23:04:26 - [MESSAGE][PASSED] - store.Authentication.HC_Login_Make_Appointment.Login_Appointment is PASSED

25-07-2024T23:04:26 - [TEST_STEP][PASSED] - click(findTestObject("Object Repository/Healthcare/Appointment/Facility_dropdownlist")): Object: 'Object Repository/Healthcare/Appointment/Facility_dropdownlist' is clicked on

25-07-2024T23:04:26 - [MESSAGE][PASSED] - Object: 'Object Repository/Healthcare/Appointment/Facility_dropdownlist' is clicked on

25-07-2024T23:04:26 - [TEST_STEP][PASSED] - click(findTestObject("Object Repository/Healthcare/Appointment/Facility_HongKong_option")): Object: 'Object Repository/Healthcare/Appointment/Facility_HongKong_option' is clicked on

25-07-2024T23:04:27 - [MESSAGE][PASSED] - Object: 'Object Repository/Healthcare/Appointment/Facility_HongKong_option' is clicked on

25-07-2024T23:04:27 - [TEST_STEP][PASSED] - click(findTestObject("Object Repository/Healthcare/Appointment/VisitDate_Calendar_icon")): Object: 'Object Repository/Healthcare/Appointment/VisitDate_Calendar_icon' is clicked on

25-07-2024T23:04:27 - [MESSAGE][PASSED] - Object: 'Object Repository/Healthcare/Appointment/VisitDate_Calendar_icon' is clicked on

25-07-2024T23:04:27 - [TEST_STEP][PASSED] - click(findTestObject("Object Repository/Healthcare/Appointment/VisitDate_Calendar_Date_option")): Object: 'Object Repository/Healthcare/Appointment/VisitDate_Calendar_Date_option' is clicked on

25-07-2024T23:04:27 - [MESSAGE][PASSED] - Object: 'Object Repository/Healthcare/Appointment/VisitDate_Calendar_Date_option' is clicked on

25-07-2024T23:04:27 - [TEST_STEP][PASSED] - click(findTestObject("Object Repository/Healthcare/Appointment/Book_appointment_button")): Object: 'Object Repository/Healthcare/Appointment/Book_appointment_button' is clicked on

25-07-2024T23:04:28 - [MESSAGE][PASSED] - Object: 'Object Repository/Healthcare/Appointment/Book_appointment_button' is clicked on

25-07-2024T23:04:28 - [TEST_STEP][PASSED] - verifyElementPresent(findTestObject("Object Repository/Healthcare/Summary/Appointment_Confirmation_label"), 3): Object 'Object Repository/Healthcare/Summary/Appointment_Confirmation_label' is present

25-07-2024T23:04:29 - [MESSAGE][PASSED] - Object 'Object Repository/Healthcare/Summary/Appointment_Confirmation_label' is present

25-07-2024T23:04:29 - [TEST_STEP][PASSED] - verifyElementPresent(findTestObject("Object Repository/Healthcare/Summary/Facility_HongKong_label"), 3): Object 'Object Repository/Healthcare/Summary/Facility_HongKong_label' is present

25-07-2024T23:04:29 - [MESSAGE][PASSED] - Object 'Object Repository/Healthcare/Summary/Facility_HongKong_label' is present

25-07-2024T23:04:29 - [TEST_STEP][PASSED] - closeBrowser(): Browser is closed

25-07-2024T23:04:29 - [MESSAGE][PASSED] - Browser is closed]]></system-out>
         <system-err><![CDATA[]]></system-err>
      </testcase>
      <testcase name="Test Cases/Healthcare/Appointment/TC16_Appointment_Go_to_HP" time="11.672" classname="Test Cases/Healthcare/Appointment/TC16_Appointment_Go_to_HP" status="PASSED">
         <system-out><![CDATA[25-07-2024T23:04:29 - [TEST_CASE][PASSED] - Test Cases/Healthcare/Appointment/TC16_Appointment_Go_to_HP: Test Cases/Healthcare/Appointment/TC16_Appointment_Go_to_HP

25-07-2024T23:04:29 - [TEST_STEP][PASSED] - store.Function.HC_Make_Appointment.Make_Appointment("HongKong"): store.Function.HC_Make_Appointment.Make_Appointment is PASSED

25-07-2024T23:04:29 - [MESSAGE][INFO] - Starting 'Chrome' driver

25-07-2024T23:04:29 - [MESSAGE][INFO] - Action delay is set to 0 milliseconds

25-07-2024T23:04:33 - [MESSAGE][PASSED] - Browser is opened with url: 'https://katalon-demo-cura.herokuapp.com/'

25-07-2024T23:04:33 - [MESSAGE][PASSED] - Current window maximized

25-07-2024T23:04:34 - [MESSAGE][PASSED] - Object: 'Object Repository/Healthcare/Dashboard/a_Make Appointment' is clicked on

25-07-2024T23:04:34 - [MESSAGE][PASSED] - Text 'John Doe' is set on object 'Object Repository/Healthcare/Login/input_Username_username'

25-07-2024T23:04:35 - [MESSAGE][PASSED] - Text 'ThisIsNotAPassword' is set on object 'Object Repository/Healthcare/Login/input_Password_password'

25-07-2024T23:04:36 - [MESSAGE][PASSED] - Object: 'Object Repository/Healthcare/Login/button_Login' is clicked on

25-07-2024T23:04:37 - [MESSAGE][PASSED] - Object 'Object Repository/Healthcare/Appointment/form_Healthcare' is present

25-07-2024T23:04:37 - [MESSAGE][PASSED] - Object 'Object Repository/Healthcare/Appointment/form_Healthcare' is present

25-07-2024T23:04:37 - [MESSAGE][PASSED] - Object: 'Object Repository/Healthcare/Appointment/Facility_dropdownlist' is clicked on

25-07-2024T23:04:38 - [MESSAGE][PASSED] - Object: 'Object Repository/Healthcare/Appointment/Facility_HongKong_option' is clicked on

25-07-2024T23:04:38 - [MESSAGE][PASSED] - Object: 'Object Repository/Healthcare/Appointment/VisitDate_Calendar_icon' is clicked on

25-07-2024T23:04:38 - [MESSAGE][PASSED] - Object: 'Object Repository/Healthcare/Appointment/VisitDate_Calendar_Date_option' is clicked on

25-07-2024T23:04:39 - [MESSAGE][PASSED] - Object: 'Object Repository/Healthcare/Appointment/Book_appointment_button' is clicked on

25-07-2024T23:04:40 - [MESSAGE][PASSED] - Object 'Object Repository/Healthcare/Summary/Appointment_Confirmation_label' is present

25-07-2024T23:04:40 - [MESSAGE][PASSED] - store.Function.HC_Make_Appointment.Make_Appointment is PASSED

25-07-2024T23:04:40 - [TEST_STEP][PASSED] - click(findTestObject("Object Repository/Healthcare/Summary/Go_to_HP_btn")): Object: 'Object Repository/Healthcare/Summary/Go_to_HP_btn' is clicked on

25-07-2024T23:04:40 - [MESSAGE][PASSED] - Object: 'Object Repository/Healthcare/Summary/Go_to_HP_btn' is clicked on

25-07-2024T23:04:40 - [TEST_STEP][PASSED] - verifyElementPresent(findTestObject("Object Repository/Healthcare/Appointment/form_Healthcare"), 3): Object 'Object Repository/Healthcare/Appointment/form_Healthcare' is present

25-07-2024T23:04:41 - [MESSAGE][PASSED] - Object 'Object Repository/Healthcare/Appointment/form_Healthcare' is present

25-07-2024T23:04:41 - [TEST_STEP][PASSED] - closeBrowser(): Browser is closed

25-07-2024T23:04:41 - [MESSAGE][PASSED] - Browser is closed]]></system-out>
         <system-err><![CDATA[]]></system-err>
      </testcase>
      <system-out><![CDATA[25-07-2024T23:03:52 - [TEST_SUITE][PASSED] - Make appointment: Test Cases/Healthcare/Appointment/TC16_Appointment_Go_to_HP]]></system-out>
      <system-err><![CDATA[]]></system-err>
   </testsuite>
</testsuites>
