<?xml version="1.0" encoding="UTF-8"?>
<testsuites name="Header_menu" time="221.535" tests="17" failures="0" errors="0">
   <testsuite name="Header_menu" tests="17" failures="0" errors="0" time="221.535" skipped="0" timestamp="24-07-2024T17:42:26" hostname="quochuy.lu - VN-HCM-D-W-0011.globalservs.com" id="Test Suites/Shopping Cart/Filter/Header_menu">
      <properties>
         <property name="deviceName" value=""/>
         <property name="devicePlatform"/>
         <property name="logFolder" value="C:\\Users\\quochuy.lu\\git\\Katalon-certification\\Reports\\20240724_174205\\Shopping Cart\\Filter\\Header_menu\\20240724_174213"/>
         <property name="logFiles" value="C:\\Users\\quochuy.lu\\git\\Katalon-certification\\Reports\\20240724_174205\\Shopping Cart\\Filter\\Header_menu\\20240724_174213\\execution0.log"/>
         <property name="attachments" value=""/>
         <property name="hostName" value="quochuy.lu - VN-HCM-D-W-0011.globalservs.com"/>
         <property name="os" value="Windows 11 64bit"/>
         <property name="katalonVersion" value="9.6.0.217"/>
         <property name="browser" value="Chrome 126.0.0.0"/>
         <property name="hostAddress" value="10.161.207.102"/>
         <property name="sessionId" value="78f828612ba4ac235f686adfc796389d"/>
         <property name="seleniumVersion" value="3.141.59"/>
         <property name="proxyInformation" value="ProxyInformation { proxyOption=NO_PROXY, proxyServerType=HTTP, username=, password=********, proxyServerAddress=, proxyServerPort=0, executionList=&quot;&quot;, isApplyToDesiredCapabilities=true }"/>
         <property name="platform" value="Windows 11"/>
      </properties>
      <testcase name="Test Cases/Shopping Cart/Filter/TC23_HeaderMenu_Women_product_type_Basics" time="14.065" classname="Test Cases/Shopping Cart/Filter/TC23_HeaderMenu_Women_product_type_Basics" status="PASSED">
         <system-out><![CDATA[24-07-2024T17:42:27 - [TEST_CASE][PASSED] - Test Cases/Shopping Cart/Filter/TC23_HeaderMenu_Women_product_type_Basics: Test Cases/Shopping Cart/Filter/TC23_HeaderMenu_Women_product_type_Basics

24-07-2024T17:42:27 - [TEST_STEP][PASSED] - openBrowser(Dashborad_URL): Browser is opened with url: 'https://demo-store.katalon.com/'

24-07-2024T17:42:28 - [MESSAGE][INFO] - Starting 'Chrome' driver

24-07-2024T17:42:28 - [MESSAGE][INFO] - Action delay is set to 0 milliseconds

24-07-2024T17:42:36 - [MESSAGE][PASSED] - Browser is opened with url: 'https://demo-store.katalon.com/'

24-07-2024T17:42:36 - [TEST_STEP][PASSED] - maximizeWindow(): Current window maximized

24-07-2024T17:42:36 - [MESSAGE][PASSED] - Current window maximized

24-07-2024T17:42:36 - [TEST_STEP][PASSED] - waitForElementPresent(findTestObject("Object Repository/Shopping Cart/Dashboard/Dashboard_page"), 5): Object 'Object Repository/Shopping Cart/Dashboard/Dashboard_page' is present

24-07-2024T17:42:39 - [MESSAGE][PASSED] - Object 'Object Repository/Shopping Cart/Dashboard/Dashboard_page' is present

24-07-2024T17:42:39 - [TEST_STEP][PASSED] - if (department == "Women" && type == "Basics"): null

24-07-2024T17:42:39 - [TEST_STEP][PASSED] - closeBrowser(): Browser is closed

24-07-2024T17:42:41 - [MESSAGE][PASSED] - Browser is closed]]></system-out>
         <system-err><![CDATA[]]></system-err>
      </testcase>
      <testcase name="Test Cases/Shopping Cart/Filter/TC24_HeaderMenu_Women_product_type_Blazer" time="15.924" classname="Test Cases/Shopping Cart/Filter/TC24_HeaderMenu_Women_product_type_Blazer" status="PASSED">
         <system-out><![CDATA[24-07-2024T17:42:41 - [TEST_CASE][PASSED] - Test Cases/Shopping Cart/Filter/TC24_HeaderMenu_Women_product_type_Blazer: Test Cases/Shopping Cart/Filter/TC24_HeaderMenu_Women_product_type_Blazer

24-07-2024T17:42:41 - [TEST_STEP][PASSED] - openBrowser(Dashborad_URL): Browser is opened with url: 'https://demo-store.katalon.com/'

24-07-2024T17:42:41 - [MESSAGE][INFO] - Starting 'Chrome' driver

24-07-2024T17:42:41 - [MESSAGE][INFO] - Action delay is set to 0 milliseconds

24-07-2024T17:42:47 - [MESSAGE][PASSED] - Browser is opened with url: 'https://demo-store.katalon.com/'

24-07-2024T17:42:47 - [TEST_STEP][PASSED] - maximizeWindow(): Current window maximized

24-07-2024T17:42:47 - [MESSAGE][PASSED] - Current window maximized

24-07-2024T17:42:47 - [TEST_STEP][PASSED] - waitForElementPresent(findTestObject("Object Repository/Shopping Cart/Dashboard/Dashboard_page"), 5): Object 'Object Repository/Shopping Cart/Dashboard/Dashboard_page' is present

24-07-2024T17:42:50 - [MESSAGE][PASSED] - Object 'Object Repository/Shopping Cart/Dashboard/Dashboard_page' is present

24-07-2024T17:42:50 - [TEST_STEP][PASSED] - if (department == "Women" && type == "Blazer"): null

24-07-2024T17:42:50 - [TEST_STEP][PASSED] - closeBrowser(): Browser is closed

24-07-2024T17:42:57 - [MESSAGE][PASSED] - Browser is closed]]></system-out>
         <system-err><![CDATA[]]></system-err>
      </testcase>
      <testcase name="Test Cases/Shopping Cart/Filter/TC25_HeaderMenu_Kids_product_type_Girl" time="11.898" classname="Test Cases/Shopping Cart/Filter/TC25_HeaderMenu_Kids_product_type_Girl" status="PASSED">
         <system-out><![CDATA[24-07-2024T17:42:57 - [TEST_CASE][PASSED] - Test Cases/Shopping Cart/Filter/TC25_HeaderMenu_Kids_product_type_Girl: Test Cases/Shopping Cart/Filter/TC25_HeaderMenu_Kids_product_type_Girl

24-07-2024T17:42:57 - [TEST_STEP][PASSED] - openBrowser(Dashborad_URL): Browser is opened with url: 'https://demo-store.katalon.com/'

24-07-2024T17:42:57 - [MESSAGE][INFO] - Starting 'Chrome' driver

24-07-2024T17:42:57 - [MESSAGE][INFO] - Action delay is set to 0 milliseconds

24-07-2024T17:43:05 - [MESSAGE][PASSED] - Browser is opened with url: 'https://demo-store.katalon.com/'

24-07-2024T17:43:05 - [TEST_STEP][PASSED] - maximizeWindow(): Current window maximized

24-07-2024T17:43:05 - [MESSAGE][PASSED] - Current window maximized

24-07-2024T17:43:05 - [TEST_STEP][PASSED] - waitForElementPresent(findTestObject("Object Repository/Shopping Cart/Dashboard/Dashboard_page"), 5): Object 'Object Repository/Shopping Cart/Dashboard/Dashboard_page' is present

24-07-2024T17:43:08 - [MESSAGE][PASSED] - Object 'Object Repository/Shopping Cart/Dashboard/Dashboard_page' is present

24-07-2024T17:43:08 - [TEST_STEP][PASSED] - if (department == "Kids" && type == "Girl"): null

24-07-2024T17:43:08 - [TEST_STEP][PASSED] - closeBrowser(): Browser is closed

24-07-2024T17:43:08 - [MESSAGE][PASSED] - Browser is closed]]></system-out>
         <system-err><![CDATA[]]></system-err>
      </testcase>
      <testcase name="Test Cases/Shopping Cart/Filter/TC26_HeaderMenu_Kids_product_type_Boy" time="7.127" classname="Test Cases/Shopping Cart/Filter/TC26_HeaderMenu_Kids_product_type_Boy" status="PASSED">
         <system-out><![CDATA[24-07-2024T17:43:09 - [TEST_CASE][PASSED] - Test Cases/Shopping Cart/Filter/TC26_HeaderMenu_Kids_product_type_Boy: Test Cases/Shopping Cart/Filter/TC26_HeaderMenu_Kids_product_type_Boy

24-07-2024T17:43:09 - [TEST_STEP][PASSED] - openBrowser(Dashborad_URL): Browser is opened with url: 'https://demo-store.katalon.com/'

24-07-2024T17:43:09 - [MESSAGE][INFO] - Starting 'Chrome' driver

24-07-2024T17:43:09 - [MESSAGE][INFO] - Action delay is set to 0 milliseconds

24-07-2024T17:43:14 - [MESSAGE][PASSED] - Browser is opened with url: 'https://demo-store.katalon.com/'

24-07-2024T17:43:14 - [TEST_STEP][PASSED] - maximizeWindow(): Current window maximized

24-07-2024T17:43:14 - [MESSAGE][PASSED] - Current window maximized

24-07-2024T17:43:14 - [TEST_STEP][PASSED] - waitForElementPresent(findTestObject("Object Repository/Shopping Cart/Dashboard/Dashboard_page"), 5): Object 'Object Repository/Shopping Cart/Dashboard/Dashboard_page' is present

24-07-2024T17:43:15 - [MESSAGE][PASSED] - Object 'Object Repository/Shopping Cart/Dashboard/Dashboard_page' is present

24-07-2024T17:43:15 - [TEST_STEP][PASSED] - if (department == "Kids" && type == "Boy"): null

24-07-2024T17:43:15 - [TEST_STEP][PASSED] - closeBrowser(): Browser is closed

24-07-2024T17:43:16 - [MESSAGE][PASSED] - Browser is closed]]></system-out>
         <system-err><![CDATA[]]></system-err>
      </testcase>
      <testcase name="Test Cases/Shopping Cart/Filter/TC27_HeaderMenu_Men_product_type_Knitwear" time="11.697" classname="Test Cases/Shopping Cart/Filter/TC27_HeaderMenu_Men_product_type_Knitwear" status="PASSED">
         <system-out><![CDATA[24-07-2024T17:43:16 - [TEST_CASE][PASSED] - Test Cases/Shopping Cart/Filter/TC27_HeaderMenu_Men_product_type_Knitwear: Test Cases/Shopping Cart/Filter/TC27_HeaderMenu_Men_product_type_Knitwear

24-07-2024T17:43:16 - [TEST_STEP][PASSED] - openBrowser(Dashborad_URL): Browser is opened with url: 'https://demo-store.katalon.com/'

24-07-2024T17:43:16 - [MESSAGE][INFO] - Starting 'Chrome' driver

24-07-2024T17:43:16 - [MESSAGE][INFO] - Action delay is set to 0 milliseconds

24-07-2024T17:43:22 - [MESSAGE][PASSED] - Browser is opened with url: 'https://demo-store.katalon.com/'

24-07-2024T17:43:22 - [TEST_STEP][PASSED] - maximizeWindow(): Current window maximized

24-07-2024T17:43:22 - [MESSAGE][PASSED] - Current window maximized

24-07-2024T17:43:22 - [TEST_STEP][PASSED] - waitForElementPresent(findTestObject("Object Repository/Shopping Cart/Dashboard/Dashboard_page"), 5): Object 'Object Repository/Shopping Cart/Dashboard/Dashboard_page' is present

24-07-2024T17:43:26 - [MESSAGE][PASSED] - Object 'Object Repository/Shopping Cart/Dashboard/Dashboard_page' is present

24-07-2024T17:43:26 - [TEST_STEP][PASSED] - if (department == "Men" && type == "Knitwear"): null

24-07-2024T17:43:26 - [TEST_STEP][PASSED] - closeBrowser(): Browser is closed

24-07-2024T17:43:27 - [MESSAGE][PASSED] - Browser is closed]]></system-out>
         <system-err><![CDATA[]]></system-err>
      </testcase>
      <testcase name="Test Cases/Shopping Cart/Filter/TC28_HeaderMenu_Men_product_type_Jeans" time="12.04" classname="Test Cases/Shopping Cart/Filter/TC28_HeaderMenu_Men_product_type_Jeans" status="PASSED">
         <system-out><![CDATA[24-07-2024T17:43:27 - [TEST_CASE][PASSED] - Test Cases/Shopping Cart/Filter/TC28_HeaderMenu_Men_product_type_Jeans: Test Cases/Shopping Cart/Filter/TC28_HeaderMenu_Men_product_type_Jeans

24-07-2024T17:43:27 - [TEST_STEP][PASSED] - openBrowser(Dashborad_URL): Browser is opened with url: 'https://demo-store.katalon.com/'

24-07-2024T17:43:27 - [MESSAGE][INFO] - Starting 'Chrome' driver

24-07-2024T17:43:27 - [MESSAGE][INFO] - Action delay is set to 0 milliseconds

24-07-2024T17:43:35 - [MESSAGE][PASSED] - Browser is opened with url: 'https://demo-store.katalon.com/'

24-07-2024T17:43:35 - [TEST_STEP][PASSED] - maximizeWindow(): Current window maximized

24-07-2024T17:43:35 - [MESSAGE][PASSED] - Current window maximized

24-07-2024T17:43:35 - [TEST_STEP][PASSED] - waitForElementPresent(findTestObject("Object Repository/Shopping Cart/Dashboard/Dashboard_page"), 5): Object 'Object Repository/Shopping Cart/Dashboard/Dashboard_page' is present

24-07-2024T17:43:39 - [MESSAGE][PASSED] - Object 'Object Repository/Shopping Cart/Dashboard/Dashboard_page' is present

24-07-2024T17:43:39 - [TEST_STEP][PASSED] - if (department == "Men" && type == "Jeans"): null

24-07-2024T17:43:39 - [TEST_STEP][PASSED] - closeBrowser(): Browser is closed

24-07-2024T17:43:39 - [MESSAGE][PASSED] - Browser is closed]]></system-out>
         <system-err><![CDATA[]]></system-err>
      </testcase>
      <testcase name="Test Cases/Shopping Cart/Filter/TC29_HeaderMenu_Men_product_type_Jackets" time="6.224" classname="Test Cases/Shopping Cart/Filter/TC29_HeaderMenu_Men_product_type_Jackets" status="PASSED">
         <system-out><![CDATA[24-07-2024T17:43:39 - [TEST_CASE][PASSED] - Test Cases/Shopping Cart/Filter/TC29_HeaderMenu_Men_product_type_Jackets: Test Cases/Shopping Cart/Filter/TC29_HeaderMenu_Men_product_type_Jackets

24-07-2024T17:43:39 - [TEST_STEP][PASSED] - openBrowser(Dashborad_URL): Browser is opened with url: 'https://demo-store.katalon.com/'

24-07-2024T17:43:39 - [MESSAGE][INFO] - Starting 'Chrome' driver

24-07-2024T17:43:39 - [MESSAGE][INFO] - Action delay is set to 0 milliseconds

24-07-2024T17:43:42 - [MESSAGE][PASSED] - Browser is opened with url: 'https://demo-store.katalon.com/'

24-07-2024T17:43:42 - [TEST_STEP][PASSED] - maximizeWindow(): Current window maximized

24-07-2024T17:43:45 - [MESSAGE][PASSED] - Current window maximized

24-07-2024T17:43:45 - [TEST_STEP][PASSED] - waitForElementPresent(findTestObject("Object Repository/Shopping Cart/Dashboard/Dashboard_page"), 5): Object 'Object Repository/Shopping Cart/Dashboard/Dashboard_page' is present

24-07-2024T17:43:45 - [MESSAGE][PASSED] - Object 'Object Repository/Shopping Cart/Dashboard/Dashboard_page' is present

24-07-2024T17:43:45 - [TEST_STEP][PASSED] - if (department == "Men" && type == "Jackets"): null

24-07-2024T17:43:45 - [TEST_STEP][PASSED] - closeBrowser(): Browser is closed

24-07-2024T17:43:46 - [MESSAGE][PASSED] - Browser is closed]]></system-out>
         <system-err><![CDATA[]]></system-err>
      </testcase>
      <testcase name="Test Cases/Shopping Cart/Filter/TC30_HeaderMenu_All_products_01" time="11.052" classname="Test Cases/Shopping Cart/Filter/TC30_HeaderMenu_All_products_01" status="PASSED">
         <system-out><![CDATA[24-07-2024T17:43:46 - [TEST_CASE][PASSED] - Test Cases/Shopping Cart/Filter/TC30_HeaderMenu_All_products_01: Test Cases/Shopping Cart/Filter/TC30_HeaderMenu_All_products_01

24-07-2024T17:43:46 - [TEST_STEP][PASSED] - openBrowser(Dashborad_URL): Browser is opened with url: 'https://demo-store.katalon.com/'

24-07-2024T17:43:46 - [MESSAGE][INFO] - Starting 'Chrome' driver

24-07-2024T17:43:46 - [MESSAGE][INFO] - Action delay is set to 0 milliseconds

24-07-2024T17:43:52 - [MESSAGE][PASSED] - Browser is opened with url: 'https://demo-store.katalon.com/'

24-07-2024T17:43:52 - [TEST_STEP][PASSED] - maximizeWindow(): Current window maximized

24-07-2024T17:43:52 - [MESSAGE][PASSED] - Current window maximized

24-07-2024T17:43:52 - [TEST_STEP][PASSED] - waitForElementPresent(findTestObject("Object Repository/Shopping Cart/Dashboard/Dashboard_page"), 5): Object 'Object Repository/Shopping Cart/Dashboard/Dashboard_page' is present

24-07-2024T17:43:52 - [MESSAGE][PASSED] - Object 'Object Repository/Shopping Cart/Dashboard/Dashboard_page' is present

24-07-2024T17:43:52 - [TEST_STEP][PASSED] - click(findTestObject("Object Repository/Shopping Cart/Header/Header_menu_All_products")): Object: 'Object Repository/Shopping Cart/Header/Header_menu_All_products' is clicked on

24-07-2024T17:43:55 - [MESSAGE][PASSED] - Object: 'Object Repository/Shopping Cart/Header/Header_menu_All_products' is clicked on

24-07-2024T17:43:55 - [TEST_STEP][PASSED] - verifyElementPresent(findTestObject("Object Repository/Shopping Cart/Dashboard/Product_item", ["product_name":product_name]), 5): Object 'Object Repository/Shopping Cart/Dashboard/Product_item' is present

24-07-2024T17:43:56 - [MESSAGE][PASSED] - Object 'Object Repository/Shopping Cart/Dashboard/Product_item' is present

24-07-2024T17:43:56 - [TEST_STEP][PASSED] - closeBrowser(): Browser is closed

24-07-2024T17:43:57 - [MESSAGE][PASSED] - Browser is closed]]></system-out>
         <system-err><![CDATA[]]></system-err>
      </testcase>
      <testcase name="Test Cases/Shopping Cart/Filter/TC31_HeaderMenu_All_products_02" time="10.948" classname="Test Cases/Shopping Cart/Filter/TC31_HeaderMenu_All_products_02" status="PASSED">
         <system-out><![CDATA[24-07-2024T17:43:57 - [TEST_CASE][PASSED] - Test Cases/Shopping Cart/Filter/TC31_HeaderMenu_All_products_02: Test Cases/Shopping Cart/Filter/TC31_HeaderMenu_All_products_02

24-07-2024T17:43:57 - [TEST_STEP][PASSED] - openBrowser(Dashborad_URL): Browser is opened with url: 'https://demo-store.katalon.com/'

24-07-2024T17:43:57 - [MESSAGE][INFO] - Starting 'Chrome' driver

24-07-2024T17:43:57 - [MESSAGE][INFO] - Action delay is set to 0 milliseconds

24-07-2024T17:44:02 - [MESSAGE][PASSED] - Browser is opened with url: 'https://demo-store.katalon.com/'

24-07-2024T17:44:02 - [TEST_STEP][PASSED] - maximizeWindow(): Current window maximized

24-07-2024T17:44:02 - [MESSAGE][PASSED] - Current window maximized

24-07-2024T17:44:02 - [TEST_STEP][PASSED] - waitForElementPresent(findTestObject("Object Repository/Shopping Cart/Dashboard/Dashboard_page"), 5): Object 'Object Repository/Shopping Cart/Dashboard/Dashboard_page' is present

24-07-2024T17:44:03 - [MESSAGE][PASSED] - Object 'Object Repository/Shopping Cart/Dashboard/Dashboard_page' is present

24-07-2024T17:44:03 - [TEST_STEP][PASSED] - click(findTestObject("Object Repository/Shopping Cart/Header/Header_menu_All_products")): Object: 'Object Repository/Shopping Cart/Header/Header_menu_All_products' is clicked on

24-07-2024T17:44:03 - [MESSAGE][PASSED] - Object: 'Object Repository/Shopping Cart/Header/Header_menu_All_products' is clicked on

24-07-2024T17:44:03 - [TEST_STEP][PASSED] - verifyElementPresent(findTestObject("Object Repository/Shopping Cart/Dashboard/Product_item", ["product_name":product_name]), 5): Object 'Object Repository/Shopping Cart/Dashboard/Product_item' is present

24-07-2024T17:44:06 - [MESSAGE][PASSED] - Object 'Object Repository/Shopping Cart/Dashboard/Product_item' is present

24-07-2024T17:44:06 - [TEST_STEP][PASSED] - closeBrowser(): Browser is closed

24-07-2024T17:44:08 - [MESSAGE][PASSED] - Browser is closed]]></system-out>
         <system-err><![CDATA[]]></system-err>
      </testcase>
      <testcase name="Test Cases/Shopping Cart/Filter/TC32_HeaderMenu_All_products_03" time="19.46" classname="Test Cases/Shopping Cart/Filter/TC32_HeaderMenu_All_products_03" status="PASSED">
         <system-out><![CDATA[24-07-2024T17:44:08 - [TEST_CASE][PASSED] - Test Cases/Shopping Cart/Filter/TC32_HeaderMenu_All_products_03: Test Cases/Shopping Cart/Filter/TC32_HeaderMenu_All_products_03

24-07-2024T17:44:08 - [TEST_STEP][PASSED] - openBrowser(Dashborad_URL): Browser is opened with url: 'https://demo-store.katalon.com/'

24-07-2024T17:44:08 - [MESSAGE][INFO] - Starting 'Chrome' driver

24-07-2024T17:44:08 - [MESSAGE][INFO] - Action delay is set to 0 milliseconds

24-07-2024T17:44:22 - [MESSAGE][PASSED] - Browser is opened with url: 'https://demo-store.katalon.com/'

24-07-2024T17:44:22 - [TEST_STEP][PASSED] - maximizeWindow(): Current window maximized

24-07-2024T17:44:22 - [MESSAGE][PASSED] - Current window maximized

24-07-2024T17:44:22 - [TEST_STEP][PASSED] - waitForElementPresent(findTestObject("Object Repository/Shopping Cart/Dashboard/Dashboard_page"), 5): Object 'Object Repository/Shopping Cart/Dashboard/Dashboard_page' is present

24-07-2024T17:44:26 - [MESSAGE][PASSED] - Object 'Object Repository/Shopping Cart/Dashboard/Dashboard_page' is present

24-07-2024T17:44:26 - [TEST_STEP][PASSED] - click(findTestObject("Object Repository/Shopping Cart/Header/Header_menu_All_products")): Object: 'Object Repository/Shopping Cart/Header/Header_menu_All_products' is clicked on

24-07-2024T17:44:26 - [MESSAGE][PASSED] - Object: 'Object Repository/Shopping Cart/Header/Header_menu_All_products' is clicked on

24-07-2024T17:44:26 - [TEST_STEP][PASSED] - verifyElementPresent(findTestObject("Object Repository/Shopping Cart/Dashboard/Product_item", ["product_name":product_name]), 5): Object 'Object Repository/Shopping Cart/Dashboard/Product_item' is present

24-07-2024T17:44:27 - [MESSAGE][PASSED] - Object 'Object Repository/Shopping Cart/Dashboard/Product_item' is present

24-07-2024T17:44:27 - [TEST_STEP][PASSED] - closeBrowser(): Browser is closed

24-07-2024T17:44:27 - [MESSAGE][PASSED] - Browser is closed]]></system-out>
         <system-err><![CDATA[]]></system-err>
      </testcase>
      <testcase name="Test Cases/Shopping Cart/Filter/TC33_HeaderMenu_All_products_04" time="13.542" classname="Test Cases/Shopping Cart/Filter/TC33_HeaderMenu_All_products_04" status="PASSED">
         <system-out><![CDATA[24-07-2024T17:44:27 - [TEST_CASE][PASSED] - Test Cases/Shopping Cart/Filter/TC33_HeaderMenu_All_products_04: Test Cases/Shopping Cart/Filter/TC33_HeaderMenu_All_products_04

24-07-2024T17:44:27 - [TEST_STEP][PASSED] - openBrowser(Dashborad_URL): Browser is opened with url: 'https://demo-store.katalon.com/'

24-07-2024T17:44:27 - [MESSAGE][INFO] - Starting 'Chrome' driver

24-07-2024T17:44:27 - [MESSAGE][INFO] - Action delay is set to 0 milliseconds

24-07-2024T17:44:35 - [MESSAGE][PASSED] - Browser is opened with url: 'https://demo-store.katalon.com/'

24-07-2024T17:44:35 - [TEST_STEP][PASSED] - maximizeWindow(): Current window maximized

24-07-2024T17:44:35 - [MESSAGE][PASSED] - Current window maximized

24-07-2024T17:44:35 - [TEST_STEP][PASSED] - waitForElementPresent(findTestObject("Object Repository/Shopping Cart/Dashboard/Dashboard_page"), 5): Object 'Object Repository/Shopping Cart/Dashboard/Dashboard_page' is present

24-07-2024T17:44:36 - [MESSAGE][PASSED] - Object 'Object Repository/Shopping Cart/Dashboard/Dashboard_page' is present

24-07-2024T17:44:36 - [TEST_STEP][PASSED] - click(findTestObject("Object Repository/Shopping Cart/Header/Header_menu_All_products")): Object: 'Object Repository/Shopping Cart/Header/Header_menu_All_products' is clicked on

24-07-2024T17:44:39 - [MESSAGE][PASSED] - Object: 'Object Repository/Shopping Cart/Header/Header_menu_All_products' is clicked on

24-07-2024T17:44:39 - [TEST_STEP][PASSED] - verifyElementPresent(findTestObject("Object Repository/Shopping Cart/Dashboard/Product_item", ["product_name":product_name]), 5): Object 'Object Repository/Shopping Cart/Dashboard/Product_item' is present

24-07-2024T17:44:40 - [MESSAGE][PASSED] - Object 'Object Repository/Shopping Cart/Dashboard/Product_item' is present

24-07-2024T17:44:40 - [TEST_STEP][PASSED] - closeBrowser(): Browser is closed

24-07-2024T17:44:41 - [MESSAGE][PASSED] - Browser is closed]]></system-out>
         <system-err><![CDATA[]]></system-err>
      </testcase>
      <testcase name="Test Cases/Shopping Cart/Filter/TC34_HeaderMenu_All_products_05" time="14.401" classname="Test Cases/Shopping Cart/Filter/TC34_HeaderMenu_All_products_05" status="PASSED">
         <system-out><![CDATA[24-07-2024T17:44:41 - [TEST_CASE][PASSED] - Test Cases/Shopping Cart/Filter/TC34_HeaderMenu_All_products_05: Test Cases/Shopping Cart/Filter/TC34_HeaderMenu_All_products_05

24-07-2024T17:44:41 - [TEST_STEP][PASSED] - openBrowser(Dashborad_URL): Browser is opened with url: 'https://demo-store.katalon.com/'

24-07-2024T17:44:41 - [MESSAGE][INFO] - Starting 'Chrome' driver

24-07-2024T17:44:41 - [MESSAGE][INFO] - Action delay is set to 0 milliseconds

24-07-2024T17:44:48 - [MESSAGE][PASSED] - Browser is opened with url: 'https://demo-store.katalon.com/'

24-07-2024T17:44:48 - [TEST_STEP][PASSED] - maximizeWindow(): Current window maximized

24-07-2024T17:44:48 - [MESSAGE][PASSED] - Current window maximized

24-07-2024T17:44:48 - [TEST_STEP][PASSED] - waitForElementPresent(findTestObject("Object Repository/Shopping Cart/Dashboard/Dashboard_page"), 5): Object 'Object Repository/Shopping Cart/Dashboard/Dashboard_page' is present

24-07-2024T17:44:48 - [MESSAGE][PASSED] - Object 'Object Repository/Shopping Cart/Dashboard/Dashboard_page' is present

24-07-2024T17:44:48 - [TEST_STEP][PASSED] - click(findTestObject("Object Repository/Shopping Cart/Header/Header_menu_All_products")): Object: 'Object Repository/Shopping Cart/Header/Header_menu_All_products' is clicked on

24-07-2024T17:44:52 - [MESSAGE][PASSED] - Object: 'Object Repository/Shopping Cart/Header/Header_menu_All_products' is clicked on

24-07-2024T17:44:52 - [TEST_STEP][PASSED] - verifyElementPresent(findTestObject("Object Repository/Shopping Cart/Dashboard/Product_item", ["product_name":product_name]), 5): Object 'Object Repository/Shopping Cart/Dashboard/Product_item' is present

24-07-2024T17:44:53 - [MESSAGE][PASSED] - Object 'Object Repository/Shopping Cart/Dashboard/Product_item' is present

24-07-2024T17:44:53 - [TEST_STEP][PASSED] - closeBrowser(): Browser is closed

24-07-2024T17:44:55 - [MESSAGE][PASSED] - Browser is closed]]></system-out>
         <system-err><![CDATA[]]></system-err>
      </testcase>
      <testcase name="Test Cases/Shopping Cart/Filter/TC35_HeaderMenu_All_products_06" time="13.759" classname="Test Cases/Shopping Cart/Filter/TC35_HeaderMenu_All_products_06" status="PASSED">
         <system-out><![CDATA[24-07-2024T17:44:55 - [TEST_CASE][PASSED] - Test Cases/Shopping Cart/Filter/TC35_HeaderMenu_All_products_06: Test Cases/Shopping Cart/Filter/TC35_HeaderMenu_All_products_06

24-07-2024T17:44:55 - [TEST_STEP][PASSED] - openBrowser(Dashborad_URL): Browser is opened with url: 'https://demo-store.katalon.com/'

24-07-2024T17:44:55 - [MESSAGE][INFO] - Starting 'Chrome' driver

24-07-2024T17:44:55 - [MESSAGE][INFO] - Action delay is set to 0 milliseconds

24-07-2024T17:45:02 - [MESSAGE][PASSED] - Browser is opened with url: 'https://demo-store.katalon.com/'

24-07-2024T17:45:02 - [TEST_STEP][PASSED] - maximizeWindow(): Current window maximized

24-07-2024T17:45:02 - [MESSAGE][PASSED] - Current window maximized

24-07-2024T17:45:02 - [TEST_STEP][PASSED] - waitForElementPresent(findTestObject("Object Repository/Shopping Cart/Dashboard/Dashboard_page"), 5): Object 'Object Repository/Shopping Cart/Dashboard/Dashboard_page' is present

24-07-2024T17:45:02 - [MESSAGE][PASSED] - Object 'Object Repository/Shopping Cart/Dashboard/Dashboard_page' is present

24-07-2024T17:45:02 - [TEST_STEP][PASSED] - click(findTestObject("Object Repository/Shopping Cart/Header/Header_menu_All_products")): Object: 'Object Repository/Shopping Cart/Header/Header_menu_All_products' is clicked on

24-07-2024T17:45:07 - [MESSAGE][PASSED] - Object: 'Object Repository/Shopping Cart/Header/Header_menu_All_products' is clicked on

24-07-2024T17:45:07 - [TEST_STEP][PASSED] - verifyElementPresent(findTestObject("Object Repository/Shopping Cart/Dashboard/Product_item", ["product_name":product_name]), 5): Object 'Object Repository/Shopping Cart/Dashboard/Product_item' is present

24-07-2024T17:45:08 - [MESSAGE][PASSED] - Object 'Object Repository/Shopping Cart/Dashboard/Product_item' is present

24-07-2024T17:45:08 - [TEST_STEP][PASSED] - closeBrowser(): Browser is closed

24-07-2024T17:45:09 - [MESSAGE][PASSED] - Browser is closed]]></system-out>
         <system-err><![CDATA[]]></system-err>
      </testcase>
      <testcase name="Test Cases/Shopping Cart/Filter/TC36_HeaderMenu_All_products_07" time="12.974" classname="Test Cases/Shopping Cart/Filter/TC36_HeaderMenu_All_products_07" status="PASSED">
         <system-out><![CDATA[24-07-2024T17:45:09 - [TEST_CASE][PASSED] - Test Cases/Shopping Cart/Filter/TC36_HeaderMenu_All_products_07: Test Cases/Shopping Cart/Filter/TC36_HeaderMenu_All_products_07

24-07-2024T17:45:09 - [TEST_STEP][PASSED] - openBrowser(Dashborad_URL): Browser is opened with url: 'https://demo-store.katalon.com/'

24-07-2024T17:45:09 - [MESSAGE][INFO] - Starting 'Chrome' driver

24-07-2024T17:45:09 - [MESSAGE][INFO] - Action delay is set to 0 milliseconds

24-07-2024T17:45:16 - [MESSAGE][PASSED] - Browser is opened with url: 'https://demo-store.katalon.com/'

24-07-2024T17:45:16 - [TEST_STEP][PASSED] - maximizeWindow(): Current window maximized

24-07-2024T17:45:16 - [MESSAGE][PASSED] - Current window maximized

24-07-2024T17:45:16 - [TEST_STEP][PASSED] - waitForElementPresent(findTestObject("Object Repository/Shopping Cart/Dashboard/Dashboard_page"), 5): Object 'Object Repository/Shopping Cart/Dashboard/Dashboard_page' is present

24-07-2024T17:45:16 - [MESSAGE][PASSED] - Object 'Object Repository/Shopping Cart/Dashboard/Dashboard_page' is present

24-07-2024T17:45:16 - [TEST_STEP][PASSED] - click(findTestObject("Object Repository/Shopping Cart/Header/Header_menu_All_products")): Object: 'Object Repository/Shopping Cart/Header/Header_menu_All_products' is clicked on

24-07-2024T17:45:20 - [MESSAGE][PASSED] - Object: 'Object Repository/Shopping Cart/Header/Header_menu_All_products' is clicked on

24-07-2024T17:45:20 - [TEST_STEP][PASSED] - verifyElementPresent(findTestObject("Object Repository/Shopping Cart/Dashboard/Product_item", ["product_name":product_name]), 5): Object 'Object Repository/Shopping Cart/Dashboard/Product_item' is present

24-07-2024T17:45:21 - [MESSAGE][PASSED] - Object 'Object Repository/Shopping Cart/Dashboard/Product_item' is present

24-07-2024T17:45:21 - [TEST_STEP][PASSED] - closeBrowser(): Browser is closed

24-07-2024T17:45:22 - [MESSAGE][PASSED] - Browser is closed]]></system-out>
         <system-err><![CDATA[]]></system-err>
      </testcase>
      <testcase name="Test Cases/Shopping Cart/Filter/TC37_HeaderMenu_All_products_08" time="12.572" classname="Test Cases/Shopping Cart/Filter/TC37_HeaderMenu_All_products_08" status="PASSED">
         <system-out><![CDATA[24-07-2024T17:45:22 - [TEST_CASE][PASSED] - Test Cases/Shopping Cart/Filter/TC37_HeaderMenu_All_products_08: Test Cases/Shopping Cart/Filter/TC37_HeaderMenu_All_products_08

24-07-2024T17:45:22 - [TEST_STEP][PASSED] - openBrowser(Dashborad_URL): Browser is opened with url: 'https://demo-store.katalon.com/'

24-07-2024T17:45:22 - [MESSAGE][INFO] - Starting 'Chrome' driver

24-07-2024T17:45:22 - [MESSAGE][INFO] - Action delay is set to 0 milliseconds

24-07-2024T17:45:24 - [MESSAGE][PASSED] - Browser is opened with url: 'https://demo-store.katalon.com/'

24-07-2024T17:45:24 - [TEST_STEP][PASSED] - maximizeWindow(): Current window maximized

24-07-2024T17:45:29 - [MESSAGE][PASSED] - Current window maximized

24-07-2024T17:45:29 - [TEST_STEP][PASSED] - waitForElementPresent(findTestObject("Object Repository/Shopping Cart/Dashboard/Dashboard_page"), 5): Object 'Object Repository/Shopping Cart/Dashboard/Dashboard_page' is present

24-07-2024T17:45:29 - [MESSAGE][PASSED] - Object 'Object Repository/Shopping Cart/Dashboard/Dashboard_page' is present

24-07-2024T17:45:29 - [TEST_STEP][PASSED] - click(findTestObject("Object Repository/Shopping Cart/Header/Header_menu_All_products")): Object: 'Object Repository/Shopping Cart/Header/Header_menu_All_products' is clicked on

24-07-2024T17:45:33 - [MESSAGE][PASSED] - Object: 'Object Repository/Shopping Cart/Header/Header_menu_All_products' is clicked on

24-07-2024T17:45:33 - [TEST_STEP][PASSED] - verifyElementPresent(findTestObject("Object Repository/Shopping Cart/Dashboard/Product_item", ["product_name":product_name]), 5): Object 'Object Repository/Shopping Cart/Dashboard/Product_item' is present

24-07-2024T17:45:34 - [MESSAGE][PASSED] - Object 'Object Repository/Shopping Cart/Dashboard/Product_item' is present

24-07-2024T17:45:34 - [TEST_STEP][PASSED] - closeBrowser(): Browser is closed

24-07-2024T17:45:34 - [MESSAGE][PASSED] - Browser is closed]]></system-out>
         <system-err><![CDATA[]]></system-err>
      </testcase>
      <testcase name="Test Cases/Shopping Cart/Filter/TC38_HeaderMenu_All_products_09" time="13.089" classname="Test Cases/Shopping Cart/Filter/TC38_HeaderMenu_All_products_09" status="PASSED">
         <system-out><![CDATA[24-07-2024T17:45:34 - [TEST_CASE][PASSED] - Test Cases/Shopping Cart/Filter/TC38_HeaderMenu_All_products_09: Test Cases/Shopping Cart/Filter/TC38_HeaderMenu_All_products_09

24-07-2024T17:45:34 - [TEST_STEP][PASSED] - openBrowser(Dashborad_URL): Browser is opened with url: 'https://demo-store.katalon.com/'

24-07-2024T17:45:34 - [MESSAGE][INFO] - Starting 'Chrome' driver

24-07-2024T17:45:34 - [MESSAGE][INFO] - Action delay is set to 0 milliseconds

24-07-2024T17:45:42 - [MESSAGE][PASSED] - Browser is opened with url: 'https://demo-store.katalon.com/'

24-07-2024T17:45:42 - [TEST_STEP][PASSED] - maximizeWindow(): Current window maximized

24-07-2024T17:45:42 - [MESSAGE][PASSED] - Current window maximized

24-07-2024T17:45:42 - [TEST_STEP][PASSED] - waitForElementPresent(findTestObject("Object Repository/Shopping Cart/Dashboard/Dashboard_page"), 5): Object 'Object Repository/Shopping Cart/Dashboard/Dashboard_page' is present

24-07-2024T17:45:45 - [MESSAGE][PASSED] - Object 'Object Repository/Shopping Cart/Dashboard/Dashboard_page' is present

24-07-2024T17:45:45 - [TEST_STEP][PASSED] - click(findTestObject("Object Repository/Shopping Cart/Header/Header_menu_All_products")): Object: 'Object Repository/Shopping Cart/Header/Header_menu_All_products' is clicked on

24-07-2024T17:45:46 - [MESSAGE][PASSED] - Object: 'Object Repository/Shopping Cart/Header/Header_menu_All_products' is clicked on

24-07-2024T17:45:46 - [TEST_STEP][PASSED] - verifyElementPresent(findTestObject("Object Repository/Shopping Cart/Dashboard/Product_item", ["product_name":product_name]), 5): Object 'Object Repository/Shopping Cart/Dashboard/Product_item' is present

24-07-2024T17:45:47 - [MESSAGE][PASSED] - Object 'Object Repository/Shopping Cart/Dashboard/Product_item' is present

24-07-2024T17:45:47 - [TEST_STEP][PASSED] - closeBrowser(): Browser is closed

24-07-2024T17:45:47 - [MESSAGE][PASSED] - Browser is closed]]></system-out>
         <system-err><![CDATA[]]></system-err>
      </testcase>
      <testcase name="Test Cases/Shopping Cart/Filter/TC39_HeaderMenu_All_products_10" time="20.278" classname="Test Cases/Shopping Cart/Filter/TC39_HeaderMenu_All_products_10" status="PASSED">
         <system-out><![CDATA[24-07-2024T17:45:47 - [TEST_CASE][PASSED] - Test Cases/Shopping Cart/Filter/TC39_HeaderMenu_All_products_10: Test Cases/Shopping Cart/Filter/TC39_HeaderMenu_All_products_10

24-07-2024T17:45:47 - [TEST_STEP][PASSED] - openBrowser(Dashborad_URL): Browser is opened with url: 'https://demo-store.katalon.com/'

24-07-2024T17:45:47 - [MESSAGE][INFO] - Starting 'Chrome' driver

24-07-2024T17:45:47 - [MESSAGE][INFO] - Action delay is set to 0 milliseconds

24-07-2024T17:45:55 - [MESSAGE][PASSED] - Browser is opened with url: 'https://demo-store.katalon.com/'

24-07-2024T17:45:55 - [TEST_STEP][PASSED] - maximizeWindow(): Current window maximized

24-07-2024T17:45:55 - [MESSAGE][PASSED] - Current window maximized

24-07-2024T17:45:55 - [TEST_STEP][PASSED] - waitForElementPresent(findTestObject("Object Repository/Shopping Cart/Dashboard/Dashboard_page"), 5): Object 'Object Repository/Shopping Cart/Dashboard/Dashboard_page' is present

24-07-2024T17:45:59 - [MESSAGE][PASSED] - Object 'Object Repository/Shopping Cart/Dashboard/Dashboard_page' is present

24-07-2024T17:45:59 - [TEST_STEP][PASSED] - click(findTestObject("Object Repository/Shopping Cart/Header/Header_menu_All_products")): Object: 'Object Repository/Shopping Cart/Header/Header_menu_All_products' is clicked on

24-07-2024T17:45:59 - [MESSAGE][PASSED] - Object: 'Object Repository/Shopping Cart/Header/Header_menu_All_products' is clicked on

24-07-2024T17:45:59 - [TEST_STEP][PASSED] - verifyElementPresent(findTestObject("Object Repository/Shopping Cart/Dashboard/Product_item", ["product_name":product_name]), 5): Object 'Object Repository/Shopping Cart/Dashboard/Product_item' is present

24-07-2024T17:46:00 - [MESSAGE][PASSED] - Object 'Object Repository/Shopping Cart/Dashboard/Product_item' is present

24-07-2024T17:46:00 - [TEST_STEP][PASSED] - closeBrowser(): Browser is closed

24-07-2024T17:46:08 - [MESSAGE][PASSED] - Browser is closed]]></system-out>
         <system-err><![CDATA[]]></system-err>
      </testcase>
      <system-out><![CDATA[24-07-2024T17:42:26 - [TEST_SUITE][PASSED] - Header_menu: Test Cases/Shopping Cart/Filter/TC39_HeaderMenu_All_products_10]]></system-out>
      <system-err><![CDATA[]]></system-err>
   </testsuite>
</testsuites>
