<?xml version="1.0" encoding="UTF-8"?>
<testsuites name="Sign in" time="176.753" tests="7" failures="0" errors="0">
   <testsuite name="Sign in" tests="7" failures="0" errors="0" time="176.753" skipped="0" timestamp="19-07-2024T20:44:24" hostname="Admin - DESKTOP-26G4KH6" id="Test Suites/Shopping Cart/Sign in/Sign in">
      <properties>
         <property name="deviceName" value=""/>
         <property name="devicePlatform"/>
         <property name="logFolder" value="C:\\Users\\Admin\\git\\Katalon-certification\\Reports\\20240719_204416\\Shopping Cart\\Sign in\\Sign in\\20240719_204416"/>
         <property name="logFiles" value="C:\\Users\\Admin\\git\\Katalon-certification\\Reports\\20240719_204416\\Shopping Cart\\Sign in\\Sign in\\20240719_204416\\execution0.log"/>
         <property name="attachments" value=""/>
         <property name="hostName" value="Admin - DESKTOP-26G4KH6"/>
         <property name="os" value="Windows 10 64bit"/>
         <property name="katalonVersion" value="9.6.0.217"/>
         <property name="browser" value="Chrome 126.0.0.0"/>
         <property name="hostAddress" value="192.168.0.191"/>
         <property name="sessionId" value="dadd173ca5aa72f357dbc3c3dd124fbd"/>
         <property name="seleniumVersion" value="3.141.59"/>
         <property name="proxyInformation" value="ProxyInformation { proxyOption=NO_PROXY, proxyServerType=HTTP, username=, password=********, proxyServerAddress=, proxyServerPort=0, executionList=&quot;&quot;, isApplyToDesiredCapabilities=true }"/>
         <property name="platform" value="Windows 10"/>
      </properties>
      <testcase name="Test Cases/Shopping Cart/Sign in/TC01_Fill_wrong_username_password_format" time="47.579" classname="Test Cases/Shopping Cart/Sign in/TC01_Fill_wrong_username_password_format" status="PASSED">
         <system-out><![CDATA[19-07-2024T20:44:25 - [TEST_CASE][PASSED] - Test Cases/Shopping Cart/Sign in/TC01_Fill_wrong_username_password_format: Test Cases/Shopping Cart/Sign in/TC01_Fill_wrong_username_password_format

19-07-2024T20:44:25 - [TEST_STEP][PASSED] - openBrowser(Login_URL): Browser is opened with url: 'https://demo-store.katalon.com/signin'

19-07-2024T20:44:26 - [MESSAGE][INFO] - Starting 'Chrome' driver

19-07-2024T20:44:26 - [MESSAGE][INFO] - Action delay is set to 0 milliseconds

19-07-2024T20:44:39 - [MESSAGE][PASSED] - Browser is opened with url: 'https://demo-store.katalon.com/signin'

19-07-2024T20:44:39 - [TEST_STEP][PASSED] - maximizeWindow(): Current window maximized

19-07-2024T20:44:39 - [MESSAGE][PASSED] - Current window maximized

19-07-2024T20:44:39 - [TEST_STEP][PASSED] - verifyElementPresent(findTestObject("Object Repository/Shopping Cart/Sign in/Sign_in_page"), 10): Object 'Object Repository/Shopping Cart/Sign in/Sign_in_page' is present

19-07-2024T20:44:40 - [MESSAGE][PASSED] - Object 'Object Repository/Shopping Cart/Sign in/Sign_in_page' is present

19-07-2024T20:44:40 - [TEST_STEP][PASSED] - setText(findTestObject("Object Repository/Shopping Cart/Sign in/Email_input"), username): Text 'abc' is set on object 'Object Repository/Shopping Cart/Sign in/Email_input'

19-07-2024T20:44:40 - [MESSAGE][PASSED] - Text 'abc' is set on object 'Object Repository/Shopping Cart/Sign in/Email_input'

19-07-2024T20:44:40 - [TEST_STEP][PASSED] - setText(findTestObject("Object Repository/Shopping Cart/Sign in/Password_input"), password): Text 'def' is set on object 'Object Repository/Shopping Cart/Sign in/Password_input'

19-07-2024T20:44:41 - [MESSAGE][PASSED] - Text 'def' is set on object 'Object Repository/Shopping Cart/Sign in/Password_input'

19-07-2024T20:44:41 - [TEST_STEP][PASSED] - sendKeys(findTestObject("Object Repository/Shopping Cart/Sign in/Password_input"), Keys.chord(TAB)): Keys 'TAB + ' sent to object: 'Object Repository/Shopping Cart/Sign in/Password_input'

19-07-2024T20:44:42 - [MESSAGE][PASSED] - Keys 'TAB + ' sent to object: 'Object Repository/Shopping Cart/Sign in/Password_input'

19-07-2024T20:44:42 - [TEST_STEP][PASSED] - verifyElementPresent(findTestObject("Object Repository/Shopping Cart/Sign in/Email_error_message_lb"), 10): Object 'Object Repository/Shopping Cart/Sign in/Email_error_message_lb' is present

19-07-2024T20:44:42 - [MESSAGE][PASSED] - Object 'Object Repository/Shopping Cart/Sign in/Email_error_message_lb' is present

19-07-2024T20:44:42 - [TEST_STEP][PASSED] - verifyElementPresent(findTestObject("Object Repository/Shopping Cart/Sign in/Password_error_message_lb"), 10): Object 'Object Repository/Shopping Cart/Sign in/Password_error_message_lb' is present

19-07-2024T20:45:12 - [MESSAGE][PASSED] - Object 'Object Repository/Shopping Cart/Sign in/Password_error_message_lb' is present

19-07-2024T20:45:12 - [TEST_STEP][PASSED] - closeBrowser(): Browser is closed

19-07-2024T20:45:12 - [MESSAGE][PASSED] - Browser is closed]]></system-out>
         <system-err><![CDATA[]]></system-err>
      </testcase>
      <testcase name="Test Cases/Shopping Cart/Sign in/TC01_Fill_wrong_username_password_format" time="17.246" classname="Test Cases/Shopping Cart/Sign in/TC01_Fill_wrong_username_password_format" status="PASSED">
         <system-out><![CDATA[19-07-2024T20:45:12 - [TEST_CASE][PASSED] - Test Cases/Shopping Cart/Sign in/TC01_Fill_wrong_username_password_format: Test Cases/Shopping Cart/Sign in/TC01_Fill_wrong_username_password_format

19-07-2024T20:45:12 - [TEST_STEP][PASSED] - openBrowser(Login_URL): Browser is opened with url: 'https://demo-store.katalon.com/signin'

19-07-2024T20:45:12 - [MESSAGE][INFO] - Starting 'Chrome' driver

19-07-2024T20:45:12 - [MESSAGE][INFO] - Action delay is set to 0 milliseconds

19-07-2024T20:45:26 - [MESSAGE][PASSED] - Browser is opened with url: 'https://demo-store.katalon.com/signin'

19-07-2024T20:45:26 - [TEST_STEP][PASSED] - maximizeWindow(): Current window maximized

19-07-2024T20:45:26 - [MESSAGE][PASSED] - Current window maximized

19-07-2024T20:45:26 - [TEST_STEP][PASSED] - verifyElementPresent(findTestObject("Object Repository/Shopping Cart/Sign in/Sign_in_page"), 10): Object 'Object Repository/Shopping Cart/Sign in/Sign_in_page' is present

19-07-2024T20:45:27 - [MESSAGE][PASSED] - Object 'Object Repository/Shopping Cart/Sign in/Sign_in_page' is present

19-07-2024T20:45:27 - [TEST_STEP][PASSED] - setText(findTestObject("Object Repository/Shopping Cart/Sign in/Email_input"), username): Text 'avgff@' is set on object 'Object Repository/Shopping Cart/Sign in/Email_input'

19-07-2024T20:45:27 - [MESSAGE][PASSED] - Text 'avgff@' is set on object 'Object Repository/Shopping Cart/Sign in/Email_input'

19-07-2024T20:45:27 - [TEST_STEP][PASSED] - setText(findTestObject("Object Repository/Shopping Cart/Sign in/Password_input"), password): Text 'abcdef' is set on object 'Object Repository/Shopping Cart/Sign in/Password_input'

19-07-2024T20:45:28 - [MESSAGE][PASSED] - Text 'abcdef' is set on object 'Object Repository/Shopping Cart/Sign in/Password_input'

19-07-2024T20:45:28 - [TEST_STEP][PASSED] - sendKeys(findTestObject("Object Repository/Shopping Cart/Sign in/Password_input"), Keys.chord(TAB)): Keys 'TAB + ' sent to object: 'Object Repository/Shopping Cart/Sign in/Password_input'

19-07-2024T20:45:29 - [MESSAGE][PASSED] - Keys 'TAB + ' sent to object: 'Object Repository/Shopping Cart/Sign in/Password_input'

19-07-2024T20:45:29 - [TEST_STEP][PASSED] - verifyElementPresent(findTestObject("Object Repository/Shopping Cart/Sign in/Email_error_message_lb"), 10): Object 'Object Repository/Shopping Cart/Sign in/Email_error_message_lb' is present

19-07-2024T20:45:29 - [MESSAGE][PASSED] - Object 'Object Repository/Shopping Cart/Sign in/Email_error_message_lb' is present

19-07-2024T20:45:29 - [TEST_STEP][PASSED] - verifyElementPresent(findTestObject("Object Repository/Shopping Cart/Sign in/Password_error_message_lb"), 10): Object 'Object Repository/Shopping Cart/Sign in/Password_error_message_lb' is present

19-07-2024T20:45:29 - [MESSAGE][PASSED] - Object 'Object Repository/Shopping Cart/Sign in/Password_error_message_lb' is present

19-07-2024T20:45:29 - [TEST_STEP][PASSED] - closeBrowser(): Browser is closed

19-07-2024T20:45:30 - [MESSAGE][PASSED] - Browser is closed]]></system-out>
         <system-err><![CDATA[]]></system-err>
      </testcase>
      <testcase name="Test Cases/Shopping Cart/Sign in/TC01_Fill_wrong_username_password_format" time="17.665" classname="Test Cases/Shopping Cart/Sign in/TC01_Fill_wrong_username_password_format" status="PASSED">
         <system-out><![CDATA[19-07-2024T20:45:30 - [TEST_CASE][PASSED] - Test Cases/Shopping Cart/Sign in/TC01_Fill_wrong_username_password_format: Test Cases/Shopping Cart/Sign in/TC01_Fill_wrong_username_password_format

19-07-2024T20:45:30 - [TEST_STEP][PASSED] - openBrowser(Login_URL): Browser is opened with url: 'https://demo-store.katalon.com/signin'

19-07-2024T20:45:30 - [MESSAGE][INFO] - Starting 'Chrome' driver

19-07-2024T20:45:30 - [MESSAGE][INFO] - Action delay is set to 0 milliseconds

19-07-2024T20:45:40 - [MESSAGE][PASSED] - Browser is opened with url: 'https://demo-store.katalon.com/signin'

19-07-2024T20:45:40 - [TEST_STEP][PASSED] - maximizeWindow(): Current window maximized

19-07-2024T20:45:40 - [MESSAGE][PASSED] - Current window maximized

19-07-2024T20:45:40 - [TEST_STEP][PASSED] - verifyElementPresent(findTestObject("Object Repository/Shopping Cart/Sign in/Sign_in_page"), 10): Object 'Object Repository/Shopping Cart/Sign in/Sign_in_page' is present

19-07-2024T20:45:43 - [MESSAGE][PASSED] - Object 'Object Repository/Shopping Cart/Sign in/Sign_in_page' is present

19-07-2024T20:45:43 - [TEST_STEP][PASSED] - setText(findTestObject("Object Repository/Shopping Cart/Sign in/Email_input"), username): Text 'avgff@com' is set on object 'Object Repository/Shopping Cart/Sign in/Email_input'

19-07-2024T20:45:44 - [MESSAGE][PASSED] - Text 'avgff@com' is set on object 'Object Repository/Shopping Cart/Sign in/Email_input'

19-07-2024T20:45:44 - [TEST_STEP][PASSED] - setText(findTestObject("Object Repository/Shopping Cart/Sign in/Password_input"), password): Text 'ABC123' is set on object 'Object Repository/Shopping Cart/Sign in/Password_input'

19-07-2024T20:45:45 - [MESSAGE][PASSED] - Text 'ABC123' is set on object 'Object Repository/Shopping Cart/Sign in/Password_input'

19-07-2024T20:45:45 - [TEST_STEP][PASSED] - sendKeys(findTestObject("Object Repository/Shopping Cart/Sign in/Password_input"), Keys.chord(TAB)): Keys 'TAB + ' sent to object: 'Object Repository/Shopping Cart/Sign in/Password_input'

19-07-2024T20:45:45 - [MESSAGE][PASSED] - Keys 'TAB + ' sent to object: 'Object Repository/Shopping Cart/Sign in/Password_input'

19-07-2024T20:45:45 - [TEST_STEP][PASSED] - verifyElementPresent(findTestObject("Object Repository/Shopping Cart/Sign in/Email_error_message_lb"), 10): Object 'Object Repository/Shopping Cart/Sign in/Email_error_message_lb' is present

19-07-2024T20:45:46 - [MESSAGE][PASSED] - Object 'Object Repository/Shopping Cart/Sign in/Email_error_message_lb' is present

19-07-2024T20:45:46 - [TEST_STEP][PASSED] - verifyElementPresent(findTestObject("Object Repository/Shopping Cart/Sign in/Password_error_message_lb"), 10): Object 'Object Repository/Shopping Cart/Sign in/Password_error_message_lb' is present

19-07-2024T20:45:46 - [MESSAGE][PASSED] - Object 'Object Repository/Shopping Cart/Sign in/Password_error_message_lb' is present

19-07-2024T20:45:46 - [TEST_STEP][PASSED] - closeBrowser(): Browser is closed

19-07-2024T20:45:47 - [MESSAGE][PASSED] - Browser is closed]]></system-out>
         <system-err><![CDATA[]]></system-err>
      </testcase>
      <testcase name="Test Cases/Shopping Cart/Sign in/TC02_Login_with_blank_username_password" time="11.632" classname="Test Cases/Shopping Cart/Sign in/TC02_Login_with_blank_username_password" status="PASSED">
         <system-out><![CDATA[19-07-2024T20:45:47 - [TEST_CASE][PASSED] - Test Cases/Shopping Cart/Sign in/TC02_Login_with_blank_username_password: Test Cases/Shopping Cart/Sign in/TC02_Login_with_blank_username_password

19-07-2024T20:45:47 - [TEST_STEP][PASSED] - openBrowser(Login_URL): Browser is opened with url: 'https://demo-store.katalon.com/signin'

19-07-2024T20:45:47 - [MESSAGE][INFO] - Starting 'Chrome' driver

19-07-2024T20:45:47 - [MESSAGE][INFO] - Action delay is set to 0 milliseconds

19-07-2024T20:45:55 - [MESSAGE][PASSED] - Browser is opened with url: 'https://demo-store.katalon.com/signin'

19-07-2024T20:45:55 - [TEST_STEP][PASSED] - maximizeWindow(): Current window maximized

19-07-2024T20:45:55 - [MESSAGE][PASSED] - Current window maximized

19-07-2024T20:45:55 - [TEST_STEP][PASSED] - verifyElementPresent(findTestObject("Object Repository/Shopping Cart/Sign in/Sign_in_page"), 10): Object 'Object Repository/Shopping Cart/Sign in/Sign_in_page' is present

19-07-2024T20:45:55 - [MESSAGE][PASSED] - Object 'Object Repository/Shopping Cart/Sign in/Sign_in_page' is present

19-07-2024T20:45:55 - [TEST_STEP][PASSED] - setText(findTestObject("Object Repository/Shopping Cart/Sign in/Email_input"), ""): Text '' is set on object 'Object Repository/Shopping Cart/Sign in/Email_input'

19-07-2024T20:45:56 - [MESSAGE][PASSED] - Text '' is set on object 'Object Repository/Shopping Cart/Sign in/Email_input'

19-07-2024T20:45:56 - [TEST_STEP][PASSED] - setText(findTestObject("Object Repository/Shopping Cart/Sign in/Password_input"), ""): Text '' is set on object 'Object Repository/Shopping Cart/Sign in/Password_input'

19-07-2024T20:45:57 - [MESSAGE][PASSED] - Text '' is set on object 'Object Repository/Shopping Cart/Sign in/Password_input'

19-07-2024T20:45:57 - [TEST_STEP][PASSED] - click(findTestObject("Object Repository/Shopping Cart/Sign in/Signin_button")): Object: 'Object Repository/Shopping Cart/Sign in/Signin_button' is clicked on

19-07-2024T20:45:58 - [MESSAGE][PASSED] - Object: 'Object Repository/Shopping Cart/Sign in/Signin_button' is clicked on

19-07-2024T20:45:58 - [TEST_STEP][PASSED] - verifyElementPresent(findTestObject("Object Repository/Shopping Cart/Sign in/Email_error_message_lb"), 10): Object 'Object Repository/Shopping Cart/Sign in/Email_error_message_lb' is present

19-07-2024T20:45:58 - [MESSAGE][PASSED] - Object 'Object Repository/Shopping Cart/Sign in/Email_error_message_lb' is present

19-07-2024T20:45:58 - [TEST_STEP][PASSED] - verifyElementPresent(findTestObject("Object Repository/Shopping Cart/Sign in/Password_error_message_lb"), 10): Object 'Object Repository/Shopping Cart/Sign in/Password_error_message_lb' is present

19-07-2024T20:45:59 - [MESSAGE][PASSED] - Object 'Object Repository/Shopping Cart/Sign in/Password_error_message_lb' is present

19-07-2024T20:45:59 - [TEST_STEP][PASSED] - closeBrowser(): Browser is closed

19-07-2024T20:45:59 - [MESSAGE][PASSED] - Browser is closed]]></system-out>
         <system-err><![CDATA[]]></system-err>
      </testcase>
      <testcase name="Test Cases/Shopping Cart/Sign in/TC03_Login_with_incorrect_username_password" time="24.816" classname="Test Cases/Shopping Cart/Sign in/TC03_Login_with_incorrect_username_password" status="PASSED">
         <system-out><![CDATA[19-07-2024T20:45:59 - [TEST_CASE][PASSED] - Test Cases/Shopping Cart/Sign in/TC03_Login_with_incorrect_username_password: Test Cases/Shopping Cart/Sign in/TC03_Login_with_incorrect_username_password

19-07-2024T20:45:59 - [TEST_STEP][PASSED] - openBrowser(Login_URL): Browser is opened with url: 'https://demo-store.katalon.com/signin'

19-07-2024T20:45:59 - [MESSAGE][INFO] - Starting 'Chrome' driver

19-07-2024T20:45:59 - [MESSAGE][INFO] - Action delay is set to 0 milliseconds

19-07-2024T20:46:16 - [MESSAGE][PASSED] - Browser is opened with url: 'https://demo-store.katalon.com/signin'

19-07-2024T20:46:16 - [TEST_STEP][PASSED] - maximizeWindow(): Current window maximized

19-07-2024T20:46:16 - [MESSAGE][PASSED] - Current window maximized

19-07-2024T20:46:16 - [TEST_STEP][PASSED] - verifyElementPresent(findTestObject("Object Repository/Shopping Cart/Sign in/Sign_in_page"), 10): Object 'Object Repository/Shopping Cart/Sign in/Sign_in_page' is present

19-07-2024T20:46:21 - [MESSAGE][PASSED] - Object 'Object Repository/Shopping Cart/Sign in/Sign_in_page' is present

19-07-2024T20:46:21 - [TEST_STEP][PASSED] - setText(findTestObject("Object Repository/Shopping Cart/Sign in/Email_input"), username): Text 'abc@gmail.com' is set on object 'Object Repository/Shopping Cart/Sign in/Email_input'

19-07-2024T20:46:22 - [MESSAGE][PASSED] - Text 'abc@gmail.com' is set on object 'Object Repository/Shopping Cart/Sign in/Email_input'

19-07-2024T20:46:22 - [TEST_STEP][PASSED] - setText(findTestObject("Object Repository/Shopping Cart/Sign in/Password_input"), password): Text 'Abcdef123' is set on object 'Object Repository/Shopping Cart/Sign in/Password_input'

19-07-2024T20:46:22 - [MESSAGE][PASSED] - Text 'Abcdef123' is set on object 'Object Repository/Shopping Cart/Sign in/Password_input'

19-07-2024T20:46:22 - [TEST_STEP][PASSED] - click(findTestObject("Object Repository/Shopping Cart/Sign in/Signin_button")): Object: 'Object Repository/Shopping Cart/Sign in/Signin_button' is clicked on

19-07-2024T20:46:23 - [MESSAGE][PASSED] - Object: 'Object Repository/Shopping Cart/Sign in/Signin_button' is clicked on

19-07-2024T20:46:23 - [TEST_STEP][PASSED] - verifyElementNotPresent(findTestObject("Object Repository/Shopping Cart/Dashboard/Dashboard_page"), 5): Web element with id: 'Object Repository/Shopping Cart/Dashboard/Dashboard_page' located by 'By.xpath: //*[contains(@class,'dashboard_box')]' is not present after '5' second(s)

19-07-2024T20:46:24 - [MESSAGE][PASSED] - Web element with id: 'Object Repository/Shopping Cart/Dashboard/Dashboard_page' located by 'By.xpath: //*[contains(@class,'dashboard_box')]' is not present after '5' second(s)

19-07-2024T20:46:24 - [TEST_STEP][PASSED] - closeBrowser(): Browser is closed

19-07-2024T20:46:24 - [MESSAGE][PASSED] - Browser is closed]]></system-out>
         <system-err><![CDATA[]]></system-err>
      </testcase>
      <testcase name="Test Cases/Shopping Cart/Sign in/TC04_Login_with_correct_username_password" time="42.308" classname="Test Cases/Shopping Cart/Sign in/TC04_Login_with_correct_username_password" status="PASSED">
         <system-out><![CDATA[19-07-2024T20:46:24 - [TEST_CASE][PASSED] - Test Cases/Shopping Cart/Sign in/TC04_Login_with_correct_username_password: Test Cases/Shopping Cart/Sign in/TC04_Login_with_correct_username_password

19-07-2024T20:46:24 - [TEST_STEP][PASSED] - openBrowser(Login_URL): Browser is opened with url: 'https://demo-store.katalon.com/signin'

19-07-2024T20:46:24 - [MESSAGE][INFO] - Starting 'Chrome' driver

19-07-2024T20:46:24 - [MESSAGE][INFO] - Action delay is set to 0 milliseconds

19-07-2024T20:46:31 - [MESSAGE][PASSED] - Browser is opened with url: 'https://demo-store.katalon.com/signin'

19-07-2024T20:46:31 - [TEST_STEP][PASSED] - maximizeWindow(): Current window maximized

19-07-2024T20:46:31 - [MESSAGE][PASSED] - Current window maximized

19-07-2024T20:46:31 - [TEST_STEP][PASSED] - verifyElementPresent(findTestObject("Object Repository/Shopping Cart/Sign in/Sign_in_page"), 10): Object 'Object Repository/Shopping Cart/Sign in/Sign_in_page' is present

19-07-2024T20:46:32 - [MESSAGE][PASSED] - Object 'Object Repository/Shopping Cart/Sign in/Sign_in_page' is present

19-07-2024T20:46:32 - [TEST_STEP][PASSED] - setText(findTestObject("Object Repository/Shopping Cart/Sign in/Email_input"), username): Text 'quoc.huy.lu8960@gmail.com' is set on object 'Object Repository/Shopping Cart/Sign in/Email_input'

19-07-2024T20:46:33 - [MESSAGE][PASSED] - Text 'quoc.huy.lu8960@gmail.com' is set on object 'Object Repository/Shopping Cart/Sign in/Email_input'

19-07-2024T20:46:33 - [TEST_STEP][PASSED] - setText(findTestObject("Object Repository/Shopping Cart/Sign in/Password_input"), password): Text 'KatalonCerti123' is set on object 'Object Repository/Shopping Cart/Sign in/Password_input'

19-07-2024T20:46:33 - [MESSAGE][PASSED] - Text 'KatalonCerti123' is set on object 'Object Repository/Shopping Cart/Sign in/Password_input'

19-07-2024T20:46:33 - [TEST_STEP][PASSED] - click(findTestObject("Object Repository/Shopping Cart/Sign in/Signin_button")): Object: 'Object Repository/Shopping Cart/Sign in/Signin_button' is clicked on

19-07-2024T20:46:33 - [MESSAGE][PASSED] - Object: 'Object Repository/Shopping Cart/Sign in/Signin_button' is clicked on

19-07-2024T20:46:33 - [TEST_STEP][PASSED] - waitForElementPresent(findTestObject("Object Repository/Shopping Cart/Dashboard/Dashboard_page"), 10): Object 'Object Repository/Shopping Cart/Dashboard/Dashboard_page' is present

19-07-2024T20:46:36 - [MESSAGE][PASSED] - Object 'Object Repository/Shopping Cart/Dashboard/Dashboard_page' is present

19-07-2024T20:46:36 - [TEST_STEP][PASSED] - verifyElementPresent(findTestObject("Object Repository/Shopping Cart/Dashboard/Dashboard_page"), 10): Object 'Object Repository/Shopping Cart/Dashboard/Dashboard_page' is present

19-07-2024T20:47:06 - [MESSAGE][PASSED] - Object 'Object Repository/Shopping Cart/Dashboard/Dashboard_page' is present

19-07-2024T20:47:06 - [TEST_STEP][PASSED] - closeBrowser(): Browser is closed

19-07-2024T20:47:06 - [MESSAGE][PASSED] - Browser is closed]]></system-out>
         <system-err><![CDATA[]]></system-err>
      </testcase>
      <testcase name="Test Cases/Shopping Cart/Sign in/TC05_Login_page_success_via_Account_button" time="14.948" classname="Test Cases/Shopping Cart/Sign in/TC05_Login_page_success_via_Account_button" status="PASSED">
         <system-out><![CDATA[19-07-2024T20:47:06 - [TEST_CASE][PASSED] - Test Cases/Shopping Cart/Sign in/TC05_Login_page_success_via_Account_button: Test Cases/Shopping Cart/Sign in/TC05_Login_page_success_via_Account_button

19-07-2024T20:47:06 - [TEST_STEP][PASSED] - openBrowser(Dashborad_URL): Browser is opened with url: 'https://demo-store.katalon.com/'

19-07-2024T20:47:06 - [MESSAGE][INFO] - Starting 'Chrome' driver

19-07-2024T20:47:06 - [MESSAGE][INFO] - Action delay is set to 0 milliseconds

19-07-2024T20:47:13 - [MESSAGE][PASSED] - Browser is opened with url: 'https://demo-store.katalon.com/'

19-07-2024T20:47:13 - [TEST_STEP][PASSED] - maximizeWindow(): Current window maximized

19-07-2024T20:47:13 - [MESSAGE][PASSED] - Current window maximized

19-07-2024T20:47:13 - [TEST_STEP][PASSED] - verifyElementPresent(findTestObject("Object Repository/Shopping Cart/Dashboard/Dashboard_page"), 10): Object 'Object Repository/Shopping Cart/Dashboard/Dashboard_page' is present

19-07-2024T20:47:16 - [MESSAGE][PASSED] - Object 'Object Repository/Shopping Cart/Dashboard/Dashboard_page' is present

19-07-2024T20:47:16 - [TEST_STEP][PASSED] - waitForElementPresent(findTestObject("Object Repository/Shopping Cart/Header/User_icon_logged_out"), 10): Object 'Object Repository/Shopping Cart/Header/User_icon_logged_out' is present

19-07-2024T20:47:16 - [MESSAGE][PASSED] - Object 'Object Repository/Shopping Cart/Header/User_icon_logged_out' is present

19-07-2024T20:47:16 - [TEST_STEP][PASSED] - click(findTestObject("Object Repository/Shopping Cart/Header/User_icon_logged_out")): Object: 'Object Repository/Shopping Cart/Header/User_icon_logged_out' is clicked on

19-07-2024T20:47:17 - [MESSAGE][PASSED] - Object: 'Object Repository/Shopping Cart/Header/User_icon_logged_out' is clicked on

19-07-2024T20:47:17 - [TEST_STEP][PASSED] - verifyElementPresent(findTestObject("Object Repository/Shopping Cart/Sign in/Sign_in_page"), 10): Object 'Object Repository/Shopping Cart/Sign in/Sign_in_page' is present

19-07-2024T20:47:17 - [MESSAGE][PASSED] - Object 'Object Repository/Shopping Cart/Sign in/Sign_in_page' is present

19-07-2024T20:47:17 - [TEST_STEP][PASSED] - setText(findTestObject("Object Repository/Shopping Cart/Sign in/Email_input"), username): Text 'quoc.huy.lu8960@gmail.com' is set on object 'Object Repository/Shopping Cart/Sign in/Email_input'

19-07-2024T20:47:18 - [MESSAGE][PASSED] - Text 'quoc.huy.lu8960@gmail.com' is set on object 'Object Repository/Shopping Cart/Sign in/Email_input'

19-07-2024T20:47:18 - [TEST_STEP][PASSED] - setText(findTestObject("Object Repository/Shopping Cart/Sign in/Password_input"), password): Text 'KatalonCerti123' is set on object 'Object Repository/Shopping Cart/Sign in/Password_input'

19-07-2024T20:47:18 - [MESSAGE][PASSED] - Text 'KatalonCerti123' is set on object 'Object Repository/Shopping Cart/Sign in/Password_input'

19-07-2024T20:47:18 - [TEST_STEP][PASSED] - click(findTestObject("Object Repository/Shopping Cart/Sign in/Signin_button")): Object: 'Object Repository/Shopping Cart/Sign in/Signin_button' is clicked on

19-07-2024T20:47:19 - [MESSAGE][PASSED] - Object: 'Object Repository/Shopping Cart/Sign in/Signin_button' is clicked on

19-07-2024T20:47:19 - [TEST_STEP][PASSED] - waitForElementPresent(findTestObject("Object Repository/Shopping Cart/Dashboard/Dashboard_page"), 10): Object 'Object Repository/Shopping Cart/Dashboard/Dashboard_page' is present

19-07-2024T20:47:21 - [MESSAGE][PASSED] - Object 'Object Repository/Shopping Cart/Dashboard/Dashboard_page' is present

19-07-2024T20:47:21 - [TEST_STEP][PASSED] - verifyElementPresent(findTestObject("Object Repository/Shopping Cart/Dashboard/Dashboard_page"), 10): Object 'Object Repository/Shopping Cart/Dashboard/Dashboard_page' is present

19-07-2024T20:47:21 - [MESSAGE][PASSED] - Object 'Object Repository/Shopping Cart/Dashboard/Dashboard_page' is present

19-07-2024T20:47:21 - [TEST_STEP][PASSED] - closeBrowser(): Browser is closed

19-07-2024T20:47:21 - [MESSAGE][PASSED] - Browser is closed]]></system-out>
         <system-err><![CDATA[]]></system-err>
      </testcase>
      <system-out><![CDATA[19-07-2024T20:44:24 - [TEST_SUITE][PASSED] - Sign in: Test Cases/Shopping Cart/Sign in/TC05_Login_page_success_via_Account_button]]></system-out>
      <system-err><![CDATA[]]></system-err>
   </testsuite>
</testsuites>
