<?xml version="1.0" encoding="UTF-8"?>
<testsuites name="Sign in" time="551.421" tests="7" failures="0" errors="0">
   <testsuite name="Sign in" tests="7" failures="0" errors="0" time="551.421" skipped="0" timestamp="19-07-2024T22:32:54" hostname="Admin - DESKTOP-26G4KH6" id="Test Suites/Shopping Cart/Sign in/Sign in">
      <properties>
         <property name="deviceName" value=""/>
         <property name="devicePlatform"/>
         <property name="logFolder" value="C:\\Users\\Admin\\git\\Katalon-certification\\Reports\\20240719_223244\\Shopping Cart\\Sign in\\Sign in\\20240719_223244"/>
         <property name="logFiles" value="C:\\Users\\Admin\\git\\Katalon-certification\\Reports\\20240719_223244\\Shopping Cart\\Sign in\\Sign in\\20240719_223244\\execution0.log"/>
         <property name="attachments" value=""/>
         <property name="hostName" value="Admin - DESKTOP-26G4KH6"/>
         <property name="os" value="Windows 10 64bit"/>
         <property name="katalonVersion" value="9.6.0.217"/>
         <property name="browser" value="Chrome 126.0.0.0"/>
         <property name="hostAddress" value="192.168.0.191"/>
         <property name="sessionId" value="aa13857fb2be8f7a1fb6b76f3338ff95"/>
         <property name="seleniumVersion" value="3.141.59"/>
         <property name="proxyInformation" value="ProxyInformation { proxyOption=NO_PROXY, proxyServerType=HTTP, username=, password=********, proxyServerAddress=, proxyServerPort=0, executionList=&quot;&quot;, isApplyToDesiredCapabilities=true }"/>
         <property name="platform" value="Windows 10"/>
      </properties>
      <testcase name="Test Cases/Shopping Cart/Sign in/TC01_Fill_wrong_username_password_format" time="22.398" classname="Test Cases/Shopping Cart/Sign in/TC01_Fill_wrong_username_password_format" status="PASSED">
         <system-out><![CDATA[19-07-2024T22:32:54 - [TEST_CASE][PASSED] - Test Cases/Shopping Cart/Sign in/TC01_Fill_wrong_username_password_format: Test Cases/Shopping Cart/Sign in/TC01_Fill_wrong_username_password_format

19-07-2024T22:32:54 - [TEST_STEP][PASSED] - openBrowser(Login_URL): Browser is opened with url: 'https://demo-store.katalon.com/signin'

19-07-2024T22:32:55 - [MESSAGE][INFO] - Starting 'Chrome' driver

19-07-2024T22:32:55 - [MESSAGE][INFO] - Action delay is set to 0 milliseconds

19-07-2024T22:32:58 - [MESSAGE][PASSED] - Browser is opened with url: 'https://demo-store.katalon.com/signin'

19-07-2024T22:32:58 - [TEST_STEP][PASSED] - maximizeWindow(): Current window maximized

19-07-2024T22:33:10 - [MESSAGE][PASSED] - Current window maximized

19-07-2024T22:33:10 - [TEST_STEP][PASSED] - verifyElementPresent(findTestObject("Object Repository/Shopping Cart/Sign in/Sign_in_page"), 10): Object 'Object Repository/Shopping Cart/Sign in/Sign_in_page' is present

19-07-2024T22:33:13 - [MESSAGE][PASSED] - Object 'Object Repository/Shopping Cart/Sign in/Sign_in_page' is present

19-07-2024T22:33:13 - [TEST_STEP][PASSED] - setText(findTestObject("Object Repository/Shopping Cart/Sign in/Email_input"), username): Text 'abc' is set on object 'Object Repository/Shopping Cart/Sign in/Email_input'

19-07-2024T22:33:14 - [MESSAGE][PASSED] - Text 'abc' is set on object 'Object Repository/Shopping Cart/Sign in/Email_input'

19-07-2024T22:33:14 - [TEST_STEP][PASSED] - setText(findTestObject("Object Repository/Shopping Cart/Sign in/Password_input"), password): Text 'def' is set on object 'Object Repository/Shopping Cart/Sign in/Password_input'

19-07-2024T22:33:15 - [MESSAGE][PASSED] - Text 'def' is set on object 'Object Repository/Shopping Cart/Sign in/Password_input'

19-07-2024T22:33:15 - [TEST_STEP][PASSED] - sendKeys(findTestObject("Object Repository/Shopping Cart/Sign in/Password_input"), Keys.chord(TAB)): Keys 'TAB + ' sent to object: 'Object Repository/Shopping Cart/Sign in/Password_input'

19-07-2024T22:33:15 - [MESSAGE][PASSED] - Keys 'TAB + ' sent to object: 'Object Repository/Shopping Cart/Sign in/Password_input'

19-07-2024T22:33:15 - [TEST_STEP][PASSED] - verifyElementPresent(findTestObject("Object Repository/Shopping Cart/Sign in/Email_error_message_lb"), 10): Object 'Object Repository/Shopping Cart/Sign in/Email_error_message_lb' is present

19-07-2024T22:33:16 - [MESSAGE][PASSED] - Object 'Object Repository/Shopping Cart/Sign in/Email_error_message_lb' is present

19-07-2024T22:33:16 - [TEST_STEP][PASSED] - verifyElementPresent(findTestObject("Object Repository/Shopping Cart/Sign in/Password_error_message_lb"), 10): Object 'Object Repository/Shopping Cart/Sign in/Password_error_message_lb' is present

19-07-2024T22:33:16 - [MESSAGE][PASSED] - Object 'Object Repository/Shopping Cart/Sign in/Password_error_message_lb' is present

19-07-2024T22:33:16 - [TEST_STEP][PASSED] - closeBrowser(): Browser is closed

19-07-2024T22:33:16 - [MESSAGE][PASSED] - Browser is closed]]></system-out>
         <system-err><![CDATA[]]></system-err>
      </testcase>
      <testcase name="Test Cases/Shopping Cart/Sign in/TC01_Fill_wrong_username_password_format" time="27.243" classname="Test Cases/Shopping Cart/Sign in/TC01_Fill_wrong_username_password_format" status="PASSED">
         <system-out><![CDATA[19-07-2024T22:33:16 - [TEST_CASE][PASSED] - Test Cases/Shopping Cart/Sign in/TC01_Fill_wrong_username_password_format: Test Cases/Shopping Cart/Sign in/TC01_Fill_wrong_username_password_format

19-07-2024T22:33:16 - [TEST_STEP][PASSED] - openBrowser(Login_URL): Browser is opened with url: 'https://demo-store.katalon.com/signin'

19-07-2024T22:33:16 - [MESSAGE][INFO] - Starting 'Chrome' driver

19-07-2024T22:33:16 - [MESSAGE][INFO] - Action delay is set to 0 milliseconds

19-07-2024T22:33:39 - [MESSAGE][PASSED] - Browser is opened with url: 'https://demo-store.katalon.com/signin'

19-07-2024T22:33:39 - [TEST_STEP][PASSED] - maximizeWindow(): Current window maximized

19-07-2024T22:33:39 - [MESSAGE][PASSED] - Current window maximized

19-07-2024T22:33:39 - [TEST_STEP][PASSED] - verifyElementPresent(findTestObject("Object Repository/Shopping Cart/Sign in/Sign_in_page"), 10): Object 'Object Repository/Shopping Cart/Sign in/Sign_in_page' is present

19-07-2024T22:33:41 - [MESSAGE][PASSED] - Object 'Object Repository/Shopping Cart/Sign in/Sign_in_page' is present

19-07-2024T22:33:41 - [TEST_STEP][PASSED] - setText(findTestObject("Object Repository/Shopping Cart/Sign in/Email_input"), username): Text 'avgff@' is set on object 'Object Repository/Shopping Cart/Sign in/Email_input'

19-07-2024T22:33:41 - [MESSAGE][PASSED] - Text 'avgff@' is set on object 'Object Repository/Shopping Cart/Sign in/Email_input'

19-07-2024T22:33:41 - [TEST_STEP][PASSED] - setText(findTestObject("Object Repository/Shopping Cart/Sign in/Password_input"), password): Text 'abcdef' is set on object 'Object Repository/Shopping Cart/Sign in/Password_input'

19-07-2024T22:33:42 - [MESSAGE][PASSED] - Text 'abcdef' is set on object 'Object Repository/Shopping Cart/Sign in/Password_input'

19-07-2024T22:33:42 - [TEST_STEP][PASSED] - sendKeys(findTestObject("Object Repository/Shopping Cart/Sign in/Password_input"), Keys.chord(TAB)): Keys 'TAB + ' sent to object: 'Object Repository/Shopping Cart/Sign in/Password_input'

19-07-2024T22:33:43 - [MESSAGE][PASSED] - Keys 'TAB + ' sent to object: 'Object Repository/Shopping Cart/Sign in/Password_input'

19-07-2024T22:33:43 - [TEST_STEP][PASSED] - verifyElementPresent(findTestObject("Object Repository/Shopping Cart/Sign in/Email_error_message_lb"), 10): Object 'Object Repository/Shopping Cart/Sign in/Email_error_message_lb' is present

19-07-2024T22:33:43 - [MESSAGE][PASSED] - Object 'Object Repository/Shopping Cart/Sign in/Email_error_message_lb' is present

19-07-2024T22:33:43 - [TEST_STEP][PASSED] - verifyElementPresent(findTestObject("Object Repository/Shopping Cart/Sign in/Password_error_message_lb"), 10): Object 'Object Repository/Shopping Cart/Sign in/Password_error_message_lb' is present

19-07-2024T22:33:43 - [MESSAGE][PASSED] - Object 'Object Repository/Shopping Cart/Sign in/Password_error_message_lb' is present

19-07-2024T22:33:43 - [TEST_STEP][PASSED] - closeBrowser(): Browser is closed

19-07-2024T22:33:44 - [MESSAGE][PASSED] - Browser is closed]]></system-out>
         <system-err><![CDATA[]]></system-err>
      </testcase>
      <testcase name="Test Cases/Shopping Cart/Sign in/TC01_Fill_wrong_username_password_format" time="206.236" classname="Test Cases/Shopping Cart/Sign in/TC01_Fill_wrong_username_password_format" status="PASSED">
         <system-out><![CDATA[19-07-2024T22:33:44 - [TEST_CASE][PASSED] - Test Cases/Shopping Cart/Sign in/TC01_Fill_wrong_username_password_format: Test Cases/Shopping Cart/Sign in/TC01_Fill_wrong_username_password_format

19-07-2024T22:33:44 - [TEST_STEP][PASSED] - openBrowser(Login_URL): Browser is opened with url: 'https://demo-store.katalon.com/signin'

19-07-2024T22:33:44 - [MESSAGE][INFO] - Starting 'Chrome' driver

19-07-2024T22:33:44 - [MESSAGE][INFO] - Action delay is set to 0 milliseconds

19-07-2024T22:33:57 - [MESSAGE][PASSED] - Browser is opened with url: 'https://demo-store.katalon.com/signin'

19-07-2024T22:33:57 - [TEST_STEP][PASSED] - maximizeWindow(): Current window maximized

19-07-2024T22:33:57 - [MESSAGE][PASSED] - Current window maximized

19-07-2024T22:33:57 - [TEST_STEP][PASSED] - verifyElementPresent(findTestObject("Object Repository/Shopping Cart/Sign in/Sign_in_page"), 10): Object 'Object Repository/Shopping Cart/Sign in/Sign_in_page' is present

19-07-2024T22:33:58 - [MESSAGE][PASSED] - Object 'Object Repository/Shopping Cart/Sign in/Sign_in_page' is present

19-07-2024T22:33:58 - [TEST_STEP][PASSED] - setText(findTestObject("Object Repository/Shopping Cart/Sign in/Email_input"), username): Text 'avgff@com' is set on object 'Object Repository/Shopping Cart/Sign in/Email_input'

19-07-2024T22:34:58 - [MESSAGE][PASSED] - Text 'avgff@com' is set on object 'Object Repository/Shopping Cart/Sign in/Email_input'

19-07-2024T22:34:58 - [TEST_STEP][PASSED] - setText(findTestObject("Object Repository/Shopping Cart/Sign in/Password_input"), password): Text 'ABC123' is set on object 'Object Repository/Shopping Cart/Sign in/Password_input'

19-07-2024T22:35:40 - [MESSAGE][PASSED] - Text 'ABC123' is set on object 'Object Repository/Shopping Cart/Sign in/Password_input'

19-07-2024T22:35:40 - [TEST_STEP][PASSED] - sendKeys(findTestObject("Object Repository/Shopping Cart/Sign in/Password_input"), Keys.chord(TAB)): Keys 'TAB + ' sent to object: 'Object Repository/Shopping Cart/Sign in/Password_input'

19-07-2024T22:36:10 - [MESSAGE][PASSED] - Keys 'TAB + ' sent to object: 'Object Repository/Shopping Cart/Sign in/Password_input'

19-07-2024T22:36:10 - [TEST_STEP][PASSED] - verifyElementPresent(findTestObject("Object Repository/Shopping Cart/Sign in/Email_error_message_lb"), 10): Object 'Object Repository/Shopping Cart/Sign in/Email_error_message_lb' is present

19-07-2024T22:36:40 - [MESSAGE][PASSED] - Object 'Object Repository/Shopping Cart/Sign in/Email_error_message_lb' is present

19-07-2024T22:36:40 - [TEST_STEP][PASSED] - verifyElementPresent(findTestObject("Object Repository/Shopping Cart/Sign in/Password_error_message_lb"), 10): Object 'Object Repository/Shopping Cart/Sign in/Password_error_message_lb' is present

19-07-2024T22:37:10 - [MESSAGE][PASSED] - Object 'Object Repository/Shopping Cart/Sign in/Password_error_message_lb' is present

19-07-2024T22:37:10 - [TEST_STEP][PASSED] - closeBrowser(): Browser is closed

19-07-2024T22:37:10 - [MESSAGE][PASSED] - Browser is closed]]></system-out>
         <system-err><![CDATA[]]></system-err>
      </testcase>
      <testcase name="Test Cases/Shopping Cart/Sign in/TC02_Login_with_blank_username_password" time="17.223" classname="Test Cases/Shopping Cart/Sign in/TC02_Login_with_blank_username_password" status="PASSED">
         <system-out><![CDATA[19-07-2024T22:37:10 - [TEST_CASE][PASSED] - Test Cases/Shopping Cart/Sign in/TC02_Login_with_blank_username_password: Test Cases/Shopping Cart/Sign in/TC02_Login_with_blank_username_password

19-07-2024T22:37:10 - [TEST_STEP][PASSED] - openBrowser(Login_URL): Browser is opened with url: 'https://demo-store.katalon.com/signin'

19-07-2024T22:37:10 - [MESSAGE][INFO] - Starting 'Chrome' driver

19-07-2024T22:37:10 - [MESSAGE][INFO] - Action delay is set to 0 milliseconds

19-07-2024T22:37:19 - [MESSAGE][PASSED] - Browser is opened with url: 'https://demo-store.katalon.com/signin'

19-07-2024T22:37:19 - [TEST_STEP][PASSED] - maximizeWindow(): Current window maximized

19-07-2024T22:37:19 - [MESSAGE][PASSED] - Current window maximized

19-07-2024T22:37:19 - [TEST_STEP][PASSED] - verifyElementPresent(findTestObject("Object Repository/Shopping Cart/Sign in/Sign_in_page"), 10): Object 'Object Repository/Shopping Cart/Sign in/Sign_in_page' is present

19-07-2024T22:37:24 - [MESSAGE][PASSED] - Object 'Object Repository/Shopping Cart/Sign in/Sign_in_page' is present

19-07-2024T22:37:24 - [TEST_STEP][PASSED] - setText(findTestObject("Object Repository/Shopping Cart/Sign in/Email_input"), ""): Text '' is set on object 'Object Repository/Shopping Cart/Sign in/Email_input'

19-07-2024T22:37:25 - [MESSAGE][PASSED] - Text '' is set on object 'Object Repository/Shopping Cart/Sign in/Email_input'

19-07-2024T22:37:25 - [TEST_STEP][PASSED] - setText(findTestObject("Object Repository/Shopping Cart/Sign in/Password_input"), ""): Text '' is set on object 'Object Repository/Shopping Cart/Sign in/Password_input'

19-07-2024T22:37:26 - [MESSAGE][PASSED] - Text '' is set on object 'Object Repository/Shopping Cart/Sign in/Password_input'

19-07-2024T22:37:26 - [TEST_STEP][PASSED] - click(findTestObject("Object Repository/Shopping Cart/Sign in/Signin_button")): Object: 'Object Repository/Shopping Cart/Sign in/Signin_button' is clicked on

19-07-2024T22:37:26 - [MESSAGE][PASSED] - Object: 'Object Repository/Shopping Cart/Sign in/Signin_button' is clicked on

19-07-2024T22:37:26 - [TEST_STEP][PASSED] - verifyElementPresent(findTestObject("Object Repository/Shopping Cart/Sign in/Email_error_message_lb"), 10): Object 'Object Repository/Shopping Cart/Sign in/Email_error_message_lb' is present

19-07-2024T22:37:27 - [MESSAGE][PASSED] - Object 'Object Repository/Shopping Cart/Sign in/Email_error_message_lb' is present

19-07-2024T22:37:27 - [TEST_STEP][PASSED] - verifyElementPresent(findTestObject("Object Repository/Shopping Cart/Sign in/Password_error_message_lb"), 10): Object 'Object Repository/Shopping Cart/Sign in/Password_error_message_lb' is present

19-07-2024T22:37:27 - [MESSAGE][PASSED] - Object 'Object Repository/Shopping Cart/Sign in/Password_error_message_lb' is present

19-07-2024T22:37:27 - [TEST_STEP][PASSED] - closeBrowser(): Browser is closed

19-07-2024T22:37:27 - [MESSAGE][PASSED] - Browser is closed]]></system-out>
         <system-err><![CDATA[]]></system-err>
      </testcase>
      <testcase name="Test Cases/Shopping Cart/Sign in/TC03_Login_with_incorrect_username_password" time="11.696" classname="Test Cases/Shopping Cart/Sign in/TC03_Login_with_incorrect_username_password" status="PASSED">
         <system-out><![CDATA[19-07-2024T22:37:27 - [TEST_CASE][PASSED] - Test Cases/Shopping Cart/Sign in/TC03_Login_with_incorrect_username_password: Test Cases/Shopping Cart/Sign in/TC03_Login_with_incorrect_username_password

19-07-2024T22:37:27 - [TEST_STEP][PASSED] - openBrowser(Login_URL): Browser is opened with url: 'https://demo-store.katalon.com/signin'

19-07-2024T22:37:27 - [MESSAGE][INFO] - Starting 'Chrome' driver

19-07-2024T22:37:27 - [MESSAGE][INFO] - Action delay is set to 0 milliseconds

19-07-2024T22:37:36 - [MESSAGE][PASSED] - Browser is opened with url: 'https://demo-store.katalon.com/signin'

19-07-2024T22:37:36 - [TEST_STEP][PASSED] - maximizeWindow(): Current window maximized

19-07-2024T22:37:36 - [MESSAGE][PASSED] - Current window maximized

19-07-2024T22:37:36 - [TEST_STEP][PASSED] - verifyElementPresent(findTestObject("Object Repository/Shopping Cart/Sign in/Sign_in_page"), 10): Object 'Object Repository/Shopping Cart/Sign in/Sign_in_page' is present

19-07-2024T22:37:36 - [MESSAGE][PASSED] - Object 'Object Repository/Shopping Cart/Sign in/Sign_in_page' is present

19-07-2024T22:37:36 - [TEST_STEP][PASSED] - setText(findTestObject("Object Repository/Shopping Cart/Sign in/Email_input"), username): Text 'abc@gmail.com' is set on object 'Object Repository/Shopping Cart/Sign in/Email_input'

19-07-2024T22:37:37 - [MESSAGE][PASSED] - Text 'abc@gmail.com' is set on object 'Object Repository/Shopping Cart/Sign in/Email_input'

19-07-2024T22:37:37 - [TEST_STEP][PASSED] - setText(findTestObject("Object Repository/Shopping Cart/Sign in/Password_input"), password): Text 'Abcdef123' is set on object 'Object Repository/Shopping Cart/Sign in/Password_input'

19-07-2024T22:37:38 - [MESSAGE][PASSED] - Text 'Abcdef123' is set on object 'Object Repository/Shopping Cart/Sign in/Password_input'

19-07-2024T22:37:38 - [TEST_STEP][PASSED] - click(findTestObject("Object Repository/Shopping Cart/Sign in/Signin_button")): Object: 'Object Repository/Shopping Cart/Sign in/Signin_button' is clicked on

19-07-2024T22:37:38 - [MESSAGE][PASSED] - Object: 'Object Repository/Shopping Cart/Sign in/Signin_button' is clicked on

19-07-2024T22:37:38 - [TEST_STEP][PASSED] - verifyElementNotPresent(findTestObject("Object Repository/Shopping Cart/Dashboard/Dashboard_page"), 5): Web element with id: 'Object Repository/Shopping Cart/Dashboard/Dashboard_page' located by 'By.xpath: //*[contains(@class,'dashboard_box')]' is not present after '5' second(s)

19-07-2024T22:37:39 - [MESSAGE][PASSED] - Web element with id: 'Object Repository/Shopping Cart/Dashboard/Dashboard_page' located by 'By.xpath: //*[contains(@class,'dashboard_box')]' is not present after '5' second(s)

19-07-2024T22:37:39 - [TEST_STEP][PASSED] - closeBrowser(): Browser is closed

19-07-2024T22:37:39 - [MESSAGE][PASSED] - Browser is closed]]></system-out>
         <system-err><![CDATA[]]></system-err>
      </testcase>
      <testcase name="Test Cases/Shopping Cart/Sign in/TC04_Login_with_correct_username_password" time="251.062" classname="Test Cases/Shopping Cart/Sign in/TC04_Login_with_correct_username_password" status="PASSED">
         <system-out><![CDATA[19-07-2024T22:37:39 - [TEST_CASE][PASSED] - Test Cases/Shopping Cart/Sign in/TC04_Login_with_correct_username_password: Test Cases/Shopping Cart/Sign in/TC04_Login_with_correct_username_password

19-07-2024T22:37:39 - [TEST_STEP][PASSED] - openBrowser(Login_URL): Browser is opened with url: 'https://demo-store.katalon.com/signin'

19-07-2024T22:37:39 - [MESSAGE][INFO] - Starting 'Chrome' driver

19-07-2024T22:37:39 - [MESSAGE][INFO] - Action delay is set to 0 milliseconds

19-07-2024T22:37:52 - [MESSAGE][PASSED] - Browser is opened with url: 'https://demo-store.katalon.com/signin'

19-07-2024T22:37:52 - [TEST_STEP][PASSED] - maximizeWindow(): Current window maximized

19-07-2024T22:37:52 - [MESSAGE][PASSED] - Current window maximized

19-07-2024T22:37:52 - [TEST_STEP][PASSED] - verifyElementPresent(findTestObject("Object Repository/Shopping Cart/Sign in/Sign_in_page"), 10): Object 'Object Repository/Shopping Cart/Sign in/Sign_in_page' is present

19-07-2024T22:38:22 - [MESSAGE][PASSED] - Object 'Object Repository/Shopping Cart/Sign in/Sign_in_page' is present

19-07-2024T22:38:22 - [TEST_STEP][PASSED] - setText(findTestObject("Object Repository/Shopping Cart/Sign in/Email_input"), username): Text 'quoc.huy.lu8960@gmail.com' is set on object 'Object Repository/Shopping Cart/Sign in/Email_input'

19-07-2024T22:39:22 - [MESSAGE][PASSED] - Text 'quoc.huy.lu8960@gmail.com' is set on object 'Object Repository/Shopping Cart/Sign in/Email_input'

19-07-2024T22:39:22 - [TEST_STEP][PASSED] - setText(findTestObject("Object Repository/Shopping Cart/Sign in/Password_input"), password): Text 'KatalonCerti123' is set on object 'Object Repository/Shopping Cart/Sign in/Password_input'

19-07-2024T22:40:22 - [MESSAGE][PASSED] - Text 'KatalonCerti123' is set on object 'Object Repository/Shopping Cart/Sign in/Password_input'

19-07-2024T22:40:22 - [TEST_STEP][PASSED] - click(findTestObject("Object Repository/Shopping Cart/Sign in/Signin_button")): Object: 'Object Repository/Shopping Cart/Sign in/Signin_button' is clicked on

19-07-2024T22:40:50 - [MESSAGE][PASSED] - Object: 'Object Repository/Shopping Cart/Sign in/Signin_button' is clicked on

19-07-2024T22:40:50 - [TEST_STEP][PASSED] - waitForElementPresent(findTestObject("Object Repository/Shopping Cart/Dashboard/Dashboard_page"), 10): Object 'Object Repository/Shopping Cart/Dashboard/Dashboard_page' is present

19-07-2024T22:41:20 - [MESSAGE][PASSED] - Object 'Object Repository/Shopping Cart/Dashboard/Dashboard_page' is present

19-07-2024T22:41:20 - [TEST_STEP][PASSED] - verifyElementPresent(findTestObject("Object Repository/Shopping Cart/Dashboard/Dashboard_page"), 10): Object 'Object Repository/Shopping Cart/Dashboard/Dashboard_page' is present

19-07-2024T22:41:50 - [MESSAGE][PASSED] - Object 'Object Repository/Shopping Cart/Dashboard/Dashboard_page' is present

19-07-2024T22:41:50 - [TEST_STEP][PASSED] - closeBrowser(): Browser is closed

19-07-2024T22:41:50 - [MESSAGE][PASSED] - Browser is closed]]></system-out>
         <system-err><![CDATA[]]></system-err>
      </testcase>
      <testcase name="Test Cases/Shopping Cart/Sign in/TC05_Login_page_success_via_Account_button" time="15.088" classname="Test Cases/Shopping Cart/Sign in/TC05_Login_page_success_via_Account_button" status="PASSED">
         <system-out><![CDATA[19-07-2024T22:41:50 - [TEST_CASE][PASSED] - Test Cases/Shopping Cart/Sign in/TC05_Login_page_success_via_Account_button: Test Cases/Shopping Cart/Sign in/TC05_Login_page_success_via_Account_button

19-07-2024T22:41:50 - [TEST_STEP][PASSED] - openBrowser(Dashborad_URL): Browser is opened with url: 'https://demo-store.katalon.com/'

19-07-2024T22:41:50 - [MESSAGE][INFO] - Starting 'Chrome' driver

19-07-2024T22:41:50 - [MESSAGE][INFO] - Action delay is set to 0 milliseconds

19-07-2024T22:41:57 - [MESSAGE][PASSED] - Browser is opened with url: 'https://demo-store.katalon.com/'

19-07-2024T22:41:57 - [TEST_STEP][PASSED] - maximizeWindow(): Current window maximized

19-07-2024T22:41:57 - [MESSAGE][PASSED] - Current window maximized

19-07-2024T22:41:57 - [TEST_STEP][PASSED] - verifyElementPresent(findTestObject("Object Repository/Shopping Cart/Dashboard/Dashboard_page"), 10): Object 'Object Repository/Shopping Cart/Dashboard/Dashboard_page' is present

19-07-2024T22:42:00 - [MESSAGE][PASSED] - Object 'Object Repository/Shopping Cart/Dashboard/Dashboard_page' is present

19-07-2024T22:42:00 - [TEST_STEP][PASSED] - waitForElementPresent(findTestObject("Object Repository/Shopping Cart/Header/User_icon_logged_out"), 10): Object 'Object Repository/Shopping Cart/Header/User_icon_logged_out' is present

19-07-2024T22:42:01 - [MESSAGE][PASSED] - Object 'Object Repository/Shopping Cart/Header/User_icon_logged_out' is present

19-07-2024T22:42:01 - [TEST_STEP][PASSED] - click(findTestObject("Object Repository/Shopping Cart/Header/User_icon_logged_out")): Object: 'Object Repository/Shopping Cart/Header/User_icon_logged_out' is clicked on

19-07-2024T22:42:01 - [MESSAGE][PASSED] - Object: 'Object Repository/Shopping Cart/Header/User_icon_logged_out' is clicked on

19-07-2024T22:42:01 - [TEST_STEP][PASSED] - verifyElementPresent(findTestObject("Object Repository/Shopping Cart/Sign in/Sign_in_page"), 10): Object 'Object Repository/Shopping Cart/Sign in/Sign_in_page' is present

19-07-2024T22:42:01 - [MESSAGE][PASSED] - Object 'Object Repository/Shopping Cart/Sign in/Sign_in_page' is present

19-07-2024T22:42:01 - [TEST_STEP][PASSED] - setText(findTestObject("Object Repository/Shopping Cart/Sign in/Email_input"), username): Text 'quoc.huy.lu8960@gmail.com' is set on object 'Object Repository/Shopping Cart/Sign in/Email_input'

19-07-2024T22:42:02 - [MESSAGE][PASSED] - Text 'quoc.huy.lu8960@gmail.com' is set on object 'Object Repository/Shopping Cart/Sign in/Email_input'

19-07-2024T22:42:02 - [TEST_STEP][PASSED] - setText(findTestObject("Object Repository/Shopping Cart/Sign in/Password_input"), password): Text 'KatalonCerti123' is set on object 'Object Repository/Shopping Cart/Sign in/Password_input'

19-07-2024T22:42:03 - [MESSAGE][PASSED] - Text 'KatalonCerti123' is set on object 'Object Repository/Shopping Cart/Sign in/Password_input'

19-07-2024T22:42:03 - [TEST_STEP][PASSED] - click(findTestObject("Object Repository/Shopping Cart/Sign in/Signin_button")): Object: 'Object Repository/Shopping Cart/Sign in/Signin_button' is clicked on

19-07-2024T22:42:03 - [MESSAGE][PASSED] - Object: 'Object Repository/Shopping Cart/Sign in/Signin_button' is clicked on

19-07-2024T22:42:03 - [TEST_STEP][PASSED] - waitForElementPresent(findTestObject("Object Repository/Shopping Cart/Dashboard/Dashboard_page"), 10): Object 'Object Repository/Shopping Cart/Dashboard/Dashboard_page' is present

19-07-2024T22:42:04 - [MESSAGE][PASSED] - Object 'Object Repository/Shopping Cart/Dashboard/Dashboard_page' is present

19-07-2024T22:42:04 - [TEST_STEP][PASSED] - verifyElementPresent(findTestObject("Object Repository/Shopping Cart/Dashboard/Dashboard_page"), 10): Object 'Object Repository/Shopping Cart/Dashboard/Dashboard_page' is present

19-07-2024T22:42:05 - [MESSAGE][PASSED] - Object 'Object Repository/Shopping Cart/Dashboard/Dashboard_page' is present

19-07-2024T22:42:05 - [TEST_STEP][PASSED] - closeBrowser(): Browser is closed

19-07-2024T22:42:05 - [MESSAGE][PASSED] - Browser is closed]]></system-out>
         <system-err><![CDATA[]]></system-err>
      </testcase>
      <system-out><![CDATA[19-07-2024T22:32:54 - [TEST_SUITE][PASSED] - Sign in: Test Cases/Shopping Cart/Sign in/TC05_Login_page_success_via_Account_button]]></system-out>
      <system-err><![CDATA[]]></system-err>
   </testsuite>
</testsuites>
