<?xml version="1.0" encoding="UTF-8"?>
<testsuites name="Hopital_readmission" time="31.327" tests="2" failures="0" errors="0">
   <testsuite name="Hopital_readmission" tests="2" failures="0" errors="0" time="31.327" skipped="0" timestamp="26-07-2024T11:12:57" hostname="quochuy.lu - VN-HCM-D-W-0011.globalservs.com" id="Test Suites/Haealthcare/Appointment/Hopital_readmission">
      <properties>
         <property name="deviceName" value=""/>
         <property name="devicePlatform"/>
         <property name="logFolder" value="C:\\Users\\quochuy.lu\\git\\Katalon-certification\\Reports\\20240726_111247\\Haealthcare\\Appointment\\Hopital_readmission\\20240726_111247"/>
         <property name="logFiles" value="C:\\Users\\quochuy.lu\\git\\Katalon-certification\\Reports\\20240726_111247\\Haealthcare\\Appointment\\Hopital_readmission\\20240726_111247\\execution0.log"/>
         <property name="attachments" value=""/>
         <property name="hostName" value="quochuy.lu - VN-HCM-D-W-0011.globalservs.com"/>
         <property name="os" value="Windows 11 64bit"/>
         <property name="katalonVersion" value="9.6.0.217"/>
         <property name="browser" value="Chrome 127.0.0.0"/>
         <property name="hostAddress" value="10.161.207.102"/>
         <property name="sessionId" value="8f4c9f98f12a18af9c179a505f85564c"/>
         <property name="seleniumVersion" value="3.141.59"/>
         <property name="proxyInformation" value="ProxyInformation { proxyOption=NO_PROXY, proxyServerType=HTTP, username=, password=********, proxyServerAddress=, proxyServerPort=0, executionList=&quot;&quot;, isApplyToDesiredCapabilities=true }"/>
         <property name="platform" value="Windows 11"/>
      </properties>
      <testcase name="Test Cases/Healthcare/Appointment/TC17_Apply_hopital_readmission" time="17.667" classname="Test Cases/Healthcare/Appointment/TC17_Apply_hopital_readmission" status="PASSED">
         <system-out><![CDATA[26-07-2024T11:12:57 - [TEST_CASE][PASSED] - Test Cases/Healthcare/Appointment/TC17_Apply_hopital_readmission: Test Cases/Healthcare/Appointment/TC17_Apply_hopital_readmission

26-07-2024T11:12:58 - [TEST_STEP][PASSED] - store.Authentication.HC_Login_Make_Appointment.Login_Appointment(): store.Authentication.HC_Login_Make_Appointment.Login_Appointment is PASSED

26-07-2024T11:12:59 - [MESSAGE][INFO] - Starting 'Chrome' driver

26-07-2024T11:12:59 - [MESSAGE][INFO] - Action delay is set to 0 milliseconds

26-07-2024T11:13:05 - [MESSAGE][PASSED] - Browser is opened with url: 'https://katalon-demo-cura.herokuapp.com/'

26-07-2024T11:13:05 - [MESSAGE][PASSED] - Current window maximized

26-07-2024T11:13:06 - [MESSAGE][PASSED] - Object: 'Object Repository/Healthcare/Dashboard/a_Make Appointment' is clicked on

26-07-2024T11:13:07 - [MESSAGE][PASSED] - Text 'John Doe' is set on object 'Object Repository/Healthcare/Login/input_Username_username'

26-07-2024T11:13:08 - [MESSAGE][PASSED] - Text 'ThisIsNotAPassword' is set on object 'Object Repository/Healthcare/Login/input_Password_password'

26-07-2024T11:13:09 - [MESSAGE][PASSED] - Object: 'Object Repository/Healthcare/Login/button_Login' is clicked on

26-07-2024T11:13:09 - [MESSAGE][PASSED] - Object 'Object Repository/Healthcare/Appointment/form_Healthcare' is present

26-07-2024T11:13:09 - [MESSAGE][PASSED] - Object 'Object Repository/Healthcare/Appointment/form_Healthcare' is present

26-07-2024T11:13:09 - [MESSAGE][PASSED] - store.Authentication.HC_Login_Make_Appointment.Login_Appointment is PASSED

26-07-2024T11:13:09 - [TEST_STEP][PASSED] - click(findTestObject("Object Repository/Healthcare/Appointment/Facility_dropdownlist")): Object: 'Object Repository/Healthcare/Appointment/Facility_dropdownlist' is clicked on

26-07-2024T11:13:10 - [MESSAGE][PASSED] - Object: 'Object Repository/Healthcare/Appointment/Facility_dropdownlist' is clicked on

26-07-2024T11:13:10 - [TEST_STEP][PASSED] - click(findTestObject("Object Repository/Healthcare/Appointment/Facility_Seoul_option")): Object: 'Object Repository/Healthcare/Appointment/Facility_Seoul_option' is clicked on

26-07-2024T11:13:10 - [MESSAGE][PASSED] - Object: 'Object Repository/Healthcare/Appointment/Facility_Seoul_option' is clicked on

26-07-2024T11:13:10 - [TEST_STEP][PASSED] - click(findTestObject("Object Repository/Healthcare/Appointment/Facility_Seoul_option")): Object: 'Object Repository/Healthcare/Appointment/Facility_Seoul_option' is clicked on

26-07-2024T11:13:11 - [MESSAGE][PASSED] - Object: 'Object Repository/Healthcare/Appointment/Facility_Seoul_option' is clicked on

26-07-2024T11:13:11 - [TEST_STEP][PASSED] - click(findTestObject("Object Repository/Healthcare/Appointment/VisitDate_Calendar_icon")): Object: 'Object Repository/Healthcare/Appointment/VisitDate_Calendar_icon' is clicked on

26-07-2024T11:13:11 - [MESSAGE][PASSED] - Object: 'Object Repository/Healthcare/Appointment/VisitDate_Calendar_icon' is clicked on

26-07-2024T11:13:11 - [TEST_STEP][PASSED] - click(findTestObject("Object Repository/Healthcare/Appointment/VisitDate_Calendar_Date_option")): Object: 'Object Repository/Healthcare/Appointment/VisitDate_Calendar_Date_option' is clicked on

26-07-2024T11:13:11 - [MESSAGE][PASSED] - Object: 'Object Repository/Healthcare/Appointment/VisitDate_Calendar_Date_option' is clicked on

26-07-2024T11:13:11 - [TEST_STEP][PASSED] - click(findTestObject("Object Repository/Healthcare/Appointment/Comment_textarea")): Object: 'Object Repository/Healthcare/Appointment/Comment_textarea' is clicked on

26-07-2024T11:13:12 - [MESSAGE][PASSED] - Object: 'Object Repository/Healthcare/Appointment/Comment_textarea' is clicked on

26-07-2024T11:13:12 - [TEST_STEP][PASSED] - check(findTestObject("Object Repository/Healthcare/Appointment/Apply_hopital_readmission_checkbox")): Object 'Object Repository/Healthcare/Appointment/Apply_hopital_readmission_checkbox' is checked

26-07-2024T11:13:12 - [MESSAGE][PASSED] - Object 'Object Repository/Healthcare/Appointment/Apply_hopital_readmission_checkbox' is checked

26-07-2024T11:13:12 - [TEST_STEP][PASSED] - click(findTestObject("Object Repository/Healthcare/Appointment/Book_appointment_button")): Object: 'Object Repository/Healthcare/Appointment/Book_appointment_button' is clicked on

26-07-2024T11:13:13 - [MESSAGE][PASSED] - Object: 'Object Repository/Healthcare/Appointment/Book_appointment_button' is clicked on

26-07-2024T11:13:13 - [TEST_STEP][PASSED] - verifyElementPresent(findTestObject("Object Repository/Healthcare/Summary/Appointment_Confirmation_label"), 3): Object 'Object Repository/Healthcare/Summary/Appointment_Confirmation_label' is present

26-07-2024T11:13:13 - [MESSAGE][PASSED] - Object 'Object Repository/Healthcare/Summary/Appointment_Confirmation_label' is present

26-07-2024T11:13:13 - [TEST_STEP][PASSED] - verifyElementPresent(findTestObject("Object Repository/Healthcare/Summary/Apply_hopital_readmission_Yes"), 3): Object 'Object Repository/Healthcare/Summary/Apply_hopital_readmission_Yes' is present

26-07-2024T11:13:14 - [MESSAGE][PASSED] - Object 'Object Repository/Healthcare/Summary/Apply_hopital_readmission_Yes' is present

26-07-2024T11:13:14 - [TEST_STEP][PASSED] - closeBrowser(): Browser is closed

26-07-2024T11:13:15 - [MESSAGE][PASSED] - Browser is closed]]></system-out>
         <system-err><![CDATA[]]></system-err>
      </testcase>
      <testcase name="Test Cases/Healthcare/Appointment/TC18_Not_Apply_hopital_readmission" time="13.326" classname="Test Cases/Healthcare/Appointment/TC18_Not_Apply_hopital_readmission" status="PASSED">
         <system-out><![CDATA[26-07-2024T11:13:15 - [TEST_CASE][PASSED] - Test Cases/Healthcare/Appointment/TC18_Not_Apply_hopital_readmission: Test Cases/Healthcare/Appointment/TC18_Not_Apply_hopital_readmission

26-07-2024T11:13:15 - [TEST_STEP][PASSED] - store.Authentication.HC_Login_Make_Appointment.Login_Appointment(): store.Authentication.HC_Login_Make_Appointment.Login_Appointment is PASSED

26-07-2024T11:13:15 - [MESSAGE][INFO] - Starting 'Chrome' driver

26-07-2024T11:13:15 - [MESSAGE][INFO] - Action delay is set to 0 milliseconds

26-07-2024T11:13:19 - [MESSAGE][PASSED] - Browser is opened with url: 'https://katalon-demo-cura.herokuapp.com/'

26-07-2024T11:13:19 - [MESSAGE][PASSED] - Current window maximized

26-07-2024T11:13:20 - [MESSAGE][PASSED] - Object: 'Object Repository/Healthcare/Dashboard/a_Make Appointment' is clicked on

26-07-2024T11:13:21 - [MESSAGE][PASSED] - Text 'John Doe' is set on object 'Object Repository/Healthcare/Login/input_Username_username'

26-07-2024T11:13:22 - [MESSAGE][PASSED] - Text 'ThisIsNotAPassword' is set on object 'Object Repository/Healthcare/Login/input_Password_password'

26-07-2024T11:13:23 - [MESSAGE][PASSED] - Object: 'Object Repository/Healthcare/Login/button_Login' is clicked on

26-07-2024T11:13:23 - [MESSAGE][PASSED] - Object 'Object Repository/Healthcare/Appointment/form_Healthcare' is present

26-07-2024T11:13:24 - [MESSAGE][PASSED] - Object 'Object Repository/Healthcare/Appointment/form_Healthcare' is present

26-07-2024T11:13:24 - [MESSAGE][PASSED] - store.Authentication.HC_Login_Make_Appointment.Login_Appointment is PASSED

26-07-2024T11:13:24 - [TEST_STEP][PASSED] - click(findTestObject("Object Repository/Healthcare/Appointment/Facility_dropdownlist")): Object: 'Object Repository/Healthcare/Appointment/Facility_dropdownlist' is clicked on

26-07-2024T11:13:24 - [MESSAGE][PASSED] - Object: 'Object Repository/Healthcare/Appointment/Facility_dropdownlist' is clicked on

26-07-2024T11:13:24 - [TEST_STEP][PASSED] - click(findTestObject("Object Repository/Healthcare/Appointment/Facility_Seoul_option")): Object: 'Object Repository/Healthcare/Appointment/Facility_Seoul_option' is clicked on

26-07-2024T11:13:25 - [MESSAGE][PASSED] - Object: 'Object Repository/Healthcare/Appointment/Facility_Seoul_option' is clicked on

26-07-2024T11:13:25 - [TEST_STEP][PASSED] - click(findTestObject("Object Repository/Healthcare/Appointment/Facility_Seoul_option")): Object: 'Object Repository/Healthcare/Appointment/Facility_Seoul_option' is clicked on

26-07-2024T11:13:25 - [MESSAGE][PASSED] - Object: 'Object Repository/Healthcare/Appointment/Facility_Seoul_option' is clicked on

26-07-2024T11:13:25 - [TEST_STEP][PASSED] - click(findTestObject("Object Repository/Healthcare/Appointment/VisitDate_Calendar_icon")): Object: 'Object Repository/Healthcare/Appointment/VisitDate_Calendar_icon' is clicked on

26-07-2024T11:13:25 - [MESSAGE][PASSED] - Object: 'Object Repository/Healthcare/Appointment/VisitDate_Calendar_icon' is clicked on

26-07-2024T11:13:25 - [TEST_STEP][PASSED] - click(findTestObject("Object Repository/Healthcare/Appointment/VisitDate_Calendar_Date_option")): Object: 'Object Repository/Healthcare/Appointment/VisitDate_Calendar_Date_option' is clicked on

26-07-2024T11:13:26 - [MESSAGE][PASSED] - Object: 'Object Repository/Healthcare/Appointment/VisitDate_Calendar_Date_option' is clicked on

26-07-2024T11:13:26 - [TEST_STEP][PASSED] - click(findTestObject("Object Repository/Healthcare/Appointment/Comment_textarea")): Object: 'Object Repository/Healthcare/Appointment/Comment_textarea' is clicked on

26-07-2024T11:13:26 - [MESSAGE][PASSED] - Object: 'Object Repository/Healthcare/Appointment/Comment_textarea' is clicked on

26-07-2024T11:13:26 - [TEST_STEP][PASSED] - click(findTestObject("Object Repository/Healthcare/Appointment/Book_appointment_button")): Object: 'Object Repository/Healthcare/Appointment/Book_appointment_button' is clicked on

26-07-2024T11:13:27 - [MESSAGE][PASSED] - Object: 'Object Repository/Healthcare/Appointment/Book_appointment_button' is clicked on

26-07-2024T11:13:27 - [TEST_STEP][PASSED] - verifyElementPresent(findTestObject("Object Repository/Healthcare/Summary/Appointment_Confirmation_label"), 3): Object 'Object Repository/Healthcare/Summary/Appointment_Confirmation_label' is present

26-07-2024T11:13:28 - [MESSAGE][PASSED] - Object 'Object Repository/Healthcare/Summary/Appointment_Confirmation_label' is present

26-07-2024T11:13:28 - [TEST_STEP][PASSED] - verifyElementPresent(findTestObject("Object Repository/Healthcare/Summary/Apply_hopital_readmission_No"), 3): Object 'Object Repository/Healthcare/Summary/Apply_hopital_readmission_No' is present

26-07-2024T11:13:28 - [MESSAGE][PASSED] - Object 'Object Repository/Healthcare/Summary/Apply_hopital_readmission_No' is present

26-07-2024T11:13:28 - [TEST_STEP][PASSED] - closeBrowser(): Browser is closed

26-07-2024T11:13:28 - [MESSAGE][PASSED] - Browser is closed]]></system-out>
         <system-err><![CDATA[]]></system-err>
      </testcase>
      <system-out><![CDATA[26-07-2024T11:12:57 - [TEST_SUITE][PASSED] - Hopital_readmission: Test Cases/Healthcare/Appointment/TC18_Not_Apply_hopital_readmission]]></system-out>
      <system-err><![CDATA[]]></system-err>
   </testsuite>
</testsuites>
