<?xml version="1.0" encoding="UTF-8"?>
<testsuites name="Login" time="41.517" tests="4" failures="0" errors="0">
   <testsuite name="Login" tests="4" failures="0" errors="0" time="41.517" skipped="0" timestamp="24-07-2024T21:41:12" hostname="Admin - DESKTOP-26G4KH6" id="Test Suites/Haealthcare/Login/Login">
      <properties>
         <property name="deviceName" value=""/>
         <property name="devicePlatform"/>
         <property name="logFolder" value="C:\\Users\\Admin\\git\\Katalon-certification\\Reports\\20240724_214103\\Haealthcare\\Login\\Login\\20240724_214103"/>
         <property name="logFiles" value="C:\\Users\\Admin\\git\\Katalon-certification\\Reports\\20240724_214103\\Haealthcare\\Login\\Login\\20240724_214103\\execution0.log"/>
         <property name="attachments" value=""/>
         <property name="hostName" value="Admin - DESKTOP-26G4KH6"/>
         <property name="os" value="Windows 10 64bit"/>
         <property name="katalonVersion" value="9.6.0.217"/>
         <property name="browser" value="Chrome 126.0.0.0"/>
         <property name="hostAddress" value="192.168.0.191"/>
         <property name="sessionId" value="3b662eb566bf3faefce3d8e77fa10ed0"/>
         <property name="seleniumVersion" value="3.141.59"/>
         <property name="proxyInformation" value="ProxyInformation { proxyOption=NO_PROXY, proxyServerType=HTTP, username=, password=********, proxyServerAddress=, proxyServerPort=0, executionList=&quot;&quot;, isApplyToDesiredCapabilities=true }"/>
         <property name="platform" value="Windows 10"/>
      </properties>
      <testcase name="Test Cases/Healthcare/Login/TC01_Login_success_with_valid_info" time="11.556" classname="Test Cases/Healthcare/Login/TC01_Login_success_with_valid_info" status="PASSED">
         <system-out><![CDATA[24-07-2024T21:41:12 - [TEST_CASE][PASSED] - Test Cases/Healthcare/Login/TC01_Login_success_with_valid_info: Test Cases/Healthcare/Login/TC01_Login_success_with_valid_info

24-07-2024T21:41:12 - [TEST_STEP][PASSED] - openBrowser(HC_Login_URL): Browser is opened with url: 'https://katalon-demo-cura.herokuapp.com/profile.php#login'

24-07-2024T21:41:13 - [MESSAGE][INFO] - Starting 'Chrome' driver

24-07-2024T21:41:13 - [MESSAGE][INFO] - Action delay is set to 0 milliseconds

24-07-2024T21:41:16 - [MESSAGE][PASSED] - Browser is opened with url: 'https://katalon-demo-cura.herokuapp.com/profile.php#login'

24-07-2024T21:41:16 - [TEST_STEP][PASSED] - maximizeWindow(): Current window maximized

24-07-2024T21:41:21 - [MESSAGE][PASSED] - Current window maximized

24-07-2024T21:41:21 - [TEST_STEP][PASSED] - setText(findTestObject("Object Repository/Healthcare/Login/input_Username_username"), "John Doe"): Text 'John Doe' is set on object 'Object Repository/Healthcare/Login/input_Username_username'

24-07-2024T21:41:21 - [MESSAGE][PASSED] - Text 'John Doe' is set on object 'Object Repository/Healthcare/Login/input_Username_username'

24-07-2024T21:41:21 - [TEST_STEP][PASSED] - setText(findTestObject("Object Repository/Healthcare/Login/input_Password_password"), "ThisIsNotAPassword"): Text 'ThisIsNotAPassword' is set on object 'Object Repository/Healthcare/Login/input_Password_password'

24-07-2024T21:41:22 - [MESSAGE][PASSED] - Text 'ThisIsNotAPassword' is set on object 'Object Repository/Healthcare/Login/input_Password_password'

24-07-2024T21:41:22 - [TEST_STEP][PASSED] - click(findTestObject("Object Repository/Healthcare/Login/button_Login")): Object: 'Object Repository/Healthcare/Login/button_Login' is clicked on

24-07-2024T21:41:23 - [MESSAGE][PASSED] - Object: 'Object Repository/Healthcare/Login/button_Login' is clicked on

24-07-2024T21:41:23 - [TEST_STEP][PASSED] - verifyElementPresent(findTestObject("Object Repository/Healthcare/Appointment/form_Healthcare"), 3): Object 'Object Repository/Healthcare/Appointment/form_Healthcare' is present

24-07-2024T21:41:23 - [MESSAGE][PASSED] - Object 'Object Repository/Healthcare/Appointment/form_Healthcare' is present

24-07-2024T21:41:23 - [TEST_STEP][PASSED] - closeBrowser(): Browser is closed

24-07-2024T21:41:24 - [MESSAGE][PASSED] - Browser is closed]]></system-out>
         <system-err><![CDATA[]]></system-err>
      </testcase>
      <testcase name="Test Cases/Healthcare/Login/TC02_Login_via_make_appointment" time="11.009" classname="Test Cases/Healthcare/Login/TC02_Login_via_make_appointment" status="PASSED">
         <system-out><![CDATA[24-07-2024T21:41:24 - [TEST_CASE][PASSED] - Test Cases/Healthcare/Login/TC02_Login_via_make_appointment: Test Cases/Healthcare/Login/TC02_Login_via_make_appointment

24-07-2024T21:41:24 - [TEST_STEP][PASSED] - openBrowser(HC_Dashborad_URL): Browser is opened with url: 'https://katalon-demo-cura.herokuapp.com/'

24-07-2024T21:41:24 - [MESSAGE][INFO] - Starting 'Chrome' driver

24-07-2024T21:41:24 - [MESSAGE][INFO] - Action delay is set to 0 milliseconds

24-07-2024T21:41:30 - [MESSAGE][PASSED] - Browser is opened with url: 'https://katalon-demo-cura.herokuapp.com/'

24-07-2024T21:41:30 - [TEST_STEP][PASSED] - maximizeWindow(): Current window maximized

24-07-2024T21:41:30 - [MESSAGE][PASSED] - Current window maximized

24-07-2024T21:41:30 - [TEST_STEP][PASSED] - click(findTestObject("Object Repository/Healthcare/Dashboard/a_Make Appointment")): Object: 'Object Repository/Healthcare/Dashboard/a_Make Appointment' is clicked on

24-07-2024T21:41:32 - [MESSAGE][PASSED] - Object: 'Object Repository/Healthcare/Dashboard/a_Make Appointment' is clicked on

24-07-2024T21:41:32 - [TEST_STEP][PASSED] - store.Authentication.HC_Login.HC_Login_with_URL("John Doe", "ThisIsNotAPassword"): store.Authentication.HC_Login.HC_Login_with_URL is PASSED

24-07-2024T21:41:32 - [MESSAGE][PASSED] - Text 'John Doe' is set on object 'Object Repository/Healthcare/Login/input_Username_username'

24-07-2024T21:41:33 - [MESSAGE][PASSED] - Text 'ThisIsNotAPassword' is set on object 'Object Repository/Healthcare/Login/input_Password_password'

24-07-2024T21:41:34 - [MESSAGE][PASSED] - Object: 'Object Repository/Healthcare/Login/button_Login' is clicked on

24-07-2024T21:41:34 - [MESSAGE][PASSED] - Object 'Object Repository/Healthcare/Appointment/form_Healthcare' is present

24-07-2024T21:41:34 - [MESSAGE][PASSED] - store.Authentication.HC_Login.HC_Login_with_URL is PASSED

24-07-2024T21:41:34 - [TEST_STEP][PASSED] - verifyElementPresent(findTestObject("Object Repository/Healthcare/Appointment/form_Healthcare"), 3): Object 'Object Repository/Healthcare/Appointment/form_Healthcare' is present

24-07-2024T21:41:34 - [MESSAGE][PASSED] - Object 'Object Repository/Healthcare/Appointment/form_Healthcare' is present

24-07-2024T21:41:34 - [TEST_STEP][PASSED] - closeBrowser(): Browser is closed

24-07-2024T21:41:35 - [MESSAGE][PASSED] - Browser is closed]]></system-out>
         <system-err><![CDATA[]]></system-err>
      </testcase>
      <testcase name="Test Cases/Healthcare/Login/TC03_Login_via_burger_menu" time="10.638" classname="Test Cases/Healthcare/Login/TC03_Login_via_burger_menu" status="PASSED">
         <system-out><![CDATA[24-07-2024T21:41:35 - [TEST_CASE][PASSED] - Test Cases/Healthcare/Login/TC03_Login_via_burger_menu: Test Cases/Healthcare/Login/TC03_Login_via_burger_menu

24-07-2024T21:41:35 - [TEST_STEP][PASSED] - openBrowser(HC_Dashborad_URL): Browser is opened with url: 'https://katalon-demo-cura.herokuapp.com/'

24-07-2024T21:41:35 - [MESSAGE][INFO] - Starting 'Chrome' driver

24-07-2024T21:41:35 - [MESSAGE][INFO] - Action delay is set to 0 milliseconds

24-07-2024T21:41:41 - [MESSAGE][PASSED] - Browser is opened with url: 'https://katalon-demo-cura.herokuapp.com/'

24-07-2024T21:41:41 - [TEST_STEP][PASSED] - maximizeWindow(): Current window maximized

24-07-2024T21:41:41 - [MESSAGE][PASSED] - Current window maximized

24-07-2024T21:41:41 - [TEST_STEP][PASSED] - click(findTestObject("Object Repository/Healthcare/Burger menu/a_Burger_menu")): Object: 'Object Repository/Healthcare/Burger menu/a_Burger_menu' is clicked on

24-07-2024T21:41:41 - [MESSAGE][PASSED] - Object: 'Object Repository/Healthcare/Burger menu/a_Burger_menu' is clicked on

24-07-2024T21:41:41 - [TEST_STEP][PASSED] - click(findTestObject("Object Repository/Healthcare/Burger menu/a_Login")): Object: 'Object Repository/Healthcare/Burger menu/a_Login' is clicked on

24-07-2024T21:41:42 - [MESSAGE][PASSED] - Object: 'Object Repository/Healthcare/Burger menu/a_Login' is clicked on

24-07-2024T21:41:42 - [TEST_STEP][PASSED] - store.Authentication.HC_Login.HC_Login_with_URL("John Doe", "ThisIsNotAPassword"): store.Authentication.HC_Login.HC_Login_with_URL is PASSED

24-07-2024T21:41:43 - [MESSAGE][PASSED] - Text 'John Doe' is set on object 'Object Repository/Healthcare/Login/input_Username_username'

24-07-2024T21:41:44 - [MESSAGE][PASSED] - Text 'ThisIsNotAPassword' is set on object 'Object Repository/Healthcare/Login/input_Password_password'

24-07-2024T21:41:44 - [MESSAGE][PASSED] - Object: 'Object Repository/Healthcare/Login/button_Login' is clicked on

24-07-2024T21:41:45 - [MESSAGE][PASSED] - Object 'Object Repository/Healthcare/Appointment/form_Healthcare' is present

24-07-2024T21:41:45 - [MESSAGE][PASSED] - store.Authentication.HC_Login.HC_Login_with_URL is PASSED

24-07-2024T21:41:45 - [TEST_STEP][PASSED] - verifyElementPresent(findTestObject("Object Repository/Healthcare/Appointment/form_Healthcare"), 3): Object 'Object Repository/Healthcare/Appointment/form_Healthcare' is present

24-07-2024T21:41:45 - [MESSAGE][PASSED] - Object 'Object Repository/Healthcare/Appointment/form_Healthcare' is present

24-07-2024T21:41:45 - [TEST_STEP][PASSED] - closeBrowser(): Browser is closed

24-07-2024T21:41:45 - [MESSAGE][PASSED] - Browser is closed]]></system-out>
         <system-err><![CDATA[]]></system-err>
      </testcase>
      <testcase name="Test Cases/Healthcare/Login/TC06_Login_with_invalid_info" time="8.094" classname="Test Cases/Healthcare/Login/TC06_Login_with_invalid_info" status="PASSED">
         <system-out><![CDATA[24-07-2024T21:41:45 - [TEST_CASE][PASSED] - Test Cases/Healthcare/Login/TC06_Login_with_invalid_info: Test Cases/Healthcare/Login/TC06_Login_with_invalid_info

24-07-2024T21:41:45 - [TEST_STEP][PASSED] - openBrowser(HC_Login_URL): Browser is opened with url: 'https://katalon-demo-cura.herokuapp.com/profile.php#login'

24-07-2024T21:41:45 - [MESSAGE][INFO] - Starting 'Chrome' driver

24-07-2024T21:41:45 - [MESSAGE][INFO] - Action delay is set to 0 milliseconds

24-07-2024T21:41:51 - [MESSAGE][PASSED] - Browser is opened with url: 'https://katalon-demo-cura.herokuapp.com/profile.php#login'

24-07-2024T21:41:51 - [TEST_STEP][PASSED] - maximizeWindow(): Current window maximized

24-07-2024T21:41:51 - [MESSAGE][PASSED] - Current window maximized

24-07-2024T21:41:51 - [TEST_STEP][PASSED] - setText(findTestObject("Object Repository/Healthcare/Login/input_Username_username"), "John"): Text 'John' is set on object 'Object Repository/Healthcare/Login/input_Username_username'

24-07-2024T21:41:51 - [MESSAGE][PASSED] - Text 'John' is set on object 'Object Repository/Healthcare/Login/input_Username_username'

24-07-2024T21:41:51 - [TEST_STEP][PASSED] - setText(findTestObject("Object Repository/Healthcare/Login/input_Password_password"), "ThisIsAPassword"): Text 'ThisIsAPassword' is set on object 'Object Repository/Healthcare/Login/input_Password_password'

24-07-2024T21:41:52 - [MESSAGE][PASSED] - Text 'ThisIsAPassword' is set on object 'Object Repository/Healthcare/Login/input_Password_password'

24-07-2024T21:41:52 - [TEST_STEP][PASSED] - click(findTestObject("Object Repository/Healthcare/Login/button_Login")): Object: 'Object Repository/Healthcare/Login/button_Login' is clicked on

24-07-2024T21:41:53 - [MESSAGE][PASSED] - Object: 'Object Repository/Healthcare/Login/button_Login' is clicked on

24-07-2024T21:41:53 - [TEST_STEP][PASSED] - verifyElementPresent(findTestObject("Object Repository/Healthcare/Login/label_Error_message"), 3): Object 'Object Repository/Healthcare/Login/label_Error_message' is present

24-07-2024T21:41:53 - [MESSAGE][PASSED] - Object 'Object Repository/Healthcare/Login/label_Error_message' is present

24-07-2024T21:41:53 - [TEST_STEP][PASSED] - closeBrowser(): Browser is closed

24-07-2024T21:41:53 - [MESSAGE][PASSED] - Browser is closed]]></system-out>
         <system-err><![CDATA[]]></system-err>
      </testcase>
      <system-out><![CDATA[24-07-2024T21:41:12 - [TEST_SUITE][PASSED] - Login: Test Cases/Healthcare/Login/TC06_Login_with_invalid_info]]></system-out>
      <system-err><![CDATA[]]></system-err>
   </testsuite>
</testsuites>
