<?xml version="1.0" encoding="UTF-8"?>
<testsuites name="Authen Product Overview" time="83.587" tests="2" failures="0" errors="0">
   <testsuite name="Authen Product Overview" tests="2" failures="0" errors="0" time="83.587" skipped="0" timestamp="18-07-2024T21:59:26" hostname="Admin - DESKTOP-26G4KH6" id="Test Suites/Shopping Cart/Product_Overview/Authen Product Overview">
      <properties>
         <property name="deviceName" value=""/>
         <property name="devicePlatform"/>
         <property name="logFolder" value="C:\\Users\\Admin\\git\\Katalon-certification\\Reports\\20240718_215914\\Shopping Cart\\Product_Overview\\Authen Product Overview\\20240718_215915"/>
         <property name="logFiles" value="C:\\Users\\Admin\\git\\Katalon-certification\\Reports\\20240718_215914\\Shopping Cart\\Product_Overview\\Authen Product Overview\\20240718_215915\\execution0.log"/>
         <property name="attachments" value=""/>
         <property name="hostName" value="Admin - DESKTOP-26G4KH6"/>
         <property name="os" value="Windows 10 64bit"/>
         <property name="katalonVersion" value="9.6.0.217"/>
         <property name="browser" value="Chrome 126.0.0.0"/>
         <property name="hostAddress" value="172.16.0.122"/>
         <property name="sessionId" value="c6312496c17966474882d55271410d5e"/>
         <property name="seleniumVersion" value="3.141.59"/>
         <property name="proxyInformation" value="ProxyInformation { proxyOption=NO_PROXY, proxyServerType=HTTP, username=, password=********, proxyServerAddress=, proxyServerPort=0, executionList=&quot;&quot;, isApplyToDesiredCapabilities=true }"/>
         <property name="platform" value="Windows 10"/>
      </properties>
      <testcase name="Test Cases/Shopping Cart/Product Overview/TC06_Logged_in_Access_Overview_page" time="72.884" classname="Test Cases/Shopping Cart/Product Overview/TC06_Logged_in_Access_Overview_page" status="PASSED">
         <system-out><![CDATA[18-07-2024T21:59:27 - [TEST_CASE][PASSED] - Test Cases/Shopping Cart/Product Overview/TC06_Logged_in_Access_Overview_page: Test Cases/Shopping Cart/Product Overview/TC06_Logged_in_Access_Overview_page

18-07-2024T21:59:27 - [TEST_STEP][PASSED] - store.Authentication.Login.Login_successed(username, password): store.Authentication.Login.Login_successed is PASSED

18-07-2024T21:59:28 - [MESSAGE][INFO] - Starting 'Chrome' driver

18-07-2024T21:59:28 - [MESSAGE][INFO] - Action delay is set to 0 milliseconds

18-07-2024T21:59:33 - [MESSAGE][PASSED] - Browser is opened with url: 'https://demo-store.katalon.com/signin'

18-07-2024T21:59:33 - [MESSAGE][PASSED] - Current window maximized

18-07-2024T21:59:35 - [MESSAGE][PASSED] - Object 'Object Repository/Shopping Cart/Sign in/Sign_in_page' is present

18-07-2024T21:59:36 - [MESSAGE][PASSED] - Text 'quoc.huy.lu8960@gmail.com' is set on object 'Object Repository/Shopping Cart/Sign in/Email_input'

18-07-2024T21:59:36 - [MESSAGE][PASSED] - Text 'KatalonCerti123' is set on object 'Object Repository/Shopping Cart/Sign in/Password_input'

18-07-2024T21:59:37 - [MESSAGE][PASSED] - Object: 'Object Repository/Shopping Cart/Sign in/Signin_button' is clicked on

18-07-2024T21:59:39 - [MESSAGE][PASSED] - Object 'Object Repository/Shopping Cart/Dashboard/Dashboard_page' is present

18-07-2024T21:59:39 - [MESSAGE][PASSED] - store.Authentication.Login.Login_successed is PASSED

18-07-2024T21:59:39 - [TEST_STEP][PASSED] - click(findTestObject("Object Repository/Shopping Cart/Dashboard/Product_item", ["product_name":"Basic Top"])): Object: 'Object Repository/Shopping Cart/Dashboard/Product_item' is clicked on

18-07-2024T21:59:39 - [MESSAGE][PASSED] - Object: 'Object Repository/Shopping Cart/Dashboard/Product_item' is clicked on

18-07-2024T21:59:39 - [TEST_STEP][PASSED] - waitForElementPresent(findTestObject("Object Repository/Shopping Cart/Product Overview/Product_Overview_page"), 5): Object 'Object Repository/Shopping Cart/Product Overview/Product_Overview_page' is present

18-07-2024T22:00:09 - [MESSAGE][PASSED] - Object 'Object Repository/Shopping Cart/Product Overview/Product_Overview_page' is present

18-07-2024T22:00:09 - [TEST_STEP][PASSED] - verifyElementPresent(findTestObject("Object Repository/Shopping Cart/Product Overview/Product_Overview_page"), 5): Object 'Object Repository/Shopping Cart/Product Overview/Product_Overview_page' is present

18-07-2024T22:00:39 - [MESSAGE][PASSED] - Object 'Object Repository/Shopping Cart/Product Overview/Product_Overview_page' is present

18-07-2024T22:00:39 - [TEST_STEP][PASSED] - closeBrowser(): Browser is closed

18-07-2024T22:00:40 - [MESSAGE][PASSED] - Browser is closed]]></system-out>
         <system-err><![CDATA[]]></system-err>
      </testcase>
      <testcase name="Test Cases/Shopping Cart/Product Overview/TC07_Logged_out_Access_Overview_page" time="10.492" classname="Test Cases/Shopping Cart/Product Overview/TC07_Logged_out_Access_Overview_page" status="PASSED">
         <system-out><![CDATA[18-07-2024T22:00:40 - [TEST_CASE][PASSED] - Test Cases/Shopping Cart/Product Overview/TC07_Logged_out_Access_Overview_page: Test Cases/Shopping Cart/Product Overview/TC07_Logged_out_Access_Overview_page

18-07-2024T22:00:40 - [TEST_STEP][PASSED] - openBrowser(Dashborad_URL): Browser is opened with url: 'https://demo-store.katalon.com/'

18-07-2024T22:00:40 - [MESSAGE][INFO] - Starting 'Chrome' driver

18-07-2024T22:00:40 - [MESSAGE][INFO] - Action delay is set to 0 milliseconds

18-07-2024T22:00:45 - [MESSAGE][PASSED] - Browser is opened with url: 'https://demo-store.katalon.com/'

18-07-2024T22:00:45 - [TEST_STEP][PASSED] - waitForElementPresent(findTestObject("Object Repository/Shopping Cart/Dashboard/Product_item", ["product_name":"Basic Top"]), 5): Object 'Object Repository/Shopping Cart/Dashboard/Product_item' is present

18-07-2024T22:00:48 - [MESSAGE][PASSED] - Object 'Object Repository/Shopping Cart/Dashboard/Product_item' is present

18-07-2024T22:00:48 - [TEST_STEP][PASSED] - click(findTestObject("Object Repository/Shopping Cart/Dashboard/Product_item", ["product_name":"Basic Top"])): Object: 'Object Repository/Shopping Cart/Dashboard/Product_item' is clicked on

18-07-2024T22:00:48 - [MESSAGE][PASSED] - Object: 'Object Repository/Shopping Cart/Dashboard/Product_item' is clicked on

18-07-2024T22:00:48 - [TEST_STEP][PASSED] - waitForElementPresent(findTestObject("Object Repository/Shopping Cart/Product Overview/Product_Overview_page"), 5): Object 'Object Repository/Shopping Cart/Product Overview/Product_Overview_page' is present

18-07-2024T22:00:50 - [MESSAGE][PASSED] - Object 'Object Repository/Shopping Cart/Product Overview/Product_Overview_page' is present

18-07-2024T22:00:50 - [TEST_STEP][PASSED] - verifyElementPresent(findTestObject("Object Repository/Shopping Cart/Product Overview/Product_Overview_page"), 5): Object 'Object Repository/Shopping Cart/Product Overview/Product_Overview_page' is present

18-07-2024T22:00:50 - [MESSAGE][PASSED] - Object 'Object Repository/Shopping Cart/Product Overview/Product_Overview_page' is present

18-07-2024T22:00:50 - [TEST_STEP][PASSED] - closeBrowser(): Browser is closed

18-07-2024T22:00:50 - [MESSAGE][PASSED] - Browser is closed]]></system-out>
         <system-err><![CDATA[]]></system-err>
      </testcase>
      <system-out><![CDATA[18-07-2024T21:59:26 - [TEST_SUITE][PASSED] - Authen Product Overview: Test Cases/Shopping Cart/Product Overview/TC07_Logged_out_Access_Overview_page]]></system-out>
      <system-err><![CDATA[]]></system-err>
   </testsuite>
</testsuites>
