<?xml version="1.0" encoding="UTF-8"?>
<testsuites name="All Products" time="117.394" tests="10" failures="0" errors="0">
   <testsuite name="All Products" tests="10" failures="0" errors="0" time="117.394" skipped="0" timestamp="18-07-2024T21:36:52" hostname="Admin - DESKTOP-26G4KH6" id="Test Suites/Shopping Cart/Product_Overview/All Products">
      <properties>
         <property name="deviceName" value=""/>
         <property name="devicePlatform"/>
         <property name="logFolder" value="C:\\Users\\Admin\\git\\Katalon-certification\\Reports\\20240718_213533\\Shopping Cart\\Product_Overview\\All Products\\20240718_213536"/>
         <property name="logFiles" value="C:\\Users\\Admin\\git\\Katalon-certification\\Reports\\20240718_213533\\Shopping Cart\\Product_Overview\\All Products\\20240718_213536\\execution0.log"/>
         <property name="attachments" value=""/>
         <property name="hostName" value="Admin - DESKTOP-26G4KH6"/>
         <property name="os" value="Windows 10 64bit"/>
         <property name="katalonVersion" value="9.6.0.217"/>
         <property name="browser" value="Chrome 126.0.0.0"/>
         <property name="hostAddress" value="172.16.0.122"/>
         <property name="sessionId" value="baaf52fea75a3dbd3a383dfeda4ea11a"/>
         <property name="seleniumVersion" value="3.141.59"/>
         <property name="proxyInformation" value="ProxyInformation { proxyOption=NO_PROXY, proxyServerType=HTTP, username=, password=********, proxyServerAddress=, proxyServerPort=0, executionList=&quot;&quot;, isApplyToDesiredCapabilities=true }"/>
         <property name="platform" value="Windows 10"/>
      </properties>
      <testcase name="Test Cases/Shopping Cart/Product Overview/TC08_Check_display_info_product_01" time="13.964" classname="Test Cases/Shopping Cart/Product Overview/TC08_Check_display_info_product_01" status="PASSED">
         <system-out><![CDATA[18-07-2024T21:36:53 - [TEST_CASE][PASSED] - Test Cases/Shopping Cart/Product Overview/TC08_Check_display_info_product_01: Test Cases/Shopping Cart/Product Overview/TC08_Check_display_info_product_01

18-07-2024T21:36:53 - [TEST_STEP][PASSED] - openBrowser(Dashborad_URL): Browser is opened with url: 'https://demo-store.katalon.com/'

18-07-2024T21:36:53 - [MESSAGE][INFO] - Starting 'Chrome' driver

18-07-2024T21:36:53 - [MESSAGE][INFO] - Action delay is set to 0 milliseconds

18-07-2024T21:36:59 - [MESSAGE][PASSED] - Browser is opened with url: 'https://demo-store.katalon.com/'

18-07-2024T21:36:59 - [TEST_STEP][PASSED] - maximizeWindow(): Current window maximized

18-07-2024T21:36:59 - [MESSAGE][PASSED] - Current window maximized

18-07-2024T21:36:59 - [TEST_STEP][PASSED] - waitForElementPresent(findTestObject("Object Repository/Shopping Cart/Dashboard/Product_item", ["product_name":product_name]), 5): Object 'Object Repository/Shopping Cart/Dashboard/Product_item' is present

18-07-2024T21:37:03 - [MESSAGE][PASSED] - Object 'Object Repository/Shopping Cart/Dashboard/Product_item' is present

18-07-2024T21:37:03 - [TEST_STEP][PASSED] - click(findTestObject("Object Repository/Shopping Cart/Dashboard/Product_item", ["product_name":product_name])): Object: 'Object Repository/Shopping Cart/Dashboard/Product_item' is clicked on

18-07-2024T21:37:03 - [MESSAGE][PASSED] - Object: 'Object Repository/Shopping Cart/Dashboard/Product_item' is clicked on

18-07-2024T21:37:03 - [TEST_STEP][PASSED] - waitForElementPresent(findTestObject("Object Repository/Shopping Cart/Product Overview/Product_Overview_page"), 5): Object 'Object Repository/Shopping Cart/Product Overview/Product_Overview_page' is present

18-07-2024T21:37:04 - [MESSAGE][PASSED] - Object 'Object Repository/Shopping Cart/Product Overview/Product_Overview_page' is present

18-07-2024T21:37:04 - [TEST_STEP][PASSED] - verifyElementPresent(findTestObject("Object Repository/Shopping Cart/Product Overview/Product_title", ["product_name":product_name]), 5): Object 'Object Repository/Shopping Cart/Product Overview/Product_title' is present

18-07-2024T21:37:05 - [MESSAGE][PASSED] - Object 'Object Repository/Shopping Cart/Product Overview/Product_title' is present

18-07-2024T21:37:05 - [TEST_STEP][PASSED] - price_web = getText(findTestObject("Object Repository/Shopping Cart/Product Overview/Product_price")): Text of object 'Object Repository/Shopping Cart/Product Overview/Product_price' is: '$25.99 CAD'

18-07-2024T21:37:05 - [MESSAGE][PASSED] - Text of object 'Object Repository/Shopping Cart/Product Overview/Product_price' is: '$25.99 CAD'

18-07-2024T21:37:05 - [TEST_STEP][PASSED] - get_price = price_web.contains(price): null

18-07-2024T21:37:05 - [TEST_STEP][PASSED] - verifyEqual(get_price, true): Actual object 'true' and expected object 'true' are equal

18-07-2024T21:37:05 - [MESSAGE][PASSED] - Actual object 'true' and expected object 'true' are equal

18-07-2024T21:37:05 - [TEST_STEP][PASSED] - actual_color = getText(findTestObject("Object Repository/Shopping Cart/Product Overview/Product_color")).toLowerCase(): Text of object 'Object Repository/Shopping Cart/Product Overview/Product_color' is: 'White'

18-07-2024T21:37:05 - [MESSAGE][PASSED] - Text of object 'Object Repository/Shopping Cart/Product Overview/Product_color' is: 'White'

18-07-2024T21:37:05 - [TEST_STEP][PASSED] - verifyMatch(actual_color, color, true): Actual text 'white' and expected text 'white' are matched  using regular expression

18-07-2024T21:37:05 - [MESSAGE][PASSED] - Actual text 'white' and expected text 'white' are matched  using regular expression

18-07-2024T21:37:05 - [TEST_STEP][PASSED] - closeBrowser(): Browser is closed

18-07-2024T21:37:07 - [MESSAGE][PASSED] - Browser is closed]]></system-out>
         <system-err><![CDATA[]]></system-err>
      </testcase>
      <testcase name="Test Cases/Shopping Cart/Product Overview/TC09_Check_display_info_product_02" time="12.483" classname="Test Cases/Shopping Cart/Product Overview/TC09_Check_display_info_product_02" status="PASSED">
         <system-out><![CDATA[18-07-2024T21:37:07 - [TEST_CASE][PASSED] - Test Cases/Shopping Cart/Product Overview/TC09_Check_display_info_product_02: Test Cases/Shopping Cart/Product Overview/TC09_Check_display_info_product_02

18-07-2024T21:37:07 - [TEST_STEP][PASSED] - openBrowser(Dashborad_URL): Browser is opened with url: 'https://demo-store.katalon.com/'

18-07-2024T21:37:07 - [MESSAGE][INFO] - Starting 'Chrome' driver

18-07-2024T21:37:07 - [MESSAGE][INFO] - Action delay is set to 0 milliseconds

18-07-2024T21:37:13 - [MESSAGE][PASSED] - Browser is opened with url: 'https://demo-store.katalon.com/'

18-07-2024T21:37:13 - [TEST_STEP][PASSED] - maximizeWindow(): Current window maximized

18-07-2024T21:37:13 - [MESSAGE][PASSED] - Current window maximized

18-07-2024T21:37:13 - [TEST_STEP][PASSED] - waitForElementPresent(findTestObject("Object Repository/Shopping Cart/Dashboard/Product_item", ["product_name":product_name]), 5): Object 'Object Repository/Shopping Cart/Dashboard/Product_item' is present

18-07-2024T21:37:15 - [MESSAGE][PASSED] - Object 'Object Repository/Shopping Cart/Dashboard/Product_item' is present

18-07-2024T21:37:15 - [TEST_STEP][PASSED] - click(findTestObject("Object Repository/Shopping Cart/Dashboard/Product_item", ["product_name":product_name])): Object: 'Object Repository/Shopping Cart/Dashboard/Product_item' is clicked on

18-07-2024T21:37:16 - [MESSAGE][PASSED] - Object: 'Object Repository/Shopping Cart/Dashboard/Product_item' is clicked on

18-07-2024T21:37:16 - [TEST_STEP][PASSED] - waitForElementPresent(findTestObject("Object Repository/Shopping Cart/Product Overview/Product_Overview_page"), 5): Object 'Object Repository/Shopping Cart/Product Overview/Product_Overview_page' is present

18-07-2024T21:37:17 - [MESSAGE][PASSED] - Object 'Object Repository/Shopping Cart/Product Overview/Product_Overview_page' is present

18-07-2024T21:37:17 - [TEST_STEP][PASSED] - verifyElementPresent(findTestObject("Object Repository/Shopping Cart/Product Overview/Product_title", ["product_name":product_name]), 5): Object 'Object Repository/Shopping Cart/Product Overview/Product_title' is present

18-07-2024T21:37:17 - [MESSAGE][PASSED] - Object 'Object Repository/Shopping Cart/Product Overview/Product_title' is present

18-07-2024T21:37:17 - [TEST_STEP][PASSED] - price_web = getText(findTestObject("Object Repository/Shopping Cart/Product Overview/Product_price")): Text of object 'Object Repository/Shopping Cart/Product Overview/Product_price' is: '$79.99 CAD'

18-07-2024T21:37:18 - [MESSAGE][PASSED] - Text of object 'Object Repository/Shopping Cart/Product Overview/Product_price' is: '$79.99 CAD'

18-07-2024T21:37:18 - [TEST_STEP][PASSED] - get_price = price_web.contains(price): null

18-07-2024T21:37:18 - [TEST_STEP][PASSED] - verifyEqual(get_price, true): Actual object 'true' and expected object 'true' are equal

18-07-2024T21:37:18 - [MESSAGE][PASSED] - Actual object 'true' and expected object 'true' are equal

18-07-2024T21:37:18 - [TEST_STEP][PASSED] - actual_color = getText(findTestObject("Object Repository/Shopping Cart/Product Overview/Product_color")).toLowerCase(): Text of object 'Object Repository/Shopping Cart/Product Overview/Product_color' is: 'Orange'

18-07-2024T21:37:18 - [MESSAGE][PASSED] - Text of object 'Object Repository/Shopping Cart/Product Overview/Product_color' is: 'Orange'

18-07-2024T21:37:18 - [TEST_STEP][PASSED] - verifyMatch(actual_color, color, true): Actual text 'orange' and expected text 'orange' are matched  using regular expression

18-07-2024T21:37:18 - [MESSAGE][PASSED] - Actual text 'orange' and expected text 'orange' are matched  using regular expression

18-07-2024T21:37:18 - [TEST_STEP][PASSED] - closeBrowser(): Browser is closed

18-07-2024T21:37:19 - [MESSAGE][PASSED] - Browser is closed]]></system-out>
         <system-err><![CDATA[]]></system-err>
      </testcase>
      <testcase name="Test Cases/Shopping Cart/Product Overview/TC10_Check_display_info_product_03" time="12.512" classname="Test Cases/Shopping Cart/Product Overview/TC10_Check_display_info_product_03" status="PASSED">
         <system-out><![CDATA[18-07-2024T21:37:19 - [TEST_CASE][PASSED] - Test Cases/Shopping Cart/Product Overview/TC10_Check_display_info_product_03: Test Cases/Shopping Cart/Product Overview/TC10_Check_display_info_product_03

18-07-2024T21:37:19 - [TEST_STEP][PASSED] - openBrowser(Dashborad_URL): Browser is opened with url: 'https://demo-store.katalon.com/'

18-07-2024T21:37:19 - [MESSAGE][INFO] - Starting 'Chrome' driver

18-07-2024T21:37:19 - [MESSAGE][INFO] - Action delay is set to 0 milliseconds

18-07-2024T21:37:25 - [MESSAGE][PASSED] - Browser is opened with url: 'https://demo-store.katalon.com/'

18-07-2024T21:37:25 - [TEST_STEP][PASSED] - maximizeWindow(): Current window maximized

18-07-2024T21:37:25 - [MESSAGE][PASSED] - Current window maximized

18-07-2024T21:37:25 - [TEST_STEP][PASSED] - waitForElementPresent(findTestObject("Object Repository/Shopping Cart/Dashboard/Product_item", ["product_name":product_name]), 5): Object 'Object Repository/Shopping Cart/Dashboard/Product_item' is present

18-07-2024T21:37:28 - [MESSAGE][PASSED] - Object 'Object Repository/Shopping Cart/Dashboard/Product_item' is present

18-07-2024T21:37:28 - [TEST_STEP][PASSED] - click(findTestObject("Object Repository/Shopping Cart/Dashboard/Product_item", ["product_name":product_name])): Object: 'Object Repository/Shopping Cart/Dashboard/Product_item' is clicked on

18-07-2024T21:37:28 - [MESSAGE][PASSED] - Object: 'Object Repository/Shopping Cart/Dashboard/Product_item' is clicked on

18-07-2024T21:37:28 - [TEST_STEP][PASSED] - waitForElementPresent(findTestObject("Object Repository/Shopping Cart/Product Overview/Product_Overview_page"), 5): Object 'Object Repository/Shopping Cart/Product Overview/Product_Overview_page' is present

18-07-2024T21:37:30 - [MESSAGE][PASSED] - Object 'Object Repository/Shopping Cart/Product Overview/Product_Overview_page' is present

18-07-2024T21:37:30 - [TEST_STEP][PASSED] - verifyElementPresent(findTestObject("Object Repository/Shopping Cart/Product Overview/Product_title", ["product_name":product_name]), 5): Object 'Object Repository/Shopping Cart/Product Overview/Product_title' is present

18-07-2024T21:37:30 - [MESSAGE][PASSED] - Object 'Object Repository/Shopping Cart/Product Overview/Product_title' is present

18-07-2024T21:37:30 - [TEST_STEP][PASSED] - price_web = getText(findTestObject("Object Repository/Shopping Cart/Product Overview/Product_price")): Text of object 'Object Repository/Shopping Cart/Product Overview/Product_price' is: '$79.99 CAD'

18-07-2024T21:37:30 - [MESSAGE][PASSED] - Text of object 'Object Repository/Shopping Cart/Product Overview/Product_price' is: '$79.99 CAD'

18-07-2024T21:37:30 - [TEST_STEP][PASSED] - get_price = price_web.contains(price): null

18-07-2024T21:37:30 - [TEST_STEP][PASSED] - verifyEqual(get_price, true): Actual object 'true' and expected object 'true' are equal

18-07-2024T21:37:30 - [MESSAGE][PASSED] - Actual object 'true' and expected object 'true' are equal

18-07-2024T21:37:30 - [TEST_STEP][PASSED] - actual_color = getText(findTestObject("Object Repository/Shopping Cart/Product Overview/Product_color")).toLowerCase(): Text of object 'Object Repository/Shopping Cart/Product Overview/Product_color' is: 'Dark Blue'

18-07-2024T21:37:30 - [MESSAGE][PASSED] - Text of object 'Object Repository/Shopping Cart/Product Overview/Product_color' is: 'Dark Blue'

18-07-2024T21:37:30 - [TEST_STEP][PASSED] - verifyMatch(actual_color, color, true): Actual text 'dark blue' and expected text 'dark blue' are matched  using regular expression

18-07-2024T21:37:30 - [MESSAGE][PASSED] - Actual text 'dark blue' and expected text 'dark blue' are matched  using regular expression

18-07-2024T21:37:30 - [TEST_STEP][PASSED] - closeBrowser(): Browser is closed

18-07-2024T21:37:32 - [MESSAGE][PASSED] - Browser is closed]]></system-out>
         <system-err><![CDATA[]]></system-err>
      </testcase>
      <testcase name="Test Cases/Shopping Cart/Product Overview/TC11_Check_display_info_product_04" time="12.054" classname="Test Cases/Shopping Cart/Product Overview/TC11_Check_display_info_product_04" status="PASSED">
         <system-out><![CDATA[18-07-2024T21:37:32 - [TEST_CASE][PASSED] - Test Cases/Shopping Cart/Product Overview/TC11_Check_display_info_product_04: Test Cases/Shopping Cart/Product Overview/TC11_Check_display_info_product_04

18-07-2024T21:37:32 - [TEST_STEP][PASSED] - openBrowser(Dashborad_URL): Browser is opened with url: 'https://demo-store.katalon.com/'

18-07-2024T21:37:32 - [MESSAGE][INFO] - Starting 'Chrome' driver

18-07-2024T21:37:32 - [MESSAGE][INFO] - Action delay is set to 0 milliseconds

18-07-2024T21:37:37 - [MESSAGE][PASSED] - Browser is opened with url: 'https://demo-store.katalon.com/'

18-07-2024T21:37:37 - [TEST_STEP][PASSED] - maximizeWindow(): Current window maximized

18-07-2024T21:37:37 - [MESSAGE][PASSED] - Current window maximized

18-07-2024T21:37:37 - [TEST_STEP][PASSED] - waitForElementPresent(findTestObject("Object Repository/Shopping Cart/Dashboard/Product_item", ["product_name":product_name]), 5): Object 'Object Repository/Shopping Cart/Dashboard/Product_item' is present

18-07-2024T21:37:40 - [MESSAGE][PASSED] - Object 'Object Repository/Shopping Cart/Dashboard/Product_item' is present

18-07-2024T21:37:40 - [TEST_STEP][PASSED] - click(findTestObject("Object Repository/Shopping Cart/Dashboard/Product_item", ["product_name":product_name])): Object: 'Object Repository/Shopping Cart/Dashboard/Product_item' is clicked on

18-07-2024T21:37:41 - [MESSAGE][PASSED] - Object: 'Object Repository/Shopping Cart/Dashboard/Product_item' is clicked on

18-07-2024T21:37:41 - [TEST_STEP][PASSED] - waitForElementPresent(findTestObject("Object Repository/Shopping Cart/Product Overview/Product_Overview_page"), 5): Object 'Object Repository/Shopping Cart/Product Overview/Product_Overview_page' is present

18-07-2024T21:37:42 - [MESSAGE][PASSED] - Object 'Object Repository/Shopping Cart/Product Overview/Product_Overview_page' is present

18-07-2024T21:37:42 - [TEST_STEP][PASSED] - verifyElementPresent(findTestObject("Object Repository/Shopping Cart/Product Overview/Product_title", ["product_name":product_name]), 5): Object 'Object Repository/Shopping Cart/Product Overview/Product_title' is present

18-07-2024T21:37:42 - [MESSAGE][PASSED] - Object 'Object Repository/Shopping Cart/Product Overview/Product_title' is present

18-07-2024T21:37:42 - [TEST_STEP][PASSED] - price_web = getText(findTestObject("Object Repository/Shopping Cart/Product Overview/Product_price")): Text of object 'Object Repository/Shopping Cart/Product Overview/Product_price' is: '$45.99 CAD'

18-07-2024T21:37:42 - [MESSAGE][PASSED] - Text of object 'Object Repository/Shopping Cart/Product Overview/Product_price' is: '$45.99 CAD'

18-07-2024T21:37:42 - [TEST_STEP][PASSED] - get_price = price_web.contains(price): null

18-07-2024T21:37:42 - [TEST_STEP][PASSED] - verifyEqual(get_price, true): Actual object 'true' and expected object 'true' are equal

18-07-2024T21:37:42 - [MESSAGE][PASSED] - Actual object 'true' and expected object 'true' are equal

18-07-2024T21:37:42 - [TEST_STEP][PASSED] - actual_color = getText(findTestObject("Object Repository/Shopping Cart/Product Overview/Product_color")).toLowerCase(): Text of object 'Object Repository/Shopping Cart/Product Overview/Product_color' is: 'Light Blue'

18-07-2024T21:37:43 - [MESSAGE][PASSED] - Text of object 'Object Repository/Shopping Cart/Product Overview/Product_color' is: 'Light Blue'

18-07-2024T21:37:43 - [TEST_STEP][PASSED] - verifyMatch(actual_color, color, true): Actual text 'light blue' and expected text 'light blue' are matched  using regular expression

18-07-2024T21:37:43 - [MESSAGE][PASSED] - Actual text 'light blue' and expected text 'light blue' are matched  using regular expression

18-07-2024T21:37:43 - [TEST_STEP][PASSED] - closeBrowser(): Browser is closed

18-07-2024T21:37:44 - [MESSAGE][PASSED] - Browser is closed]]></system-out>
         <system-err><![CDATA[]]></system-err>
      </testcase>
      <testcase name="Test Cases/Shopping Cart/Product Overview/TC12_Check_display_info_product_05" time="10.549" classname="Test Cases/Shopping Cart/Product Overview/TC12_Check_display_info_product_05" status="PASSED">
         <system-out><![CDATA[18-07-2024T21:37:44 - [TEST_CASE][PASSED] - Test Cases/Shopping Cart/Product Overview/TC12_Check_display_info_product_05: Test Cases/Shopping Cart/Product Overview/TC12_Check_display_info_product_05

18-07-2024T21:37:44 - [TEST_STEP][PASSED] - openBrowser(Dashborad_URL): Browser is opened with url: 'https://demo-store.katalon.com/'

18-07-2024T21:37:44 - [MESSAGE][INFO] - Starting 'Chrome' driver

18-07-2024T21:37:44 - [MESSAGE][INFO] - Action delay is set to 0 milliseconds

18-07-2024T21:37:49 - [MESSAGE][PASSED] - Browser is opened with url: 'https://demo-store.katalon.com/'

18-07-2024T21:37:49 - [TEST_STEP][PASSED] - maximizeWindow(): Current window maximized

18-07-2024T21:37:49 - [MESSAGE][PASSED] - Current window maximized

18-07-2024T21:37:49 - [TEST_STEP][PASSED] - waitForElementPresent(findTestObject("Object Repository/Shopping Cart/Dashboard/Product_item", ["product_name":product_name]), 5): Object 'Object Repository/Shopping Cart/Dashboard/Product_item' is present

18-07-2024T21:37:52 - [MESSAGE][PASSED] - Object 'Object Repository/Shopping Cart/Dashboard/Product_item' is present

18-07-2024T21:37:52 - [TEST_STEP][PASSED] - click(findTestObject("Object Repository/Shopping Cart/Dashboard/Product_item", ["product_name":product_name])): Object: 'Object Repository/Shopping Cart/Dashboard/Product_item' is clicked on

18-07-2024T21:37:53 - [MESSAGE][PASSED] - Object: 'Object Repository/Shopping Cart/Dashboard/Product_item' is clicked on

18-07-2024T21:37:53 - [TEST_STEP][PASSED] - waitForElementPresent(findTestObject("Object Repository/Shopping Cart/Product Overview/Product_Overview_page"), 5): Object 'Object Repository/Shopping Cart/Product Overview/Product_Overview_page' is present

18-07-2024T21:37:53 - [MESSAGE][PASSED] - Object 'Object Repository/Shopping Cart/Product Overview/Product_Overview_page' is present

18-07-2024T21:37:53 - [TEST_STEP][PASSED] - verifyElementPresent(findTestObject("Object Repository/Shopping Cart/Product Overview/Product_title", ["product_name":product_name]), 5): Object 'Object Repository/Shopping Cart/Product Overview/Product_title' is present

18-07-2024T21:37:54 - [MESSAGE][PASSED] - Object 'Object Repository/Shopping Cart/Product Overview/Product_title' is present

18-07-2024T21:37:54 - [TEST_STEP][PASSED] - price_web = getText(findTestObject("Object Repository/Shopping Cart/Product Overview/Product_price")): Text of object 'Object Repository/Shopping Cart/Product Overview/Product_price' is: '$45.9 CAD'

18-07-2024T21:37:54 - [MESSAGE][PASSED] - Text of object 'Object Repository/Shopping Cart/Product Overview/Product_price' is: '$45.9 CAD'

18-07-2024T21:37:54 - [TEST_STEP][PASSED] - get_price = price_web.contains(price): null

18-07-2024T21:37:54 - [TEST_STEP][PASSED] - verifyEqual(get_price, true): Actual object 'true' and expected object 'true' are equal

18-07-2024T21:37:54 - [MESSAGE][PASSED] - Actual object 'true' and expected object 'true' are equal

18-07-2024T21:37:54 - [TEST_STEP][PASSED] - actual_color = getText(findTestObject("Object Repository/Shopping Cart/Product Overview/Product_color")).toLowerCase(): Text of object 'Object Repository/Shopping Cart/Product Overview/Product_color' is: 'BLACK'

18-07-2024T21:37:54 - [MESSAGE][PASSED] - Text of object 'Object Repository/Shopping Cart/Product Overview/Product_color' is: 'BLACK'

18-07-2024T21:37:54 - [TEST_STEP][PASSED] - verifyMatch(actual_color, color, true): Actual text 'black' and expected text 'black' are matched  using regular expression

18-07-2024T21:37:54 - [MESSAGE][PASSED] - Actual text 'black' and expected text 'black' are matched  using regular expression

18-07-2024T21:37:54 - [TEST_STEP][PASSED] - closeBrowser(): Browser is closed

18-07-2024T21:37:54 - [MESSAGE][PASSED] - Browser is closed]]></system-out>
         <system-err><![CDATA[]]></system-err>
      </testcase>
      <testcase name="Test Cases/Shopping Cart/Product Overview/TC13_Check_display_info_product_06" time="10.868" classname="Test Cases/Shopping Cart/Product Overview/TC13_Check_display_info_product_06" status="PASSED">
         <system-out><![CDATA[18-07-2024T21:37:54 - [TEST_CASE][PASSED] - Test Cases/Shopping Cart/Product Overview/TC13_Check_display_info_product_06: Test Cases/Shopping Cart/Product Overview/TC13_Check_display_info_product_06

18-07-2024T21:37:54 - [TEST_STEP][PASSED] - openBrowser(Dashborad_URL): Browser is opened with url: 'https://demo-store.katalon.com/'

18-07-2024T21:37:54 - [MESSAGE][INFO] - Starting 'Chrome' driver

18-07-2024T21:37:54 - [MESSAGE][INFO] - Action delay is set to 0 milliseconds

18-07-2024T21:37:59 - [MESSAGE][PASSED] - Browser is opened with url: 'https://demo-store.katalon.com/'

18-07-2024T21:37:59 - [TEST_STEP][PASSED] - maximizeWindow(): Current window maximized

18-07-2024T21:37:59 - [MESSAGE][PASSED] - Current window maximized

18-07-2024T21:37:59 - [TEST_STEP][PASSED] - waitForElementPresent(findTestObject("Object Repository/Shopping Cart/Dashboard/Product_item", ["product_name":product_name]), 5): Object 'Object Repository/Shopping Cart/Dashboard/Product_item' is present

18-07-2024T21:38:00 - [MESSAGE][PASSED] - Object 'Object Repository/Shopping Cart/Dashboard/Product_item' is present

18-07-2024T21:38:00 - [TEST_STEP][PASSED] - click(findTestObject("Object Repository/Shopping Cart/Dashboard/Product_item", ["product_name":product_name])): Object: 'Object Repository/Shopping Cart/Dashboard/Product_item' is clicked on

18-07-2024T21:38:03 - [MESSAGE][PASSED] - Object: 'Object Repository/Shopping Cart/Dashboard/Product_item' is clicked on

18-07-2024T21:38:03 - [TEST_STEP][PASSED] - waitForElementPresent(findTestObject("Object Repository/Shopping Cart/Product Overview/Product_Overview_page"), 5): Object 'Object Repository/Shopping Cart/Product Overview/Product_Overview_page' is present

18-07-2024T21:38:04 - [MESSAGE][PASSED] - Object 'Object Repository/Shopping Cart/Product Overview/Product_Overview_page' is present

18-07-2024T21:38:04 - [TEST_STEP][PASSED] - verifyElementPresent(findTestObject("Object Repository/Shopping Cart/Product Overview/Product_title", ["product_name":product_name]), 5): Object 'Object Repository/Shopping Cart/Product Overview/Product_title' is present

18-07-2024T21:38:05 - [MESSAGE][PASSED] - Object 'Object Repository/Shopping Cart/Product Overview/Product_title' is present

18-07-2024T21:38:05 - [TEST_STEP][PASSED] - price_web = getText(findTestObject("Object Repository/Shopping Cart/Product Overview/Product_price")): Text of object 'Object Repository/Shopping Cart/Product Overview/Product_price' is: '$16.9 CAD'

18-07-2024T21:38:05 - [MESSAGE][PASSED] - Text of object 'Object Repository/Shopping Cart/Product Overview/Product_price' is: '$16.9 CAD'

18-07-2024T21:38:05 - [TEST_STEP][PASSED] - get_price = price_web.contains(price): null

18-07-2024T21:38:05 - [TEST_STEP][PASSED] - verifyEqual(get_price, true): Actual object 'true' and expected object 'true' are equal

18-07-2024T21:38:05 - [MESSAGE][PASSED] - Actual object 'true' and expected object 'true' are equal

18-07-2024T21:38:05 - [TEST_STEP][PASSED] - actual_color = getText(findTestObject("Object Repository/Shopping Cart/Product Overview/Product_color")).toLowerCase(): Text of object 'Object Repository/Shopping Cart/Product Overview/Product_color' is: 'OYSTER WHITE'

18-07-2024T21:38:05 - [MESSAGE][PASSED] - Text of object 'Object Repository/Shopping Cart/Product Overview/Product_color' is: 'OYSTER WHITE'

18-07-2024T21:38:05 - [TEST_STEP][PASSED] - verifyMatch(actual_color, color, true): Actual text 'oyster white' and expected text 'oyster white' are matched  using regular expression

18-07-2024T21:38:05 - [MESSAGE][PASSED] - Actual text 'oyster white' and expected text 'oyster white' are matched  using regular expression

18-07-2024T21:38:05 - [TEST_STEP][PASSED] - closeBrowser(): Browser is closed

18-07-2024T21:38:05 - [MESSAGE][PASSED] - Browser is closed]]></system-out>
         <system-err><![CDATA[]]></system-err>
      </testcase>
      <testcase name="Test Cases/Shopping Cart/Product Overview/TC14_Check_display_info_product_07" time="10.385" classname="Test Cases/Shopping Cart/Product Overview/TC14_Check_display_info_product_07" status="PASSED">
         <system-out><![CDATA[18-07-2024T21:38:05 - [TEST_CASE][PASSED] - Test Cases/Shopping Cart/Product Overview/TC14_Check_display_info_product_07: Test Cases/Shopping Cart/Product Overview/TC14_Check_display_info_product_07

18-07-2024T21:38:05 - [TEST_STEP][PASSED] - openBrowser(Dashborad_URL): Browser is opened with url: 'https://demo-store.katalon.com/'

18-07-2024T21:38:05 - [MESSAGE][INFO] - Starting 'Chrome' driver

18-07-2024T21:38:05 - [MESSAGE][INFO] - Action delay is set to 0 milliseconds

18-07-2024T21:38:10 - [MESSAGE][PASSED] - Browser is opened with url: 'https://demo-store.katalon.com/'

18-07-2024T21:38:10 - [TEST_STEP][PASSED] - maximizeWindow(): Current window maximized

18-07-2024T21:38:10 - [MESSAGE][PASSED] - Current window maximized

18-07-2024T21:38:10 - [TEST_STEP][PASSED] - waitForElementPresent(findTestObject("Object Repository/Shopping Cart/Dashboard/Product_item", ["product_name":product_name]), 5): Object 'Object Repository/Shopping Cart/Dashboard/Product_item' is present

18-07-2024T21:38:10 - [MESSAGE][PASSED] - Object 'Object Repository/Shopping Cart/Dashboard/Product_item' is present

18-07-2024T21:38:10 - [TEST_STEP][PASSED] - click(findTestObject("Object Repository/Shopping Cart/Dashboard/Product_item", ["product_name":product_name])): Object: 'Object Repository/Shopping Cart/Dashboard/Product_item' is clicked on

18-07-2024T21:38:14 - [MESSAGE][PASSED] - Object: 'Object Repository/Shopping Cart/Dashboard/Product_item' is clicked on

18-07-2024T21:38:14 - [TEST_STEP][PASSED] - waitForElementPresent(findTestObject("Object Repository/Shopping Cart/Product Overview/Product_Overview_page"), 5): Object 'Object Repository/Shopping Cart/Product Overview/Product_Overview_page' is present

18-07-2024T21:38:15 - [MESSAGE][PASSED] - Object 'Object Repository/Shopping Cart/Product Overview/Product_Overview_page' is present

18-07-2024T21:38:15 - [TEST_STEP][PASSED] - verifyElementPresent(findTestObject("Object Repository/Shopping Cart/Product Overview/Product_title", ["product_name":product_name]), 5): Object 'Object Repository/Shopping Cart/Product Overview/Product_title' is present

18-07-2024T21:38:15 - [MESSAGE][PASSED] - Object 'Object Repository/Shopping Cart/Product Overview/Product_title' is present

18-07-2024T21:38:15 - [TEST_STEP][PASSED] - price_web = getText(findTestObject("Object Repository/Shopping Cart/Product Overview/Product_price")): Text of object 'Object Repository/Shopping Cart/Product Overview/Product_price' is: '$45.9 CAD'

18-07-2024T21:38:15 - [MESSAGE][PASSED] - Text of object 'Object Repository/Shopping Cart/Product Overview/Product_price' is: '$45.9 CAD'

18-07-2024T21:38:15 - [TEST_STEP][PASSED] - get_price = price_web.contains(price): null

18-07-2024T21:38:15 - [TEST_STEP][PASSED] - verifyEqual(get_price, true): Actual object 'true' and expected object 'true' are equal

18-07-2024T21:38:15 - [MESSAGE][PASSED] - Actual object 'true' and expected object 'true' are equal

18-07-2024T21:38:15 - [TEST_STEP][PASSED] - actual_color = getText(findTestObject("Object Repository/Shopping Cart/Product Overview/Product_color")).toLowerCase(): Text of object 'Object Repository/Shopping Cart/Product Overview/Product_color' is: 'BLACK'

18-07-2024T21:38:16 - [MESSAGE][PASSED] - Text of object 'Object Repository/Shopping Cart/Product Overview/Product_color' is: 'BLACK'

18-07-2024T21:38:16 - [TEST_STEP][PASSED] - verifyMatch(actual_color, color, true): Actual text 'black' and expected text 'black' are matched  using regular expression

18-07-2024T21:38:16 - [MESSAGE][PASSED] - Actual text 'black' and expected text 'black' are matched  using regular expression

18-07-2024T21:38:16 - [TEST_STEP][PASSED] - closeBrowser(): Browser is closed

18-07-2024T21:38:16 - [MESSAGE][PASSED] - Browser is closed]]></system-out>
         <system-err><![CDATA[]]></system-err>
      </testcase>
      <testcase name="Test Cases/Shopping Cart/Product Overview/TC15_Check_display_info_product_08" time="11.03" classname="Test Cases/Shopping Cart/Product Overview/TC15_Check_display_info_product_08" status="PASSED">
         <system-out><![CDATA[18-07-2024T21:38:16 - [TEST_CASE][PASSED] - Test Cases/Shopping Cart/Product Overview/TC15_Check_display_info_product_08: Test Cases/Shopping Cart/Product Overview/TC15_Check_display_info_product_08

18-07-2024T21:38:16 - [TEST_STEP][PASSED] - openBrowser(Dashborad_URL): Browser is opened with url: 'https://demo-store.katalon.com/'

18-07-2024T21:38:16 - [MESSAGE][INFO] - Starting 'Chrome' driver

18-07-2024T21:38:16 - [MESSAGE][INFO] - Action delay is set to 0 milliseconds

18-07-2024T21:38:21 - [MESSAGE][PASSED] - Browser is opened with url: 'https://demo-store.katalon.com/'

18-07-2024T21:38:21 - [TEST_STEP][PASSED] - maximizeWindow(): Current window maximized

18-07-2024T21:38:21 - [MESSAGE][PASSED] - Current window maximized

18-07-2024T21:38:21 - [TEST_STEP][PASSED] - waitForElementPresent(findTestObject("Object Repository/Shopping Cart/Dashboard/Product_item", ["product_name":product_name]), 5): Object 'Object Repository/Shopping Cart/Dashboard/Product_item' is present

18-07-2024T21:38:21 - [MESSAGE][PASSED] - Object 'Object Repository/Shopping Cart/Dashboard/Product_item' is present

18-07-2024T21:38:21 - [TEST_STEP][PASSED] - click(findTestObject("Object Repository/Shopping Cart/Dashboard/Product_item", ["product_name":product_name])): Object: 'Object Repository/Shopping Cart/Dashboard/Product_item' is clicked on

18-07-2024T21:38:25 - [MESSAGE][PASSED] - Object: 'Object Repository/Shopping Cart/Dashboard/Product_item' is clicked on

18-07-2024T21:38:25 - [TEST_STEP][PASSED] - waitForElementPresent(findTestObject("Object Repository/Shopping Cart/Product Overview/Product_Overview_page"), 5): Object 'Object Repository/Shopping Cart/Product Overview/Product_Overview_page' is present

18-07-2024T21:38:26 - [MESSAGE][PASSED] - Object 'Object Repository/Shopping Cart/Product Overview/Product_Overview_page' is present

18-07-2024T21:38:26 - [TEST_STEP][PASSED] - verifyElementPresent(findTestObject("Object Repository/Shopping Cart/Product Overview/Product_title", ["product_name":product_name]), 5): Object 'Object Repository/Shopping Cart/Product Overview/Product_title' is present

18-07-2024T21:38:26 - [MESSAGE][PASSED] - Object 'Object Repository/Shopping Cart/Product Overview/Product_title' is present

18-07-2024T21:38:26 - [TEST_STEP][PASSED] - price_web = getText(findTestObject("Object Repository/Shopping Cart/Product Overview/Product_price")): Text of object 'Object Repository/Shopping Cart/Product Overview/Product_price' is: '$35.95 CAD'

18-07-2024T21:38:26 - [MESSAGE][PASSED] - Text of object 'Object Repository/Shopping Cart/Product Overview/Product_price' is: '$35.95 CAD'

18-07-2024T21:38:26 - [TEST_STEP][PASSED] - get_price = price_web.contains(price): null

18-07-2024T21:38:26 - [TEST_STEP][PASSED] - verifyEqual(get_price, true): Actual object 'true' and expected object 'true' are equal

18-07-2024T21:38:26 - [MESSAGE][PASSED] - Actual object 'true' and expected object 'true' are equal

18-07-2024T21:38:26 - [TEST_STEP][PASSED] - actual_color = getText(findTestObject("Object Repository/Shopping Cart/Product Overview/Product_color")).toLowerCase(): Text of object 'Object Repository/Shopping Cart/Product Overview/Product_color' is: 'Gray'

18-07-2024T21:38:27 - [MESSAGE][PASSED] - Text of object 'Object Repository/Shopping Cart/Product Overview/Product_color' is: 'Gray'

18-07-2024T21:38:27 - [TEST_STEP][PASSED] - verifyMatch(actual_color, color, true): Actual text 'gray' and expected text 'gray' are matched  using regular expression

18-07-2024T21:38:27 - [MESSAGE][PASSED] - Actual text 'gray' and expected text 'gray' are matched  using regular expression

18-07-2024T21:38:27 - [TEST_STEP][PASSED] - closeBrowser(): Browser is closed

18-07-2024T21:38:27 - [MESSAGE][PASSED] - Browser is closed]]></system-out>
         <system-err><![CDATA[]]></system-err>
      </testcase>
      <testcase name="Test Cases/Shopping Cart/Product Overview/TC16_Check_display_info_product_09" time="11.799" classname="Test Cases/Shopping Cart/Product Overview/TC16_Check_display_info_product_09" status="PASSED">
         <system-out><![CDATA[18-07-2024T21:38:27 - [TEST_CASE][PASSED] - Test Cases/Shopping Cart/Product Overview/TC16_Check_display_info_product_09: Test Cases/Shopping Cart/Product Overview/TC16_Check_display_info_product_09

18-07-2024T21:38:27 - [TEST_STEP][PASSED] - openBrowser(Dashborad_URL): Browser is opened with url: 'https://demo-store.katalon.com/'

18-07-2024T21:38:27 - [MESSAGE][INFO] - Starting 'Chrome' driver

18-07-2024T21:38:27 - [MESSAGE][INFO] - Action delay is set to 0 milliseconds

18-07-2024T21:38:32 - [MESSAGE][PASSED] - Browser is opened with url: 'https://demo-store.katalon.com/'

18-07-2024T21:38:32 - [TEST_STEP][PASSED] - maximizeWindow(): Current window maximized

18-07-2024T21:38:32 - [MESSAGE][PASSED] - Current window maximized

18-07-2024T21:38:32 - [TEST_STEP][PASSED] - waitForElementPresent(findTestObject("Object Repository/Shopping Cart/Dashboard/Product_item", ["product_name":product_name]), 5): Object 'Object Repository/Shopping Cart/Dashboard/Product_item' is present

18-07-2024T21:38:33 - [MESSAGE][PASSED] - Object 'Object Repository/Shopping Cart/Dashboard/Product_item' is present

18-07-2024T21:38:33 - [TEST_STEP][PASSED] - click(findTestObject("Object Repository/Shopping Cart/Dashboard/Product_item", ["product_name":product_name])): Object: 'Object Repository/Shopping Cart/Dashboard/Product_item' is clicked on

18-07-2024T21:38:37 - [MESSAGE][PASSED] - Object: 'Object Repository/Shopping Cart/Dashboard/Product_item' is clicked on

18-07-2024T21:38:37 - [TEST_STEP][PASSED] - waitForElementPresent(findTestObject("Object Repository/Shopping Cart/Product Overview/Product_Overview_page"), 5): Object 'Object Repository/Shopping Cart/Product Overview/Product_Overview_page' is present

18-07-2024T21:38:38 - [MESSAGE][PASSED] - Object 'Object Repository/Shopping Cart/Product Overview/Product_Overview_page' is present

18-07-2024T21:38:38 - [TEST_STEP][PASSED] - verifyElementPresent(findTestObject("Object Repository/Shopping Cart/Product Overview/Product_title", ["product_name":product_name]), 5): Object 'Object Repository/Shopping Cart/Product Overview/Product_title' is present

18-07-2024T21:38:38 - [MESSAGE][PASSED] - Object 'Object Repository/Shopping Cart/Product Overview/Product_title' is present

18-07-2024T21:38:38 - [TEST_STEP][PASSED] - price_web = getText(findTestObject("Object Repository/Shopping Cart/Product Overview/Product_price")): Text of object 'Object Repository/Shopping Cart/Product Overview/Product_price' is: '$29.99 CAD'

18-07-2024T21:38:38 - [MESSAGE][PASSED] - Text of object 'Object Repository/Shopping Cart/Product Overview/Product_price' is: '$29.99 CAD'

18-07-2024T21:38:38 - [TEST_STEP][PASSED] - get_price = price_web.contains(price): null

18-07-2024T21:38:38 - [TEST_STEP][PASSED] - verifyEqual(get_price, true): Actual object 'true' and expected object 'true' are equal

18-07-2024T21:38:38 - [MESSAGE][PASSED] - Actual object 'true' and expected object 'true' are equal

18-07-2024T21:38:38 - [TEST_STEP][PASSED] - actual_color = getText(findTestObject("Object Repository/Shopping Cart/Product Overview/Product_color")).toLowerCase(): Text of object 'Object Repository/Shopping Cart/Product Overview/Product_color' is: 'Black'

18-07-2024T21:38:38 - [MESSAGE][PASSED] - Text of object 'Object Repository/Shopping Cart/Product Overview/Product_color' is: 'Black'

18-07-2024T21:38:38 - [TEST_STEP][PASSED] - verifyMatch(actual_color, color, true): Actual text 'black' and expected text 'black' are matched  using regular expression

18-07-2024T21:38:38 - [MESSAGE][PASSED] - Actual text 'black' and expected text 'black' are matched  using regular expression

18-07-2024T21:38:38 - [TEST_STEP][PASSED] - closeBrowser(): Browser is closed

18-07-2024T21:38:39 - [MESSAGE][PASSED] - Browser is closed]]></system-out>
         <system-err><![CDATA[]]></system-err>
      </testcase>
      <testcase name="Test Cases/Shopping Cart/Product Overview/TC17_Check_display_info_product_10" time="11.189" classname="Test Cases/Shopping Cart/Product Overview/TC17_Check_display_info_product_10" status="PASSED">
         <system-out><![CDATA[18-07-2024T21:38:39 - [TEST_CASE][PASSED] - Test Cases/Shopping Cart/Product Overview/TC17_Check_display_info_product_10: Test Cases/Shopping Cart/Product Overview/TC17_Check_display_info_product_10

18-07-2024T21:38:39 - [TEST_STEP][PASSED] - openBrowser(Dashborad_URL): Browser is opened with url: 'https://demo-store.katalon.com/'

18-07-2024T21:38:39 - [MESSAGE][INFO] - Starting 'Chrome' driver

18-07-2024T21:38:39 - [MESSAGE][INFO] - Action delay is set to 0 milliseconds

18-07-2024T21:38:44 - [MESSAGE][PASSED] - Browser is opened with url: 'https://demo-store.katalon.com/'

18-07-2024T21:38:44 - [TEST_STEP][PASSED] - maximizeWindow(): Current window maximized

18-07-2024T21:38:44 - [MESSAGE][PASSED] - Current window maximized

18-07-2024T21:38:44 - [TEST_STEP][PASSED] - waitForElementPresent(findTestObject("Object Repository/Shopping Cart/Dashboard/Product_item", ["product_name":product_name]), 5): Object 'Object Repository/Shopping Cart/Dashboard/Product_item' is present

18-07-2024T21:38:47 - [MESSAGE][PASSED] - Object 'Object Repository/Shopping Cart/Dashboard/Product_item' is present

18-07-2024T21:38:47 - [TEST_STEP][PASSED] - click(findTestObject("Object Repository/Shopping Cart/Dashboard/Product_item", ["product_name":product_name])): Object: 'Object Repository/Shopping Cart/Dashboard/Product_item' is clicked on

18-07-2024T21:38:48 - [MESSAGE][PASSED] - Object: 'Object Repository/Shopping Cart/Dashboard/Product_item' is clicked on

18-07-2024T21:38:48 - [TEST_STEP][PASSED] - waitForElementPresent(findTestObject("Object Repository/Shopping Cart/Product Overview/Product_Overview_page"), 5): Object 'Object Repository/Shopping Cart/Product Overview/Product_Overview_page' is present

18-07-2024T21:38:49 - [MESSAGE][PASSED] - Object 'Object Repository/Shopping Cart/Product Overview/Product_Overview_page' is present

18-07-2024T21:38:49 - [TEST_STEP][PASSED] - verifyElementPresent(findTestObject("Object Repository/Shopping Cart/Product Overview/Product_title", ["product_name":product_name]), 5): Object 'Object Repository/Shopping Cart/Product Overview/Product_title' is present

18-07-2024T21:38:49 - [MESSAGE][PASSED] - Object 'Object Repository/Shopping Cart/Product Overview/Product_title' is present

18-07-2024T21:38:49 - [TEST_STEP][PASSED] - price_web = getText(findTestObject("Object Repository/Shopping Cart/Product Overview/Product_price")): Text of object 'Object Repository/Shopping Cart/Product Overview/Product_price' is: '$79.99 CAD'

18-07-2024T21:38:49 - [MESSAGE][PASSED] - Text of object 'Object Repository/Shopping Cart/Product Overview/Product_price' is: '$79.99 CAD'

18-07-2024T21:38:49 - [TEST_STEP][PASSED] - get_price = price_web.contains(price): null

18-07-2024T21:38:49 - [TEST_STEP][PASSED] - verifyEqual(get_price, true): Actual object 'true' and expected object 'true' are equal

18-07-2024T21:38:49 - [MESSAGE][PASSED] - Actual object 'true' and expected object 'true' are equal

18-07-2024T21:38:49 - [TEST_STEP][PASSED] - actual_color = getText(findTestObject("Object Repository/Shopping Cart/Product Overview/Product_color")).toLowerCase(): Text of object 'Object Repository/Shopping Cart/Product Overview/Product_color' is: 'Black'

18-07-2024T21:38:50 - [MESSAGE][PASSED] - Text of object 'Object Repository/Shopping Cart/Product Overview/Product_color' is: 'Black'

18-07-2024T21:38:50 - [TEST_STEP][PASSED] - verifyMatch(actual_color, color, true): Actual text 'black' and expected text 'black' are matched  using regular expression

18-07-2024T21:38:50 - [MESSAGE][PASSED] - Actual text 'black' and expected text 'black' are matched  using regular expression

18-07-2024T21:38:50 - [TEST_STEP][PASSED] - closeBrowser(): Browser is closed

18-07-2024T21:38:50 - [MESSAGE][PASSED] - Browser is closed]]></system-out>
         <system-err><![CDATA[]]></system-err>
      </testcase>
      <system-out><![CDATA[18-07-2024T21:36:52 - [TEST_SUITE][PASSED] - All Products: Test Cases/Shopping Cart/Product Overview/TC17_Check_display_info_product_10]]></system-out>
      <system-err><![CDATA[]]></system-err>
   </testsuite>
</testsuites>
