<?xml version="1.0" encoding="UTF-8"?>
<testsuites name="Hopital_readmission" time="28.455" tests="2" failures="0" errors="0">
   <testsuite name="Hopital_readmission" tests="2" failures="0" errors="0" time="28.455" skipped="0" timestamp="19-07-2024T20:18:41" hostname="Admin - DESKTOP-26G4KH6" id="Test Suites/Haealthcare/Appointment/Hopital_readmission">
      <properties>
         <property name="deviceName" value=""/>
         <property name="devicePlatform"/>
         <property name="logFolder" value="C:\\Users\\Admin\\git\\Katalon-certification\\Reports\\20240719_201832\\Haealthcare\\Appointment\\Hopital_readmission\\20240719_201832"/>
         <property name="logFiles" value="C:\\Users\\Admin\\git\\Katalon-certification\\Reports\\20240719_201832\\Haealthcare\\Appointment\\Hopital_readmission\\20240719_201832\\execution0.log"/>
         <property name="attachments" value=""/>
         <property name="hostName" value="Admin - DESKTOP-26G4KH6"/>
         <property name="os" value="Windows 10 64bit"/>
         <property name="katalonVersion" value="9.6.0.217"/>
         <property name="browser" value="Chrome 126.0.0.0"/>
         <property name="hostAddress" value="192.168.0.191"/>
         <property name="sessionId" value="40236916003ad0353a57f4854e69c615"/>
         <property name="seleniumVersion" value="3.141.59"/>
         <property name="proxyInformation" value="ProxyInformation { proxyOption=NO_PROXY, proxyServerType=HTTP, username=, password=********, proxyServerAddress=, proxyServerPort=0, executionList=&quot;&quot;, isApplyToDesiredCapabilities=true }"/>
         <property name="platform" value="Windows 10"/>
      </properties>
      <testcase name="Test Cases/Healthcare/Appointment/TC17_Apply_hopital_readmission" time="16.39" classname="Test Cases/Healthcare/Appointment/TC17_Apply_hopital_readmission" status="PASSED">
         <system-out><![CDATA[19-07-2024T20:18:41 - [TEST_CASE][PASSED] - Test Cases/Healthcare/Appointment/TC17_Apply_hopital_readmission: Test Cases/Healthcare/Appointment/TC17_Apply_hopital_readmission

19-07-2024T20:18:42 - [TEST_STEP][PASSED] - store.Authentication.HC_Login_Make_Appointment.Login_Appointment(): store.Authentication.HC_Login_Make_Appointment.Login_Appointment is PASSED

19-07-2024T20:18:42 - [MESSAGE][INFO] - Starting 'Chrome' driver

19-07-2024T20:18:42 - [MESSAGE][INFO] - Action delay is set to 0 milliseconds

19-07-2024T20:18:48 - [MESSAGE][PASSED] - Browser is opened with url: 'https://katalon-demo-cura.herokuapp.com/'

19-07-2024T20:18:48 - [MESSAGE][PASSED] - Current window maximized

19-07-2024T20:18:49 - [MESSAGE][PASSED] - Object: 'Object Repository/Healthcare/Dashboard/a_Make Appointment' is clicked on

19-07-2024T20:18:50 - [MESSAGE][PASSED] - Text 'John Doe' is set on object 'Object Repository/Healthcare/Login/input_Username_username'

19-07-2024T20:18:51 - [MESSAGE][PASSED] - Text 'ThisIsNotAPassword' is set on object 'Object Repository/Healthcare/Login/input_Password_password'

19-07-2024T20:18:52 - [MESSAGE][PASSED] - Object: 'Object Repository/Healthcare/Login/button_Login' is clicked on

19-07-2024T20:18:52 - [MESSAGE][PASSED] - Object 'Object Repository/Healthcare/Appointment/form_Healthcare' is present

19-07-2024T20:18:52 - [MESSAGE][PASSED] - Object 'Object Repository/Healthcare/Appointment/form_Healthcare' is present

19-07-2024T20:18:52 - [MESSAGE][PASSED] - store.Authentication.HC_Login_Make_Appointment.Login_Appointment is PASSED

19-07-2024T20:18:52 - [TEST_STEP][PASSED] - click(findTestObject("Object Repository/Healthcare/Appointment/Facility_dropdownlist")): Object: 'Object Repository/Healthcare/Appointment/Facility_dropdownlist' is clicked on

19-07-2024T20:18:53 - [MESSAGE][PASSED] - Object: 'Object Repository/Healthcare/Appointment/Facility_dropdownlist' is clicked on

19-07-2024T20:18:53 - [TEST_STEP][PASSED] - click(findTestObject("Object Repository/Healthcare/Appointment/Facility_Seoul_option")): Object: 'Object Repository/Healthcare/Appointment/Facility_Seoul_option' is clicked on

19-07-2024T20:18:53 - [MESSAGE][PASSED] - Object: 'Object Repository/Healthcare/Appointment/Facility_Seoul_option' is clicked on

19-07-2024T20:18:53 - [TEST_STEP][PASSED] - click(findTestObject("Object Repository/Healthcare/Appointment/Facility_Seoul_option")): Object: 'Object Repository/Healthcare/Appointment/Facility_Seoul_option' is clicked on

19-07-2024T20:18:53 - [MESSAGE][PASSED] - Object: 'Object Repository/Healthcare/Appointment/Facility_Seoul_option' is clicked on

19-07-2024T20:18:53 - [TEST_STEP][PASSED] - click(findTestObject("Object Repository/Healthcare/Appointment/VisitDate_Calendar_icon")): Object: 'Object Repository/Healthcare/Appointment/VisitDate_Calendar_icon' is clicked on

19-07-2024T20:18:54 - [MESSAGE][PASSED] - Object: 'Object Repository/Healthcare/Appointment/VisitDate_Calendar_icon' is clicked on

19-07-2024T20:18:54 - [TEST_STEP][PASSED] - click(findTestObject("Object Repository/Healthcare/Appointment/VisitDate_Calendar_Date_option")): Object: 'Object Repository/Healthcare/Appointment/VisitDate_Calendar_Date_option' is clicked on

19-07-2024T20:18:54 - [MESSAGE][PASSED] - Object: 'Object Repository/Healthcare/Appointment/VisitDate_Calendar_Date_option' is clicked on

19-07-2024T20:18:54 - [TEST_STEP][PASSED] - click(findTestObject("Object Repository/Healthcare/Appointment/Comment_textarea")): Object: 'Object Repository/Healthcare/Appointment/Comment_textarea' is clicked on

19-07-2024T20:18:55 - [MESSAGE][PASSED] - Object: 'Object Repository/Healthcare/Appointment/Comment_textarea' is clicked on

19-07-2024T20:18:55 - [TEST_STEP][PASSED] - check(findTestObject("Object Repository/Healthcare/Appointment/Apply_hopital_readmission_checkbox")): Object 'Object Repository/Healthcare/Appointment/Apply_hopital_readmission_checkbox' is checked

19-07-2024T20:18:55 - [MESSAGE][PASSED] - Object 'Object Repository/Healthcare/Appointment/Apply_hopital_readmission_checkbox' is checked

19-07-2024T20:18:55 - [TEST_STEP][PASSED] - click(findTestObject("Object Repository/Healthcare/Appointment/Book_appointment_button")): Object: 'Object Repository/Healthcare/Appointment/Book_appointment_button' is clicked on

19-07-2024T20:18:57 - [MESSAGE][PASSED] - Object: 'Object Repository/Healthcare/Appointment/Book_appointment_button' is clicked on

19-07-2024T20:18:57 - [TEST_STEP][PASSED] - verifyElementPresent(findTestObject("Object Repository/Healthcare/Summary/Appointment_Confirmation_label"), 3): Object 'Object Repository/Healthcare/Summary/Appointment_Confirmation_label' is present

19-07-2024T20:18:57 - [MESSAGE][PASSED] - Object 'Object Repository/Healthcare/Summary/Appointment_Confirmation_label' is present

19-07-2024T20:18:57 - [TEST_STEP][PASSED] - verifyElementPresent(findTestObject("Object Repository/Healthcare/Summary/Apply_hopital_readmission_Yes"), 3): Object 'Object Repository/Healthcare/Summary/Apply_hopital_readmission_Yes' is present

19-07-2024T20:18:57 - [MESSAGE][PASSED] - Object 'Object Repository/Healthcare/Summary/Apply_hopital_readmission_Yes' is present

19-07-2024T20:18:57 - [TEST_STEP][PASSED] - closeBrowser(): Browser is closed

19-07-2024T20:18:57 - [MESSAGE][PASSED] - Browser is closed]]></system-out>
         <system-err><![CDATA[]]></system-err>
      </testcase>
      <testcase name="Test Cases/Healthcare/Appointment/TC18_Not_Apply_hopital_readmission" time="11.881" classname="Test Cases/Healthcare/Appointment/TC18_Not_Apply_hopital_readmission" status="PASSED">
         <system-out><![CDATA[19-07-2024T20:18:57 - [TEST_CASE][PASSED] - Test Cases/Healthcare/Appointment/TC18_Not_Apply_hopital_readmission: Test Cases/Healthcare/Appointment/TC18_Not_Apply_hopital_readmission

19-07-2024T20:18:58 - [TEST_STEP][PASSED] - store.Authentication.HC_Login_Make_Appointment.Login_Appointment(): store.Authentication.HC_Login_Make_Appointment.Login_Appointment is PASSED

19-07-2024T20:18:58 - [MESSAGE][INFO] - Starting 'Chrome' driver

19-07-2024T20:18:58 - [MESSAGE][INFO] - Action delay is set to 0 milliseconds

19-07-2024T20:19:01 - [MESSAGE][PASSED] - Browser is opened with url: 'https://katalon-demo-cura.herokuapp.com/'

19-07-2024T20:19:01 - [MESSAGE][PASSED] - Current window maximized

19-07-2024T20:19:02 - [MESSAGE][PASSED] - Object: 'Object Repository/Healthcare/Dashboard/a_Make Appointment' is clicked on

19-07-2024T20:19:03 - [MESSAGE][PASSED] - Text 'John Doe' is set on object 'Object Repository/Healthcare/Login/input_Username_username'

19-07-2024T20:19:04 - [MESSAGE][PASSED] - Text 'ThisIsNotAPassword' is set on object 'Object Repository/Healthcare/Login/input_Password_password'

19-07-2024T20:19:05 - [MESSAGE][PASSED] - Object: 'Object Repository/Healthcare/Login/button_Login' is clicked on

19-07-2024T20:19:06 - [MESSAGE][PASSED] - Object 'Object Repository/Healthcare/Appointment/form_Healthcare' is present

19-07-2024T20:19:06 - [MESSAGE][PASSED] - Object 'Object Repository/Healthcare/Appointment/form_Healthcare' is present

19-07-2024T20:19:06 - [MESSAGE][PASSED] - store.Authentication.HC_Login_Make_Appointment.Login_Appointment is PASSED

19-07-2024T20:19:06 - [TEST_STEP][PASSED] - click(findTestObject("Object Repository/Healthcare/Appointment/Facility_dropdownlist")): Object: 'Object Repository/Healthcare/Appointment/Facility_dropdownlist' is clicked on

19-07-2024T20:19:06 - [MESSAGE][PASSED] - Object: 'Object Repository/Healthcare/Appointment/Facility_dropdownlist' is clicked on

19-07-2024T20:19:06 - [TEST_STEP][PASSED] - click(findTestObject("Object Repository/Healthcare/Appointment/Facility_Seoul_option")): Object: 'Object Repository/Healthcare/Appointment/Facility_Seoul_option' is clicked on

19-07-2024T20:19:06 - [MESSAGE][PASSED] - Object: 'Object Repository/Healthcare/Appointment/Facility_Seoul_option' is clicked on

19-07-2024T20:19:06 - [TEST_STEP][PASSED] - click(findTestObject("Object Repository/Healthcare/Appointment/Facility_Seoul_option")): Object: 'Object Repository/Healthcare/Appointment/Facility_Seoul_option' is clicked on

19-07-2024T20:19:07 - [MESSAGE][PASSED] - Object: 'Object Repository/Healthcare/Appointment/Facility_Seoul_option' is clicked on

19-07-2024T20:19:07 - [TEST_STEP][PASSED] - click(findTestObject("Object Repository/Healthcare/Appointment/VisitDate_Calendar_icon")): Object: 'Object Repository/Healthcare/Appointment/VisitDate_Calendar_icon' is clicked on

19-07-2024T20:19:07 - [MESSAGE][PASSED] - Object: 'Object Repository/Healthcare/Appointment/VisitDate_Calendar_icon' is clicked on

19-07-2024T20:19:07 - [TEST_STEP][PASSED] - click(findTestObject("Object Repository/Healthcare/Appointment/VisitDate_Calendar_Date_option")): Object: 'Object Repository/Healthcare/Appointment/VisitDate_Calendar_Date_option' is clicked on

19-07-2024T20:19:08 - [MESSAGE][PASSED] - Object: 'Object Repository/Healthcare/Appointment/VisitDate_Calendar_Date_option' is clicked on

19-07-2024T20:19:08 - [TEST_STEP][PASSED] - click(findTestObject("Object Repository/Healthcare/Appointment/Comment_textarea")): Object: 'Object Repository/Healthcare/Appointment/Comment_textarea' is clicked on

19-07-2024T20:19:08 - [MESSAGE][PASSED] - Object: 'Object Repository/Healthcare/Appointment/Comment_textarea' is clicked on

19-07-2024T20:19:08 - [TEST_STEP][PASSED] - click(findTestObject("Object Repository/Healthcare/Appointment/Book_appointment_button")): Object: 'Object Repository/Healthcare/Appointment/Book_appointment_button' is clicked on

19-07-2024T20:19:09 - [MESSAGE][PASSED] - Object: 'Object Repository/Healthcare/Appointment/Book_appointment_button' is clicked on

19-07-2024T20:19:09 - [TEST_STEP][PASSED] - verifyElementPresent(findTestObject("Object Repository/Healthcare/Summary/Appointment_Confirmation_label"), 3): Object 'Object Repository/Healthcare/Summary/Appointment_Confirmation_label' is present

19-07-2024T20:19:09 - [MESSAGE][PASSED] - Object 'Object Repository/Healthcare/Summary/Appointment_Confirmation_label' is present

19-07-2024T20:19:09 - [TEST_STEP][PASSED] - verifyElementPresent(findTestObject("Object Repository/Healthcare/Summary/Apply_hopital_readmission_No"), 3): Object 'Object Repository/Healthcare/Summary/Apply_hopital_readmission_No' is present

19-07-2024T20:19:09 - [MESSAGE][PASSED] - Object 'Object Repository/Healthcare/Summary/Apply_hopital_readmission_No' is present

19-07-2024T20:19:09 - [TEST_STEP][PASSED] - closeBrowser(): Browser is closed

19-07-2024T20:19:09 - [MESSAGE][PASSED] - Browser is closed]]></system-out>
         <system-err><![CDATA[]]></system-err>
      </testcase>
      <system-out><![CDATA[19-07-2024T20:18:41 - [TEST_SUITE][PASSED] - Hopital_readmission: Test Cases/Healthcare/Appointment/TC18_Not_Apply_hopital_readmission]]></system-out>
      <system-err><![CDATA[]]></system-err>
   </testsuite>
</testsuites>
