<?xml version="1.0" encoding="UTF-8"?>
<testsuites name="Sign in" time="887.713" tests="7" failures="0" errors="0">
   <testsuite name="Sign in" tests="7" failures="0" errors="0" time="887.713" skipped="0" timestamp="24-07-2024T19:30:35" hostname="Admin - DESKTOP-26G4KH6" id="Test Suites/Shopping Cart/Sign in/Sign in">
      <properties>
         <property name="deviceName" value=""/>
         <property name="devicePlatform"/>
         <property name="logFolder" value="C:\\Users\\Admin\\git\\Katalon-certification\\Reports\\20240724_193027\\Shopping Cart\\Sign in\\Sign in\\20240724_193027"/>
         <property name="logFiles" value="C:\\Users\\Admin\\git\\Katalon-certification\\Reports\\20240724_193027\\Shopping Cart\\Sign in\\Sign in\\20240724_193027\\execution0.log"/>
         <property name="attachments" value=""/>
         <property name="hostName" value="Admin - DESKTOP-26G4KH6"/>
         <property name="os" value="Windows 10 64bit"/>
         <property name="katalonVersion" value="9.6.0.217"/>
         <property name="browser" value="Chrome 126.0.0.0"/>
         <property name="hostAddress" value="192.168.0.191"/>
         <property name="sessionId" value="29b587168aa33a84d8f868fe86c9c4c4"/>
         <property name="seleniumVersion" value="3.141.59"/>
         <property name="proxyInformation" value="ProxyInformation { proxyOption=NO_PROXY, proxyServerType=HTTP, username=, password=********, proxyServerAddress=, proxyServerPort=0, executionList=&quot;&quot;, isApplyToDesiredCapabilities=true }"/>
         <property name="platform" value="Windows 10"/>
      </properties>
      <testcase name="Test Cases/Shopping Cart/Sign in/TC01_Fill_wrong_username_password_format" time="80.883" classname="Test Cases/Shopping Cart/Sign in/TC01_Fill_wrong_username_password_format" status="PASSED">
         <system-out><![CDATA[24-07-2024T19:30:35 - [TEST_CASE][PASSED] - Test Cases/Shopping Cart/Sign in/TC01_Fill_wrong_username_password_format: Test Cases/Shopping Cart/Sign in/TC01_Fill_wrong_username_password_format

24-07-2024T19:30:36 - [TEST_STEP][PASSED] - openBrowser(Login_URL): Browser is opened with url: 'https://demo-store.katalon.com/signin'

24-07-2024T19:30:37 - [MESSAGE][INFO] - Starting 'Chrome' driver

24-07-2024T19:30:37 - [MESSAGE][INFO] - Action delay is set to 0 milliseconds

24-07-2024T19:30:53 - [MESSAGE][PASSED] - Browser is opened with url: 'https://demo-store.katalon.com/signin'

24-07-2024T19:30:53 - [TEST_STEP][PASSED] - maximizeWindow(): Current window maximized

24-07-2024T19:30:53 - [MESSAGE][PASSED] - Current window maximized

24-07-2024T19:30:53 - [TEST_STEP][PASSED] - verifyElementPresent(findTestObject("Object Repository/Shopping Cart/Sign in/Sign_in_page"), 10): Object 'Object Repository/Shopping Cart/Sign in/Sign_in_page' is present

24-07-2024T19:30:54 - [MESSAGE][PASSED] - Object 'Object Repository/Shopping Cart/Sign in/Sign_in_page' is present

24-07-2024T19:30:54 - [TEST_STEP][PASSED] - setText(findTestObject("Object Repository/Shopping Cart/Sign in/Email_input"), username): Text 'abc' is set on object 'Object Repository/Shopping Cart/Sign in/Email_input'

24-07-2024T19:30:55 - [MESSAGE][PASSED] - Text 'abc' is set on object 'Object Repository/Shopping Cart/Sign in/Email_input'

24-07-2024T19:30:55 - [TEST_STEP][PASSED] - setText(findTestObject("Object Repository/Shopping Cart/Sign in/Password_input"), password): Text 'def' is set on object 'Object Repository/Shopping Cart/Sign in/Password_input'

24-07-2024T19:30:55 - [MESSAGE][PASSED] - Text 'def' is set on object 'Object Repository/Shopping Cart/Sign in/Password_input'

24-07-2024T19:30:55 - [TEST_STEP][PASSED] - sendKeys(findTestObject("Object Repository/Shopping Cart/Sign in/Password_input"), Keys.chord(TAB)): Keys 'TAB + ' sent to object: 'Object Repository/Shopping Cart/Sign in/Password_input'

24-07-2024T19:30:56 - [MESSAGE][PASSED] - Keys 'TAB + ' sent to object: 'Object Repository/Shopping Cart/Sign in/Password_input'

24-07-2024T19:30:56 - [TEST_STEP][PASSED] - verifyElementPresent(findTestObject("Object Repository/Shopping Cart/Sign in/Email_error_message_lb"), 10): Object 'Object Repository/Shopping Cart/Sign in/Email_error_message_lb' is present

24-07-2024T19:31:26 - [MESSAGE][PASSED] - Object 'Object Repository/Shopping Cart/Sign in/Email_error_message_lb' is present

24-07-2024T19:31:26 - [TEST_STEP][PASSED] - verifyElementPresent(findTestObject("Object Repository/Shopping Cart/Sign in/Password_error_message_lb"), 10): Object 'Object Repository/Shopping Cart/Sign in/Password_error_message_lb' is present

24-07-2024T19:31:56 - [MESSAGE][PASSED] - Object 'Object Repository/Shopping Cart/Sign in/Password_error_message_lb' is present

24-07-2024T19:31:56 - [TEST_STEP][PASSED] - closeBrowser(): Browser is closed

24-07-2024T19:31:56 - [MESSAGE][PASSED] - Browser is closed]]></system-out>
         <system-err><![CDATA[]]></system-err>
      </testcase>
      <testcase name="Test Cases/Shopping Cart/Sign in/TC01_Fill_wrong_username_password_format" time="255.001" classname="Test Cases/Shopping Cart/Sign in/TC01_Fill_wrong_username_password_format" status="PASSED">
         <system-out><![CDATA[24-07-2024T19:31:56 - [TEST_CASE][PASSED] - Test Cases/Shopping Cart/Sign in/TC01_Fill_wrong_username_password_format: Test Cases/Shopping Cart/Sign in/TC01_Fill_wrong_username_password_format

24-07-2024T19:31:56 - [TEST_STEP][PASSED] - openBrowser(Login_URL): Browser is opened with url: 'https://demo-store.katalon.com/signin'

24-07-2024T19:31:56 - [MESSAGE][INFO] - Starting 'Chrome' driver

24-07-2024T19:31:56 - [MESSAGE][INFO] - Action delay is set to 0 milliseconds

24-07-2024T19:32:11 - [MESSAGE][PASSED] - Browser is opened with url: 'https://demo-store.katalon.com/signin'

24-07-2024T19:32:11 - [TEST_STEP][PASSED] - maximizeWindow(): Current window maximized

24-07-2024T19:32:11 - [MESSAGE][PASSED] - Current window maximized

24-07-2024T19:32:11 - [TEST_STEP][PASSED] - verifyElementPresent(findTestObject("Object Repository/Shopping Cart/Sign in/Sign_in_page"), 10): Object 'Object Repository/Shopping Cart/Sign in/Sign_in_page' is present

24-07-2024T19:32:41 - [MESSAGE][PASSED] - Object 'Object Repository/Shopping Cart/Sign in/Sign_in_page' is present

24-07-2024T19:32:41 - [TEST_STEP][PASSED] - setText(findTestObject("Object Repository/Shopping Cart/Sign in/Email_input"), username): Text 'avgff@' is set on object 'Object Repository/Shopping Cart/Sign in/Email_input'

24-07-2024T19:33:41 - [MESSAGE][PASSED] - Text 'avgff@' is set on object 'Object Repository/Shopping Cart/Sign in/Email_input'

24-07-2024T19:33:41 - [TEST_STEP][PASSED] - setText(findTestObject("Object Repository/Shopping Cart/Sign in/Password_input"), password): Text 'abcdef' is set on object 'Object Repository/Shopping Cart/Sign in/Password_input'

24-07-2024T19:34:41 - [MESSAGE][PASSED] - Text 'abcdef' is set on object 'Object Repository/Shopping Cart/Sign in/Password_input'

24-07-2024T19:34:41 - [TEST_STEP][PASSED] - sendKeys(findTestObject("Object Repository/Shopping Cart/Sign in/Password_input"), Keys.chord(TAB)): Keys 'TAB + ' sent to object: 'Object Repository/Shopping Cart/Sign in/Password_input'

24-07-2024T19:35:11 - [MESSAGE][PASSED] - Keys 'TAB + ' sent to object: 'Object Repository/Shopping Cart/Sign in/Password_input'

24-07-2024T19:35:11 - [TEST_STEP][PASSED] - verifyElementPresent(findTestObject("Object Repository/Shopping Cart/Sign in/Email_error_message_lb"), 10): Object 'Object Repository/Shopping Cart/Sign in/Email_error_message_lb' is present

24-07-2024T19:35:41 - [MESSAGE][PASSED] - Object 'Object Repository/Shopping Cart/Sign in/Email_error_message_lb' is present

24-07-2024T19:35:41 - [TEST_STEP][PASSED] - verifyElementPresent(findTestObject("Object Repository/Shopping Cart/Sign in/Password_error_message_lb"), 10): Object 'Object Repository/Shopping Cart/Sign in/Password_error_message_lb' is present

24-07-2024T19:36:11 - [MESSAGE][PASSED] - Object 'Object Repository/Shopping Cart/Sign in/Password_error_message_lb' is present

24-07-2024T19:36:11 - [TEST_STEP][PASSED] - closeBrowser(): Browser is closed

24-07-2024T19:36:11 - [MESSAGE][PASSED] - Browser is closed]]></system-out>
         <system-err><![CDATA[]]></system-err>
      </testcase>
      <testcase name="Test Cases/Shopping Cart/Sign in/TC01_Fill_wrong_username_password_format" time="250.764" classname="Test Cases/Shopping Cart/Sign in/TC01_Fill_wrong_username_password_format" status="PASSED">
         <system-out><![CDATA[24-07-2024T19:36:11 - [TEST_CASE][PASSED] - Test Cases/Shopping Cart/Sign in/TC01_Fill_wrong_username_password_format: Test Cases/Shopping Cart/Sign in/TC01_Fill_wrong_username_password_format

24-07-2024T19:36:11 - [TEST_STEP][PASSED] - openBrowser(Login_URL): Browser is opened with url: 'https://demo-store.katalon.com/signin'

24-07-2024T19:36:11 - [MESSAGE][INFO] - Starting 'Chrome' driver

24-07-2024T19:36:11 - [MESSAGE][INFO] - Action delay is set to 0 milliseconds

24-07-2024T19:36:30 - [MESSAGE][PASSED] - Browser is opened with url: 'https://demo-store.katalon.com/signin'

24-07-2024T19:36:30 - [TEST_STEP][PASSED] - maximizeWindow(): Current window maximized

24-07-2024T19:36:30 - [MESSAGE][PASSED] - Current window maximized

24-07-2024T19:36:30 - [TEST_STEP][PASSED] - verifyElementPresent(findTestObject("Object Repository/Shopping Cart/Sign in/Sign_in_page"), 10): Object 'Object Repository/Shopping Cart/Sign in/Sign_in_page' is present

24-07-2024T19:37:00 - [MESSAGE][PASSED] - Object 'Object Repository/Shopping Cart/Sign in/Sign_in_page' is present

24-07-2024T19:37:00 - [TEST_STEP][PASSED] - setText(findTestObject("Object Repository/Shopping Cart/Sign in/Email_input"), username): Text 'avgff@com' is set on object 'Object Repository/Shopping Cart/Sign in/Email_input'

24-07-2024T19:37:52 - [MESSAGE][PASSED] - Text 'avgff@com' is set on object 'Object Repository/Shopping Cart/Sign in/Email_input'

24-07-2024T19:37:52 - [TEST_STEP][PASSED] - setText(findTestObject("Object Repository/Shopping Cart/Sign in/Password_input"), password): Text 'ABC123' is set on object 'Object Repository/Shopping Cart/Sign in/Password_input'

24-07-2024T19:38:52 - [MESSAGE][PASSED] - Text 'ABC123' is set on object 'Object Repository/Shopping Cart/Sign in/Password_input'

24-07-2024T19:38:52 - [TEST_STEP][PASSED] - sendKeys(findTestObject("Object Repository/Shopping Cart/Sign in/Password_input"), Keys.chord(TAB)): Keys 'TAB + ' sent to object: 'Object Repository/Shopping Cart/Sign in/Password_input'

24-07-2024T19:39:22 - [MESSAGE][PASSED] - Keys 'TAB + ' sent to object: 'Object Repository/Shopping Cart/Sign in/Password_input'

24-07-2024T19:39:22 - [TEST_STEP][PASSED] - verifyElementPresent(findTestObject("Object Repository/Shopping Cart/Sign in/Email_error_message_lb"), 10): Object 'Object Repository/Shopping Cart/Sign in/Email_error_message_lb' is present

24-07-2024T19:39:52 - [MESSAGE][PASSED] - Object 'Object Repository/Shopping Cart/Sign in/Email_error_message_lb' is present

24-07-2024T19:39:52 - [TEST_STEP][PASSED] - verifyElementPresent(findTestObject("Object Repository/Shopping Cart/Sign in/Password_error_message_lb"), 10): Object 'Object Repository/Shopping Cart/Sign in/Password_error_message_lb' is present

24-07-2024T19:40:22 - [MESSAGE][PASSED] - Object 'Object Repository/Shopping Cart/Sign in/Password_error_message_lb' is present

24-07-2024T19:40:22 - [TEST_STEP][PASSED] - closeBrowser(): Browser is closed

24-07-2024T19:40:22 - [MESSAGE][PASSED] - Browser is closed]]></system-out>
         <system-err><![CDATA[]]></system-err>
      </testcase>
      <testcase name="Test Cases/Shopping Cart/Sign in/TC02_Login_with_blank_username_password" time="13.515" classname="Test Cases/Shopping Cart/Sign in/TC02_Login_with_blank_username_password" status="PASSED">
         <system-out><![CDATA[24-07-2024T19:40:22 - [TEST_CASE][PASSED] - Test Cases/Shopping Cart/Sign in/TC02_Login_with_blank_username_password: Test Cases/Shopping Cart/Sign in/TC02_Login_with_blank_username_password

24-07-2024T19:40:22 - [TEST_STEP][PASSED] - openBrowser(Login_URL): Browser is opened with url: 'https://demo-store.katalon.com/signin'

24-07-2024T19:40:22 - [MESSAGE][INFO] - Starting 'Chrome' driver

24-07-2024T19:40:22 - [MESSAGE][INFO] - Action delay is set to 0 milliseconds

24-07-2024T19:40:33 - [MESSAGE][PASSED] - Browser is opened with url: 'https://demo-store.katalon.com/signin'

24-07-2024T19:40:33 - [TEST_STEP][PASSED] - maximizeWindow(): Current window maximized

24-07-2024T19:40:33 - [MESSAGE][PASSED] - Current window maximized

24-07-2024T19:40:33 - [TEST_STEP][PASSED] - verifyElementPresent(findTestObject("Object Repository/Shopping Cart/Sign in/Sign_in_page"), 10): Object 'Object Repository/Shopping Cart/Sign in/Sign_in_page' is present

24-07-2024T19:40:33 - [MESSAGE][PASSED] - Object 'Object Repository/Shopping Cart/Sign in/Sign_in_page' is present

24-07-2024T19:40:33 - [TEST_STEP][PASSED] - setText(findTestObject("Object Repository/Shopping Cart/Sign in/Email_input"), ""): Text '' is set on object 'Object Repository/Shopping Cart/Sign in/Email_input'

24-07-2024T19:40:33 - [MESSAGE][PASSED] - Text '' is set on object 'Object Repository/Shopping Cart/Sign in/Email_input'

24-07-2024T19:40:33 - [TEST_STEP][PASSED] - setText(findTestObject("Object Repository/Shopping Cart/Sign in/Password_input"), ""): Text '' is set on object 'Object Repository/Shopping Cart/Sign in/Password_input'

24-07-2024T19:40:34 - [MESSAGE][PASSED] - Text '' is set on object 'Object Repository/Shopping Cart/Sign in/Password_input'

24-07-2024T19:40:34 - [TEST_STEP][PASSED] - click(findTestObject("Object Repository/Shopping Cart/Sign in/Signin_button")): Object: 'Object Repository/Shopping Cart/Sign in/Signin_button' is clicked on

24-07-2024T19:40:35 - [MESSAGE][PASSED] - Object: 'Object Repository/Shopping Cart/Sign in/Signin_button' is clicked on

24-07-2024T19:40:35 - [TEST_STEP][PASSED] - verifyElementPresent(findTestObject("Object Repository/Shopping Cart/Sign in/Email_error_message_lb"), 10): Object 'Object Repository/Shopping Cart/Sign in/Email_error_message_lb' is present

24-07-2024T19:40:35 - [MESSAGE][PASSED] - Object 'Object Repository/Shopping Cart/Sign in/Email_error_message_lb' is present

24-07-2024T19:40:35 - [TEST_STEP][PASSED] - verifyElementPresent(findTestObject("Object Repository/Shopping Cart/Sign in/Password_error_message_lb"), 10): Object 'Object Repository/Shopping Cart/Sign in/Password_error_message_lb' is present

24-07-2024T19:40:36 - [MESSAGE][PASSED] - Object 'Object Repository/Shopping Cart/Sign in/Password_error_message_lb' is present

24-07-2024T19:40:36 - [TEST_STEP][PASSED] - closeBrowser(): Browser is closed

24-07-2024T19:40:36 - [MESSAGE][PASSED] - Browser is closed]]></system-out>
         <system-err><![CDATA[]]></system-err>
      </testcase>
      <testcase name="Test Cases/Shopping Cart/Sign in/TC03_Login_with_incorrect_username_password" time="17.122" classname="Test Cases/Shopping Cart/Sign in/TC03_Login_with_incorrect_username_password" status="PASSED">
         <system-out><![CDATA[24-07-2024T19:40:36 - [TEST_CASE][PASSED] - Test Cases/Shopping Cart/Sign in/TC03_Login_with_incorrect_username_password: Test Cases/Shopping Cart/Sign in/TC03_Login_with_incorrect_username_password

24-07-2024T19:40:36 - [TEST_STEP][PASSED] - openBrowser(Login_URL): Browser is opened with url: 'https://demo-store.katalon.com/signin'

24-07-2024T19:40:36 - [MESSAGE][INFO] - Starting 'Chrome' driver

24-07-2024T19:40:36 - [MESSAGE][INFO] - Action delay is set to 0 milliseconds

24-07-2024T19:40:44 - [MESSAGE][PASSED] - Browser is opened with url: 'https://demo-store.katalon.com/signin'

24-07-2024T19:40:45 - [TEST_STEP][PASSED] - maximizeWindow(): Current window maximized

24-07-2024T19:40:45 - [MESSAGE][PASSED] - Current window maximized

24-07-2024T19:40:45 - [TEST_STEP][PASSED] - verifyElementPresent(findTestObject("Object Repository/Shopping Cart/Sign in/Sign_in_page"), 10): Object 'Object Repository/Shopping Cart/Sign in/Sign_in_page' is present

24-07-2024T19:40:50 - [MESSAGE][PASSED] - Object 'Object Repository/Shopping Cart/Sign in/Sign_in_page' is present

24-07-2024T19:40:50 - [TEST_STEP][PASSED] - setText(findTestObject("Object Repository/Shopping Cart/Sign in/Email_input"), username): Text 'abc@gmail.com' is set on object 'Object Repository/Shopping Cart/Sign in/Email_input'

24-07-2024T19:40:51 - [MESSAGE][PASSED] - Text 'abc@gmail.com' is set on object 'Object Repository/Shopping Cart/Sign in/Email_input'

24-07-2024T19:40:51 - [TEST_STEP][PASSED] - setText(findTestObject("Object Repository/Shopping Cart/Sign in/Password_input"), password): Text 'Abcdef123' is set on object 'Object Repository/Shopping Cart/Sign in/Password_input'

24-07-2024T19:40:51 - [MESSAGE][PASSED] - Text 'Abcdef123' is set on object 'Object Repository/Shopping Cart/Sign in/Password_input'

24-07-2024T19:40:51 - [TEST_STEP][PASSED] - click(findTestObject("Object Repository/Shopping Cart/Sign in/Signin_button")): Object: 'Object Repository/Shopping Cart/Sign in/Signin_button' is clicked on

24-07-2024T19:40:52 - [MESSAGE][PASSED] - Object: 'Object Repository/Shopping Cart/Sign in/Signin_button' is clicked on

24-07-2024T19:40:52 - [TEST_STEP][PASSED] - verifyElementNotPresent(findTestObject("Object Repository/Shopping Cart/Dashboard/Dashboard_page"), 5): Web element with id: 'Object Repository/Shopping Cart/Dashboard/Dashboard_page' located by 'By.xpath: //*[contains(@class,'dashboard_box')]' is not present after '5' second(s)

24-07-2024T19:40:53 - [MESSAGE][PASSED] - Web element with id: 'Object Repository/Shopping Cart/Dashboard/Dashboard_page' located by 'By.xpath: //*[contains(@class,'dashboard_box')]' is not present after '5' second(s)

24-07-2024T19:40:53 - [TEST_STEP][PASSED] - closeBrowser(): Browser is closed

24-07-2024T19:40:53 - [MESSAGE][PASSED] - Browser is closed]]></system-out>
         <system-err><![CDATA[]]></system-err>
      </testcase>
      <testcase name="Test Cases/Shopping Cart/Sign in/TC04_Login_with_correct_username_password" time="253.615" classname="Test Cases/Shopping Cart/Sign in/TC04_Login_with_correct_username_password" status="PASSED">
         <system-out><![CDATA[24-07-2024T19:40:53 - [TEST_CASE][PASSED] - Test Cases/Shopping Cart/Sign in/TC04_Login_with_correct_username_password: Test Cases/Shopping Cart/Sign in/TC04_Login_with_correct_username_password

24-07-2024T19:40:53 - [TEST_STEP][PASSED] - openBrowser(Login_URL): Browser is opened with url: 'https://demo-store.katalon.com/signin'

24-07-2024T19:40:53 - [MESSAGE][INFO] - Starting 'Chrome' driver

24-07-2024T19:40:53 - [MESSAGE][INFO] - Action delay is set to 0 milliseconds

24-07-2024T19:41:06 - [MESSAGE][PASSED] - Browser is opened with url: 'https://demo-store.katalon.com/signin'

24-07-2024T19:41:06 - [TEST_STEP][PASSED] - maximizeWindow(): Current window maximized

24-07-2024T19:41:06 - [MESSAGE][PASSED] - Current window maximized

24-07-2024T19:41:06 - [TEST_STEP][PASSED] - verifyElementPresent(findTestObject("Object Repository/Shopping Cart/Sign in/Sign_in_page"), 10): Object 'Object Repository/Shopping Cart/Sign in/Sign_in_page' is present

24-07-2024T19:41:36 - [MESSAGE][PASSED] - Object 'Object Repository/Shopping Cart/Sign in/Sign_in_page' is present

24-07-2024T19:41:36 - [TEST_STEP][PASSED] - setText(findTestObject("Object Repository/Shopping Cart/Sign in/Email_input"), username): Text 'quoc.huy.lu8960@gmail.com' is set on object 'Object Repository/Shopping Cart/Sign in/Email_input'

24-07-2024T19:42:36 - [MESSAGE][PASSED] - Text 'quoc.huy.lu8960@gmail.com' is set on object 'Object Repository/Shopping Cart/Sign in/Email_input'

24-07-2024T19:42:36 - [TEST_STEP][PASSED] - setText(findTestObject("Object Repository/Shopping Cart/Sign in/Password_input"), password): Text 'KatalonCerti123' is set on object 'Object Repository/Shopping Cart/Sign in/Password_input'

24-07-2024T19:43:36 - [MESSAGE][PASSED] - Text 'KatalonCerti123' is set on object 'Object Repository/Shopping Cart/Sign in/Password_input'

24-07-2024T19:43:36 - [TEST_STEP][PASSED] - click(findTestObject("Object Repository/Shopping Cart/Sign in/Signin_button")): Object: 'Object Repository/Shopping Cart/Sign in/Signin_button' is clicked on

24-07-2024T19:44:06 - [MESSAGE][PASSED] - Object: 'Object Repository/Shopping Cart/Sign in/Signin_button' is clicked on

24-07-2024T19:44:06 - [TEST_STEP][PASSED] - waitForElementPresent(findTestObject("Object Repository/Shopping Cart/Dashboard/Dashboard_page"), 10): Object 'Object Repository/Shopping Cart/Dashboard/Dashboard_page' is present

24-07-2024T19:44:36 - [MESSAGE][PASSED] - Object 'Object Repository/Shopping Cart/Dashboard/Dashboard_page' is present

24-07-2024T19:44:36 - [TEST_STEP][PASSED] - verifyElementPresent(findTestObject("Object Repository/Shopping Cart/Dashboard/Dashboard_page"), 10): Object 'Object Repository/Shopping Cart/Dashboard/Dashboard_page' is present

24-07-2024T19:45:06 - [MESSAGE][PASSED] - Object 'Object Repository/Shopping Cart/Dashboard/Dashboard_page' is present

24-07-2024T19:45:06 - [TEST_STEP][PASSED] - closeBrowser(): Browser is closed

24-07-2024T19:45:06 - [MESSAGE][PASSED] - Browser is closed]]></system-out>
         <system-err><![CDATA[]]></system-err>
      </testcase>
      <testcase name="Test Cases/Shopping Cart/Sign in/TC05_Login_page_success_via_Account_button" time="16.343" classname="Test Cases/Shopping Cart/Sign in/TC05_Login_page_success_via_Account_button" status="PASSED">
         <system-out><![CDATA[24-07-2024T19:45:06 - [TEST_CASE][PASSED] - Test Cases/Shopping Cart/Sign in/TC05_Login_page_success_via_Account_button: Test Cases/Shopping Cart/Sign in/TC05_Login_page_success_via_Account_button

24-07-2024T19:45:07 - [TEST_STEP][PASSED] - openBrowser(Dashborad_URL): Browser is opened with url: 'https://demo-store.katalon.com/'

24-07-2024T19:45:07 - [MESSAGE][INFO] - Starting 'Chrome' driver

24-07-2024T19:45:07 - [MESSAGE][INFO] - Action delay is set to 0 milliseconds

24-07-2024T19:45:16 - [MESSAGE][PASSED] - Browser is opened with url: 'https://demo-store.katalon.com/'

24-07-2024T19:45:16 - [TEST_STEP][PASSED] - maximizeWindow(): Current window maximized

24-07-2024T19:45:16 - [MESSAGE][PASSED] - Current window maximized

24-07-2024T19:45:16 - [TEST_STEP][PASSED] - verifyElementPresent(findTestObject("Object Repository/Shopping Cart/Dashboard/Dashboard_page"), 10): Object 'Object Repository/Shopping Cart/Dashboard/Dashboard_page' is present

24-07-2024T19:45:18 - [MESSAGE][PASSED] - Object 'Object Repository/Shopping Cart/Dashboard/Dashboard_page' is present

24-07-2024T19:45:18 - [TEST_STEP][PASSED] - waitForElementPresent(findTestObject("Object Repository/Shopping Cart/Header/User_icon_logged_out"), 10): Object 'Object Repository/Shopping Cart/Header/User_icon_logged_out' is present

24-07-2024T19:45:18 - [MESSAGE][PASSED] - Object 'Object Repository/Shopping Cart/Header/User_icon_logged_out' is present

24-07-2024T19:45:18 - [TEST_STEP][PASSED] - click(findTestObject("Object Repository/Shopping Cart/Header/User_icon_logged_out")): Object: 'Object Repository/Shopping Cart/Header/User_icon_logged_out' is clicked on

24-07-2024T19:45:19 - [MESSAGE][PASSED] - Object: 'Object Repository/Shopping Cart/Header/User_icon_logged_out' is clicked on

24-07-2024T19:45:19 - [TEST_STEP][PASSED] - verifyElementPresent(findTestObject("Object Repository/Shopping Cart/Sign in/Sign_in_page"), 10): Object 'Object Repository/Shopping Cart/Sign in/Sign_in_page' is present

24-07-2024T19:45:19 - [MESSAGE][PASSED] - Object 'Object Repository/Shopping Cart/Sign in/Sign_in_page' is present

24-07-2024T19:45:19 - [TEST_STEP][PASSED] - setText(findTestObject("Object Repository/Shopping Cart/Sign in/Email_input"), username): Text 'quoc.huy.lu8960@gmail.com' is set on object 'Object Repository/Shopping Cart/Sign in/Email_input'

24-07-2024T19:45:20 - [MESSAGE][PASSED] - Text 'quoc.huy.lu8960@gmail.com' is set on object 'Object Repository/Shopping Cart/Sign in/Email_input'

24-07-2024T19:45:20 - [TEST_STEP][PASSED] - setText(findTestObject("Object Repository/Shopping Cart/Sign in/Password_input"), password): Text 'KatalonCerti123' is set on object 'Object Repository/Shopping Cart/Sign in/Password_input'

24-07-2024T19:45:20 - [MESSAGE][PASSED] - Text 'KatalonCerti123' is set on object 'Object Repository/Shopping Cart/Sign in/Password_input'

24-07-2024T19:45:20 - [TEST_STEP][PASSED] - click(findTestObject("Object Repository/Shopping Cart/Sign in/Signin_button")): Object: 'Object Repository/Shopping Cart/Sign in/Signin_button' is clicked on

24-07-2024T19:45:21 - [MESSAGE][PASSED] - Object: 'Object Repository/Shopping Cart/Sign in/Signin_button' is clicked on

24-07-2024T19:45:21 - [TEST_STEP][PASSED] - waitForElementPresent(findTestObject("Object Repository/Shopping Cart/Dashboard/Dashboard_page"), 10): Object 'Object Repository/Shopping Cart/Dashboard/Dashboard_page' is present

24-07-2024T19:45:22 - [MESSAGE][PASSED] - Object 'Object Repository/Shopping Cart/Dashboard/Dashboard_page' is present

24-07-2024T19:45:22 - [TEST_STEP][PASSED] - verifyElementPresent(findTestObject("Object Repository/Shopping Cart/Dashboard/Dashboard_page"), 10): Object 'Object Repository/Shopping Cart/Dashboard/Dashboard_page' is present

24-07-2024T19:45:23 - [MESSAGE][PASSED] - Object 'Object Repository/Shopping Cart/Dashboard/Dashboard_page' is present

24-07-2024T19:45:23 - [TEST_STEP][PASSED] - closeBrowser(): Browser is closed

24-07-2024T19:45:23 - [MESSAGE][PASSED] - Browser is closed]]></system-out>
         <system-err><![CDATA[]]></system-err>
      </testcase>
      <system-out><![CDATA[24-07-2024T19:30:35 - [TEST_SUITE][PASSED] - Sign in: Test Cases/Shopping Cart/Sign in/TC05_Login_page_success_via_Account_button]]></system-out>
      <system-err><![CDATA[]]></system-err>
   </testsuite>
</testsuites>
