<?xml version="1.0" encoding="UTF-8"?>
<testsuites name="Header_menu_All" time="285.444" tests="10" failures="0" errors="0">
   <testsuite name="Header_menu_All" tests="10" failures="0" errors="0" time="285.444" skipped="0" timestamp="19-07-2024T20:25:55" hostname="Admin - DESKTOP-26G4KH6" id="Test Suites/Shopping Cart/Filter/Header_menu_All">
      <properties>
         <property name="deviceName" value=""/>
         <property name="devicePlatform"/>
         <property name="logFolder" value="C:\\Users\\Admin\\git\\Katalon-certification\\Reports\\20240719_202545\\Shopping Cart\\Filter\\Header_menu_All\\20240719_202546"/>
         <property name="logFiles" value="C:\\Users\\Admin\\git\\Katalon-certification\\Reports\\20240719_202545\\Shopping Cart\\Filter\\Header_menu_All\\20240719_202546\\execution0.log"/>
         <property name="attachments" value=""/>
         <property name="hostName" value="Admin - DESKTOP-26G4KH6"/>
         <property name="os" value="Windows 10 64bit"/>
         <property name="katalonVersion" value="9.6.0.217"/>
         <property name="browser" value="Chrome 126.0.0.0"/>
         <property name="hostAddress" value="192.168.0.191"/>
         <property name="sessionId" value="cb84a204e6d49f1ba32b67105f468e22"/>
         <property name="seleniumVersion" value="3.141.59"/>
         <property name="proxyInformation" value="ProxyInformation { proxyOption=NO_PROXY, proxyServerType=HTTP, username=, password=********, proxyServerAddress=, proxyServerPort=0, executionList=&quot;&quot;, isApplyToDesiredCapabilities=true }"/>
         <property name="platform" value="Windows 10"/>
      </properties>
      <testcase name="Test Cases/Shopping Cart/Filter/TC30_HeaderMenu_All_products_01" time="17.114" classname="Test Cases/Shopping Cart/Filter/TC30_HeaderMenu_All_products_01" status="PASSED">
         <system-out><![CDATA[19-07-2024T20:25:55 - [TEST_CASE][PASSED] - Test Cases/Shopping Cart/Filter/TC30_HeaderMenu_All_products_01: Test Cases/Shopping Cart/Filter/TC30_HeaderMenu_All_products_01

19-07-2024T20:25:56 - [TEST_STEP][PASSED] - openBrowser(Dashborad_URL): Browser is opened with url: 'https://demo-store.katalon.com/'

19-07-2024T20:25:57 - [MESSAGE][INFO] - Starting 'Chrome' driver

19-07-2024T20:25:57 - [MESSAGE][INFO] - Action delay is set to 0 milliseconds

19-07-2024T20:26:00 - [MESSAGE][PASSED] - Browser is opened with url: 'https://demo-store.katalon.com/'

19-07-2024T20:26:00 - [TEST_STEP][PASSED] - maximizeWindow(): Current window maximized

19-07-2024T20:26:06 - [MESSAGE][PASSED] - Current window maximized

19-07-2024T20:26:06 - [TEST_STEP][PASSED] - waitForElementPresent(findTestObject("Object Repository/Shopping Cart/Dashboard/Dashboard_page"), 5): Object 'Object Repository/Shopping Cart/Dashboard/Dashboard_page' is present

19-07-2024T20:26:11 - [MESSAGE][PASSED] - Object 'Object Repository/Shopping Cart/Dashboard/Dashboard_page' is present

19-07-2024T20:26:11 - [TEST_STEP][PASSED] - click(findTestObject("Object Repository/Shopping Cart/Header/Header_menu_All_products")): Object: 'Object Repository/Shopping Cart/Header/Header_menu_All_products' is clicked on

19-07-2024T20:26:11 - [MESSAGE][PASSED] - Object: 'Object Repository/Shopping Cart/Header/Header_menu_All_products' is clicked on

19-07-2024T20:26:11 - [TEST_STEP][PASSED] - verifyElementPresent(findTestObject("Object Repository/Shopping Cart/Dashboard/Product_item", ["product_name":product_name]), 5): Object 'Object Repository/Shopping Cart/Dashboard/Product_item' is present

19-07-2024T20:26:12 - [MESSAGE][PASSED] - Object 'Object Repository/Shopping Cart/Dashboard/Product_item' is present

19-07-2024T20:26:12 - [TEST_STEP][PASSED] - closeBrowser(): Browser is closed

19-07-2024T20:26:12 - [MESSAGE][PASSED] - Browser is closed]]></system-out>
         <system-err><![CDATA[]]></system-err>
      </testcase>
      <testcase name="Test Cases/Shopping Cart/Filter/TC31_HeaderMenu_All_products_02" time="17.933" classname="Test Cases/Shopping Cart/Filter/TC31_HeaderMenu_All_products_02" status="PASSED">
         <system-out><![CDATA[19-07-2024T20:26:12 - [TEST_CASE][PASSED] - Test Cases/Shopping Cart/Filter/TC31_HeaderMenu_All_products_02: Test Cases/Shopping Cart/Filter/TC31_HeaderMenu_All_products_02

19-07-2024T20:26:12 - [TEST_STEP][PASSED] - openBrowser(Dashborad_URL): Browser is opened with url: 'https://demo-store.katalon.com/'

19-07-2024T20:26:12 - [MESSAGE][INFO] - Starting 'Chrome' driver

19-07-2024T20:26:12 - [MESSAGE][INFO] - Action delay is set to 0 milliseconds

19-07-2024T20:26:22 - [MESSAGE][PASSED] - Browser is opened with url: 'https://demo-store.katalon.com/'

19-07-2024T20:26:22 - [TEST_STEP][PASSED] - maximizeWindow(): Current window maximized

19-07-2024T20:26:22 - [MESSAGE][PASSED] - Current window maximized

19-07-2024T20:26:22 - [TEST_STEP][PASSED] - waitForElementPresent(findTestObject("Object Repository/Shopping Cart/Dashboard/Dashboard_page"), 5): Object 'Object Repository/Shopping Cart/Dashboard/Dashboard_page' is present

19-07-2024T20:26:28 - [MESSAGE][PASSED] - Object 'Object Repository/Shopping Cart/Dashboard/Dashboard_page' is present

19-07-2024T20:26:28 - [TEST_STEP][PASSED] - click(findTestObject("Object Repository/Shopping Cart/Header/Header_menu_All_products")): Object: 'Object Repository/Shopping Cart/Header/Header_menu_All_products' is clicked on

19-07-2024T20:26:29 - [MESSAGE][PASSED] - Object: 'Object Repository/Shopping Cart/Header/Header_menu_All_products' is clicked on

19-07-2024T20:26:29 - [TEST_STEP][PASSED] - verifyElementPresent(findTestObject("Object Repository/Shopping Cart/Dashboard/Product_item", ["product_name":product_name]), 5): Object 'Object Repository/Shopping Cart/Dashboard/Product_item' is present

19-07-2024T20:26:30 - [MESSAGE][PASSED] - Object 'Object Repository/Shopping Cart/Dashboard/Product_item' is present

19-07-2024T20:26:30 - [TEST_STEP][PASSED] - closeBrowser(): Browser is closed

19-07-2024T20:26:30 - [MESSAGE][PASSED] - Browser is closed]]></system-out>
         <system-err><![CDATA[]]></system-err>
      </testcase>
      <testcase name="Test Cases/Shopping Cart/Filter/TC32_HeaderMenu_All_products_03" time="20.31" classname="Test Cases/Shopping Cart/Filter/TC32_HeaderMenu_All_products_03" status="PASSED">
         <system-out><![CDATA[19-07-2024T20:26:30 - [TEST_CASE][PASSED] - Test Cases/Shopping Cart/Filter/TC32_HeaderMenu_All_products_03: Test Cases/Shopping Cart/Filter/TC32_HeaderMenu_All_products_03

19-07-2024T20:26:30 - [TEST_STEP][PASSED] - openBrowser(Dashborad_URL): Browser is opened with url: 'https://demo-store.katalon.com/'

19-07-2024T20:26:30 - [MESSAGE][INFO] - Starting 'Chrome' driver

19-07-2024T20:26:30 - [MESSAGE][INFO] - Action delay is set to 0 milliseconds

19-07-2024T20:26:43 - [MESSAGE][PASSED] - Browser is opened with url: 'https://demo-store.katalon.com/'

19-07-2024T20:26:43 - [TEST_STEP][PASSED] - maximizeWindow(): Current window maximized

19-07-2024T20:26:43 - [MESSAGE][PASSED] - Current window maximized

19-07-2024T20:26:43 - [TEST_STEP][PASSED] - waitForElementPresent(findTestObject("Object Repository/Shopping Cart/Dashboard/Dashboard_page"), 5): Object 'Object Repository/Shopping Cart/Dashboard/Dashboard_page' is present

19-07-2024T20:26:49 - [MESSAGE][PASSED] - Object 'Object Repository/Shopping Cart/Dashboard/Dashboard_page' is present

19-07-2024T20:26:49 - [TEST_STEP][PASSED] - click(findTestObject("Object Repository/Shopping Cart/Header/Header_menu_All_products")): Object: 'Object Repository/Shopping Cart/Header/Header_menu_All_products' is clicked on

19-07-2024T20:26:49 - [MESSAGE][PASSED] - Object: 'Object Repository/Shopping Cart/Header/Header_menu_All_products' is clicked on

19-07-2024T20:26:49 - [TEST_STEP][PASSED] - verifyElementPresent(findTestObject("Object Repository/Shopping Cart/Dashboard/Product_item", ["product_name":product_name]), 5): Object 'Object Repository/Shopping Cart/Dashboard/Product_item' is present

19-07-2024T20:26:50 - [MESSAGE][PASSED] - Object 'Object Repository/Shopping Cart/Dashboard/Product_item' is present

19-07-2024T20:26:50 - [TEST_STEP][PASSED] - closeBrowser(): Browser is closed

19-07-2024T20:26:51 - [MESSAGE][PASSED] - Browser is closed]]></system-out>
         <system-err><![CDATA[]]></system-err>
      </testcase>
      <testcase name="Test Cases/Shopping Cart/Filter/TC33_HeaderMenu_All_products_04" time="24.815" classname="Test Cases/Shopping Cart/Filter/TC33_HeaderMenu_All_products_04" status="PASSED">
         <system-out><![CDATA[19-07-2024T20:26:51 - [TEST_CASE][PASSED] - Test Cases/Shopping Cart/Filter/TC33_HeaderMenu_All_products_04: Test Cases/Shopping Cart/Filter/TC33_HeaderMenu_All_products_04

19-07-2024T20:26:51 - [TEST_STEP][PASSED] - openBrowser(Dashborad_URL): Browser is opened with url: 'https://demo-store.katalon.com/'

19-07-2024T20:26:51 - [MESSAGE][INFO] - Starting 'Chrome' driver

19-07-2024T20:26:51 - [MESSAGE][INFO] - Action delay is set to 0 milliseconds

19-07-2024T20:27:08 - [MESSAGE][PASSED] - Browser is opened with url: 'https://demo-store.katalon.com/'

19-07-2024T20:27:08 - [TEST_STEP][PASSED] - maximizeWindow(): Current window maximized

19-07-2024T20:27:08 - [MESSAGE][PASSED] - Current window maximized

19-07-2024T20:27:08 - [TEST_STEP][PASSED] - waitForElementPresent(findTestObject("Object Repository/Shopping Cart/Dashboard/Dashboard_page"), 5): Object 'Object Repository/Shopping Cart/Dashboard/Dashboard_page' is present

19-07-2024T20:27:14 - [MESSAGE][PASSED] - Object 'Object Repository/Shopping Cart/Dashboard/Dashboard_page' is present

19-07-2024T20:27:14 - [TEST_STEP][PASSED] - click(findTestObject("Object Repository/Shopping Cart/Header/Header_menu_All_products")): Object: 'Object Repository/Shopping Cart/Header/Header_menu_All_products' is clicked on

19-07-2024T20:27:15 - [MESSAGE][PASSED] - Object: 'Object Repository/Shopping Cart/Header/Header_menu_All_products' is clicked on

19-07-2024T20:27:15 - [TEST_STEP][PASSED] - verifyElementPresent(findTestObject("Object Repository/Shopping Cart/Dashboard/Product_item", ["product_name":product_name]), 5): Object 'Object Repository/Shopping Cart/Dashboard/Product_item' is present

19-07-2024T20:27:15 - [MESSAGE][PASSED] - Object 'Object Repository/Shopping Cart/Dashboard/Product_item' is present

19-07-2024T20:27:15 - [TEST_STEP][PASSED] - closeBrowser(): Browser is closed

19-07-2024T20:27:15 - [MESSAGE][PASSED] - Browser is closed]]></system-out>
         <system-err><![CDATA[]]></system-err>
      </testcase>
      <testcase name="Test Cases/Shopping Cart/Filter/TC34_HeaderMenu_All_products_05" time="17.826" classname="Test Cases/Shopping Cart/Filter/TC34_HeaderMenu_All_products_05" status="PASSED">
         <system-out><![CDATA[19-07-2024T20:27:15 - [TEST_CASE][PASSED] - Test Cases/Shopping Cart/Filter/TC34_HeaderMenu_All_products_05: Test Cases/Shopping Cart/Filter/TC34_HeaderMenu_All_products_05

19-07-2024T20:27:15 - [TEST_STEP][PASSED] - openBrowser(Dashborad_URL): Browser is opened with url: 'https://demo-store.katalon.com/'

19-07-2024T20:27:15 - [MESSAGE][INFO] - Starting 'Chrome' driver

19-07-2024T20:27:15 - [MESSAGE][INFO] - Action delay is set to 0 milliseconds

19-07-2024T20:27:25 - [MESSAGE][PASSED] - Browser is opened with url: 'https://demo-store.katalon.com/'

19-07-2024T20:27:25 - [TEST_STEP][PASSED] - maximizeWindow(): Current window maximized

19-07-2024T20:27:26 - [MESSAGE][PASSED] - Current window maximized

19-07-2024T20:27:26 - [TEST_STEP][PASSED] - waitForElementPresent(findTestObject("Object Repository/Shopping Cart/Dashboard/Dashboard_page"), 5): Object 'Object Repository/Shopping Cart/Dashboard/Dashboard_page' is present

19-07-2024T20:27:32 - [MESSAGE][PASSED] - Object 'Object Repository/Shopping Cart/Dashboard/Dashboard_page' is present

19-07-2024T20:27:32 - [TEST_STEP][PASSED] - click(findTestObject("Object Repository/Shopping Cart/Header/Header_menu_All_products")): Object: 'Object Repository/Shopping Cart/Header/Header_menu_All_products' is clicked on

19-07-2024T20:27:32 - [MESSAGE][PASSED] - Object: 'Object Repository/Shopping Cart/Header/Header_menu_All_products' is clicked on

19-07-2024T20:27:32 - [TEST_STEP][PASSED] - verifyElementPresent(findTestObject("Object Repository/Shopping Cart/Dashboard/Product_item", ["product_name":product_name]), 5): Object 'Object Repository/Shopping Cart/Dashboard/Product_item' is present

19-07-2024T20:27:33 - [MESSAGE][PASSED] - Object 'Object Repository/Shopping Cart/Dashboard/Product_item' is present

19-07-2024T20:27:33 - [TEST_STEP][PASSED] - closeBrowser(): Browser is closed

19-07-2024T20:27:33 - [MESSAGE][PASSED] - Browser is closed]]></system-out>
         <system-err><![CDATA[]]></system-err>
      </testcase>
      <testcase name="Test Cases/Shopping Cart/Filter/TC35_HeaderMenu_All_products_06" time="112.757" classname="Test Cases/Shopping Cart/Filter/TC35_HeaderMenu_All_products_06" status="PASSED">
         <system-out><![CDATA[19-07-2024T20:27:33 - [TEST_CASE][PASSED] - Test Cases/Shopping Cart/Filter/TC35_HeaderMenu_All_products_06: Test Cases/Shopping Cart/Filter/TC35_HeaderMenu_All_products_06

19-07-2024T20:27:33 - [TEST_STEP][PASSED] - openBrowser(Dashborad_URL): Browser is opened with url: 'https://demo-store.katalon.com/'

19-07-2024T20:27:33 - [MESSAGE][INFO] - Starting 'Chrome' driver

19-07-2024T20:27:33 - [MESSAGE][INFO] - Action delay is set to 0 milliseconds

19-07-2024T20:29:18 - [MESSAGE][PASSED] - Browser is opened with url: 'https://demo-store.katalon.com/'

19-07-2024T20:29:18 - [TEST_STEP][PASSED] - maximizeWindow(): Current window maximized

19-07-2024T20:29:18 - [MESSAGE][PASSED] - Current window maximized

19-07-2024T20:29:18 - [TEST_STEP][PASSED] - waitForElementPresent(findTestObject("Object Repository/Shopping Cart/Dashboard/Dashboard_page"), 5): Object 'Object Repository/Shopping Cart/Dashboard/Dashboard_page' is present

19-07-2024T20:29:18 - [MESSAGE][PASSED] - Object 'Object Repository/Shopping Cart/Dashboard/Dashboard_page' is present

19-07-2024T20:29:18 - [TEST_STEP][PASSED] - click(findTestObject("Object Repository/Shopping Cart/Header/Header_menu_All_products")): Object: 'Object Repository/Shopping Cart/Header/Header_menu_All_products' is clicked on

19-07-2024T20:29:24 - [MESSAGE][PASSED] - Object: 'Object Repository/Shopping Cart/Header/Header_menu_All_products' is clicked on

19-07-2024T20:29:24 - [TEST_STEP][PASSED] - verifyElementPresent(findTestObject("Object Repository/Shopping Cart/Dashboard/Product_item", ["product_name":product_name]), 5): Object 'Object Repository/Shopping Cart/Dashboard/Product_item' is present

19-07-2024T20:29:26 - [MESSAGE][PASSED] - Object 'Object Repository/Shopping Cart/Dashboard/Product_item' is present

19-07-2024T20:29:26 - [TEST_STEP][PASSED] - closeBrowser(): Browser is closed

19-07-2024T20:29:26 - [MESSAGE][PASSED] - Browser is closed]]></system-out>
         <system-err><![CDATA[]]></system-err>
      </testcase>
      <testcase name="Test Cases/Shopping Cart/Filter/TC36_HeaderMenu_All_products_07" time="21.753" classname="Test Cases/Shopping Cart/Filter/TC36_HeaderMenu_All_products_07" status="PASSED">
         <system-out><![CDATA[19-07-2024T20:29:26 - [TEST_CASE][PASSED] - Test Cases/Shopping Cart/Filter/TC36_HeaderMenu_All_products_07: Test Cases/Shopping Cart/Filter/TC36_HeaderMenu_All_products_07

19-07-2024T20:29:26 - [TEST_STEP][PASSED] - openBrowser(Dashborad_URL): Browser is opened with url: 'https://demo-store.katalon.com/'

19-07-2024T20:29:26 - [MESSAGE][INFO] - Starting 'Chrome' driver

19-07-2024T20:29:26 - [MESSAGE][INFO] - Action delay is set to 0 milliseconds

19-07-2024T20:29:40 - [MESSAGE][PASSED] - Browser is opened with url: 'https://demo-store.katalon.com/'

19-07-2024T20:29:40 - [TEST_STEP][PASSED] - maximizeWindow(): Current window maximized

19-07-2024T20:29:40 - [MESSAGE][PASSED] - Current window maximized

19-07-2024T20:29:40 - [TEST_STEP][PASSED] - waitForElementPresent(findTestObject("Object Repository/Shopping Cart/Dashboard/Dashboard_page"), 5): Object 'Object Repository/Shopping Cart/Dashboard/Dashboard_page' is present

19-07-2024T20:29:46 - [MESSAGE][PASSED] - Object 'Object Repository/Shopping Cart/Dashboard/Dashboard_page' is present

19-07-2024T20:29:46 - [TEST_STEP][PASSED] - click(findTestObject("Object Repository/Shopping Cart/Header/Header_menu_All_products")): Object: 'Object Repository/Shopping Cart/Header/Header_menu_All_products' is clicked on

19-07-2024T20:29:46 - [MESSAGE][PASSED] - Object: 'Object Repository/Shopping Cart/Header/Header_menu_All_products' is clicked on

19-07-2024T20:29:46 - [TEST_STEP][PASSED] - verifyElementPresent(findTestObject("Object Repository/Shopping Cart/Dashboard/Product_item", ["product_name":product_name]), 5): Object 'Object Repository/Shopping Cart/Dashboard/Product_item' is present

19-07-2024T20:29:48 - [MESSAGE][PASSED] - Object 'Object Repository/Shopping Cart/Dashboard/Product_item' is present

19-07-2024T20:29:48 - [TEST_STEP][PASSED] - closeBrowser(): Browser is closed

19-07-2024T20:29:48 - [MESSAGE][PASSED] - Browser is closed]]></system-out>
         <system-err><![CDATA[]]></system-err>
      </testcase>
      <testcase name="Test Cases/Shopping Cart/Filter/TC37_HeaderMenu_All_products_08" time="22.094" classname="Test Cases/Shopping Cart/Filter/TC37_HeaderMenu_All_products_08" status="PASSED">
         <system-out><![CDATA[19-07-2024T20:29:48 - [TEST_CASE][PASSED] - Test Cases/Shopping Cart/Filter/TC37_HeaderMenu_All_products_08: Test Cases/Shopping Cart/Filter/TC37_HeaderMenu_All_products_08

19-07-2024T20:29:48 - [TEST_STEP][PASSED] - openBrowser(Dashborad_URL): Browser is opened with url: 'https://demo-store.katalon.com/'

19-07-2024T20:29:48 - [MESSAGE][INFO] - Starting 'Chrome' driver

19-07-2024T20:29:48 - [MESSAGE][INFO] - Action delay is set to 0 milliseconds

19-07-2024T20:30:02 - [MESSAGE][PASSED] - Browser is opened with url: 'https://demo-store.katalon.com/'

19-07-2024T20:30:02 - [TEST_STEP][PASSED] - maximizeWindow(): Current window maximized

19-07-2024T20:30:02 - [MESSAGE][PASSED] - Current window maximized

19-07-2024T20:30:02 - [TEST_STEP][PASSED] - waitForElementPresent(findTestObject("Object Repository/Shopping Cart/Dashboard/Dashboard_page"), 5): Object 'Object Repository/Shopping Cart/Dashboard/Dashboard_page' is present

19-07-2024T20:30:08 - [MESSAGE][PASSED] - Object 'Object Repository/Shopping Cart/Dashboard/Dashboard_page' is present

19-07-2024T20:30:08 - [TEST_STEP][PASSED] - click(findTestObject("Object Repository/Shopping Cart/Header/Header_menu_All_products")): Object: 'Object Repository/Shopping Cart/Header/Header_menu_All_products' is clicked on

19-07-2024T20:30:08 - [MESSAGE][PASSED] - Object: 'Object Repository/Shopping Cart/Header/Header_menu_All_products' is clicked on

19-07-2024T20:30:08 - [TEST_STEP][PASSED] - verifyElementPresent(findTestObject("Object Repository/Shopping Cart/Dashboard/Product_item", ["product_name":product_name]), 5): Object 'Object Repository/Shopping Cart/Dashboard/Product_item' is present

19-07-2024T20:30:10 - [MESSAGE][PASSED] - Object 'Object Repository/Shopping Cart/Dashboard/Product_item' is present

19-07-2024T20:30:10 - [TEST_STEP][PASSED] - closeBrowser(): Browser is closed

19-07-2024T20:30:10 - [MESSAGE][PASSED] - Browser is closed]]></system-out>
         <system-err><![CDATA[]]></system-err>
      </testcase>
      <testcase name="Test Cases/Shopping Cart/Filter/TC38_HeaderMenu_All_products_09" time="15.293" classname="Test Cases/Shopping Cart/Filter/TC38_HeaderMenu_All_products_09" status="PASSED">
         <system-out><![CDATA[19-07-2024T20:30:10 - [TEST_CASE][PASSED] - Test Cases/Shopping Cart/Filter/TC38_HeaderMenu_All_products_09: Test Cases/Shopping Cart/Filter/TC38_HeaderMenu_All_products_09

19-07-2024T20:30:10 - [TEST_STEP][PASSED] - openBrowser(Dashborad_URL): Browser is opened with url: 'https://demo-store.katalon.com/'

19-07-2024T20:30:10 - [MESSAGE][INFO] - Starting 'Chrome' driver

19-07-2024T20:30:10 - [MESSAGE][INFO] - Action delay is set to 0 milliseconds

19-07-2024T20:30:18 - [MESSAGE][PASSED] - Browser is opened with url: 'https://demo-store.katalon.com/'

19-07-2024T20:30:18 - [TEST_STEP][PASSED] - maximizeWindow(): Current window maximized

19-07-2024T20:30:18 - [MESSAGE][PASSED] - Current window maximized

19-07-2024T20:30:18 - [TEST_STEP][PASSED] - waitForElementPresent(findTestObject("Object Repository/Shopping Cart/Dashboard/Dashboard_page"), 5): Object 'Object Repository/Shopping Cart/Dashboard/Dashboard_page' is present

19-07-2024T20:30:24 - [MESSAGE][PASSED] - Object 'Object Repository/Shopping Cart/Dashboard/Dashboard_page' is present

19-07-2024T20:30:24 - [TEST_STEP][PASSED] - click(findTestObject("Object Repository/Shopping Cart/Header/Header_menu_All_products")): Object: 'Object Repository/Shopping Cart/Header/Header_menu_All_products' is clicked on

19-07-2024T20:30:24 - [MESSAGE][PASSED] - Object: 'Object Repository/Shopping Cart/Header/Header_menu_All_products' is clicked on

19-07-2024T20:30:24 - [TEST_STEP][PASSED] - verifyElementPresent(findTestObject("Object Repository/Shopping Cart/Dashboard/Product_item", ["product_name":product_name]), 5): Object 'Object Repository/Shopping Cart/Dashboard/Product_item' is present

19-07-2024T20:30:25 - [MESSAGE][PASSED] - Object 'Object Repository/Shopping Cart/Dashboard/Product_item' is present

19-07-2024T20:30:25 - [TEST_STEP][PASSED] - closeBrowser(): Browser is closed

19-07-2024T20:30:25 - [MESSAGE][PASSED] - Browser is closed]]></system-out>
         <system-err><![CDATA[]]></system-err>
      </testcase>
      <testcase name="Test Cases/Shopping Cart/Filter/TC39_HeaderMenu_All_products_10" time="14.967" classname="Test Cases/Shopping Cart/Filter/TC39_HeaderMenu_All_products_10" status="PASSED">
         <system-out><![CDATA[19-07-2024T20:30:25 - [TEST_CASE][PASSED] - Test Cases/Shopping Cart/Filter/TC39_HeaderMenu_All_products_10: Test Cases/Shopping Cart/Filter/TC39_HeaderMenu_All_products_10

19-07-2024T20:30:25 - [TEST_STEP][PASSED] - openBrowser(Dashborad_URL): Browser is opened with url: 'https://demo-store.katalon.com/'

19-07-2024T20:30:25 - [MESSAGE][INFO] - Starting 'Chrome' driver

19-07-2024T20:30:25 - [MESSAGE][INFO] - Action delay is set to 0 milliseconds

19-07-2024T20:30:31 - [MESSAGE][PASSED] - Browser is opened with url: 'https://demo-store.katalon.com/'

19-07-2024T20:30:31 - [TEST_STEP][PASSED] - maximizeWindow(): Current window maximized

19-07-2024T20:30:32 - [MESSAGE][PASSED] - Current window maximized

19-07-2024T20:30:32 - [TEST_STEP][PASSED] - waitForElementPresent(findTestObject("Object Repository/Shopping Cart/Dashboard/Dashboard_page"), 5): Object 'Object Repository/Shopping Cart/Dashboard/Dashboard_page' is present

19-07-2024T20:30:32 - [MESSAGE][PASSED] - Object 'Object Repository/Shopping Cart/Dashboard/Dashboard_page' is present

19-07-2024T20:30:32 - [TEST_STEP][PASSED] - click(findTestObject("Object Repository/Shopping Cart/Header/Header_menu_All_products")): Object: 'Object Repository/Shopping Cart/Header/Header_menu_All_products' is clicked on

19-07-2024T20:30:32 - [MESSAGE][PASSED] - Object: 'Object Repository/Shopping Cart/Header/Header_menu_All_products' is clicked on

19-07-2024T20:30:32 - [TEST_STEP][PASSED] - verifyElementPresent(findTestObject("Object Repository/Shopping Cart/Dashboard/Product_item", ["product_name":product_name]), 5): Object 'Object Repository/Shopping Cart/Dashboard/Product_item' is present

19-07-2024T20:30:40 - [MESSAGE][PASSED] - Object 'Object Repository/Shopping Cart/Dashboard/Product_item' is present

19-07-2024T20:30:40 - [TEST_STEP][PASSED] - closeBrowser(): Browser is closed

19-07-2024T20:30:40 - [MESSAGE][PASSED] - Browser is closed]]></system-out>
         <system-err><![CDATA[]]></system-err>
      </testcase>
      <system-out><![CDATA[19-07-2024T20:25:55 - [TEST_SUITE][PASSED] - Header_menu_All: Test Cases/Shopping Cart/Filter/TC39_HeaderMenu_All_products_10]]></system-out>
      <system-err><![CDATA[]]></system-err>
   </testsuite>
</testsuites>
