<?xml version="1.0" encoding="UTF-8"?>
<testsuites name="Hopital_readmission" time="27.043" tests="2" failures="0" errors="0">
   <testsuite name="Hopital_readmission" tests="2" failures="0" errors="0" time="27.043" skipped="0" timestamp="18-07-2024T23:54:38" hostname="Admin - DESKTOP-26G4KH6" id="Test Suites/Haealthcare/Appointment/Hopital_readmission">
      <properties>
         <property name="deviceName" value=""/>
         <property name="devicePlatform"/>
         <property name="logFolder" value="C:\\Users\\Admin\\git\\Katalon-certification\\Reports\\20240718_235429\\Haealthcare\\Appointment\\Hopital_readmission\\20240718_235430"/>
         <property name="logFiles" value="C:\\Users\\Admin\\git\\Katalon-certification\\Reports\\20240718_235429\\Haealthcare\\Appointment\\Hopital_readmission\\20240718_235430\\execution0.log"/>
         <property name="attachments" value=""/>
         <property name="hostName" value="Admin - DESKTOP-26G4KH6"/>
         <property name="os" value="Windows 10 64bit"/>
         <property name="katalonVersion" value="9.6.0.217"/>
         <property name="browser" value="Chrome 126.0.0.0"/>
         <property name="hostAddress" value="172.16.0.122"/>
         <property name="sessionId" value="2190c0c5027eda146e03e1c687b91d13"/>
         <property name="seleniumVersion" value="3.141.59"/>
         <property name="proxyInformation" value="ProxyInformation { proxyOption=NO_PROXY, proxyServerType=HTTP, username=, password=********, proxyServerAddress=, proxyServerPort=0, executionList=&quot;&quot;, isApplyToDesiredCapabilities=true }"/>
         <property name="platform" value="Windows 10"/>
      </properties>
      <testcase name="Test Cases/Healthcare/Appointment/TC17_Apply_hopital_readmission" time="13.673" classname="Test Cases/Healthcare/Appointment/TC17_Apply_hopital_readmission" status="PASSED">
         <system-out><![CDATA[18-07-2024T23:54:38 - [TEST_CASE][PASSED] - Test Cases/Healthcare/Appointment/TC17_Apply_hopital_readmission: Test Cases/Healthcare/Appointment/TC17_Apply_hopital_readmission

18-07-2024T23:54:38 - [TEST_STEP][PASSED] - store.Authentication.HC_Login_Make_Appointment.Login_Appointment(): store.Authentication.HC_Login_Make_Appointment.Login_Appointment is PASSED

18-07-2024T23:54:39 - [MESSAGE][INFO] - Starting 'Chrome' driver

18-07-2024T23:54:39 - [MESSAGE][INFO] - Action delay is set to 0 milliseconds

18-07-2024T23:54:43 - [MESSAGE][PASSED] - Browser is opened with url: 'https://katalon-demo-cura.herokuapp.com/'

18-07-2024T23:54:43 - [MESSAGE][PASSED] - Current window maximized

18-07-2024T23:54:44 - [MESSAGE][PASSED] - Object: 'Object Repository/Healthcare/Dashboard/a_Make Appointment' is clicked on

18-07-2024T23:54:45 - [MESSAGE][PASSED] - Text 'John Doe' is set on object 'Object Repository/Healthcare/Login/input_Username_username'

18-07-2024T23:54:45 - [MESSAGE][PASSED] - Text 'ThisIsNotAPassword' is set on object 'Object Repository/Healthcare/Login/input_Password_password'

18-07-2024T23:54:47 - [MESSAGE][PASSED] - Object: 'Object Repository/Healthcare/Login/button_Login' is clicked on

18-07-2024T23:54:47 - [MESSAGE][PASSED] - Object 'Object Repository/Healthcare/Appointment/form_Healthcare' is present

18-07-2024T23:54:47 - [MESSAGE][PASSED] - Object 'Object Repository/Healthcare/Appointment/form_Healthcare' is present

18-07-2024T23:54:47 - [MESSAGE][PASSED] - store.Authentication.HC_Login_Make_Appointment.Login_Appointment is PASSED

18-07-2024T23:54:47 - [TEST_STEP][PASSED] - click(findTestObject("Object Repository/Healthcare/Appointment/Facility_dropdownlist")): Object: 'Object Repository/Healthcare/Appointment/Facility_dropdownlist' is clicked on

18-07-2024T23:54:48 - [MESSAGE][PASSED] - Object: 'Object Repository/Healthcare/Appointment/Facility_dropdownlist' is clicked on

18-07-2024T23:54:48 - [TEST_STEP][PASSED] - click(findTestObject("Object Repository/Healthcare/Appointment/Facility_Seoul_option")): Object: 'Object Repository/Healthcare/Appointment/Facility_Seoul_option' is clicked on

18-07-2024T23:54:48 - [MESSAGE][PASSED] - Object: 'Object Repository/Healthcare/Appointment/Facility_Seoul_option' is clicked on

18-07-2024T23:54:48 - [TEST_STEP][PASSED] - click(findTestObject("Object Repository/Healthcare/Appointment/Facility_Seoul_option")): Object: 'Object Repository/Healthcare/Appointment/Facility_Seoul_option' is clicked on

18-07-2024T23:54:48 - [MESSAGE][PASSED] - Object: 'Object Repository/Healthcare/Appointment/Facility_Seoul_option' is clicked on

18-07-2024T23:54:48 - [TEST_STEP][PASSED] - click(findTestObject("Object Repository/Healthcare/Appointment/VisitDate_Calendar_icon")): Object: 'Object Repository/Healthcare/Appointment/VisitDate_Calendar_icon' is clicked on

18-07-2024T23:54:49 - [MESSAGE][PASSED] - Object: 'Object Repository/Healthcare/Appointment/VisitDate_Calendar_icon' is clicked on

18-07-2024T23:54:49 - [TEST_STEP][PASSED] - click(findTestObject("Object Repository/Healthcare/Appointment/VisitDate_Calendar_Date_option")): Object: 'Object Repository/Healthcare/Appointment/VisitDate_Calendar_Date_option' is clicked on

18-07-2024T23:54:49 - [MESSAGE][PASSED] - Object: 'Object Repository/Healthcare/Appointment/VisitDate_Calendar_Date_option' is clicked on

18-07-2024T23:54:49 - [TEST_STEP][PASSED] - click(findTestObject("Object Repository/Healthcare/Appointment/Comment_textarea")): Object: 'Object Repository/Healthcare/Appointment/Comment_textarea' is clicked on

18-07-2024T23:54:50 - [MESSAGE][PASSED] - Object: 'Object Repository/Healthcare/Appointment/Comment_textarea' is clicked on

18-07-2024T23:54:50 - [TEST_STEP][PASSED] - check(findTestObject("Object Repository/Healthcare/Appointment/Apply_hopital_readmission_checkbox")): Object 'Object Repository/Healthcare/Appointment/Apply_hopital_readmission_checkbox' is checked

18-07-2024T23:54:50 - [MESSAGE][PASSED] - Object 'Object Repository/Healthcare/Appointment/Apply_hopital_readmission_checkbox' is checked

18-07-2024T23:54:50 - [TEST_STEP][PASSED] - click(findTestObject("Object Repository/Healthcare/Appointment/Book_appointment_button")): Object: 'Object Repository/Healthcare/Appointment/Book_appointment_button' is clicked on

18-07-2024T23:54:50 - [MESSAGE][PASSED] - Object: 'Object Repository/Healthcare/Appointment/Book_appointment_button' is clicked on

18-07-2024T23:54:50 - [TEST_STEP][PASSED] - verifyElementPresent(findTestObject("Object Repository/Healthcare/Summary/Appointment_Confirmation_label"), 3): Object 'Object Repository/Healthcare/Summary/Appointment_Confirmation_label' is present

18-07-2024T23:54:51 - [MESSAGE][PASSED] - Object 'Object Repository/Healthcare/Summary/Appointment_Confirmation_label' is present

18-07-2024T23:54:51 - [TEST_STEP][PASSED] - verifyElementPresent(findTestObject("Object Repository/Healthcare/Summary/Apply_hopital_readmission_Yes"), 3): Object 'Object Repository/Healthcare/Summary/Apply_hopital_readmission_Yes' is present

18-07-2024T23:54:51 - [MESSAGE][PASSED] - Object 'Object Repository/Healthcare/Summary/Apply_hopital_readmission_Yes' is present

18-07-2024T23:54:51 - [TEST_STEP][PASSED] - closeBrowser(): Browser is closed

18-07-2024T23:54:51 - [MESSAGE][PASSED] - Browser is closed]]></system-out>
         <system-err><![CDATA[]]></system-err>
      </testcase>
      <testcase name="Test Cases/Healthcare/Appointment/TC18_Not_Apply_hopital_readmission" time="13.211" classname="Test Cases/Healthcare/Appointment/TC18_Not_Apply_hopital_readmission" status="PASSED">
         <system-out><![CDATA[18-07-2024T23:54:51 - [TEST_CASE][PASSED] - Test Cases/Healthcare/Appointment/TC18_Not_Apply_hopital_readmission: Test Cases/Healthcare/Appointment/TC18_Not_Apply_hopital_readmission

18-07-2024T23:54:52 - [TEST_STEP][PASSED] - store.Authentication.HC_Login_Make_Appointment.Login_Appointment(): store.Authentication.HC_Login_Make_Appointment.Login_Appointment is PASSED

18-07-2024T23:54:52 - [MESSAGE][INFO] - Starting 'Chrome' driver

18-07-2024T23:54:52 - [MESSAGE][INFO] - Action delay is set to 0 milliseconds

18-07-2024T23:54:55 - [MESSAGE][PASSED] - Browser is opened with url: 'https://katalon-demo-cura.herokuapp.com/'

18-07-2024T23:54:55 - [MESSAGE][PASSED] - Current window maximized

18-07-2024T23:54:56 - [MESSAGE][PASSED] - Object: 'Object Repository/Healthcare/Dashboard/a_Make Appointment' is clicked on

18-07-2024T23:54:57 - [MESSAGE][PASSED] - Text 'John Doe' is set on object 'Object Repository/Healthcare/Login/input_Username_username'

18-07-2024T23:54:57 - [MESSAGE][PASSED] - Text 'ThisIsNotAPassword' is set on object 'Object Repository/Healthcare/Login/input_Password_password'

18-07-2024T23:54:59 - [MESSAGE][PASSED] - Object: 'Object Repository/Healthcare/Login/button_Login' is clicked on

18-07-2024T23:55:00 - [MESSAGE][PASSED] - Object 'Object Repository/Healthcare/Appointment/form_Healthcare' is present

18-07-2024T23:55:00 - [MESSAGE][PASSED] - Object 'Object Repository/Healthcare/Appointment/form_Healthcare' is present

18-07-2024T23:55:00 - [MESSAGE][PASSED] - store.Authentication.HC_Login_Make_Appointment.Login_Appointment is PASSED

18-07-2024T23:55:00 - [TEST_STEP][PASSED] - click(findTestObject("Object Repository/Healthcare/Appointment/Facility_dropdownlist")): Object: 'Object Repository/Healthcare/Appointment/Facility_dropdownlist' is clicked on

18-07-2024T23:55:00 - [MESSAGE][PASSED] - Object: 'Object Repository/Healthcare/Appointment/Facility_dropdownlist' is clicked on

18-07-2024T23:55:00 - [TEST_STEP][PASSED] - click(findTestObject("Object Repository/Healthcare/Appointment/Facility_Seoul_option")): Object: 'Object Repository/Healthcare/Appointment/Facility_Seoul_option' is clicked on

18-07-2024T23:55:00 - [MESSAGE][PASSED] - Object: 'Object Repository/Healthcare/Appointment/Facility_Seoul_option' is clicked on

18-07-2024T23:55:00 - [TEST_STEP][PASSED] - click(findTestObject("Object Repository/Healthcare/Appointment/Facility_Seoul_option")): Object: 'Object Repository/Healthcare/Appointment/Facility_Seoul_option' is clicked on

18-07-2024T23:55:01 - [MESSAGE][PASSED] - Object: 'Object Repository/Healthcare/Appointment/Facility_Seoul_option' is clicked on

18-07-2024T23:55:01 - [TEST_STEP][PASSED] - click(findTestObject("Object Repository/Healthcare/Appointment/VisitDate_Calendar_icon")): Object: 'Object Repository/Healthcare/Appointment/VisitDate_Calendar_icon' is clicked on

18-07-2024T23:55:01 - [MESSAGE][PASSED] - Object: 'Object Repository/Healthcare/Appointment/VisitDate_Calendar_icon' is clicked on

18-07-2024T23:55:01 - [TEST_STEP][PASSED] - click(findTestObject("Object Repository/Healthcare/Appointment/VisitDate_Calendar_Date_option")): Object: 'Object Repository/Healthcare/Appointment/VisitDate_Calendar_Date_option' is clicked on

18-07-2024T23:55:02 - [MESSAGE][PASSED] - Object: 'Object Repository/Healthcare/Appointment/VisitDate_Calendar_Date_option' is clicked on

18-07-2024T23:55:02 - [TEST_STEP][PASSED] - click(findTestObject("Object Repository/Healthcare/Appointment/Comment_textarea")): Object: 'Object Repository/Healthcare/Appointment/Comment_textarea' is clicked on

18-07-2024T23:55:02 - [MESSAGE][PASSED] - Object: 'Object Repository/Healthcare/Appointment/Comment_textarea' is clicked on

18-07-2024T23:55:02 - [TEST_STEP][PASSED] - click(findTestObject("Object Repository/Healthcare/Appointment/Book_appointment_button")): Object: 'Object Repository/Healthcare/Appointment/Book_appointment_button' is clicked on

18-07-2024T23:55:03 - [MESSAGE][PASSED] - Object: 'Object Repository/Healthcare/Appointment/Book_appointment_button' is clicked on

18-07-2024T23:55:03 - [TEST_STEP][PASSED] - verifyElementPresent(findTestObject("Object Repository/Healthcare/Summary/Appointment_Confirmation_label"), 3): Object 'Object Repository/Healthcare/Summary/Appointment_Confirmation_label' is present

18-07-2024T23:55:03 - [MESSAGE][PASSED] - Object 'Object Repository/Healthcare/Summary/Appointment_Confirmation_label' is present

18-07-2024T23:55:03 - [TEST_STEP][PASSED] - verifyElementPresent(findTestObject("Object Repository/Healthcare/Summary/Apply_hopital_readmission_No"), 3): Object 'Object Repository/Healthcare/Summary/Apply_hopital_readmission_No' is present

18-07-2024T23:55:03 - [MESSAGE][PASSED] - Object 'Object Repository/Healthcare/Summary/Apply_hopital_readmission_No' is present

18-07-2024T23:55:03 - [TEST_STEP][PASSED] - closeBrowser(): Browser is closed

18-07-2024T23:55:05 - [MESSAGE][PASSED] - Browser is closed]]></system-out>
         <system-err><![CDATA[]]></system-err>
      </testcase>
      <system-out><![CDATA[18-07-2024T23:54:38 - [TEST_SUITE][PASSED] - Hopital_readmission: Test Cases/Healthcare/Appointment/TC18_Not_Apply_hopital_readmission]]></system-out>
      <system-err><![CDATA[]]></system-err>
   </testsuite>
</testsuites>
