<?xml version="1.0" encoding="UTF-8"?>
<testsuites name="Logout" time="30.017" tests="2" failures="0" errors="0">
   <testsuite name="Logout" tests="2" failures="0" errors="0" time="30.017" skipped="0" timestamp="26-07-2024T11:52:10" hostname="quochuy.lu - VN-HCM-D-W-0011.globalservs.com" id="Test Suites/Haealthcare/Logout/Logout">
      <properties>
         <property name="deviceName" value=""/>
         <property name="devicePlatform"/>
         <property name="logFolder" value="C:\\Users\\quochuy.lu\\git\\Katalon-certification\\Reports\\20240726_115148\\Haealthcare\\Logout\\Logout\\20240726_115157"/>
         <property name="logFiles" value="C:\\Users\\quochuy.lu\\git\\Katalon-certification\\Reports\\20240726_115148\\Haealthcare\\Logout\\Logout\\20240726_115157\\execution0.log"/>
         <property name="attachments" value=""/>
         <property name="hostName" value="quochuy.lu - VN-HCM-D-W-0011.globalservs.com"/>
         <property name="os" value="Windows 11 64bit"/>
         <property name="katalonVersion" value="9.6.0.217"/>
         <property name="browser" value="Chrome 127.0.0.0"/>
         <property name="hostAddress" value="10.161.207.102"/>
         <property name="sessionId" value="ec1cd490131c111b6a600e6ac81b5778"/>
         <property name="seleniumVersion" value="3.141.59"/>
         <property name="proxyInformation" value="ProxyInformation { proxyOption=NO_PROXY, proxyServerType=HTTP, username=, password=********, proxyServerAddress=, proxyServerPort=0, executionList=&quot;&quot;, isApplyToDesiredCapabilities=true }"/>
         <property name="platform" value="Windows 11"/>
      </properties>
      <testcase name="Test Cases/Healthcare/Log out/TC09_Logout_via_Burger_menu" time="15.268" classname="Test Cases/Healthcare/Log out/TC09_Logout_via_Burger_menu" status="PASSED">
         <system-out><![CDATA[26-07-2024T11:52:10 - [TEST_CASE][PASSED] - Test Cases/Healthcare/Log out/TC09_Logout_via_Burger_menu: Test Cases/Healthcare/Log out/TC09_Logout_via_Burger_menu

26-07-2024T11:52:11 - [TEST_STEP][PASSED] - store.Authentication.HC_Login_Burger_menu.Login_via_Burger_menu(): store.Authentication.HC_Login_Burger_menu.Login_via_Burger_menu is PASSED

26-07-2024T11:52:12 - [MESSAGE][INFO] - Starting 'Chrome' driver

26-07-2024T11:52:12 - [MESSAGE][INFO] - Action delay is set to 0 milliseconds

26-07-2024T11:52:18 - [MESSAGE][PASSED] - Browser is opened with url: 'https://katalon-demo-cura.herokuapp.com/'

26-07-2024T11:52:18 - [MESSAGE][PASSED] - Current window maximized

26-07-2024T11:52:19 - [MESSAGE][PASSED] - Object: 'Object Repository/Healthcare/Burger menu/a_Burger_menu' is clicked on

26-07-2024T11:52:20 - [MESSAGE][PASSED] - Object: 'Object Repository/Healthcare/Burger menu/a_Login' is clicked on

26-07-2024T11:52:21 - [MESSAGE][PASSED] - Text 'John Doe' is set on object 'Object Repository/Healthcare/Login/input_Username_username'

26-07-2024T11:52:21 - [MESSAGE][PASSED] - Text 'ThisIsNotAPassword' is set on object 'Object Repository/Healthcare/Login/input_Password_password'

26-07-2024T11:52:23 - [MESSAGE][PASSED] - Object: 'Object Repository/Healthcare/Login/button_Login' is clicked on

26-07-2024T11:52:23 - [MESSAGE][PASSED] - Object 'Object Repository/Healthcare/Appointment/form_Healthcare' is present

26-07-2024T11:52:23 - [MESSAGE][PASSED] - Object 'Object Repository/Healthcare/Appointment/form_Healthcare' is present

26-07-2024T11:52:23 - [MESSAGE][PASSED] - store.Authentication.HC_Login_Burger_menu.Login_via_Burger_menu is PASSED

26-07-2024T11:52:23 - [TEST_STEP][PASSED] - click(findTestObject("Object Repository/Healthcare/Burger menu/a_Burger_menu")): Object: 'Object Repository/Healthcare/Burger menu/a_Burger_menu' is clicked on

26-07-2024T11:52:24 - [MESSAGE][PASSED] - Object: 'Object Repository/Healthcare/Burger menu/a_Burger_menu' is clicked on

26-07-2024T11:52:24 - [TEST_STEP][PASSED] - verifyElementPresent(findTestObject("Object Repository/Healthcare/Burger menu/Slidebar_opened"), 3): Object 'Object Repository/Healthcare/Burger menu/Slidebar_opened' is present

26-07-2024T11:52:24 - [MESSAGE][PASSED] - Object 'Object Repository/Healthcare/Burger menu/Slidebar_opened' is present

26-07-2024T11:52:24 - [TEST_STEP][PASSED] - click(findTestObject("Object Repository/Healthcare/Burger menu/a_Logout")): Object: 'Object Repository/Healthcare/Burger menu/a_Logout' is clicked on

26-07-2024T11:52:25 - [MESSAGE][PASSED] - Object: 'Object Repository/Healthcare/Burger menu/a_Logout' is clicked on

26-07-2024T11:52:25 - [TEST_STEP][PASSED] - verifyElementPresent(findTestObject("Object Repository/Healthcare/Dashboard/Dashboard_page"), 3): Object 'Object Repository/Healthcare/Dashboard/Dashboard_page' is present

26-07-2024T11:52:25 - [MESSAGE][PASSED] - Object 'Object Repository/Healthcare/Dashboard/Dashboard_page' is present

26-07-2024T11:52:25 - [TEST_STEP][PASSED] - closeBrowser(): Browser is closed

26-07-2024T11:52:26 - [MESSAGE][PASSED] - Browser is closed]]></system-out>
         <system-err><![CDATA[]]></system-err>
      </testcase>
      <testcase name="Test Cases/Healthcare/Log out/TC10_Logout_via_Profile_page" time="14.349" classname="Test Cases/Healthcare/Log out/TC10_Logout_via_Profile_page" status="PASSED">
         <system-out><![CDATA[26-07-2024T11:52:26 - [TEST_CASE][PASSED] - Test Cases/Healthcare/Log out/TC10_Logout_via_Profile_page: Test Cases/Healthcare/Log out/TC10_Logout_via_Profile_page

26-07-2024T11:52:26 - [TEST_STEP][PASSED] - store.Function.Access_HC_Profile.Access_Profile(): store.Function.Access_HC_Profile.Access_Profile is PASSED

26-07-2024T11:52:26 - [MESSAGE][INFO] - Starting 'Chrome' driver

26-07-2024T11:52:26 - [MESSAGE][INFO] - Action delay is set to 0 milliseconds

26-07-2024T11:52:29 - [MESSAGE][PASSED] - Browser is opened with url: 'https://katalon-demo-cura.herokuapp.com/'

26-07-2024T11:52:31 - [MESSAGE][PASSED] - Current window maximized

26-07-2024T11:52:31 - [MESSAGE][PASSED] - Object: 'Object Repository/Healthcare/Burger menu/a_Burger_menu' is clicked on

26-07-2024T11:52:32 - [MESSAGE][PASSED] - Object: 'Object Repository/Healthcare/Burger menu/a_Login' is clicked on

26-07-2024T11:52:33 - [MESSAGE][PASSED] - Text 'John Doe' is set on object 'Object Repository/Healthcare/Login/input_Username_username'

26-07-2024T11:52:33 - [MESSAGE][PASSED] - Text 'ThisIsNotAPassword' is set on object 'Object Repository/Healthcare/Login/input_Password_password'

26-07-2024T11:52:35 - [MESSAGE][PASSED] - Object: 'Object Repository/Healthcare/Login/button_Login' is clicked on

26-07-2024T11:52:35 - [MESSAGE][PASSED] - Object 'Object Repository/Healthcare/Appointment/form_Healthcare' is present

26-07-2024T11:52:35 - [MESSAGE][PASSED] - Object 'Object Repository/Healthcare/Appointment/form_Healthcare' is present

26-07-2024T11:52:35 - [MESSAGE][PASSED] - Object: 'Object Repository/Healthcare/Burger menu/a_Burger_menu' is clicked on

26-07-2024T11:52:36 - [MESSAGE][PASSED] - Object 'Object Repository/Healthcare/Burger menu/Slidebar_opened' is present

26-07-2024T11:52:36 - [MESSAGE][PASSED] - Object: 'Object Repository/Healthcare/Burger menu/a_Profile' is clicked on

26-07-2024T11:52:37 - [MESSAGE][PASSED] - Object 'Object Repository/Healthcare/Profile/Profile_page' is present

26-07-2024T11:52:37 - [MESSAGE][PASSED] - store.Function.Access_HC_Profile.Access_Profile is PASSED

26-07-2024T11:52:37 - [TEST_STEP][PASSED] - click(findTestObject("Object Repository/Healthcare/Profile/Logout_btn")): Object: 'Object Repository/Healthcare/Profile/Logout_btn' is clicked on

26-07-2024T11:52:38 - [MESSAGE][PASSED] - Object: 'Object Repository/Healthcare/Profile/Logout_btn' is clicked on

26-07-2024T11:52:38 - [TEST_STEP][PASSED] - verifyElementPresent(findTestObject("Object Repository/Healthcare/Dashboard/Dashboard_page"), 3): Object 'Object Repository/Healthcare/Dashboard/Dashboard_page' is present

26-07-2024T11:52:38 - [MESSAGE][PASSED] - Object 'Object Repository/Healthcare/Dashboard/Dashboard_page' is present

26-07-2024T11:52:38 - [TEST_STEP][PASSED] - closeBrowser(): Browser is closed

26-07-2024T11:52:40 - [MESSAGE][PASSED] - Browser is closed]]></system-out>
         <system-err><![CDATA[]]></system-err>
      </testcase>
      <system-out><![CDATA[26-07-2024T11:52:10 - [TEST_SUITE][PASSED] - Logout: Test Cases/Healthcare/Log out/TC10_Logout_via_Profile_page]]></system-out>
      <system-err><![CDATA[]]></system-err>
   </testsuite>
</testsuites>
