<?xml version="1.0" encoding="UTF-8"?>
<testsuites name="Sign up" time="529.007" tests="10" failures="0" errors="0">
   <testsuite name="Sign up" tests="10" failures="0" errors="0" time="529.007" skipped="0" timestamp="19-07-2024T20:44:29" hostname="Admin - DESKTOP-26G4KH6" id="Test Suites/Shopping Cart/Sign up/Sign up">
      <properties>
         <property name="deviceName" value=""/>
         <property name="devicePlatform"/>
         <property name="logFolder" value="C:\\Users\\Admin\\git\\Katalon-certification\\Reports\\20240719_204420\\Shopping Cart\\Sign up\\Sign up\\20240719_204420"/>
         <property name="logFiles" value="C:\\Users\\Admin\\git\\Katalon-certification\\Reports\\20240719_204420\\Shopping Cart\\Sign up\\Sign up\\20240719_204420\\execution0.log"/>
         <property name="attachments" value=""/>
         <property name="hostName" value="Admin - DESKTOP-26G4KH6"/>
         <property name="os" value="Windows 10 64bit"/>
         <property name="katalonVersion" value="9.6.0.217"/>
         <property name="browser" value="Chrome 126.0.0.0"/>
         <property name="hostAddress" value="192.168.0.191"/>
         <property name="sessionId" value="d863e1dcd6568bb948c73fbda10a56a3"/>
         <property name="seleniumVersion" value="3.141.59"/>
         <property name="proxyInformation" value="ProxyInformation { proxyOption=NO_PROXY, proxyServerType=HTTP, username=, password=********, proxyServerAddress=, proxyServerPort=0, executionList=&quot;&quot;, isApplyToDesiredCapabilities=true }"/>
         <property name="platform" value="Windows 10"/>
      </properties>
      <testcase name="Test Cases/Shopping Cart/Sign up/TC18_Fill_wrong_email_format" time="24.304" classname="Test Cases/Shopping Cart/Sign up/TC18_Fill_wrong_email_format" status="PASSED">
         <system-out><![CDATA[19-07-2024T20:44:29 - [TEST_CASE][PASSED] - Test Cases/Shopping Cart/Sign up/TC18_Fill_wrong_email_format: Test Cases/Shopping Cart/Sign up/TC18_Fill_wrong_email_format

19-07-2024T20:44:29 - [TEST_STEP][PASSED] - openBrowser(Signup_URL): Browser is opened with url: 'https://demo-store.katalon.com/signup'

19-07-2024T20:44:30 - [MESSAGE][INFO] - Starting 'Chrome' driver

19-07-2024T20:44:30 - [MESSAGE][INFO] - Action delay is set to 0 milliseconds

19-07-2024T20:44:49 - [MESSAGE][PASSED] - Browser is opened with url: 'https://demo-store.katalon.com/signup'

19-07-2024T20:44:49 - [TEST_STEP][PASSED] - maximizeWindow(): Current window maximized

19-07-2024T20:44:49 - [MESSAGE][PASSED] - Current window maximized

19-07-2024T20:44:49 - [TEST_STEP][PASSED] - verifyElementPresent(findTestObject("Object Repository/Shopping Cart/Sign up/Sign_up_page"), 5): Object 'Object Repository/Shopping Cart/Sign up/Sign_up_page' is present

19-07-2024T20:44:51 - [MESSAGE][PASSED] - Object 'Object Repository/Shopping Cart/Sign up/Sign_up_page' is present

19-07-2024T20:44:51 - [TEST_STEP][PASSED] - setText(findTestObject("Object Repository/Shopping Cart/Sign up/Email_input"), username): Text 'abc' is set on object 'Object Repository/Shopping Cart/Sign up/Email_input'

19-07-2024T20:44:52 - [MESSAGE][PASSED] - Text 'abc' is set on object 'Object Repository/Shopping Cart/Sign up/Email_input'

19-07-2024T20:44:52 - [TEST_STEP][PASSED] - sendKeys(findTestObject("Object Repository/Shopping Cart/Sign up/Email_input"), Keys.chord(TAB)): Keys 'TAB + ' sent to object: 'Object Repository/Shopping Cart/Sign up/Email_input'

19-07-2024T20:44:52 - [MESSAGE][PASSED] - Keys 'TAB + ' sent to object: 'Object Repository/Shopping Cart/Sign up/Email_input'

19-07-2024T20:44:52 - [TEST_STEP][PASSED] - verifyElementPresent(findTestObject("Object Repository/Shopping Cart/Sign up/Email_error_message_lb"), 5): Object 'Object Repository/Shopping Cart/Sign up/Email_error_message_lb' is present

19-07-2024T20:44:53 - [MESSAGE][PASSED] - Object 'Object Repository/Shopping Cart/Sign up/Email_error_message_lb' is present

19-07-2024T20:44:53 - [TEST_STEP][PASSED] - Actual_email_error = getText(findTestObject("Object Repository/Shopping Cart/Sign up/Email_error_message_lb")): Text of object 'Object Repository/Shopping Cart/Sign up/Email_error_message_lb' is: 'invalid email'

19-07-2024T20:44:53 - [MESSAGE][PASSED] - Text of object 'Object Repository/Shopping Cart/Sign up/Email_error_message_lb' is: 'invalid email'

19-07-2024T20:44:53 - [TEST_STEP][PASSED] - verifyEqual(Actual_email_error, expec_email_error): Actual object 'invalid email' and expected object 'invalid email' are equal

19-07-2024T20:44:53 - [MESSAGE][PASSED] - Actual object 'invalid email' and expected object 'invalid email' are equal

19-07-2024T20:44:53 - [TEST_STEP][PASSED] - closeBrowser(): Browser is closed

19-07-2024T20:44:53 - [MESSAGE][PASSED] - Browser is closed]]></system-out>
         <system-err><![CDATA[]]></system-err>
      </testcase>
      <testcase name="Test Cases/Shopping Cart/Sign up/TC18_Fill_wrong_email_format" time="15.283" classname="Test Cases/Shopping Cart/Sign up/TC18_Fill_wrong_email_format" status="PASSED">
         <system-out><![CDATA[19-07-2024T20:44:53 - [TEST_CASE][PASSED] - Test Cases/Shopping Cart/Sign up/TC18_Fill_wrong_email_format: Test Cases/Shopping Cart/Sign up/TC18_Fill_wrong_email_format

19-07-2024T20:44:53 - [TEST_STEP][PASSED] - openBrowser(Signup_URL): Browser is opened with url: 'https://demo-store.katalon.com/signup'

19-07-2024T20:44:53 - [MESSAGE][INFO] - Starting 'Chrome' driver

19-07-2024T20:44:53 - [MESSAGE][INFO] - Action delay is set to 0 milliseconds

19-07-2024T20:45:02 - [MESSAGE][PASSED] - Browser is opened with url: 'https://demo-store.katalon.com/signup'

19-07-2024T20:45:02 - [TEST_STEP][PASSED] - maximizeWindow(): Current window maximized

19-07-2024T20:45:02 - [MESSAGE][PASSED] - Current window maximized

19-07-2024T20:45:02 - [TEST_STEP][PASSED] - verifyElementPresent(findTestObject("Object Repository/Shopping Cart/Sign up/Sign_up_page"), 5): Object 'Object Repository/Shopping Cart/Sign up/Sign_up_page' is present

19-07-2024T20:45:07 - [MESSAGE][PASSED] - Object 'Object Repository/Shopping Cart/Sign up/Sign_up_page' is present

19-07-2024T20:45:07 - [TEST_STEP][PASSED] - setText(findTestObject("Object Repository/Shopping Cart/Sign up/Email_input"), username): Text 'avgff@' is set on object 'Object Repository/Shopping Cart/Sign up/Email_input'

19-07-2024T20:45:07 - [MESSAGE][PASSED] - Text 'avgff@' is set on object 'Object Repository/Shopping Cart/Sign up/Email_input'

19-07-2024T20:45:07 - [TEST_STEP][PASSED] - sendKeys(findTestObject("Object Repository/Shopping Cart/Sign up/Email_input"), Keys.chord(TAB)): Keys 'TAB + ' sent to object: 'Object Repository/Shopping Cart/Sign up/Email_input'

19-07-2024T20:45:08 - [MESSAGE][PASSED] - Keys 'TAB + ' sent to object: 'Object Repository/Shopping Cart/Sign up/Email_input'

19-07-2024T20:45:08 - [TEST_STEP][PASSED] - verifyElementPresent(findTestObject("Object Repository/Shopping Cart/Sign up/Email_error_message_lb"), 5): Object 'Object Repository/Shopping Cart/Sign up/Email_error_message_lb' is present

19-07-2024T20:45:08 - [MESSAGE][PASSED] - Object 'Object Repository/Shopping Cart/Sign up/Email_error_message_lb' is present

19-07-2024T20:45:08 - [TEST_STEP][PASSED] - Actual_email_error = getText(findTestObject("Object Repository/Shopping Cart/Sign up/Email_error_message_lb")): Text of object 'Object Repository/Shopping Cart/Sign up/Email_error_message_lb' is: 'invalid email'

19-07-2024T20:45:09 - [MESSAGE][PASSED] - Text of object 'Object Repository/Shopping Cart/Sign up/Email_error_message_lb' is: 'invalid email'

19-07-2024T20:45:09 - [TEST_STEP][PASSED] - verifyEqual(Actual_email_error, expec_email_error): Actual object 'invalid email' and expected object 'invalid email' are equal

19-07-2024T20:45:09 - [MESSAGE][PASSED] - Actual object 'invalid email' and expected object 'invalid email' are equal

19-07-2024T20:45:09 - [TEST_STEP][PASSED] - closeBrowser(): Browser is closed

19-07-2024T20:45:09 - [MESSAGE][PASSED] - Browser is closed]]></system-out>
         <system-err><![CDATA[]]></system-err>
      </testcase>
      <testcase name="Test Cases/Shopping Cart/Sign up/TC18_Fill_wrong_email_format" time="16.521" classname="Test Cases/Shopping Cart/Sign up/TC18_Fill_wrong_email_format" status="PASSED">
         <system-out><![CDATA[19-07-2024T20:45:09 - [TEST_CASE][PASSED] - Test Cases/Shopping Cart/Sign up/TC18_Fill_wrong_email_format: Test Cases/Shopping Cart/Sign up/TC18_Fill_wrong_email_format

19-07-2024T20:45:09 - [TEST_STEP][PASSED] - openBrowser(Signup_URL): Browser is opened with url: 'https://demo-store.katalon.com/signup'

19-07-2024T20:45:09 - [MESSAGE][INFO] - Starting 'Chrome' driver

19-07-2024T20:45:09 - [MESSAGE][INFO] - Action delay is set to 0 milliseconds

19-07-2024T20:45:20 - [MESSAGE][PASSED] - Browser is opened with url: 'https://demo-store.katalon.com/signup'

19-07-2024T20:45:20 - [TEST_STEP][PASSED] - maximizeWindow(): Current window maximized

19-07-2024T20:45:20 - [MESSAGE][PASSED] - Current window maximized

19-07-2024T20:45:20 - [TEST_STEP][PASSED] - verifyElementPresent(findTestObject("Object Repository/Shopping Cart/Sign up/Sign_up_page"), 5): Object 'Object Repository/Shopping Cart/Sign up/Sign_up_page' is present

19-07-2024T20:45:23 - [MESSAGE][PASSED] - Object 'Object Repository/Shopping Cart/Sign up/Sign_up_page' is present

19-07-2024T20:45:23 - [TEST_STEP][PASSED] - setText(findTestObject("Object Repository/Shopping Cart/Sign up/Email_input"), username): Text 'avgff@com' is set on object 'Object Repository/Shopping Cart/Sign up/Email_input'

19-07-2024T20:45:24 - [MESSAGE][PASSED] - Text 'avgff@com' is set on object 'Object Repository/Shopping Cart/Sign up/Email_input'

19-07-2024T20:45:24 - [TEST_STEP][PASSED] - sendKeys(findTestObject("Object Repository/Shopping Cart/Sign up/Email_input"), Keys.chord(TAB)): Keys 'TAB + ' sent to object: 'Object Repository/Shopping Cart/Sign up/Email_input'

19-07-2024T20:45:24 - [MESSAGE][PASSED] - Keys 'TAB + ' sent to object: 'Object Repository/Shopping Cart/Sign up/Email_input'

19-07-2024T20:45:24 - [TEST_STEP][PASSED] - verifyElementPresent(findTestObject("Object Repository/Shopping Cart/Sign up/Email_error_message_lb"), 5): Object 'Object Repository/Shopping Cart/Sign up/Email_error_message_lb' is present

19-07-2024T20:45:25 - [MESSAGE][PASSED] - Object 'Object Repository/Shopping Cart/Sign up/Email_error_message_lb' is present

19-07-2024T20:45:25 - [TEST_STEP][PASSED] - Actual_email_error = getText(findTestObject("Object Repository/Shopping Cart/Sign up/Email_error_message_lb")): Text of object 'Object Repository/Shopping Cart/Sign up/Email_error_message_lb' is: 'invalid email'

19-07-2024T20:45:25 - [MESSAGE][PASSED] - Text of object 'Object Repository/Shopping Cart/Sign up/Email_error_message_lb' is: 'invalid email'

19-07-2024T20:45:25 - [TEST_STEP][PASSED] - verifyEqual(Actual_email_error, expec_email_error): Actual object 'invalid email' and expected object 'invalid email' are equal

19-07-2024T20:45:25 - [MESSAGE][PASSED] - Actual object 'invalid email' and expected object 'invalid email' are equal

19-07-2024T20:45:25 - [TEST_STEP][PASSED] - closeBrowser(): Browser is closed

19-07-2024T20:45:25 - [MESSAGE][PASSED] - Browser is closed]]></system-out>
         <system-err><![CDATA[]]></system-err>
      </testcase>
      <testcase name="Test Cases/Shopping Cart/Sign up/TC19_Fill_wrong_password_rule" time="15.757" classname="Test Cases/Shopping Cart/Sign up/TC19_Fill_wrong_password_rule" status="PASSED">
         <system-out><![CDATA[19-07-2024T20:45:25 - [TEST_CASE][PASSED] - Test Cases/Shopping Cart/Sign up/TC19_Fill_wrong_password_rule: Test Cases/Shopping Cart/Sign up/TC19_Fill_wrong_password_rule

19-07-2024T20:45:25 - [TEST_STEP][PASSED] - openBrowser(Signup_URL): Browser is opened with url: 'https://demo-store.katalon.com/signup'

19-07-2024T20:45:25 - [MESSAGE][INFO] - Starting 'Chrome' driver

19-07-2024T20:45:25 - [MESSAGE][INFO] - Action delay is set to 0 milliseconds

19-07-2024T20:45:33 - [MESSAGE][PASSED] - Browser is opened with url: 'https://demo-store.katalon.com/signup'

19-07-2024T20:45:33 - [TEST_STEP][PASSED] - maximizeWindow(): Current window maximized

19-07-2024T20:45:33 - [MESSAGE][PASSED] - Current window maximized

19-07-2024T20:45:33 - [TEST_STEP][PASSED] - verifyElementPresent(findTestObject("Object Repository/Shopping Cart/Sign up/Sign_up_page"), 5): Object 'Object Repository/Shopping Cart/Sign up/Sign_up_page' is present

19-07-2024T20:45:39 - [MESSAGE][PASSED] - Object 'Object Repository/Shopping Cart/Sign up/Sign_up_page' is present

19-07-2024T20:45:39 - [TEST_STEP][PASSED] - setText(findTestObject("Object Repository/Shopping Cart/Sign up/Password_input"), password): Text 'def' is set on object 'Object Repository/Shopping Cart/Sign up/Password_input'

19-07-2024T20:45:40 - [MESSAGE][PASSED] - Text 'def' is set on object 'Object Repository/Shopping Cart/Sign up/Password_input'

19-07-2024T20:45:40 - [TEST_STEP][PASSED] - sendKeys(findTestObject("Object Repository/Shopping Cart/Sign up/Password_input"), Keys.chord(TAB)): Keys 'TAB + ' sent to object: 'Object Repository/Shopping Cart/Sign up/Password_input'

19-07-2024T20:45:40 - [MESSAGE][PASSED] - Keys 'TAB + ' sent to object: 'Object Repository/Shopping Cart/Sign up/Password_input'

19-07-2024T20:45:40 - [TEST_STEP][PASSED] - verifyElementPresent(findTestObject("Object Repository/Shopping Cart/Sign up/Password_error_message_lb"), 5): Object 'Object Repository/Shopping Cart/Sign up/Password_error_message_lb' is present

19-07-2024T20:45:41 - [MESSAGE][PASSED] - Object 'Object Repository/Shopping Cart/Sign up/Password_error_message_lb' is present

19-07-2024T20:45:41 - [TEST_STEP][PASSED] - Actual_password_error = getText(findTestObject("Object Repository/Shopping Cart/Sign up/Password_error_message_lb")): Text of object 'Object Repository/Shopping Cart/Sign up/Password_error_message_lb' is: 'password has to be 6-15 letter'

19-07-2024T20:45:41 - [MESSAGE][PASSED] - Text of object 'Object Repository/Shopping Cart/Sign up/Password_error_message_lb' is: 'password has to be 6-15 letter'

19-07-2024T20:45:41 - [TEST_STEP][PASSED] - verifyEqual(Actual_password_error, expec_password_error): Actual object 'password has to be 6-15 letter' and expected object 'password has to be 6-15 letter' are equal

19-07-2024T20:45:41 - [MESSAGE][PASSED] - Actual object 'password has to be 6-15 letter' and expected object 'password has to be 6-15 letter' are equal

19-07-2024T20:45:41 - [TEST_STEP][PASSED] - closeBrowser(): Browser is closed

19-07-2024T20:45:41 - [MESSAGE][PASSED] - Browser is closed]]></system-out>
         <system-err><![CDATA[]]></system-err>
      </testcase>
      <testcase name="Test Cases/Shopping Cart/Sign up/TC19_Fill_wrong_password_rule" time="17.405" classname="Test Cases/Shopping Cart/Sign up/TC19_Fill_wrong_password_rule" status="PASSED">
         <system-out><![CDATA[19-07-2024T20:45:41 - [TEST_CASE][PASSED] - Test Cases/Shopping Cart/Sign up/TC19_Fill_wrong_password_rule: Test Cases/Shopping Cart/Sign up/TC19_Fill_wrong_password_rule

19-07-2024T20:45:41 - [TEST_STEP][PASSED] - openBrowser(Signup_URL): Browser is opened with url: 'https://demo-store.katalon.com/signup'

19-07-2024T20:45:41 - [MESSAGE][INFO] - Starting 'Chrome' driver

19-07-2024T20:45:41 - [MESSAGE][INFO] - Action delay is set to 0 milliseconds

19-07-2024T20:45:53 - [MESSAGE][PASSED] - Browser is opened with url: 'https://demo-store.katalon.com/signup'

19-07-2024T20:45:53 - [TEST_STEP][PASSED] - maximizeWindow(): Current window maximized

19-07-2024T20:45:53 - [MESSAGE][PASSED] - Current window maximized

19-07-2024T20:45:53 - [TEST_STEP][PASSED] - verifyElementPresent(findTestObject("Object Repository/Shopping Cart/Sign up/Sign_up_page"), 5): Object 'Object Repository/Shopping Cart/Sign up/Sign_up_page' is present

19-07-2024T20:45:56 - [MESSAGE][PASSED] - Object 'Object Repository/Shopping Cart/Sign up/Sign_up_page' is present

19-07-2024T20:45:56 - [TEST_STEP][PASSED] - setText(findTestObject("Object Repository/Shopping Cart/Sign up/Password_input"), password): Text 'abcdef' is set on object 'Object Repository/Shopping Cart/Sign up/Password_input'

19-07-2024T20:45:56 - [MESSAGE][PASSED] - Text 'abcdef' is set on object 'Object Repository/Shopping Cart/Sign up/Password_input'

19-07-2024T20:45:56 - [TEST_STEP][PASSED] - sendKeys(findTestObject("Object Repository/Shopping Cart/Sign up/Password_input"), Keys.chord(TAB)): Keys 'TAB + ' sent to object: 'Object Repository/Shopping Cart/Sign up/Password_input'

19-07-2024T20:45:57 - [MESSAGE][PASSED] - Keys 'TAB + ' sent to object: 'Object Repository/Shopping Cart/Sign up/Password_input'

19-07-2024T20:45:57 - [TEST_STEP][PASSED] - verifyElementPresent(findTestObject("Object Repository/Shopping Cart/Sign up/Password_error_message_lb"), 5): Object 'Object Repository/Shopping Cart/Sign up/Password_error_message_lb' is present

19-07-2024T20:45:57 - [MESSAGE][PASSED] - Object 'Object Repository/Shopping Cart/Sign up/Password_error_message_lb' is present

19-07-2024T20:45:57 - [TEST_STEP][PASSED] - Actual_password_error = getText(findTestObject("Object Repository/Shopping Cart/Sign up/Password_error_message_lb")): Text of object 'Object Repository/Shopping Cart/Sign up/Password_error_message_lb' is: 'at least one upper case'

19-07-2024T20:45:57 - [MESSAGE][PASSED] - Text of object 'Object Repository/Shopping Cart/Sign up/Password_error_message_lb' is: 'at least one upper case'

19-07-2024T20:45:57 - [TEST_STEP][PASSED] - verifyEqual(Actual_password_error, expec_password_error): Actual object 'at least one upper case' and expected object 'at least one upper case' are equal

19-07-2024T20:45:57 - [MESSAGE][PASSED] - Actual object 'at least one upper case' and expected object 'at least one upper case' are equal

19-07-2024T20:45:57 - [TEST_STEP][PASSED] - closeBrowser(): Browser is closed

19-07-2024T20:45:58 - [MESSAGE][PASSED] - Browser is closed]]></system-out>
         <system-err><![CDATA[]]></system-err>
      </testcase>
      <testcase name="Test Cases/Shopping Cart/Sign up/TC19_Fill_wrong_password_rule" time="20.161" classname="Test Cases/Shopping Cart/Sign up/TC19_Fill_wrong_password_rule" status="PASSED">
         <system-out><![CDATA[19-07-2024T20:45:58 - [TEST_CASE][PASSED] - Test Cases/Shopping Cart/Sign up/TC19_Fill_wrong_password_rule: Test Cases/Shopping Cart/Sign up/TC19_Fill_wrong_password_rule

19-07-2024T20:45:59 - [TEST_STEP][PASSED] - openBrowser(Signup_URL): Browser is opened with url: 'https://demo-store.katalon.com/signup'

19-07-2024T20:45:59 - [MESSAGE][INFO] - Starting 'Chrome' driver

19-07-2024T20:45:59 - [MESSAGE][INFO] - Action delay is set to 0 milliseconds

19-07-2024T20:46:13 - [MESSAGE][PASSED] - Browser is opened with url: 'https://demo-store.katalon.com/signup'

19-07-2024T20:46:13 - [TEST_STEP][PASSED] - maximizeWindow(): Current window maximized

19-07-2024T20:46:13 - [MESSAGE][PASSED] - Current window maximized

19-07-2024T20:46:13 - [TEST_STEP][PASSED] - verifyElementPresent(findTestObject("Object Repository/Shopping Cart/Sign up/Sign_up_page"), 5): Object 'Object Repository/Shopping Cart/Sign up/Sign_up_page' is present

19-07-2024T20:46:17 - [MESSAGE][PASSED] - Object 'Object Repository/Shopping Cart/Sign up/Sign_up_page' is present

19-07-2024T20:46:17 - [TEST_STEP][PASSED] - setText(findTestObject("Object Repository/Shopping Cart/Sign up/Password_input"), password): Text 'ABC123' is set on object 'Object Repository/Shopping Cart/Sign up/Password_input'

19-07-2024T20:46:17 - [MESSAGE][PASSED] - Text 'ABC123' is set on object 'Object Repository/Shopping Cart/Sign up/Password_input'

19-07-2024T20:46:17 - [TEST_STEP][PASSED] - sendKeys(findTestObject("Object Repository/Shopping Cart/Sign up/Password_input"), Keys.chord(TAB)): Keys 'TAB + ' sent to object: 'Object Repository/Shopping Cart/Sign up/Password_input'

19-07-2024T20:46:18 - [MESSAGE][PASSED] - Keys 'TAB + ' sent to object: 'Object Repository/Shopping Cart/Sign up/Password_input'

19-07-2024T20:46:18 - [TEST_STEP][PASSED] - verifyElementPresent(findTestObject("Object Repository/Shopping Cart/Sign up/Password_error_message_lb"), 5): Object 'Object Repository/Shopping Cart/Sign up/Password_error_message_lb' is present

19-07-2024T20:46:18 - [MESSAGE][PASSED] - Object 'Object Repository/Shopping Cart/Sign up/Password_error_message_lb' is present

19-07-2024T20:46:18 - [TEST_STEP][PASSED] - Actual_password_error = getText(findTestObject("Object Repository/Shopping Cart/Sign up/Password_error_message_lb")): Text of object 'Object Repository/Shopping Cart/Sign up/Password_error_message_lb' is: 'at least one lower case'

19-07-2024T20:46:19 - [MESSAGE][PASSED] - Text of object 'Object Repository/Shopping Cart/Sign up/Password_error_message_lb' is: 'at least one lower case'

19-07-2024T20:46:19 - [TEST_STEP][PASSED] - verifyEqual(Actual_password_error, expec_password_error): Actual object 'at least one lower case' and expected object 'at least one lower case' are equal

19-07-2024T20:46:19 - [MESSAGE][PASSED] - Actual object 'at least one lower case' and expected object 'at least one lower case' are equal

19-07-2024T20:46:19 - [TEST_STEP][PASSED] - closeBrowser(): Browser is closed

19-07-2024T20:46:19 - [MESSAGE][PASSED] - Browser is closed]]></system-out>
         <system-err><![CDATA[]]></system-err>
      </testcase>
      <testcase name="Test Cases/Shopping Cart/Sign up/TC20_Fill_wrong_verify_password_rule" time="371.719" classname="Test Cases/Shopping Cart/Sign up/TC20_Fill_wrong_verify_password_rule" status="PASSED">
         <system-out><![CDATA[19-07-2024T20:46:19 - [TEST_CASE][PASSED] - Test Cases/Shopping Cart/Sign up/TC20_Fill_wrong_verify_password_rule: Test Cases/Shopping Cart/Sign up/TC20_Fill_wrong_verify_password_rule

19-07-2024T20:46:19 - [TEST_STEP][PASSED] - openBrowser(Signup_URL): Browser is opened with url: 'https://demo-store.katalon.com/signup'

19-07-2024T20:46:19 - [MESSAGE][INFO] - Starting 'Chrome' driver

19-07-2024T20:46:19 - [MESSAGE][INFO] - Action delay is set to 0 milliseconds

19-07-2024T20:49:34 - [MESSAGE][PASSED] - Browser is opened with url: 'https://demo-store.katalon.com/signup'

19-07-2024T20:49:34 - [TEST_STEP][PASSED] - maximizeWindow(): Current window maximized

19-07-2024T20:49:34 - [MESSAGE][PASSED] - Current window maximized

19-07-2024T20:49:34 - [TEST_STEP][PASSED] - verifyElementPresent(findTestObject("Object Repository/Shopping Cart/Sign up/Sign_up_page"), 5): Object 'Object Repository/Shopping Cart/Sign up/Sign_up_page' is present

19-07-2024T20:50:04 - [MESSAGE][PASSED] - Object 'Object Repository/Shopping Cart/Sign up/Sign_up_page' is present

19-07-2024T20:50:04 - [TEST_STEP][PASSED] - setText(findTestObject("Object Repository/Shopping Cart/Sign up/Verify_password_input"), password): Text 'def' is set on object 'Object Repository/Shopping Cart/Sign up/Verify_password_input'

19-07-2024T20:51:04 - [MESSAGE][PASSED] - Text 'def' is set on object 'Object Repository/Shopping Cart/Sign up/Verify_password_input'

19-07-2024T20:51:04 - [TEST_STEP][PASSED] - sendKeys(findTestObject("Object Repository/Shopping Cart/Sign up/Verify_password_input"), Keys.chord(TAB)): Keys 'TAB + ' sent to object: 'Object Repository/Shopping Cart/Sign up/Verify_password_input'

19-07-2024T20:51:35 - [MESSAGE][PASSED] - Keys 'TAB + ' sent to object: 'Object Repository/Shopping Cart/Sign up/Verify_password_input'

19-07-2024T20:51:35 - [TEST_STEP][PASSED] - verifyElementPresent(findTestObject("Object Repository/Shopping Cart/Sign up/VerifyPass_error_message_lb"), 5): Object 'Object Repository/Shopping Cart/Sign up/VerifyPass_error_message_lb' is present

19-07-2024T20:52:05 - [MESSAGE][PASSED] - Object 'Object Repository/Shopping Cart/Sign up/VerifyPass_error_message_lb' is present

19-07-2024T20:52:05 - [TEST_STEP][PASSED] - Actual_verify_password_error = getText(findTestObject("Object Repository/Shopping Cart/Sign up/VerifyPass_error_message_lb")): Text of object 'Object Repository/Shopping Cart/Sign up/VerifyPass_error_message_lb' is: 'password has to be 6-15 letter'

19-07-2024T20:52:30 - [MESSAGE][PASSED] - Text of object 'Object Repository/Shopping Cart/Sign up/VerifyPass_error_message_lb' is: 'password has to be 6-15 letter'

19-07-2024T20:52:30 - [TEST_STEP][PASSED] - verifyEqual(Actual_verify_password_error, expec_verify_password_error): Actual object 'password has to be 6-15 letter' and expected object 'password has to be 6-15 letter' are equal

19-07-2024T20:52:30 - [MESSAGE][PASSED] - Actual object 'password has to be 6-15 letter' and expected object 'password has to be 6-15 letter' are equal

19-07-2024T20:52:30 - [TEST_STEP][PASSED] - closeBrowser(): Browser is closed

19-07-2024T20:52:30 - [MESSAGE][PASSED] - Browser is closed]]></system-out>
         <system-err><![CDATA[]]></system-err>
      </testcase>
      <testcase name="Test Cases/Shopping Cart/Sign up/TC20_Fill_wrong_verify_password_rule" time="13.696" classname="Test Cases/Shopping Cart/Sign up/TC20_Fill_wrong_verify_password_rule" status="PASSED">
         <system-out><![CDATA[19-07-2024T20:52:30 - [TEST_CASE][PASSED] - Test Cases/Shopping Cart/Sign up/TC20_Fill_wrong_verify_password_rule: Test Cases/Shopping Cart/Sign up/TC20_Fill_wrong_verify_password_rule

19-07-2024T20:52:30 - [TEST_STEP][PASSED] - openBrowser(Signup_URL): Browser is opened with url: 'https://demo-store.katalon.com/signup'

19-07-2024T20:52:30 - [MESSAGE][INFO] - Starting 'Chrome' driver

19-07-2024T20:52:30 - [MESSAGE][INFO] - Action delay is set to 0 milliseconds

19-07-2024T20:52:41 - [MESSAGE][PASSED] - Browser is opened with url: 'https://demo-store.katalon.com/signup'

19-07-2024T20:52:41 - [TEST_STEP][PASSED] - maximizeWindow(): Current window maximized

19-07-2024T20:52:41 - [MESSAGE][PASSED] - Current window maximized

19-07-2024T20:52:41 - [TEST_STEP][PASSED] - verifyElementPresent(findTestObject("Object Repository/Shopping Cart/Sign up/Sign_up_page"), 5): Object 'Object Repository/Shopping Cart/Sign up/Sign_up_page' is present

19-07-2024T20:52:42 - [MESSAGE][PASSED] - Object 'Object Repository/Shopping Cart/Sign up/Sign_up_page' is present

19-07-2024T20:52:42 - [TEST_STEP][PASSED] - setText(findTestObject("Object Repository/Shopping Cart/Sign up/Verify_password_input"), password): Text 'abcdef' is set on object 'Object Repository/Shopping Cart/Sign up/Verify_password_input'

19-07-2024T20:52:43 - [MESSAGE][PASSED] - Text 'abcdef' is set on object 'Object Repository/Shopping Cart/Sign up/Verify_password_input'

19-07-2024T20:52:43 - [TEST_STEP][PASSED] - sendKeys(findTestObject("Object Repository/Shopping Cart/Sign up/Verify_password_input"), Keys.chord(TAB)): Keys 'TAB + ' sent to object: 'Object Repository/Shopping Cart/Sign up/Verify_password_input'

19-07-2024T20:52:43 - [MESSAGE][PASSED] - Keys 'TAB + ' sent to object: 'Object Repository/Shopping Cart/Sign up/Verify_password_input'

19-07-2024T20:52:43 - [TEST_STEP][PASSED] - verifyElementPresent(findTestObject("Object Repository/Shopping Cart/Sign up/VerifyPass_error_message_lb"), 5): Object 'Object Repository/Shopping Cart/Sign up/VerifyPass_error_message_lb' is present

19-07-2024T20:52:43 - [MESSAGE][PASSED] - Object 'Object Repository/Shopping Cart/Sign up/VerifyPass_error_message_lb' is present

19-07-2024T20:52:43 - [TEST_STEP][PASSED] - Actual_verify_password_error = getText(findTestObject("Object Repository/Shopping Cart/Sign up/VerifyPass_error_message_lb")): Text of object 'Object Repository/Shopping Cart/Sign up/VerifyPass_error_message_lb' is: 'at least one upper case'

19-07-2024T20:52:44 - [MESSAGE][PASSED] - Text of object 'Object Repository/Shopping Cart/Sign up/VerifyPass_error_message_lb' is: 'at least one upper case'

19-07-2024T20:52:44 - [TEST_STEP][PASSED] - verifyEqual(Actual_verify_password_error, expec_verify_password_error): Actual object 'at least one upper case' and expected object 'at least one upper case' are equal

19-07-2024T20:52:44 - [MESSAGE][PASSED] - Actual object 'at least one upper case' and expected object 'at least one upper case' are equal

19-07-2024T20:52:44 - [TEST_STEP][PASSED] - closeBrowser(): Browser is closed

19-07-2024T20:52:44 - [MESSAGE][PASSED] - Browser is closed]]></system-out>
         <system-err><![CDATA[]]></system-err>
      </testcase>
      <testcase name="Test Cases/Shopping Cart/Sign up/TC20_Fill_wrong_verify_password_rule" time="13.241" classname="Test Cases/Shopping Cart/Sign up/TC20_Fill_wrong_verify_password_rule" status="PASSED">
         <system-out><![CDATA[19-07-2024T20:52:44 - [TEST_CASE][PASSED] - Test Cases/Shopping Cart/Sign up/TC20_Fill_wrong_verify_password_rule: Test Cases/Shopping Cart/Sign up/TC20_Fill_wrong_verify_password_rule

19-07-2024T20:52:44 - [TEST_STEP][PASSED] - openBrowser(Signup_URL): Browser is opened with url: 'https://demo-store.katalon.com/signup'

19-07-2024T20:52:44 - [MESSAGE][INFO] - Starting 'Chrome' driver

19-07-2024T20:52:44 - [MESSAGE][INFO] - Action delay is set to 0 milliseconds

19-07-2024T20:52:55 - [MESSAGE][PASSED] - Browser is opened with url: 'https://demo-store.katalon.com/signup'

19-07-2024T20:52:55 - [TEST_STEP][PASSED] - maximizeWindow(): Current window maximized

19-07-2024T20:52:55 - [MESSAGE][PASSED] - Current window maximized

19-07-2024T20:52:55 - [TEST_STEP][PASSED] - verifyElementPresent(findTestObject("Object Repository/Shopping Cart/Sign up/Sign_up_page"), 5): Object 'Object Repository/Shopping Cart/Sign up/Sign_up_page' is present

19-07-2024T20:52:55 - [MESSAGE][PASSED] - Object 'Object Repository/Shopping Cart/Sign up/Sign_up_page' is present

19-07-2024T20:52:55 - [TEST_STEP][PASSED] - setText(findTestObject("Object Repository/Shopping Cart/Sign up/Verify_password_input"), password): Text 'ABC123' is set on object 'Object Repository/Shopping Cart/Sign up/Verify_password_input'

19-07-2024T20:52:56 - [MESSAGE][PASSED] - Text 'ABC123' is set on object 'Object Repository/Shopping Cart/Sign up/Verify_password_input'

19-07-2024T20:52:56 - [TEST_STEP][PASSED] - sendKeys(findTestObject("Object Repository/Shopping Cart/Sign up/Verify_password_input"), Keys.chord(TAB)): Keys 'TAB + ' sent to object: 'Object Repository/Shopping Cart/Sign up/Verify_password_input'

19-07-2024T20:52:56 - [MESSAGE][PASSED] - Keys 'TAB + ' sent to object: 'Object Repository/Shopping Cart/Sign up/Verify_password_input'

19-07-2024T20:52:56 - [TEST_STEP][PASSED] - verifyElementPresent(findTestObject("Object Repository/Shopping Cart/Sign up/VerifyPass_error_message_lb"), 5): Object 'Object Repository/Shopping Cart/Sign up/VerifyPass_error_message_lb' is present

19-07-2024T20:52:57 - [MESSAGE][PASSED] - Object 'Object Repository/Shopping Cart/Sign up/VerifyPass_error_message_lb' is present

19-07-2024T20:52:57 - [TEST_STEP][PASSED] - Actual_verify_password_error = getText(findTestObject("Object Repository/Shopping Cart/Sign up/VerifyPass_error_message_lb")): Text of object 'Object Repository/Shopping Cart/Sign up/VerifyPass_error_message_lb' is: 'at least one lower case'

19-07-2024T20:52:57 - [MESSAGE][PASSED] - Text of object 'Object Repository/Shopping Cart/Sign up/VerifyPass_error_message_lb' is: 'at least one lower case'

19-07-2024T20:52:57 - [TEST_STEP][PASSED] - verifyEqual(Actual_verify_password_error, expec_verify_password_error): Actual object 'at least one lower case' and expected object 'at least one lower case' are equal

19-07-2024T20:52:57 - [MESSAGE][PASSED] - Actual object 'at least one lower case' and expected object 'at least one lower case' are equal

19-07-2024T20:52:57 - [TEST_STEP][PASSED] - closeBrowser(): Browser is closed

19-07-2024T20:52:57 - [MESSAGE][PASSED] - Browser is closed]]></system-out>
         <system-err><![CDATA[]]></system-err>
      </testcase>
      <testcase name="Test Cases/Shopping Cart/Sign up/TC21_Leave_all_empty_info" time="20.586" classname="Test Cases/Shopping Cart/Sign up/TC21_Leave_all_empty_info" status="PASSED">
         <system-out><![CDATA[19-07-2024T20:52:57 - [TEST_CASE][PASSED] - Test Cases/Shopping Cart/Sign up/TC21_Leave_all_empty_info: Test Cases/Shopping Cart/Sign up/TC21_Leave_all_empty_info

19-07-2024T20:52:57 - [TEST_STEP][PASSED] - openBrowser(Signup_URL): Browser is opened with url: 'https://demo-store.katalon.com/signup'

19-07-2024T20:52:57 - [MESSAGE][INFO] - Starting 'Chrome' driver

19-07-2024T20:52:57 - [MESSAGE][INFO] - Action delay is set to 0 milliseconds

19-07-2024T20:53:09 - [MESSAGE][PASSED] - Browser is opened with url: 'https://demo-store.katalon.com/signup'

19-07-2024T20:53:09 - [TEST_STEP][PASSED] - maximizeWindow(): Current window maximized

19-07-2024T20:53:09 - [MESSAGE][PASSED] - Current window maximized

19-07-2024T20:53:09 - [TEST_STEP][PASSED] - verifyElementPresent(findTestObject("Object Repository/Shopping Cart/Sign up/Sign_up_page"), 5): Object 'Object Repository/Shopping Cart/Sign up/Sign_up_page' is present

19-07-2024T20:53:14 - [MESSAGE][PASSED] - Object 'Object Repository/Shopping Cart/Sign up/Sign_up_page' is present

19-07-2024T20:53:14 - [TEST_STEP][PASSED] - setText(findTestObject("Object Repository/Shopping Cart/Sign up/Email_input"), ""): Text '' is set on object 'Object Repository/Shopping Cart/Sign up/Email_input'

19-07-2024T20:53:15 - [MESSAGE][PASSED] - Text '' is set on object 'Object Repository/Shopping Cart/Sign up/Email_input'

19-07-2024T20:53:15 - [TEST_STEP][PASSED] - setText(findTestObject("Object Repository/Shopping Cart/Sign up/Password_input"), ""): Text '' is set on object 'Object Repository/Shopping Cart/Sign up/Password_input'

19-07-2024T20:53:15 - [MESSAGE][PASSED] - Text '' is set on object 'Object Repository/Shopping Cart/Sign up/Password_input'

19-07-2024T20:53:15 - [TEST_STEP][PASSED] - setText(findTestObject("Object Repository/Shopping Cart/Sign up/Verify_password_input"), ""): Text '' is set on object 'Object Repository/Shopping Cart/Sign up/Verify_password_input'

19-07-2024T20:53:16 - [MESSAGE][PASSED] - Text '' is set on object 'Object Repository/Shopping Cart/Sign up/Verify_password_input'

19-07-2024T20:53:16 - [TEST_STEP][PASSED] - click(findTestObject("Object Repository/Shopping Cart/Sign up/Sign_up_button")): Object: 'Object Repository/Shopping Cart/Sign up/Sign_up_button' is clicked on

19-07-2024T20:53:17 - [MESSAGE][PASSED] - Object: 'Object Repository/Shopping Cart/Sign up/Sign_up_button' is clicked on

19-07-2024T20:53:17 - [TEST_STEP][PASSED] - verifyElementText(findTestObject("Object Repository/Shopping Cart/Sign up/Email_error_message_lb"), "Required"): Actual text and expected text of test object 'Object Repository/Shopping Cart/Sign up/Email_error_message_lb' are matched.

19-07-2024T20:53:17 - [MESSAGE][PASSED] - Actual text and expected text of test object 'Object Repository/Shopping Cart/Sign up/Email_error_message_lb' are matched.

19-07-2024T20:53:17 - [TEST_STEP][PASSED] - verifyElementText(findTestObject("Object Repository/Shopping Cart/Sign up/Password_error_message_lb"), "Required"): Actual text and expected text of test object 'Object Repository/Shopping Cart/Sign up/Password_error_message_lb' are matched.

19-07-2024T20:53:18 - [MESSAGE][PASSED] - Actual text and expected text of test object 'Object Repository/Shopping Cart/Sign up/Password_error_message_lb' are matched.

19-07-2024T20:53:18 - [TEST_STEP][PASSED] - verifyElementText(findTestObject("Object Repository/Shopping Cart/Sign up/VerifyPass_error_message_lb"), "Required"): Actual text and expected text of test object 'Object Repository/Shopping Cart/Sign up/VerifyPass_error_message_lb' are matched.

19-07-2024T20:53:18 - [MESSAGE][PASSED] - Actual text and expected text of test object 'Object Repository/Shopping Cart/Sign up/VerifyPass_error_message_lb' are matched.

19-07-2024T20:53:18 - [TEST_STEP][PASSED] - closeBrowser(): Browser is closed

19-07-2024T20:53:18 - [MESSAGE][PASSED] - Browser is closed]]></system-out>
         <system-err><![CDATA[]]></system-err>
      </testcase>
      <system-out><![CDATA[19-07-2024T20:44:29 - [TEST_SUITE][PASSED] - Sign up: Test Cases/Shopping Cart/Sign up/TC21_Leave_all_empty_info]]></system-out>
      <system-err><![CDATA[]]></system-err>
   </testsuite>
</testsuites>
