<?xml version="1.0" encoding="UTF-8"?>
<testsuites name="Login" time="71.904" tests="4" failures="0" errors="0">
   <testsuite name="Login" tests="4" failures="0" errors="0" time="71.904" skipped="0" timestamp="17-07-2024T16:50:29" hostname="quochuy.lu - VN-HCM-D-W-0011.globalservs.com" id="Test Suites/Haealthcare/Login/Login">
      <properties>
         <property name="deviceName" value=""/>
         <property name="devicePlatform"/>
         <property name="logFolder" value="C:\\Users\\quochuy.lu\\git\\Katalon-certification\\Reports\\20240717_165016\\Haealthcare\\Login\\Login\\20240717_165016"/>
         <property name="logFiles" value="C:\\Users\\quochuy.lu\\git\\Katalon-certification\\Reports\\20240717_165016\\Haealthcare\\Login\\Login\\20240717_165016\\execution0.log"/>
         <property name="attachments" value=""/>
         <property name="hostName" value="quochuy.lu - VN-HCM-D-W-0011.globalservs.com"/>
         <property name="os" value="Windows 11 64bit"/>
         <property name="katalonVersion" value="9.6.0.217"/>
         <property name="browser" value="Chrome 126.0.0.0"/>
         <property name="hostAddress" value="10.161.207.102"/>
         <property name="sessionId" value="4b5a22e38cbe6a4ddfceee39b482f8e9"/>
         <property name="seleniumVersion" value="3.141.59"/>
         <property name="proxyInformation" value="ProxyInformation { proxyOption=NO_PROXY, proxyServerType=HTTP, username=, password=********, proxyServerAddress=, proxyServerPort=0, executionList=&quot;&quot;, isApplyToDesiredCapabilities=true }"/>
         <property name="platform" value="Windows 11"/>
      </properties>
      <testcase name="Test Cases/Healthcare/Login/TC01_Login_success_with_valid_info" time="13.08" classname="Test Cases/Healthcare/Login/TC01_Login_success_with_valid_info" status="PASSED">
         <system-out><![CDATA[17-07-2024T16:50:30 - [TEST_CASE][PASSED] - Test Cases/Healthcare/Login/TC01_Login_success_with_valid_info: Test Cases/Healthcare/Login/TC01_Login_success_with_valid_info

17-07-2024T16:50:31 - [TEST_STEP][PASSED] - openBrowser(HC_Login_URL): Browser is opened with url: 'https://katalon-demo-cura.herokuapp.com/profile.php#login'

17-07-2024T16:50:32 - [MESSAGE][INFO] - Starting 'Chrome' driver

17-07-2024T16:50:32 - [MESSAGE][INFO] - Action delay is set to 0 milliseconds

17-07-2024T16:50:37 - [MESSAGE][PASSED] - Browser is opened with url: 'https://katalon-demo-cura.herokuapp.com/profile.php#login'

17-07-2024T16:50:37 - [TEST_STEP][PASSED] - maximizeWindow(): Current window maximized

17-07-2024T16:50:39 - [MESSAGE][PASSED] - Current window maximized

17-07-2024T16:50:39 - [TEST_STEP][PASSED] - setText(findTestObject("Object Repository/Healthcare/Login/input_Username_username"), "John Doe"): Text 'John Doe' is set on object 'Object Repository/Healthcare/Login/input_Username_username'

17-07-2024T16:50:40 - [MESSAGE][PASSED] - Text 'John Doe' is set on object 'Object Repository/Healthcare/Login/input_Username_username'

17-07-2024T16:50:40 - [TEST_STEP][PASSED] - setText(findTestObject("Object Repository/Healthcare/Login/input_Password_password"), "ThisIsNotAPassword"): Text 'ThisIsNotAPassword' is set on object 'Object Repository/Healthcare/Login/input_Password_password'

17-07-2024T16:50:41 - [MESSAGE][PASSED] - Text 'ThisIsNotAPassword' is set on object 'Object Repository/Healthcare/Login/input_Password_password'

17-07-2024T16:50:41 - [TEST_STEP][PASSED] - click(findTestObject("Object Repository/Healthcare/Login/button_Login")): Object: 'Object Repository/Healthcare/Login/button_Login' is clicked on

17-07-2024T16:50:42 - [MESSAGE][PASSED] - Object: 'Object Repository/Healthcare/Login/button_Login' is clicked on

17-07-2024T16:50:42 - [TEST_STEP][PASSED] - verifyElementPresent(findTestObject("Object Repository/Healthcare/Appointment/form_Healthcare"), 3): Object 'Object Repository/Healthcare/Appointment/form_Healthcare' is present

17-07-2024T16:50:43 - [MESSAGE][PASSED] - Object 'Object Repository/Healthcare/Appointment/form_Healthcare' is present

17-07-2024T16:50:43 - [TEST_STEP][PASSED] - closeBrowser(): Browser is closed

17-07-2024T16:50:43 - [MESSAGE][PASSED] - Browser is closed]]></system-out>
         <system-err><![CDATA[]]></system-err>
      </testcase>
      <testcase name="Test Cases/Healthcare/Login/TC02_Login_via_make_appointment" time="40.132" classname="Test Cases/Healthcare/Login/TC02_Login_via_make_appointment" status="PASSED">
         <system-out><![CDATA[17-07-2024T16:50:43 - [TEST_CASE][PASSED] - Test Cases/Healthcare/Login/TC02_Login_via_make_appointment: Test Cases/Healthcare/Login/TC02_Login_via_make_appointment

17-07-2024T16:50:43 - [TEST_STEP][PASSED] - openBrowser(HC_Dashborad_URL): Browser is opened with url: 'https://katalon-demo-cura.herokuapp.com/'

17-07-2024T16:50:43 - [MESSAGE][INFO] - Starting 'Chrome' driver

17-07-2024T16:50:43 - [MESSAGE][INFO] - Action delay is set to 0 milliseconds

17-07-2024T16:50:47 - [MESSAGE][PASSED] - Browser is opened with url: 'https://katalon-demo-cura.herokuapp.com/'

17-07-2024T16:50:47 - [TEST_STEP][PASSED] - maximizeWindow(): Current window maximized

17-07-2024T16:50:48 - [MESSAGE][PASSED] - Current window maximized

17-07-2024T16:50:48 - [TEST_STEP][PASSED] - click(findTestObject("Object Repository/Healthcare/Dashboard/a_Make Appointment")): Object: 'Object Repository/Healthcare/Dashboard/a_Make Appointment' is clicked on

17-07-2024T16:51:19 - [MESSAGE][INFO] - Unable to find the element located by 'By.xpath: //a[@id='btn-appointment']'. Please recheck the objects properties to make sure the desired element is located. 

17-07-2024T16:51:19 - [MESSAGE][WARNING] - [SELF-HEALING] Failed to find element with id 'Object Repository/Healthcare/Dashboard/a_Make Appointment'. Try using Self-healing.

17-07-2024T16:51:19 - [MESSAGE][INFO] - [SELF-HEALING] Working Locator: '//a[@id='btn-make-appointment']'.

17-07-2024T16:51:19 - [MESSAGE][INFO] - [SELF-HEALING] Screenshot: C:/Users/quochuy.lu/git/Katalon-certification/Reports/Self-healing/Object Repository/Healthcare/Dashboard/a_Make Appointment_attributes.png

17-07-2024T16:51:19 - [MESSAGE][WARNING] - [SELF-HEALING] The current locator of test object 'Object Repository/Healthcare/Dashboard/a_Make Appointment' was broken. Propose an alternative one: '//a[@id='btn-make-appointment']'.

17-07-2024T16:51:20 - [MESSAGE][PASSED] - Object: 'Object Repository/Healthcare/Dashboard/a_Make Appointment' is clicked on

17-07-2024T16:51:20 - [TEST_STEP][PASSED] - store.Authentication.HC_Login.HC_Login_with_URL("John Doe", "ThisIsNotAPassword"): store.Authentication.HC_Login.HC_Login_with_URL is PASSED

17-07-2024T16:51:21 - [MESSAGE][PASSED] - Text 'John Doe' is set on object 'Object Repository/Healthcare/Login/input_Username_username'

17-07-2024T16:51:22 - [MESSAGE][PASSED] - Text 'ThisIsNotAPassword' is set on object 'Object Repository/Healthcare/Login/input_Password_password'

17-07-2024T16:51:23 - [MESSAGE][PASSED] - Object: 'Object Repository/Healthcare/Login/button_Login' is clicked on

17-07-2024T16:51:23 - [MESSAGE][PASSED] - Object 'Object Repository/Healthcare/Appointment/form_Healthcare' is present

17-07-2024T16:51:23 - [MESSAGE][PASSED] - store.Authentication.HC_Login.HC_Login_with_URL is PASSED

17-07-2024T16:51:23 - [TEST_STEP][PASSED] - verifyElementPresent(findTestObject("Object Repository/Healthcare/Appointment/form_Healthcare"), 3): Object 'Object Repository/Healthcare/Appointment/form_Healthcare' is present

17-07-2024T16:51:23 - [MESSAGE][PASSED] - Object 'Object Repository/Healthcare/Appointment/form_Healthcare' is present]]></system-out>
         <system-err><![CDATA[]]></system-err>
      </testcase>
      <testcase name="Test Cases/Healthcare/Login/TC03_Login_via_burger_menu" time="9.893" classname="Test Cases/Healthcare/Login/TC03_Login_via_burger_menu" status="PASSED">
         <system-out><![CDATA[17-07-2024T16:51:23 - [TEST_CASE][PASSED] - Test Cases/Healthcare/Login/TC03_Login_via_burger_menu: Test Cases/Healthcare/Login/TC03_Login_via_burger_menu

17-07-2024T16:51:24 - [TEST_STEP][PASSED] - openBrowser(HC_Dashborad_URL): Browser is opened with url: 'https://katalon-demo-cura.herokuapp.com/'

17-07-2024T16:51:24 - [MESSAGE][WARNING] - A browser is already opened. Closing browser and opening a new one

17-07-2024T16:51:24 - [MESSAGE][INFO] - Starting 'Chrome' driver

17-07-2024T16:51:24 - [MESSAGE][INFO] - Action delay is set to 0 milliseconds

17-07-2024T16:51:26 - [MESSAGE][PASSED] - Browser is opened with url: 'https://katalon-demo-cura.herokuapp.com/'

17-07-2024T16:51:26 - [TEST_STEP][PASSED] - maximizeWindow(): Current window maximized

17-07-2024T16:51:28 - [MESSAGE][PASSED] - Current window maximized

17-07-2024T16:51:28 - [TEST_STEP][PASSED] - click(findTestObject("Object Repository/Healthcare/Burger menu/a_Burger_menu")): Object: 'Object Repository/Healthcare/Burger menu/a_Burger_menu' is clicked on

17-07-2024T16:51:28 - [MESSAGE][PASSED] - Object: 'Object Repository/Healthcare/Burger menu/a_Burger_menu' is clicked on

17-07-2024T16:51:28 - [TEST_STEP][PASSED] - click(findTestObject("Object Repository/Healthcare/Burger menu/a_Login")): Object: 'Object Repository/Healthcare/Burger menu/a_Login' is clicked on

17-07-2024T16:51:30 - [MESSAGE][PASSED] - Object: 'Object Repository/Healthcare/Burger menu/a_Login' is clicked on

17-07-2024T16:51:30 - [TEST_STEP][PASSED] - store.Authentication.HC_Login.HC_Login_with_URL("John Doe", "ThisIsNotAPassword"): store.Authentication.HC_Login.HC_Login_with_URL is PASSED

17-07-2024T16:51:30 - [MESSAGE][PASSED] - Text 'John Doe' is set on object 'Object Repository/Healthcare/Login/input_Username_username'

17-07-2024T16:51:31 - [MESSAGE][PASSED] - Text 'ThisIsNotAPassword' is set on object 'Object Repository/Healthcare/Login/input_Password_password'

17-07-2024T16:51:32 - [MESSAGE][PASSED] - Object: 'Object Repository/Healthcare/Login/button_Login' is clicked on

17-07-2024T16:51:33 - [MESSAGE][PASSED] - Object 'Object Repository/Healthcare/Appointment/form_Healthcare' is present

17-07-2024T16:51:33 - [MESSAGE][PASSED] - store.Authentication.HC_Login.HC_Login_with_URL is PASSED

17-07-2024T16:51:33 - [TEST_STEP][PASSED] - verifyElementPresent(findTestObject("Object Repository/Healthcare/Appointment/form_Healthcare"), 3): Object 'Object Repository/Healthcare/Appointment/form_Healthcare' is present

17-07-2024T16:51:33 - [MESSAGE][PASSED] - Object 'Object Repository/Healthcare/Appointment/form_Healthcare' is present

17-07-2024T16:51:33 - [TEST_STEP][PASSED] - closeBrowser(): Browser is closed

17-07-2024T16:51:33 - [MESSAGE][PASSED] - Browser is closed]]></system-out>
         <system-err><![CDATA[]]></system-err>
      </testcase>
      <testcase name="Test Cases/Healthcare/Login/TC06_Login_with_invalid_info" time="8.083" classname="Test Cases/Healthcare/Login/TC06_Login_with_invalid_info" status="PASSED">
         <system-out><![CDATA[17-07-2024T16:51:33 - [TEST_CASE][PASSED] - Test Cases/Healthcare/Login/TC06_Login_with_invalid_info: Test Cases/Healthcare/Login/TC06_Login_with_invalid_info

17-07-2024T16:51:33 - [TEST_STEP][PASSED] - openBrowser(HC_Login_URL): Browser is opened with url: 'https://katalon-demo-cura.herokuapp.com/profile.php#login'

17-07-2024T16:51:33 - [MESSAGE][INFO] - Starting 'Chrome' driver

17-07-2024T16:51:33 - [MESSAGE][INFO] - Action delay is set to 0 milliseconds

17-07-2024T16:51:38 - [MESSAGE][PASSED] - Browser is opened with url: 'https://katalon-demo-cura.herokuapp.com/profile.php#login'

17-07-2024T16:51:38 - [TEST_STEP][PASSED] - maximizeWindow(): Current window maximized

17-07-2024T16:51:38 - [MESSAGE][PASSED] - Current window maximized

17-07-2024T16:51:38 - [TEST_STEP][PASSED] - setText(findTestObject("Object Repository/Healthcare/Login/input_Username_username"), "John"): Text 'John' is set on object 'Object Repository/Healthcare/Login/input_Username_username'

17-07-2024T16:51:39 - [MESSAGE][PASSED] - Text 'John' is set on object 'Object Repository/Healthcare/Login/input_Username_username'

17-07-2024T16:51:39 - [TEST_STEP][PASSED] - setText(findTestObject("Object Repository/Healthcare/Login/input_Password_password"), "ThisIsAPassword"): Text 'ThisIsAPassword' is set on object 'Object Repository/Healthcare/Login/input_Password_password'

17-07-2024T16:51:39 - [MESSAGE][PASSED] - Text 'ThisIsAPassword' is set on object 'Object Repository/Healthcare/Login/input_Password_password'

17-07-2024T16:51:39 - [TEST_STEP][PASSED] - click(findTestObject("Object Repository/Healthcare/Login/button_Login")): Object: 'Object Repository/Healthcare/Login/button_Login' is clicked on

17-07-2024T16:51:40 - [MESSAGE][PASSED] - Object: 'Object Repository/Healthcare/Login/button_Login' is clicked on

17-07-2024T16:51:40 - [TEST_STEP][PASSED] - verifyElementPresent(findTestObject("Object Repository/Healthcare/Login/label_Error_message"), 3): Object 'Object Repository/Healthcare/Login/label_Error_message' is present

17-07-2024T16:51:41 - [MESSAGE][PASSED] - Object 'Object Repository/Healthcare/Login/label_Error_message' is present

17-07-2024T16:51:41 - [TEST_STEP][PASSED] - closeBrowser(): Browser is closed

17-07-2024T16:51:41 - [MESSAGE][PASSED] - Browser is closed]]></system-out>
         <system-err><![CDATA[]]></system-err>
      </testcase>
      <system-out><![CDATA[17-07-2024T16:50:29 - [TEST_SUITE][PASSED] - Login: Test Cases/Healthcare/Login/TC06_Login_with_invalid_info]]></system-out>
      <system-err><![CDATA[]]></system-err>
   </testsuite>
</testsuites>
