<?xml version="1.0" encoding="UTF-8"?>
<testsuites name="Burger_menu_log_in" time="53.909" tests="5" failures="0" errors="0">
   <testsuite name="Burger_menu_log_in" tests="5" failures="0" errors="0" time="53.909" skipped="0" timestamp="25-07-2024T23:05:58" hostname="Admin - DESKTOP-26G4KH6" id="Test Suites/Haealthcare/Burger Menu/Burger_menu_log_in">
      <properties>
         <property name="deviceName" value=""/>
         <property name="devicePlatform"/>
         <property name="logFolder" value="C:\\Users\\Admin\\git\\Katalon-certification\\Reports\\20240725_230548\\Haealthcare\\Burger Menu\\Burger_menu_log_in\\20240725_230549"/>
         <property name="logFiles" value="C:\\Users\\Admin\\git\\Katalon-certification\\Reports\\20240725_230548\\Haealthcare\\Burger Menu\\Burger_menu_log_in\\20240725_230549\\execution0.log"/>
         <property name="attachments" value=""/>
         <property name="hostName" value="Admin - DESKTOP-26G4KH6"/>
         <property name="os" value="Windows 10 64bit"/>
         <property name="katalonVersion" value="9.6.0.217"/>
         <property name="browser" value="Chrome 126.0.0.0"/>
         <property name="hostAddress" value="192.168.0.191"/>
         <property name="sessionId" value="07f63053f9f147f51f2f9a4d82e09ebc"/>
         <property name="seleniumVersion" value="3.141.59"/>
         <property name="proxyInformation" value="ProxyInformation { proxyOption=NO_PROXY, proxyServerType=HTTP, username=, password=********, proxyServerAddress=, proxyServerPort=0, executionList=&quot;&quot;, isApplyToDesiredCapabilities=true }"/>
         <property name="platform" value="Windows 10"/>
      </properties>
      <testcase name="Test Cases/Healthcare/Buger Menu/TC05_Logged_in_Check_display" time="12.144" classname="Test Cases/Healthcare/Buger Menu/TC05_Logged_in_Check_display" status="PASSED">
         <system-out><![CDATA[25-07-2024T23:05:58 - [TEST_CASE][PASSED] - Test Cases/Healthcare/Buger Menu/TC05_Logged_in_Check_display: Test Cases/Healthcare/Buger Menu/TC05_Logged_in_Check_display

25-07-2024T23:05:58 - [TEST_STEP][PASSED] - store.Authentication.HC_Login_Burger_menu.Login_via_Burger_menu(): store.Authentication.HC_Login_Burger_menu.Login_via_Burger_menu is PASSED

25-07-2024T23:05:59 - [MESSAGE][INFO] - Starting 'Chrome' driver

25-07-2024T23:05:59 - [MESSAGE][INFO] - Action delay is set to 0 milliseconds

25-07-2024T23:06:03 - [MESSAGE][PASSED] - Browser is opened with url: 'https://katalon-demo-cura.herokuapp.com/'

25-07-2024T23:06:03 - [MESSAGE][PASSED] - Current window maximized

25-07-2024T23:06:03 - [MESSAGE][PASSED] - Object: 'Object Repository/Healthcare/Burger menu/a_Burger_menu' is clicked on

25-07-2024T23:06:04 - [MESSAGE][PASSED] - Object: 'Object Repository/Healthcare/Burger menu/a_Login' is clicked on

25-07-2024T23:06:05 - [MESSAGE][PASSED] - Text 'John Doe' is set on object 'Object Repository/Healthcare/Login/input_Username_username'

25-07-2024T23:06:06 - [MESSAGE][PASSED] - Text 'ThisIsNotAPassword' is set on object 'Object Repository/Healthcare/Login/input_Password_password'

25-07-2024T23:06:07 - [MESSAGE][PASSED] - Object: 'Object Repository/Healthcare/Login/button_Login' is clicked on

25-07-2024T23:06:07 - [MESSAGE][PASSED] - Object 'Object Repository/Healthcare/Appointment/form_Healthcare' is present

25-07-2024T23:06:08 - [MESSAGE][PASSED] - Object 'Object Repository/Healthcare/Appointment/form_Healthcare' is present

25-07-2024T23:06:08 - [MESSAGE][PASSED] - store.Authentication.HC_Login_Burger_menu.Login_via_Burger_menu is PASSED

25-07-2024T23:06:08 - [TEST_STEP][PASSED] - click(findTestObject("Object Repository/Healthcare/Burger menu/a_Burger_menu")): Object: 'Object Repository/Healthcare/Burger menu/a_Burger_menu' is clicked on

25-07-2024T23:06:08 - [MESSAGE][PASSED] - Object: 'Object Repository/Healthcare/Burger menu/a_Burger_menu' is clicked on

25-07-2024T23:06:08 - [TEST_STEP][PASSED] - verifyElementPresent(findTestObject("Object Repository/Healthcare/Burger menu/Slidebar_opened"), 3): Object 'Object Repository/Healthcare/Burger menu/Slidebar_opened' is present

25-07-2024T23:06:08 - [MESSAGE][PASSED] - Object 'Object Repository/Healthcare/Burger menu/Slidebar_opened' is present

25-07-2024T23:06:08 - [TEST_STEP][PASSED] - verifyElementPresent(findTestObject("Object Repository/Healthcare/Burger menu/a_Home"), 3): Object 'Object Repository/Healthcare/Burger menu/a_Home' is present

25-07-2024T23:06:09 - [MESSAGE][PASSED] - Object 'Object Repository/Healthcare/Burger menu/a_Home' is present

25-07-2024T23:06:09 - [TEST_STEP][PASSED] - verifyElementNotPresent(findTestObject("Object Repository/Healthcare/Burger menu/a_Login"), 3): Web element with id: 'Object Repository/Healthcare/Burger menu/a_Login' located by 'By.xpath: //a[@href = 'profile.php#login' and (text() = 'Login' or . = 'Login')]' is not present after '3' second(s)

25-07-2024T23:06:09 - [MESSAGE][PASSED] - Web element with id: 'Object Repository/Healthcare/Burger menu/a_Login' located by 'By.xpath: //a[@href = 'profile.php#login' and (text() = 'Login' or . = 'Login')]' is not present after '3' second(s)

25-07-2024T23:06:09 - [TEST_STEP][PASSED] - verifyElementPresent(findTestObject("Object Repository/Healthcare/Burger menu/a_History"), 3): Object 'Object Repository/Healthcare/Burger menu/a_History' is present

25-07-2024T23:06:09 - [MESSAGE][PASSED] - Object 'Object Repository/Healthcare/Burger menu/a_History' is present

25-07-2024T23:06:09 - [TEST_STEP][PASSED] - verifyElementPresent(findTestObject("Object Repository/Healthcare/Burger menu/a_Profile"), 3): Object 'Object Repository/Healthcare/Burger menu/a_Profile' is present

25-07-2024T23:06:10 - [MESSAGE][PASSED] - Object 'Object Repository/Healthcare/Burger menu/a_Profile' is present

25-07-2024T23:06:10 - [TEST_STEP][PASSED] - verifyElementPresent(findTestObject("Object Repository/Healthcare/Burger menu/a_Logout"), 3): Object 'Object Repository/Healthcare/Burger menu/a_Logout' is present

25-07-2024T23:06:10 - [MESSAGE][PASSED] - Object 'Object Repository/Healthcare/Burger menu/a_Logout' is present

25-07-2024T23:06:10 - [TEST_STEP][PASSED] - closeBrowser(): Browser is closed

25-07-2024T23:06:10 - [MESSAGE][PASSED] - Browser is closed]]></system-out>
         <system-err><![CDATA[]]></system-err>
      </testcase>
      <testcase name="Test Cases/Healthcare/Buger Menu/TC07_Check_navigation_Home_Logged_in" time="9.974" classname="Test Cases/Healthcare/Buger Menu/TC07_Check_navigation_Home_Logged_in" status="PASSED">
         <system-out><![CDATA[25-07-2024T23:06:10 - [TEST_CASE][PASSED] - Test Cases/Healthcare/Buger Menu/TC07_Check_navigation_Home_Logged_in: Test Cases/Healthcare/Buger Menu/TC07_Check_navigation_Home_Logged_in

25-07-2024T23:06:10 - [TEST_STEP][PASSED] - store.Authentication.HC_Login_Burger_menu.Login_via_Burger_menu(): store.Authentication.HC_Login_Burger_menu.Login_via_Burger_menu is PASSED

25-07-2024T23:06:10 - [MESSAGE][INFO] - Starting 'Chrome' driver

25-07-2024T23:06:10 - [MESSAGE][INFO] - Action delay is set to 0 milliseconds

25-07-2024T23:06:14 - [MESSAGE][PASSED] - Browser is opened with url: 'https://katalon-demo-cura.herokuapp.com/'

25-07-2024T23:06:14 - [MESSAGE][PASSED] - Current window maximized

25-07-2024T23:06:14 - [MESSAGE][PASSED] - Object: 'Object Repository/Healthcare/Burger menu/a_Burger_menu' is clicked on

25-07-2024T23:06:15 - [MESSAGE][PASSED] - Object: 'Object Repository/Healthcare/Burger menu/a_Login' is clicked on

25-07-2024T23:06:15 - [MESSAGE][PASSED] - Text 'John Doe' is set on object 'Object Repository/Healthcare/Login/input_Username_username'

25-07-2024T23:06:16 - [MESSAGE][PASSED] - Text 'ThisIsNotAPassword' is set on object 'Object Repository/Healthcare/Login/input_Password_password'

25-07-2024T23:06:18 - [MESSAGE][PASSED] - Object: 'Object Repository/Healthcare/Login/button_Login' is clicked on

25-07-2024T23:06:18 - [MESSAGE][PASSED] - Object 'Object Repository/Healthcare/Appointment/form_Healthcare' is present

25-07-2024T23:06:18 - [MESSAGE][PASSED] - Object 'Object Repository/Healthcare/Appointment/form_Healthcare' is present

25-07-2024T23:06:18 - [MESSAGE][PASSED] - store.Authentication.HC_Login_Burger_menu.Login_via_Burger_menu is PASSED

25-07-2024T23:06:18 - [TEST_STEP][PASSED] - click(findTestObject("Object Repository/Healthcare/Burger menu/a_Burger_menu")): Object: 'Object Repository/Healthcare/Burger menu/a_Burger_menu' is clicked on

25-07-2024T23:06:19 - [MESSAGE][PASSED] - Object: 'Object Repository/Healthcare/Burger menu/a_Burger_menu' is clicked on

25-07-2024T23:06:19 - [TEST_STEP][PASSED] - verifyElementPresent(findTestObject("Object Repository/Healthcare/Burger menu/Slidebar_opened"), 3): Object 'Object Repository/Healthcare/Burger menu/Slidebar_opened' is present

25-07-2024T23:06:19 - [MESSAGE][PASSED] - Object 'Object Repository/Healthcare/Burger menu/Slidebar_opened' is present

25-07-2024T23:06:19 - [TEST_STEP][PASSED] - click(findTestObject("Object Repository/Healthcare/Burger menu/a_Home")): Object: 'Object Repository/Healthcare/Burger menu/a_Home' is clicked on

25-07-2024T23:06:20 - [MESSAGE][PASSED] - Object: 'Object Repository/Healthcare/Burger menu/a_Home' is clicked on

25-07-2024T23:06:20 - [TEST_STEP][PASSED] - verifyElementPresent(findTestObject("Object Repository/Healthcare/Appointment/form_Healthcare"), 3): Object 'Object Repository/Healthcare/Appointment/form_Healthcare' is present

25-07-2024T23:06:20 - [MESSAGE][PASSED] - Object 'Object Repository/Healthcare/Appointment/form_Healthcare' is present

25-07-2024T23:06:20 - [TEST_STEP][PASSED] - closeBrowser(): Browser is closed

25-07-2024T23:06:20 - [MESSAGE][PASSED] - Browser is closed]]></system-out>
         <system-err><![CDATA[]]></system-err>
      </testcase>
      <testcase name="Test Cases/Healthcare/Buger Menu/TC08_Check_navigation_History" time="10.155" classname="Test Cases/Healthcare/Buger Menu/TC08_Check_navigation_History" status="PASSED">
         <system-out><![CDATA[25-07-2024T23:06:20 - [TEST_CASE][PASSED] - Test Cases/Healthcare/Buger Menu/TC08_Check_navigation_History: Test Cases/Healthcare/Buger Menu/TC08_Check_navigation_History

25-07-2024T23:06:20 - [TEST_STEP][PASSED] - store.Authentication.HC_Login_Burger_menu.Login_via_Burger_menu(): store.Authentication.HC_Login_Burger_menu.Login_via_Burger_menu is PASSED

25-07-2024T23:06:20 - [MESSAGE][INFO] - Starting 'Chrome' driver

25-07-2024T23:06:20 - [MESSAGE][INFO] - Action delay is set to 0 milliseconds

25-07-2024T23:06:24 - [MESSAGE][PASSED] - Browser is opened with url: 'https://katalon-demo-cura.herokuapp.com/'

25-07-2024T23:06:24 - [MESSAGE][PASSED] - Current window maximized

25-07-2024T23:06:24 - [MESSAGE][PASSED] - Object: 'Object Repository/Healthcare/Burger menu/a_Burger_menu' is clicked on

25-07-2024T23:06:25 - [MESSAGE][PASSED] - Object: 'Object Repository/Healthcare/Burger menu/a_Login' is clicked on

25-07-2024T23:06:26 - [MESSAGE][PASSED] - Text 'John Doe' is set on object 'Object Repository/Healthcare/Login/input_Username_username'

25-07-2024T23:06:26 - [MESSAGE][PASSED] - Text 'ThisIsNotAPassword' is set on object 'Object Repository/Healthcare/Login/input_Password_password'

25-07-2024T23:06:28 - [MESSAGE][PASSED] - Object: 'Object Repository/Healthcare/Login/button_Login' is clicked on

25-07-2024T23:06:28 - [MESSAGE][PASSED] - Object 'Object Repository/Healthcare/Appointment/form_Healthcare' is present

25-07-2024T23:06:28 - [MESSAGE][PASSED] - Object 'Object Repository/Healthcare/Appointment/form_Healthcare' is present

25-07-2024T23:06:28 - [MESSAGE][PASSED] - store.Authentication.HC_Login_Burger_menu.Login_via_Burger_menu is PASSED

25-07-2024T23:06:28 - [TEST_STEP][PASSED] - click(findTestObject("Object Repository/Healthcare/Burger menu/a_Burger_menu")): Object: 'Object Repository/Healthcare/Burger menu/a_Burger_menu' is clicked on

25-07-2024T23:06:29 - [MESSAGE][PASSED] - Object: 'Object Repository/Healthcare/Burger menu/a_Burger_menu' is clicked on

25-07-2024T23:06:29 - [TEST_STEP][PASSED] - verifyElementPresent(findTestObject("Object Repository/Healthcare/Burger menu/Slidebar_opened"), 3): Object 'Object Repository/Healthcare/Burger menu/Slidebar_opened' is present

25-07-2024T23:06:29 - [MESSAGE][PASSED] - Object 'Object Repository/Healthcare/Burger menu/Slidebar_opened' is present

25-07-2024T23:06:29 - [TEST_STEP][PASSED] - click(findTestObject("Object Repository/Healthcare/Burger menu/a_History")): Object: 'Object Repository/Healthcare/Burger menu/a_History' is clicked on

25-07-2024T23:06:30 - [MESSAGE][PASSED] - Object: 'Object Repository/Healthcare/Burger menu/a_History' is clicked on

25-07-2024T23:06:30 - [TEST_STEP][PASSED] - verifyElementPresent(findTestObject("Object Repository/Healthcare/History/History_page"), 3): Object 'Object Repository/Healthcare/History/History_page' is present

25-07-2024T23:06:30 - [MESSAGE][PASSED] - Object 'Object Repository/Healthcare/History/History_page' is present

25-07-2024T23:06:30 - [TEST_STEP][PASSED] - closeBrowser(): Browser is closed

25-07-2024T23:06:30 - [MESSAGE][PASSED] - Browser is closed]]></system-out>
         <system-err><![CDATA[]]></system-err>
      </testcase>
      <testcase name="Test Cases/Healthcare/Buger Menu/TC11_Check_navigation_Profile" time="10.519" classname="Test Cases/Healthcare/Buger Menu/TC11_Check_navigation_Profile" status="PASSED">
         <system-out><![CDATA[25-07-2024T23:06:30 - [TEST_CASE][PASSED] - Test Cases/Healthcare/Buger Menu/TC11_Check_navigation_Profile: Test Cases/Healthcare/Buger Menu/TC11_Check_navigation_Profile

25-07-2024T23:06:30 - [TEST_STEP][PASSED] - store.Authentication.HC_Login_Burger_menu.Login_via_Burger_menu(): store.Authentication.HC_Login_Burger_menu.Login_via_Burger_menu is PASSED

25-07-2024T23:06:30 - [MESSAGE][INFO] - Starting 'Chrome' driver

25-07-2024T23:06:30 - [MESSAGE][INFO] - Action delay is set to 0 milliseconds

25-07-2024T23:06:34 - [MESSAGE][PASSED] - Browser is opened with url: 'https://katalon-demo-cura.herokuapp.com/'

25-07-2024T23:06:34 - [MESSAGE][PASSED] - Current window maximized

25-07-2024T23:06:35 - [MESSAGE][PASSED] - Object: 'Object Repository/Healthcare/Burger menu/a_Burger_menu' is clicked on

25-07-2024T23:06:35 - [MESSAGE][PASSED] - Object: 'Object Repository/Healthcare/Burger menu/a_Login' is clicked on

25-07-2024T23:06:36 - [MESSAGE][PASSED] - Text 'John Doe' is set on object 'Object Repository/Healthcare/Login/input_Username_username'

25-07-2024T23:06:37 - [MESSAGE][PASSED] - Text 'ThisIsNotAPassword' is set on object 'Object Repository/Healthcare/Login/input_Password_password'

25-07-2024T23:06:38 - [MESSAGE][PASSED] - Object: 'Object Repository/Healthcare/Login/button_Login' is clicked on

25-07-2024T23:06:39 - [MESSAGE][PASSED] - Object 'Object Repository/Healthcare/Appointment/form_Healthcare' is present

25-07-2024T23:06:39 - [MESSAGE][PASSED] - Object 'Object Repository/Healthcare/Appointment/form_Healthcare' is present

25-07-2024T23:06:39 - [MESSAGE][PASSED] - store.Authentication.HC_Login_Burger_menu.Login_via_Burger_menu is PASSED

25-07-2024T23:06:39 - [TEST_STEP][PASSED] - click(findTestObject("Object Repository/Healthcare/Burger menu/a_Burger_menu")): Object: 'Object Repository/Healthcare/Burger menu/a_Burger_menu' is clicked on

25-07-2024T23:06:39 - [MESSAGE][PASSED] - Object: 'Object Repository/Healthcare/Burger menu/a_Burger_menu' is clicked on

25-07-2024T23:06:39 - [TEST_STEP][PASSED] - verifyElementPresent(findTestObject("Object Repository/Healthcare/Burger menu/Slidebar_opened"), 3): Object 'Object Repository/Healthcare/Burger menu/Slidebar_opened' is present

25-07-2024T23:06:39 - [MESSAGE][PASSED] - Object 'Object Repository/Healthcare/Burger menu/Slidebar_opened' is present

25-07-2024T23:06:39 - [TEST_STEP][PASSED] - click(findTestObject("Object Repository/Healthcare/Burger menu/a_Profile")): Object: 'Object Repository/Healthcare/Burger menu/a_Profile' is clicked on

25-07-2024T23:06:40 - [MESSAGE][PASSED] - Object: 'Object Repository/Healthcare/Burger menu/a_Profile' is clicked on

25-07-2024T23:06:40 - [TEST_STEP][PASSED] - verifyElementPresent(findTestObject("Object Repository/Healthcare/Profile/Profile_page"), 3): Object 'Object Repository/Healthcare/Profile/Profile_page' is present

25-07-2024T23:06:41 - [MESSAGE][PASSED] - Object 'Object Repository/Healthcare/Profile/Profile_page' is present

25-07-2024T23:06:41 - [TEST_STEP][PASSED] - closeBrowser(): Browser is closed

25-07-2024T23:06:41 - [MESSAGE][PASSED] - Browser is closed]]></system-out>
         <system-err><![CDATA[]]></system-err>
      </testcase>
      <testcase name="Test Cases/Healthcare/Buger Menu/TC12_Access_Homepage_via_History_page" time="10.852" classname="Test Cases/Healthcare/Buger Menu/TC12_Access_Homepage_via_History_page" status="PASSED">
         <system-out><![CDATA[25-07-2024T23:06:41 - [TEST_CASE][PASSED] - Test Cases/Healthcare/Buger Menu/TC12_Access_Homepage_via_History_page: Test Cases/Healthcare/Buger Menu/TC12_Access_Homepage_via_History_page

25-07-2024T23:06:41 - [TEST_STEP][PASSED] - store.Function.Access_HC_History.Access_History(): store.Function.Access_HC_History.Access_History is PASSED

25-07-2024T23:06:41 - [MESSAGE][INFO] - Starting 'Chrome' driver

25-07-2024T23:06:41 - [MESSAGE][INFO] - Action delay is set to 0 milliseconds

25-07-2024T23:06:44 - [MESSAGE][PASSED] - Browser is opened with url: 'https://katalon-demo-cura.herokuapp.com/'

25-07-2024T23:06:44 - [MESSAGE][PASSED] - Current window maximized

25-07-2024T23:06:45 - [MESSAGE][PASSED] - Object: 'Object Repository/Healthcare/Burger menu/a_Burger_menu' is clicked on

25-07-2024T23:06:45 - [MESSAGE][PASSED] - Object: 'Object Repository/Healthcare/Burger menu/a_Login' is clicked on

25-07-2024T23:06:46 - [MESSAGE][PASSED] - Text 'John Doe' is set on object 'Object Repository/Healthcare/Login/input_Username_username'

25-07-2024T23:06:47 - [MESSAGE][PASSED] - Text 'ThisIsNotAPassword' is set on object 'Object Repository/Healthcare/Login/input_Password_password'

25-07-2024T23:06:48 - [MESSAGE][PASSED] - Object: 'Object Repository/Healthcare/Login/button_Login' is clicked on

25-07-2024T23:06:49 - [MESSAGE][PASSED] - Object 'Object Repository/Healthcare/Appointment/form_Healthcare' is present

25-07-2024T23:06:49 - [MESSAGE][PASSED] - Object 'Object Repository/Healthcare/Appointment/form_Healthcare' is present

25-07-2024T23:06:49 - [MESSAGE][PASSED] - Object: 'Object Repository/Healthcare/Burger menu/a_Burger_menu' is clicked on

25-07-2024T23:06:49 - [MESSAGE][PASSED] - Object 'Object Repository/Healthcare/Burger menu/Slidebar_opened' is present

25-07-2024T23:06:50 - [MESSAGE][PASSED] - Object: 'Object Repository/Healthcare/Burger menu/a_History' is clicked on

25-07-2024T23:06:51 - [MESSAGE][PASSED] - Object 'Object Repository/Healthcare/History/History_page' is present

25-07-2024T23:06:51 - [MESSAGE][PASSED] - store.Function.Access_HC_History.Access_History is PASSED

25-07-2024T23:06:51 - [TEST_STEP][PASSED] - click(findTestObject("Object Repository/Healthcare/History/Go_to_HP_btn")): Object: 'Object Repository/Healthcare/History/Go_to_HP_btn' is clicked on

25-07-2024T23:06:51 - [MESSAGE][PASSED] - Object: 'Object Repository/Healthcare/History/Go_to_HP_btn' is clicked on

25-07-2024T23:06:51 - [TEST_STEP][PASSED] - verifyElementPresent(findTestObject("Object Repository/Healthcare/Appointment/form_Healthcare"), 3): Object 'Object Repository/Healthcare/Appointment/form_Healthcare' is present

25-07-2024T23:06:51 - [MESSAGE][PASSED] - Object 'Object Repository/Healthcare/Appointment/form_Healthcare' is present

25-07-2024T23:06:51 - [TEST_STEP][PASSED] - closeBrowser(): Browser is closed

25-07-2024T23:06:52 - [MESSAGE][PASSED] - Browser is closed]]></system-out>
         <system-err><![CDATA[]]></system-err>
      </testcase>
      <system-out><![CDATA[25-07-2024T23:05:58 - [TEST_SUITE][PASSED] - Burger_menu_log_in: Test Cases/Healthcare/Buger Menu/TC12_Access_Homepage_via_History_page]]></system-out>
      <system-err><![CDATA[]]></system-err>
   </testsuite>
</testsuites>
