<?xml version="1.0" encoding="UTF-8"?>
<testsuites name="Burger_menu_log_in" time="55.869" tests="5" failures="0" errors="0">
   <testsuite name="Burger_menu_log_in" tests="5" failures="0" errors="0" time="55.869" skipped="0" timestamp="18-07-2024T21:18:15" hostname="Admin - DESKTOP-26G4KH6" id="Test Suites/Haealthcare/Burger Menu/Burger_menu_log_in">
      <properties>
         <property name="deviceName" value=""/>
         <property name="devicePlatform"/>
         <property name="logFolder" value="C:\\Users\\Admin\\git\\Katalon-certification\\Reports\\20240718_211808\\Haealthcare\\Burger Menu\\Burger_menu_log_in\\20240718_211808"/>
         <property name="logFiles" value="C:\\Users\\Admin\\git\\Katalon-certification\\Reports\\20240718_211808\\Haealthcare\\Burger Menu\\Burger_menu_log_in\\20240718_211808\\execution0.log"/>
         <property name="attachments" value=""/>
         <property name="hostName" value="Admin - DESKTOP-26G4KH6"/>
         <property name="os" value="Windows 10 64bit"/>
         <property name="katalonVersion" value="9.6.0.217"/>
         <property name="browser" value="Chrome 126.0.0.0"/>
         <property name="hostAddress" value="172.16.0.122"/>
         <property name="sessionId" value="8713e8924d8ddb02abc0334fafbe372d"/>
         <property name="seleniumVersion" value="3.141.59"/>
         <property name="proxyInformation" value="ProxyInformation { proxyOption=NO_PROXY, proxyServerType=HTTP, username=, password=********, proxyServerAddress=, proxyServerPort=0, executionList=&quot;&quot;, isApplyToDesiredCapabilities=true }"/>
         <property name="platform" value="Windows 10"/>
      </properties>
      <testcase name="Test Cases/Healthcare/Buger Menu/TC05_Logged_in_Check_display" time="12.829" classname="Test Cases/Healthcare/Buger Menu/TC05_Logged_in_Check_display" status="PASSED">
         <system-out><![CDATA[18-07-2024T21:18:15 - [TEST_CASE][PASSED] - Test Cases/Healthcare/Buger Menu/TC05_Logged_in_Check_display: Test Cases/Healthcare/Buger Menu/TC05_Logged_in_Check_display

18-07-2024T21:18:15 - [TEST_STEP][PASSED] - store.Authentication.HC_Login_Burger_menu.Login_via_Burger_menu(): store.Authentication.HC_Login_Burger_menu.Login_via_Burger_menu is PASSED

18-07-2024T21:18:16 - [MESSAGE][INFO] - Starting 'Chrome' driver

18-07-2024T21:18:16 - [MESSAGE][INFO] - Action delay is set to 0 milliseconds

18-07-2024T21:18:21 - [MESSAGE][PASSED] - Browser is opened with url: 'https://katalon-demo-cura.herokuapp.com/'

18-07-2024T21:18:21 - [MESSAGE][PASSED] - Current window maximized

18-07-2024T21:18:21 - [MESSAGE][PASSED] - Object: 'Object Repository/Healthcare/Burger menu/a_Burger_menu' is clicked on

18-07-2024T21:18:23 - [MESSAGE][PASSED] - Object: 'Object Repository/Healthcare/Burger menu/a_Login' is clicked on

18-07-2024T21:18:23 - [MESSAGE][PASSED] - Text 'John Doe' is set on object 'Object Repository/Healthcare/Login/input_Username_username'

18-07-2024T21:18:24 - [MESSAGE][PASSED] - Text 'ThisIsNotAPassword' is set on object 'Object Repository/Healthcare/Login/input_Password_password'

18-07-2024T21:18:25 - [MESSAGE][PASSED] - Object: 'Object Repository/Healthcare/Login/button_Login' is clicked on

18-07-2024T21:18:25 - [MESSAGE][PASSED] - Object 'Object Repository/Healthcare/Appointment/form_Healthcare' is present

18-07-2024T21:18:26 - [MESSAGE][PASSED] - Object 'Object Repository/Healthcare/Appointment/form_Healthcare' is present

18-07-2024T21:18:26 - [MESSAGE][PASSED] - store.Authentication.HC_Login_Burger_menu.Login_via_Burger_menu is PASSED

18-07-2024T21:18:26 - [TEST_STEP][PASSED] - click(findTestObject("Object Repository/Healthcare/Burger menu/a_Burger_menu")): Object: 'Object Repository/Healthcare/Burger menu/a_Burger_menu' is clicked on

18-07-2024T21:18:26 - [MESSAGE][PASSED] - Object: 'Object Repository/Healthcare/Burger menu/a_Burger_menu' is clicked on

18-07-2024T21:18:26 - [TEST_STEP][PASSED] - verifyElementPresent(findTestObject("Object Repository/Healthcare/Burger menu/Slidebar_opened"), 3): Object 'Object Repository/Healthcare/Burger menu/Slidebar_opened' is present

18-07-2024T21:18:26 - [MESSAGE][PASSED] - Object 'Object Repository/Healthcare/Burger menu/Slidebar_opened' is present

18-07-2024T21:18:26 - [TEST_STEP][PASSED] - verifyElementPresent(findTestObject("Object Repository/Healthcare/Burger menu/a_Home"), 3): Object 'Object Repository/Healthcare/Burger menu/a_Home' is present

18-07-2024T21:18:26 - [MESSAGE][PASSED] - Object 'Object Repository/Healthcare/Burger menu/a_Home' is present

18-07-2024T21:18:26 - [TEST_STEP][PASSED] - verifyElementNotPresent(findTestObject("Object Repository/Healthcare/Burger menu/a_Login"), 3): Web element with id: 'Object Repository/Healthcare/Burger menu/a_Login' located by 'By.xpath: //a[@href = 'profile.php#login' and (text() = 'Login' or . = 'Login')]' is not present after '3' second(s)

18-07-2024T21:18:27 - [MESSAGE][PASSED] - Web element with id: 'Object Repository/Healthcare/Burger menu/a_Login' located by 'By.xpath: //a[@href = 'profile.php#login' and (text() = 'Login' or . = 'Login')]' is not present after '3' second(s)

18-07-2024T21:18:27 - [TEST_STEP][PASSED] - verifyElementPresent(findTestObject("Object Repository/Healthcare/Burger menu/a_History"), 3): Object 'Object Repository/Healthcare/Burger menu/a_History' is present

18-07-2024T21:18:27 - [MESSAGE][PASSED] - Object 'Object Repository/Healthcare/Burger menu/a_History' is present

18-07-2024T21:18:27 - [TEST_STEP][PASSED] - verifyElementPresent(findTestObject("Object Repository/Healthcare/Burger menu/a_Profile"), 3): Object 'Object Repository/Healthcare/Burger menu/a_Profile' is present

18-07-2024T21:18:27 - [MESSAGE][PASSED] - Object 'Object Repository/Healthcare/Burger menu/a_Profile' is present

18-07-2024T21:18:27 - [TEST_STEP][PASSED] - verifyElementPresent(findTestObject("Object Repository/Healthcare/Burger menu/a_Logout"), 3): Object 'Object Repository/Healthcare/Burger menu/a_Logout' is present

18-07-2024T21:18:28 - [MESSAGE][PASSED] - Object 'Object Repository/Healthcare/Burger menu/a_Logout' is present

18-07-2024T21:18:28 - [TEST_STEP][PASSED] - closeBrowser(): Browser is closed

18-07-2024T21:18:28 - [MESSAGE][PASSED] - Browser is closed]]></system-out>
         <system-err><![CDATA[]]></system-err>
      </testcase>
      <testcase name="Test Cases/Healthcare/Buger Menu/TC07_Check_navigation_Home_Logged_in" time="9.584" classname="Test Cases/Healthcare/Buger Menu/TC07_Check_navigation_Home_Logged_in" status="PASSED">
         <system-out><![CDATA[18-07-2024T21:18:28 - [TEST_CASE][PASSED] - Test Cases/Healthcare/Buger Menu/TC07_Check_navigation_Home_Logged_in: Test Cases/Healthcare/Buger Menu/TC07_Check_navigation_Home_Logged_in

18-07-2024T21:18:28 - [TEST_STEP][PASSED] - store.Authentication.HC_Login_Burger_menu.Login_via_Burger_menu(): store.Authentication.HC_Login_Burger_menu.Login_via_Burger_menu is PASSED

18-07-2024T21:18:28 - [MESSAGE][INFO] - Starting 'Chrome' driver

18-07-2024T21:18:28 - [MESSAGE][INFO] - Action delay is set to 0 milliseconds

18-07-2024T21:18:31 - [MESSAGE][PASSED] - Browser is opened with url: 'https://katalon-demo-cura.herokuapp.com/'

18-07-2024T21:18:31 - [MESSAGE][PASSED] - Current window maximized

18-07-2024T21:18:32 - [MESSAGE][PASSED] - Object: 'Object Repository/Healthcare/Burger menu/a_Burger_menu' is clicked on

18-07-2024T21:18:32 - [MESSAGE][PASSED] - Object: 'Object Repository/Healthcare/Burger menu/a_Login' is clicked on

18-07-2024T21:18:33 - [MESSAGE][PASSED] - Text 'John Doe' is set on object 'Object Repository/Healthcare/Login/input_Username_username'

18-07-2024T21:18:34 - [MESSAGE][PASSED] - Text 'ThisIsNotAPassword' is set on object 'Object Repository/Healthcare/Login/input_Password_password'

18-07-2024T21:18:35 - [MESSAGE][PASSED] - Object: 'Object Repository/Healthcare/Login/button_Login' is clicked on

18-07-2024T21:18:36 - [MESSAGE][PASSED] - Object 'Object Repository/Healthcare/Appointment/form_Healthcare' is present

18-07-2024T21:18:36 - [MESSAGE][PASSED] - Object 'Object Repository/Healthcare/Appointment/form_Healthcare' is present

18-07-2024T21:18:36 - [MESSAGE][PASSED] - store.Authentication.HC_Login_Burger_menu.Login_via_Burger_menu is PASSED

18-07-2024T21:18:36 - [TEST_STEP][PASSED] - click(findTestObject("Object Repository/Healthcare/Burger menu/a_Burger_menu")): Object: 'Object Repository/Healthcare/Burger menu/a_Burger_menu' is clicked on

18-07-2024T21:18:36 - [MESSAGE][PASSED] - Object: 'Object Repository/Healthcare/Burger menu/a_Burger_menu' is clicked on

18-07-2024T21:18:36 - [TEST_STEP][PASSED] - verifyElementPresent(findTestObject("Object Repository/Healthcare/Burger menu/Slidebar_opened"), 3): Object 'Object Repository/Healthcare/Burger menu/Slidebar_opened' is present

18-07-2024T21:18:36 - [MESSAGE][PASSED] - Object 'Object Repository/Healthcare/Burger menu/Slidebar_opened' is present

18-07-2024T21:18:36 - [TEST_STEP][PASSED] - click(findTestObject("Object Repository/Healthcare/Burger menu/a_Home")): Object: 'Object Repository/Healthcare/Burger menu/a_Home' is clicked on

18-07-2024T21:18:37 - [MESSAGE][PASSED] - Object: 'Object Repository/Healthcare/Burger menu/a_Home' is clicked on

18-07-2024T21:18:37 - [TEST_STEP][PASSED] - verifyElementPresent(findTestObject("Object Repository/Healthcare/Appointment/form_Healthcare"), 3): Object 'Object Repository/Healthcare/Appointment/form_Healthcare' is present

18-07-2024T21:18:37 - [MESSAGE][PASSED] - Object 'Object Repository/Healthcare/Appointment/form_Healthcare' is present

18-07-2024T21:18:37 - [TEST_STEP][PASSED] - closeBrowser(): Browser is closed

18-07-2024T21:18:37 - [MESSAGE][PASSED] - Browser is closed]]></system-out>
         <system-err><![CDATA[]]></system-err>
      </testcase>
      <testcase name="Test Cases/Healthcare/Buger Menu/TC08_Check_navigation_History" time="10.174" classname="Test Cases/Healthcare/Buger Menu/TC08_Check_navigation_History" status="PASSED">
         <system-out><![CDATA[18-07-2024T21:18:37 - [TEST_CASE][PASSED] - Test Cases/Healthcare/Buger Menu/TC08_Check_navigation_History: Test Cases/Healthcare/Buger Menu/TC08_Check_navigation_History

18-07-2024T21:18:38 - [TEST_STEP][PASSED] - store.Authentication.HC_Login_Burger_menu.Login_via_Burger_menu(): store.Authentication.HC_Login_Burger_menu.Login_via_Burger_menu is PASSED

18-07-2024T21:18:38 - [MESSAGE][INFO] - Starting 'Chrome' driver

18-07-2024T21:18:38 - [MESSAGE][INFO] - Action delay is set to 0 milliseconds

18-07-2024T21:18:41 - [MESSAGE][PASSED] - Browser is opened with url: 'https://katalon-demo-cura.herokuapp.com/'

18-07-2024T21:18:41 - [MESSAGE][PASSED] - Current window maximized

18-07-2024T21:18:42 - [MESSAGE][PASSED] - Object: 'Object Repository/Healthcare/Burger menu/a_Burger_menu' is clicked on

18-07-2024T21:18:43 - [MESSAGE][PASSED] - Object: 'Object Repository/Healthcare/Burger menu/a_Login' is clicked on

18-07-2024T21:18:44 - [MESSAGE][PASSED] - Text 'John Doe' is set on object 'Object Repository/Healthcare/Login/input_Username_username'

18-07-2024T21:18:44 - [MESSAGE][PASSED] - Text 'ThisIsNotAPassword' is set on object 'Object Repository/Healthcare/Login/input_Password_password'

18-07-2024T21:18:45 - [MESSAGE][PASSED] - Object: 'Object Repository/Healthcare/Login/button_Login' is clicked on

18-07-2024T21:18:46 - [MESSAGE][PASSED] - Object 'Object Repository/Healthcare/Appointment/form_Healthcare' is present

18-07-2024T21:18:46 - [MESSAGE][PASSED] - Object 'Object Repository/Healthcare/Appointment/form_Healthcare' is present

18-07-2024T21:18:46 - [MESSAGE][PASSED] - store.Authentication.HC_Login_Burger_menu.Login_via_Burger_menu is PASSED

18-07-2024T21:18:46 - [TEST_STEP][PASSED] - click(findTestObject("Object Repository/Healthcare/Burger menu/a_Burger_menu")): Object: 'Object Repository/Healthcare/Burger menu/a_Burger_menu' is clicked on

18-07-2024T21:18:46 - [MESSAGE][PASSED] - Object: 'Object Repository/Healthcare/Burger menu/a_Burger_menu' is clicked on

18-07-2024T21:18:46 - [TEST_STEP][PASSED] - verifyElementPresent(findTestObject("Object Repository/Healthcare/Burger menu/Slidebar_opened"), 3): Object 'Object Repository/Healthcare/Burger menu/Slidebar_opened' is present

18-07-2024T21:18:46 - [MESSAGE][PASSED] - Object 'Object Repository/Healthcare/Burger menu/Slidebar_opened' is present

18-07-2024T21:18:46 - [TEST_STEP][PASSED] - click(findTestObject("Object Repository/Healthcare/Burger menu/a_History")): Object: 'Object Repository/Healthcare/Burger menu/a_History' is clicked on

18-07-2024T21:18:47 - [MESSAGE][PASSED] - Object: 'Object Repository/Healthcare/Burger menu/a_History' is clicked on

18-07-2024T21:18:47 - [TEST_STEP][PASSED] - verifyElementPresent(findTestObject("Object Repository/Healthcare/History/History_page"), 3): Object 'Object Repository/Healthcare/History/History_page' is present

18-07-2024T21:18:47 - [MESSAGE][PASSED] - Object 'Object Repository/Healthcare/History/History_page' is present

18-07-2024T21:18:47 - [TEST_STEP][PASSED] - closeBrowser(): Browser is closed

18-07-2024T21:18:48 - [MESSAGE][PASSED] - Browser is closed]]></system-out>
         <system-err><![CDATA[]]></system-err>
      </testcase>
      <testcase name="Test Cases/Healthcare/Buger Menu/TC11_Check_navigation_Profile" time="12.16" classname="Test Cases/Healthcare/Buger Menu/TC11_Check_navigation_Profile" status="PASSED">
         <system-out><![CDATA[18-07-2024T21:18:48 - [TEST_CASE][PASSED] - Test Cases/Healthcare/Buger Menu/TC11_Check_navigation_Profile: Test Cases/Healthcare/Buger Menu/TC11_Check_navigation_Profile

18-07-2024T21:18:48 - [TEST_STEP][PASSED] - store.Authentication.HC_Login_Burger_menu.Login_via_Burger_menu(): store.Authentication.HC_Login_Burger_menu.Login_via_Burger_menu is PASSED

18-07-2024T21:18:48 - [MESSAGE][INFO] - Starting 'Chrome' driver

18-07-2024T21:18:48 - [MESSAGE][INFO] - Action delay is set to 0 milliseconds

18-07-2024T21:18:52 - [MESSAGE][PASSED] - Browser is opened with url: 'https://katalon-demo-cura.herokuapp.com/'

18-07-2024T21:18:52 - [MESSAGE][PASSED] - Current window maximized

18-07-2024T21:18:52 - [MESSAGE][PASSED] - Object: 'Object Repository/Healthcare/Burger menu/a_Burger_menu' is clicked on

18-07-2024T21:18:55 - [MESSAGE][PASSED] - Object: 'Object Repository/Healthcare/Burger menu/a_Login' is clicked on

18-07-2024T21:18:55 - [MESSAGE][PASSED] - Text 'John Doe' is set on object 'Object Repository/Healthcare/Login/input_Username_username'

18-07-2024T21:18:56 - [MESSAGE][PASSED] - Text 'ThisIsNotAPassword' is set on object 'Object Repository/Healthcare/Login/input_Password_password'

18-07-2024T21:18:57 - [MESSAGE][PASSED] - Object: 'Object Repository/Healthcare/Login/button_Login' is clicked on

18-07-2024T21:18:57 - [MESSAGE][PASSED] - Object 'Object Repository/Healthcare/Appointment/form_Healthcare' is present

18-07-2024T21:18:58 - [MESSAGE][PASSED] - Object 'Object Repository/Healthcare/Appointment/form_Healthcare' is present

18-07-2024T21:18:58 - [MESSAGE][PASSED] - store.Authentication.HC_Login_Burger_menu.Login_via_Burger_menu is PASSED

18-07-2024T21:18:58 - [TEST_STEP][PASSED] - click(findTestObject("Object Repository/Healthcare/Burger menu/a_Burger_menu")): Object: 'Object Repository/Healthcare/Burger menu/a_Burger_menu' is clicked on

18-07-2024T21:18:58 - [MESSAGE][PASSED] - Object: 'Object Repository/Healthcare/Burger menu/a_Burger_menu' is clicked on

18-07-2024T21:18:58 - [TEST_STEP][PASSED] - verifyElementPresent(findTestObject("Object Repository/Healthcare/Burger menu/Slidebar_opened"), 3): Object 'Object Repository/Healthcare/Burger menu/Slidebar_opened' is present

18-07-2024T21:18:58 - [MESSAGE][PASSED] - Object 'Object Repository/Healthcare/Burger menu/Slidebar_opened' is present

18-07-2024T21:18:58 - [TEST_STEP][PASSED] - click(findTestObject("Object Repository/Healthcare/Burger menu/a_Profile")): Object: 'Object Repository/Healthcare/Burger menu/a_Profile' is clicked on

18-07-2024T21:18:59 - [MESSAGE][PASSED] - Object: 'Object Repository/Healthcare/Burger menu/a_Profile' is clicked on

18-07-2024T21:18:59 - [TEST_STEP][PASSED] - verifyElementPresent(findTestObject("Object Repository/Healthcare/Profile/Profile_page"), 3): Object 'Object Repository/Healthcare/Profile/Profile_page' is present

18-07-2024T21:19:00 - [MESSAGE][PASSED] - Object 'Object Repository/Healthcare/Profile/Profile_page' is present

18-07-2024T21:19:00 - [TEST_STEP][PASSED] - closeBrowser(): Browser is closed

18-07-2024T21:19:00 - [MESSAGE][PASSED] - Browser is closed]]></system-out>
         <system-err><![CDATA[]]></system-err>
      </testcase>
      <testcase name="Test Cases/Healthcare/Buger Menu/TC12_Access_Homepage_via_History_page" time="10.956" classname="Test Cases/Healthcare/Buger Menu/TC12_Access_Homepage_via_History_page" status="PASSED">
         <system-out><![CDATA[18-07-2024T21:19:00 - [TEST_CASE][PASSED] - Test Cases/Healthcare/Buger Menu/TC12_Access_Homepage_via_History_page: Test Cases/Healthcare/Buger Menu/TC12_Access_Homepage_via_History_page

18-07-2024T21:19:00 - [TEST_STEP][PASSED] - store.Function.Access_HC_History.Access_History(): store.Function.Access_HC_History.Access_History is PASSED

18-07-2024T21:19:00 - [MESSAGE][INFO] - Starting 'Chrome' driver

18-07-2024T21:19:00 - [MESSAGE][INFO] - Action delay is set to 0 milliseconds

18-07-2024T21:19:04 - [MESSAGE][PASSED] - Browser is opened with url: 'https://katalon-demo-cura.herokuapp.com/'

18-07-2024T21:19:04 - [MESSAGE][PASSED] - Current window maximized

18-07-2024T21:19:05 - [MESSAGE][PASSED] - Object: 'Object Repository/Healthcare/Burger menu/a_Burger_menu' is clicked on

18-07-2024T21:19:05 - [MESSAGE][PASSED] - Object: 'Object Repository/Healthcare/Burger menu/a_Login' is clicked on

18-07-2024T21:19:06 - [MESSAGE][PASSED] - Text 'John Doe' is set on object 'Object Repository/Healthcare/Login/input_Username_username'

18-07-2024T21:19:07 - [MESSAGE][PASSED] - Text 'ThisIsNotAPassword' is set on object 'Object Repository/Healthcare/Login/input_Password_password'

18-07-2024T21:19:07 - [MESSAGE][PASSED] - Object: 'Object Repository/Healthcare/Login/button_Login' is clicked on

18-07-2024T21:19:08 - [MESSAGE][PASSED] - Object 'Object Repository/Healthcare/Appointment/form_Healthcare' is present

18-07-2024T21:19:08 - [MESSAGE][PASSED] - Object 'Object Repository/Healthcare/Appointment/form_Healthcare' is present

18-07-2024T21:19:08 - [MESSAGE][PASSED] - Object: 'Object Repository/Healthcare/Burger menu/a_Burger_menu' is clicked on

18-07-2024T21:19:09 - [MESSAGE][PASSED] - Object 'Object Repository/Healthcare/Burger menu/Slidebar_opened' is present

18-07-2024T21:19:09 - [MESSAGE][PASSED] - Object: 'Object Repository/Healthcare/Burger menu/a_History' is clicked on

18-07-2024T21:19:10 - [MESSAGE][PASSED] - Object 'Object Repository/Healthcare/History/History_page' is present

18-07-2024T21:19:10 - [MESSAGE][PASSED] - store.Function.Access_HC_History.Access_History is PASSED

18-07-2024T21:19:10 - [TEST_STEP][PASSED] - click(findTestObject("Object Repository/Healthcare/History/Go_to_HP_btn")): Object: 'Object Repository/Healthcare/History/Go_to_HP_btn' is clicked on

18-07-2024T21:19:10 - [MESSAGE][PASSED] - Object: 'Object Repository/Healthcare/History/Go_to_HP_btn' is clicked on

18-07-2024T21:19:10 - [TEST_STEP][PASSED] - verifyElementPresent(findTestObject("Object Repository/Healthcare/Appointment/form_Healthcare"), 3): Object 'Object Repository/Healthcare/Appointment/form_Healthcare' is present

18-07-2024T21:19:11 - [MESSAGE][PASSED] - Object 'Object Repository/Healthcare/Appointment/form_Healthcare' is present

18-07-2024T21:19:11 - [TEST_STEP][PASSED] - closeBrowser(): Browser is closed

18-07-2024T21:19:11 - [MESSAGE][PASSED] - Browser is closed]]></system-out>
         <system-err><![CDATA[]]></system-err>
      </testcase>
      <system-out><![CDATA[18-07-2024T21:18:15 - [TEST_SUITE][PASSED] - Burger_menu_log_in: Test Cases/Healthcare/Buger Menu/TC12_Access_Homepage_via_History_page]]></system-out>
      <system-err><![CDATA[]]></system-err>
   </testsuite>
</testsuites>
