<?xml version="1.0" encoding="UTF-8"?>
<testsuites name="Sign up" time="122.959" tests="10" failures="0" errors="0">
   <testsuite name="Sign up" tests="10" failures="0" errors="0" time="122.959" skipped="0" timestamp="12-07-2024T16:22:59" hostname="quochuy.lu - VN-HCM-D-W-0011.globalservs.com" id="Test Suites/Sign up/Sign up">
      <properties>
         <property name="deviceName" value=""/>
         <property name="devicePlatform"/>
         <property name="logFolder" value="C:\\Users\\quochuy.lu\\git\\Katalon-certification\\Reports\\20240712_162247\\Sign up\\Sign up\\20240712_162247"/>
         <property name="logFiles" value="C:\\Users\\quochuy.lu\\git\\Katalon-certification\\Reports\\20240712_162247\\Sign up\\Sign up\\20240712_162247\\execution0.log"/>
         <property name="attachments" value=""/>
         <property name="hostName" value="quochuy.lu - VN-HCM-D-W-0011.globalservs.com"/>
         <property name="os" value="Windows 11 64bit"/>
         <property name="katalonVersion" value="9.6.0.217"/>
         <property name="browser" value="Chrome 126.0.0.0"/>
         <property name="hostAddress" value="10.161.207.102"/>
         <property name="sessionId" value="d803f4d6894fb2f1ec0fa17a947d2335"/>
         <property name="seleniumVersion" value="3.141.59"/>
         <property name="proxyInformation" value="ProxyInformation { proxyOption=NO_PROXY, proxyServerType=HTTP, username=, password=********, proxyServerAddress=, proxyServerPort=0, executionList=&quot;&quot;, isApplyToDesiredCapabilities=true }"/>
         <property name="platform" value="Windows 11"/>
      </properties>
      <testcase name="Test Cases/Sign up/TC18_Fill_wrong_email_format" time="14.543" classname="Test Cases/Sign up/TC18_Fill_wrong_email_format" status="PASSED">
         <system-out><![CDATA[12-07-2024T16:22:59 - [TEST_CASE][PASSED] - Test Cases/Sign up/TC18_Fill_wrong_email_format: Test Cases/Sign up/TC18_Fill_wrong_email_format

12-07-2024T16:23:00 - [TEST_STEP][PASSED] - openBrowser(Signup_URL): Browser is opened with url: 'https://demo-store.katalon.com./signup'

12-07-2024T16:23:01 - [MESSAGE][INFO] - Starting 'Chrome' driver

12-07-2024T16:23:01 - [MESSAGE][INFO] - Action delay is set to 0 milliseconds

12-07-2024T16:23:09 - [MESSAGE][PASSED] - Browser is opened with url: 'https://demo-store.katalon.com./signup'

12-07-2024T16:23:09 - [TEST_STEP][PASSED] - maximizeWindow(): Current window maximized

12-07-2024T16:23:09 - [MESSAGE][PASSED] - Current window maximized

12-07-2024T16:23:09 - [TEST_STEP][PASSED] - verifyElementPresent(findTestObject("Object Repository/Sign up/Sign_up_page"), 5): Object 'Object Repository/Sign up/Sign_up_page' is present

12-07-2024T16:23:10 - [MESSAGE][PASSED] - Object 'Object Repository/Sign up/Sign_up_page' is present

12-07-2024T16:23:10 - [TEST_STEP][PASSED] - setText(findTestObject("Object Repository/Sign up/Email_input"), username): Text 'abc' is set on object 'Object Repository/Sign up/Email_input'

12-07-2024T16:23:12 - [MESSAGE][PASSED] - Text 'abc' is set on object 'Object Repository/Sign up/Email_input'

12-07-2024T16:23:12 - [TEST_STEP][PASSED] - sendKeys(findTestObject("Object Repository/Sign up/Email_input"), Keys.chord(TAB)): Keys 'TAB + ' sent to object: 'Object Repository/Sign up/Email_input'

12-07-2024T16:23:12 - [MESSAGE][PASSED] - Keys 'TAB + ' sent to object: 'Object Repository/Sign up/Email_input'

12-07-2024T16:23:12 - [TEST_STEP][PASSED] - verifyElementPresent(findTestObject("Object Repository/Sign up/Email_error_message_lb"), 5): Object 'Object Repository/Sign up/Email_error_message_lb' is present

12-07-2024T16:23:13 - [MESSAGE][PASSED] - Object 'Object Repository/Sign up/Email_error_message_lb' is present

12-07-2024T16:23:13 - [TEST_STEP][PASSED] - Actual_email_error = getText(findTestObject("Object Repository/Sign up/Email_error_message_lb")): Text of object 'Object Repository/Sign up/Email_error_message_lb' is: 'invalid email'

12-07-2024T16:23:13 - [MESSAGE][PASSED] - Text of object 'Object Repository/Sign up/Email_error_message_lb' is: 'invalid email'

12-07-2024T16:23:13 - [TEST_STEP][PASSED] - verifyEqual(Actual_email_error, expec_email_error): Actual object 'invalid email' and expected object 'invalid email' are equal

12-07-2024T16:23:13 - [MESSAGE][PASSED] - Actual object 'invalid email' and expected object 'invalid email' are equal

12-07-2024T16:23:13 - [TEST_STEP][PASSED] - closeBrowser(): Browser is closed

12-07-2024T16:23:14 - [MESSAGE][PASSED] - Browser is closed]]></system-out>
         <system-err><![CDATA[]]></system-err>
      </testcase>
      <testcase name="Test Cases/Sign up/TC18_Fill_wrong_email_format" time="10.715" classname="Test Cases/Sign up/TC18_Fill_wrong_email_format" status="PASSED">
         <system-out><![CDATA[12-07-2024T16:23:14 - [TEST_CASE][PASSED] - Test Cases/Sign up/TC18_Fill_wrong_email_format: Test Cases/Sign up/TC18_Fill_wrong_email_format

12-07-2024T16:23:14 - [TEST_STEP][PASSED] - openBrowser(Signup_URL): Browser is opened with url: 'https://demo-store.katalon.com./signup'

12-07-2024T16:23:14 - [MESSAGE][INFO] - Starting 'Chrome' driver

12-07-2024T16:23:14 - [MESSAGE][INFO] - Action delay is set to 0 milliseconds

12-07-2024T16:23:16 - [MESSAGE][PASSED] - Browser is opened with url: 'https://demo-store.katalon.com./signup'

12-07-2024T16:23:16 - [TEST_STEP][PASSED] - maximizeWindow(): Current window maximized

12-07-2024T16:23:20 - [MESSAGE][PASSED] - Current window maximized

12-07-2024T16:23:20 - [TEST_STEP][PASSED] - verifyElementPresent(findTestObject("Object Repository/Sign up/Sign_up_page"), 5): Object 'Object Repository/Sign up/Sign_up_page' is present

12-07-2024T16:23:22 - [MESSAGE][PASSED] - Object 'Object Repository/Sign up/Sign_up_page' is present

12-07-2024T16:23:22 - [TEST_STEP][PASSED] - setText(findTestObject("Object Repository/Sign up/Email_input"), username): Text 'avgff@' is set on object 'Object Repository/Sign up/Email_input'

12-07-2024T16:23:23 - [MESSAGE][PASSED] - Text 'avgff@' is set on object 'Object Repository/Sign up/Email_input'

12-07-2024T16:23:23 - [TEST_STEP][PASSED] - sendKeys(findTestObject("Object Repository/Sign up/Email_input"), Keys.chord(TAB)): Keys 'TAB + ' sent to object: 'Object Repository/Sign up/Email_input'

12-07-2024T16:23:23 - [MESSAGE][PASSED] - Keys 'TAB + ' sent to object: 'Object Repository/Sign up/Email_input'

12-07-2024T16:23:23 - [TEST_STEP][PASSED] - verifyElementPresent(findTestObject("Object Repository/Sign up/Email_error_message_lb"), 5): Object 'Object Repository/Sign up/Email_error_message_lb' is present

12-07-2024T16:23:24 - [MESSAGE][PASSED] - Object 'Object Repository/Sign up/Email_error_message_lb' is present

12-07-2024T16:23:24 - [TEST_STEP][PASSED] - Actual_email_error = getText(findTestObject("Object Repository/Sign up/Email_error_message_lb")): Text of object 'Object Repository/Sign up/Email_error_message_lb' is: 'invalid email'

12-07-2024T16:23:24 - [MESSAGE][PASSED] - Text of object 'Object Repository/Sign up/Email_error_message_lb' is: 'invalid email'

12-07-2024T16:23:24 - [TEST_STEP][PASSED] - verifyEqual(Actual_email_error, expec_email_error): Actual object 'invalid email' and expected object 'invalid email' are equal

12-07-2024T16:23:24 - [MESSAGE][PASSED] - Actual object 'invalid email' and expected object 'invalid email' are equal

12-07-2024T16:23:24 - [TEST_STEP][PASSED] - closeBrowser(): Browser is closed

12-07-2024T16:23:24 - [MESSAGE][PASSED] - Browser is closed]]></system-out>
         <system-err><![CDATA[]]></system-err>
      </testcase>
      <testcase name="Test Cases/Sign up/TC18_Fill_wrong_email_format" time="15.473" classname="Test Cases/Sign up/TC18_Fill_wrong_email_format" status="PASSED">
         <system-out><![CDATA[12-07-2024T16:23:24 - [TEST_CASE][PASSED] - Test Cases/Sign up/TC18_Fill_wrong_email_format: Test Cases/Sign up/TC18_Fill_wrong_email_format

12-07-2024T16:23:25 - [TEST_STEP][PASSED] - openBrowser(Signup_URL): Browser is opened with url: 'https://demo-store.katalon.com./signup'

12-07-2024T16:23:25 - [MESSAGE][INFO] - Starting 'Chrome' driver

12-07-2024T16:23:25 - [MESSAGE][INFO] - Action delay is set to 0 milliseconds

12-07-2024T16:23:35 - [MESSAGE][PASSED] - Browser is opened with url: 'https://demo-store.katalon.com./signup'

12-07-2024T16:23:35 - [TEST_STEP][PASSED] - maximizeWindow(): Current window maximized

12-07-2024T16:23:35 - [MESSAGE][PASSED] - Current window maximized

12-07-2024T16:23:35 - [TEST_STEP][PASSED] - verifyElementPresent(findTestObject("Object Repository/Sign up/Sign_up_page"), 5): Object 'Object Repository/Sign up/Sign_up_page' is present

12-07-2024T16:23:36 - [MESSAGE][PASSED] - Object 'Object Repository/Sign up/Sign_up_page' is present

12-07-2024T16:23:36 - [TEST_STEP][PASSED] - setText(findTestObject("Object Repository/Sign up/Email_input"), username): Text 'avgff@com' is set on object 'Object Repository/Sign up/Email_input'

12-07-2024T16:23:37 - [MESSAGE][PASSED] - Text 'avgff@com' is set on object 'Object Repository/Sign up/Email_input'

12-07-2024T16:23:37 - [TEST_STEP][PASSED] - sendKeys(findTestObject("Object Repository/Sign up/Email_input"), Keys.chord(TAB)): Keys 'TAB + ' sent to object: 'Object Repository/Sign up/Email_input'

12-07-2024T16:23:38 - [MESSAGE][PASSED] - Keys 'TAB + ' sent to object: 'Object Repository/Sign up/Email_input'

12-07-2024T16:23:38 - [TEST_STEP][PASSED] - verifyElementPresent(findTestObject("Object Repository/Sign up/Email_error_message_lb"), 5): Object 'Object Repository/Sign up/Email_error_message_lb' is present

12-07-2024T16:23:38 - [MESSAGE][PASSED] - Object 'Object Repository/Sign up/Email_error_message_lb' is present

12-07-2024T16:23:38 - [TEST_STEP][PASSED] - Actual_email_error = getText(findTestObject("Object Repository/Sign up/Email_error_message_lb")): Text of object 'Object Repository/Sign up/Email_error_message_lb' is: 'invalid email'

12-07-2024T16:23:39 - [MESSAGE][PASSED] - Text of object 'Object Repository/Sign up/Email_error_message_lb' is: 'invalid email'

12-07-2024T16:23:39 - [TEST_STEP][PASSED] - verifyEqual(Actual_email_error, expec_email_error): Actual object 'invalid email' and expected object 'invalid email' are equal

12-07-2024T16:23:39 - [MESSAGE][PASSED] - Actual object 'invalid email' and expected object 'invalid email' are equal

12-07-2024T16:23:39 - [TEST_STEP][PASSED] - closeBrowser(): Browser is closed

12-07-2024T16:23:40 - [MESSAGE][PASSED] - Browser is closed]]></system-out>
         <system-err><![CDATA[]]></system-err>
      </testcase>
      <testcase name="Test Cases/Sign up/TC19_Fill_wrong_password_rule" time="12.127" classname="Test Cases/Sign up/TC19_Fill_wrong_password_rule" status="PASSED">
         <system-out><![CDATA[12-07-2024T16:23:40 - [TEST_CASE][PASSED] - Test Cases/Sign up/TC19_Fill_wrong_password_rule: Test Cases/Sign up/TC19_Fill_wrong_password_rule

12-07-2024T16:23:40 - [TEST_STEP][PASSED] - openBrowser(Signup_URL): Browser is opened with url: 'https://demo-store.katalon.com./signup'

12-07-2024T16:23:40 - [MESSAGE][INFO] - Starting 'Chrome' driver

12-07-2024T16:23:40 - [MESSAGE][INFO] - Action delay is set to 0 milliseconds

12-07-2024T16:23:47 - [MESSAGE][PASSED] - Browser is opened with url: 'https://demo-store.katalon.com./signup'

12-07-2024T16:23:47 - [TEST_STEP][PASSED] - maximizeWindow(): Current window maximized

12-07-2024T16:23:48 - [MESSAGE][PASSED] - Current window maximized

12-07-2024T16:23:48 - [TEST_STEP][PASSED] - verifyElementPresent(findTestObject("Object Repository/Sign up/Sign_up_page"), 5): Object 'Object Repository/Sign up/Sign_up_page' is present

12-07-2024T16:23:49 - [MESSAGE][PASSED] - Object 'Object Repository/Sign up/Sign_up_page' is present

12-07-2024T16:23:49 - [TEST_STEP][PASSED] - setText(findTestObject("Object Repository/Sign up/Password_input"), password): Text 'def' is set on object 'Object Repository/Sign up/Password_input'

12-07-2024T16:23:50 - [MESSAGE][PASSED] - Text 'def' is set on object 'Object Repository/Sign up/Password_input'

12-07-2024T16:23:50 - [TEST_STEP][PASSED] - sendKeys(findTestObject("Object Repository/Sign up/Password_input"), Keys.chord(TAB)): Keys 'TAB + ' sent to object: 'Object Repository/Sign up/Password_input'

12-07-2024T16:23:51 - [MESSAGE][PASSED] - Keys 'TAB + ' sent to object: 'Object Repository/Sign up/Password_input'

12-07-2024T16:23:51 - [TEST_STEP][PASSED] - verifyElementPresent(findTestObject("Object Repository/Sign up/Password_error_message_lb"), 5): Object 'Object Repository/Sign up/Password_error_message_lb' is present

12-07-2024T16:23:51 - [MESSAGE][PASSED] - Object 'Object Repository/Sign up/Password_error_message_lb' is present

12-07-2024T16:23:51 - [TEST_STEP][PASSED] - Actual_password_error = getText(findTestObject("Object Repository/Sign up/Password_error_message_lb")): Text of object 'Object Repository/Sign up/Password_error_message_lb' is: 'password has to be 6-15 letter'

12-07-2024T16:23:52 - [MESSAGE][PASSED] - Text of object 'Object Repository/Sign up/Password_error_message_lb' is: 'password has to be 6-15 letter'

12-07-2024T16:23:52 - [TEST_STEP][PASSED] - verifyEqual(Actual_password_error, expec_password_error): Actual object 'password has to be 6-15 letter' and expected object 'password has to be 6-15 letter' are equal

12-07-2024T16:23:52 - [MESSAGE][PASSED] - Actual object 'password has to be 6-15 letter' and expected object 'password has to be 6-15 letter' are equal

12-07-2024T16:23:52 - [TEST_STEP][PASSED] - closeBrowser(): Browser is closed

12-07-2024T16:23:52 - [MESSAGE][PASSED] - Browser is closed]]></system-out>
         <system-err><![CDATA[]]></system-err>
      </testcase>
      <testcase name="Test Cases/Sign up/TC19_Fill_wrong_password_rule" time="10.791" classname="Test Cases/Sign up/TC19_Fill_wrong_password_rule" status="PASSED">
         <system-out><![CDATA[12-07-2024T16:23:52 - [TEST_CASE][PASSED] - Test Cases/Sign up/TC19_Fill_wrong_password_rule: Test Cases/Sign up/TC19_Fill_wrong_password_rule

12-07-2024T16:23:52 - [TEST_STEP][PASSED] - openBrowser(Signup_URL): Browser is opened with url: 'https://demo-store.katalon.com./signup'

12-07-2024T16:23:52 - [MESSAGE][INFO] - Starting 'Chrome' driver

12-07-2024T16:23:52 - [MESSAGE][INFO] - Action delay is set to 0 milliseconds

12-07-2024T16:23:58 - [MESSAGE][PASSED] - Browser is opened with url: 'https://demo-store.katalon.com./signup'

12-07-2024T16:23:58 - [TEST_STEP][PASSED] - maximizeWindow(): Current window maximized

12-07-2024T16:23:59 - [MESSAGE][PASSED] - Current window maximized

12-07-2024T16:23:59 - [TEST_STEP][PASSED] - verifyElementPresent(findTestObject("Object Repository/Sign up/Sign_up_page"), 5): Object 'Object Repository/Sign up/Sign_up_page' is present

12-07-2024T16:24:00 - [MESSAGE][PASSED] - Object 'Object Repository/Sign up/Sign_up_page' is present

12-07-2024T16:24:00 - [TEST_STEP][PASSED] - setText(findTestObject("Object Repository/Sign up/Password_input"), password): Text 'abcdef' is set on object 'Object Repository/Sign up/Password_input'

12-07-2024T16:24:01 - [MESSAGE][PASSED] - Text 'abcdef' is set on object 'Object Repository/Sign up/Password_input'

12-07-2024T16:24:01 - [TEST_STEP][PASSED] - sendKeys(findTestObject("Object Repository/Sign up/Password_input"), Keys.chord(TAB)): Keys 'TAB + ' sent to object: 'Object Repository/Sign up/Password_input'

12-07-2024T16:24:01 - [MESSAGE][PASSED] - Keys 'TAB + ' sent to object: 'Object Repository/Sign up/Password_input'

12-07-2024T16:24:01 - [TEST_STEP][PASSED] - verifyElementPresent(findTestObject("Object Repository/Sign up/Password_error_message_lb"), 5): Object 'Object Repository/Sign up/Password_error_message_lb' is present

12-07-2024T16:24:02 - [MESSAGE][PASSED] - Object 'Object Repository/Sign up/Password_error_message_lb' is present

12-07-2024T16:24:02 - [TEST_STEP][PASSED] - Actual_password_error = getText(findTestObject("Object Repository/Sign up/Password_error_message_lb")): Text of object 'Object Repository/Sign up/Password_error_message_lb' is: 'at least one upper case'

12-07-2024T16:24:02 - [MESSAGE][PASSED] - Text of object 'Object Repository/Sign up/Password_error_message_lb' is: 'at least one upper case'

12-07-2024T16:24:02 - [TEST_STEP][PASSED] - verifyEqual(Actual_password_error, expec_password_error): Actual object 'at least one upper case' and expected object 'at least one upper case' are equal

12-07-2024T16:24:02 - [MESSAGE][PASSED] - Actual object 'at least one upper case' and expected object 'at least one upper case' are equal

12-07-2024T16:24:02 - [TEST_STEP][PASSED] - closeBrowser(): Browser is closed

12-07-2024T16:24:03 - [MESSAGE][PASSED] - Browser is closed]]></system-out>
         <system-err><![CDATA[]]></system-err>
      </testcase>
      <testcase name="Test Cases/Sign up/TC19_Fill_wrong_password_rule" time="10.307" classname="Test Cases/Sign up/TC19_Fill_wrong_password_rule" status="PASSED">
         <system-out><![CDATA[12-07-2024T16:24:03 - [TEST_CASE][PASSED] - Test Cases/Sign up/TC19_Fill_wrong_password_rule: Test Cases/Sign up/TC19_Fill_wrong_password_rule

12-07-2024T16:24:03 - [TEST_STEP][PASSED] - openBrowser(Signup_URL): Browser is opened with url: 'https://demo-store.katalon.com./signup'

12-07-2024T16:24:03 - [MESSAGE][INFO] - Starting 'Chrome' driver

12-07-2024T16:24:03 - [MESSAGE][INFO] - Action delay is set to 0 milliseconds

12-07-2024T16:24:09 - [MESSAGE][PASSED] - Browser is opened with url: 'https://demo-store.katalon.com./signup'

12-07-2024T16:24:09 - [TEST_STEP][PASSED] - maximizeWindow(): Current window maximized

12-07-2024T16:24:09 - [MESSAGE][PASSED] - Current window maximized

12-07-2024T16:24:09 - [TEST_STEP][PASSED] - verifyElementPresent(findTestObject("Object Repository/Sign up/Sign_up_page"), 5): Object 'Object Repository/Sign up/Sign_up_page' is present

12-07-2024T16:24:10 - [MESSAGE][PASSED] - Object 'Object Repository/Sign up/Sign_up_page' is present

12-07-2024T16:24:10 - [TEST_STEP][PASSED] - setText(findTestObject("Object Repository/Sign up/Password_input"), password): Text 'ABC123' is set on object 'Object Repository/Sign up/Password_input'

12-07-2024T16:24:11 - [MESSAGE][PASSED] - Text 'ABC123' is set on object 'Object Repository/Sign up/Password_input'

12-07-2024T16:24:11 - [TEST_STEP][PASSED] - sendKeys(findTestObject("Object Repository/Sign up/Password_input"), Keys.chord(TAB)): Keys 'TAB + ' sent to object: 'Object Repository/Sign up/Password_input'

12-07-2024T16:24:12 - [MESSAGE][PASSED] - Keys 'TAB + ' sent to object: 'Object Repository/Sign up/Password_input'

12-07-2024T16:24:12 - [TEST_STEP][PASSED] - verifyElementPresent(findTestObject("Object Repository/Sign up/Password_error_message_lb"), 5): Object 'Object Repository/Sign up/Password_error_message_lb' is present

12-07-2024T16:24:13 - [MESSAGE][PASSED] - Object 'Object Repository/Sign up/Password_error_message_lb' is present

12-07-2024T16:24:13 - [TEST_STEP][PASSED] - Actual_password_error = getText(findTestObject("Object Repository/Sign up/Password_error_message_lb")): Text of object 'Object Repository/Sign up/Password_error_message_lb' is: 'at least one lower case'

12-07-2024T16:24:13 - [MESSAGE][PASSED] - Text of object 'Object Repository/Sign up/Password_error_message_lb' is: 'at least one lower case'

12-07-2024T16:24:13 - [TEST_STEP][PASSED] - verifyEqual(Actual_password_error, expec_password_error): Actual object 'at least one lower case' and expected object 'at least one lower case' are equal

12-07-2024T16:24:13 - [MESSAGE][PASSED] - Actual object 'at least one lower case' and expected object 'at least one lower case' are equal

12-07-2024T16:24:13 - [TEST_STEP][PASSED] - closeBrowser(): Browser is closed

12-07-2024T16:24:13 - [MESSAGE][PASSED] - Browser is closed]]></system-out>
         <system-err><![CDATA[]]></system-err>
      </testcase>
      <testcase name="Test Cases/Sign up/TC20_Fill_wrong_verify_password_rule" time="11.249" classname="Test Cases/Sign up/TC20_Fill_wrong_verify_password_rule" status="PASSED">
         <system-out><![CDATA[12-07-2024T16:24:13 - [TEST_CASE][PASSED] - Test Cases/Sign up/TC20_Fill_wrong_verify_password_rule: Test Cases/Sign up/TC20_Fill_wrong_verify_password_rule

12-07-2024T16:24:13 - [TEST_STEP][PASSED] - openBrowser(Signup_URL): Browser is opened with url: 'https://demo-store.katalon.com./signup'

12-07-2024T16:24:13 - [MESSAGE][INFO] - Starting 'Chrome' driver

12-07-2024T16:24:13 - [MESSAGE][INFO] - Action delay is set to 0 milliseconds

12-07-2024T16:24:19 - [MESSAGE][PASSED] - Browser is opened with url: 'https://demo-store.katalon.com./signup'

12-07-2024T16:24:19 - [TEST_STEP][PASSED] - maximizeWindow(): Current window maximized

12-07-2024T16:24:19 - [MESSAGE][PASSED] - Current window maximized

12-07-2024T16:24:19 - [TEST_STEP][PASSED] - verifyElementPresent(findTestObject("Object Repository/Sign up/Sign_up_page"), 5): Object 'Object Repository/Sign up/Sign_up_page' is present

12-07-2024T16:24:21 - [MESSAGE][PASSED] - Object 'Object Repository/Sign up/Sign_up_page' is present

12-07-2024T16:24:21 - [TEST_STEP][PASSED] - setText(findTestObject("Object Repository/Sign up/Verify_password_input"), password): Text 'def' is set on object 'Object Repository/Sign up/Verify_password_input'

12-07-2024T16:24:22 - [MESSAGE][PASSED] - Text 'def' is set on object 'Object Repository/Sign up/Verify_password_input'

12-07-2024T16:24:22 - [TEST_STEP][PASSED] - sendKeys(findTestObject("Object Repository/Sign up/Verify_password_input"), Keys.chord(TAB)): Keys 'TAB + ' sent to object: 'Object Repository/Sign up/Verify_password_input'

12-07-2024T16:24:23 - [MESSAGE][PASSED] - Keys 'TAB + ' sent to object: 'Object Repository/Sign up/Verify_password_input'

12-07-2024T16:24:23 - [TEST_STEP][PASSED] - verifyElementPresent(findTestObject("Object Repository/Sign up/VerifyPass_error_message_lb"), 5): Object 'Object Repository/Sign up/VerifyPass_error_message_lb' is present

12-07-2024T16:24:24 - [MESSAGE][PASSED] - Object 'Object Repository/Sign up/VerifyPass_error_message_lb' is present

12-07-2024T16:24:24 - [TEST_STEP][PASSED] - Actual_verify_password_error = getText(findTestObject("Object Repository/Sign up/VerifyPass_error_message_lb")): Text of object 'Object Repository/Sign up/VerifyPass_error_message_lb' is: 'password has to be 6-15 letter'

12-07-2024T16:24:24 - [MESSAGE][PASSED] - Text of object 'Object Repository/Sign up/VerifyPass_error_message_lb' is: 'password has to be 6-15 letter'

12-07-2024T16:24:24 - [TEST_STEP][PASSED] - verifyEqual(Actual_verify_password_error, expec_verify_password_error): Actual object 'password has to be 6-15 letter' and expected object 'password has to be 6-15 letter' are equal

12-07-2024T16:24:24 - [MESSAGE][PASSED] - Actual object 'password has to be 6-15 letter' and expected object 'password has to be 6-15 letter' are equal

12-07-2024T16:24:24 - [TEST_STEP][PASSED] - closeBrowser(): Browser is closed

12-07-2024T16:24:25 - [MESSAGE][PASSED] - Browser is closed]]></system-out>
         <system-err><![CDATA[]]></system-err>
      </testcase>
      <testcase name="Test Cases/Sign up/TC20_Fill_wrong_verify_password_rule" time="10.655" classname="Test Cases/Sign up/TC20_Fill_wrong_verify_password_rule" status="PASSED">
         <system-out><![CDATA[12-07-2024T16:24:25 - [TEST_CASE][PASSED] - Test Cases/Sign up/TC20_Fill_wrong_verify_password_rule: Test Cases/Sign up/TC20_Fill_wrong_verify_password_rule

12-07-2024T16:24:25 - [TEST_STEP][PASSED] - openBrowser(Signup_URL): Browser is opened with url: 'https://demo-store.katalon.com./signup'

12-07-2024T16:24:25 - [MESSAGE][INFO] - Starting 'Chrome' driver

12-07-2024T16:24:25 - [MESSAGE][INFO] - Action delay is set to 0 milliseconds

12-07-2024T16:24:30 - [MESSAGE][PASSED] - Browser is opened with url: 'https://demo-store.katalon.com./signup'

12-07-2024T16:24:30 - [TEST_STEP][PASSED] - maximizeWindow(): Current window maximized

12-07-2024T16:24:30 - [MESSAGE][PASSED] - Current window maximized

12-07-2024T16:24:30 - [TEST_STEP][PASSED] - verifyElementPresent(findTestObject("Object Repository/Sign up/Sign_up_page"), 5): Object 'Object Repository/Sign up/Sign_up_page' is present

12-07-2024T16:24:32 - [MESSAGE][PASSED] - Object 'Object Repository/Sign up/Sign_up_page' is present

12-07-2024T16:24:32 - [TEST_STEP][PASSED] - setText(findTestObject("Object Repository/Sign up/Verify_password_input"), password): Text 'abcdef' is set on object 'Object Repository/Sign up/Verify_password_input'

12-07-2024T16:24:33 - [MESSAGE][PASSED] - Text 'abcdef' is set on object 'Object Repository/Sign up/Verify_password_input'

12-07-2024T16:24:33 - [TEST_STEP][PASSED] - sendKeys(findTestObject("Object Repository/Sign up/Verify_password_input"), Keys.chord(TAB)): Keys 'TAB + ' sent to object: 'Object Repository/Sign up/Verify_password_input'

12-07-2024T16:24:34 - [MESSAGE][PASSED] - Keys 'TAB + ' sent to object: 'Object Repository/Sign up/Verify_password_input'

12-07-2024T16:24:34 - [TEST_STEP][PASSED] - verifyElementPresent(findTestObject("Object Repository/Sign up/VerifyPass_error_message_lb"), 5): Object 'Object Repository/Sign up/VerifyPass_error_message_lb' is present

12-07-2024T16:24:35 - [MESSAGE][PASSED] - Object 'Object Repository/Sign up/VerifyPass_error_message_lb' is present

12-07-2024T16:24:35 - [TEST_STEP][PASSED] - Actual_verify_password_error = getText(findTestObject("Object Repository/Sign up/VerifyPass_error_message_lb")): Text of object 'Object Repository/Sign up/VerifyPass_error_message_lb' is: 'at least one upper case'

12-07-2024T16:24:35 - [MESSAGE][PASSED] - Text of object 'Object Repository/Sign up/VerifyPass_error_message_lb' is: 'at least one upper case'

12-07-2024T16:24:35 - [TEST_STEP][PASSED] - verifyEqual(Actual_verify_password_error, expec_verify_password_error): Actual object 'at least one upper case' and expected object 'at least one upper case' are equal

12-07-2024T16:24:35 - [MESSAGE][PASSED] - Actual object 'at least one upper case' and expected object 'at least one upper case' are equal

12-07-2024T16:24:35 - [TEST_STEP][PASSED] - closeBrowser(): Browser is closed

12-07-2024T16:24:35 - [MESSAGE][PASSED] - Browser is closed]]></system-out>
         <system-err><![CDATA[]]></system-err>
      </testcase>
      <testcase name="Test Cases/Sign up/TC20_Fill_wrong_verify_password_rule" time="10.39" classname="Test Cases/Sign up/TC20_Fill_wrong_verify_password_rule" status="PASSED">
         <system-out><![CDATA[12-07-2024T16:24:35 - [TEST_CASE][PASSED] - Test Cases/Sign up/TC20_Fill_wrong_verify_password_rule: Test Cases/Sign up/TC20_Fill_wrong_verify_password_rule

12-07-2024T16:24:35 - [TEST_STEP][PASSED] - openBrowser(Signup_URL): Browser is opened with url: 'https://demo-store.katalon.com./signup'

12-07-2024T16:24:35 - [MESSAGE][INFO] - Starting 'Chrome' driver

12-07-2024T16:24:35 - [MESSAGE][INFO] - Action delay is set to 0 milliseconds

12-07-2024T16:24:41 - [MESSAGE][PASSED] - Browser is opened with url: 'https://demo-store.katalon.com./signup'

12-07-2024T16:24:41 - [TEST_STEP][PASSED] - maximizeWindow(): Current window maximized

12-07-2024T16:24:41 - [MESSAGE][PASSED] - Current window maximized

12-07-2024T16:24:41 - [TEST_STEP][PASSED] - verifyElementPresent(findTestObject("Object Repository/Sign up/Sign_up_page"), 5): Object 'Object Repository/Sign up/Sign_up_page' is present

12-07-2024T16:24:43 - [MESSAGE][PASSED] - Object 'Object Repository/Sign up/Sign_up_page' is present

12-07-2024T16:24:43 - [TEST_STEP][PASSED] - setText(findTestObject("Object Repository/Sign up/Verify_password_input"), password): Text 'ABC123' is set on object 'Object Repository/Sign up/Verify_password_input'

12-07-2024T16:24:44 - [MESSAGE][PASSED] - Text 'ABC123' is set on object 'Object Repository/Sign up/Verify_password_input'

12-07-2024T16:24:44 - [TEST_STEP][PASSED] - sendKeys(findTestObject("Object Repository/Sign up/Verify_password_input"), Keys.chord(TAB)): Keys 'TAB + ' sent to object: 'Object Repository/Sign up/Verify_password_input'

12-07-2024T16:24:44 - [MESSAGE][PASSED] - Keys 'TAB + ' sent to object: 'Object Repository/Sign up/Verify_password_input'

12-07-2024T16:24:44 - [TEST_STEP][PASSED] - verifyElementPresent(findTestObject("Object Repository/Sign up/VerifyPass_error_message_lb"), 5): Object 'Object Repository/Sign up/VerifyPass_error_message_lb' is present

12-07-2024T16:24:45 - [MESSAGE][PASSED] - Object 'Object Repository/Sign up/VerifyPass_error_message_lb' is present

12-07-2024T16:24:45 - [TEST_STEP][PASSED] - Actual_verify_password_error = getText(findTestObject("Object Repository/Sign up/VerifyPass_error_message_lb")): Text of object 'Object Repository/Sign up/VerifyPass_error_message_lb' is: 'at least one lower case'

12-07-2024T16:24:45 - [MESSAGE][PASSED] - Text of object 'Object Repository/Sign up/VerifyPass_error_message_lb' is: 'at least one lower case'

12-07-2024T16:24:45 - [TEST_STEP][PASSED] - verifyEqual(Actual_verify_password_error, expec_verify_password_error): Actual object 'at least one lower case' and expected object 'at least one lower case' are equal

12-07-2024T16:24:45 - [MESSAGE][PASSED] - Actual object 'at least one lower case' and expected object 'at least one lower case' are equal

12-07-2024T16:24:45 - [TEST_STEP][PASSED] - closeBrowser(): Browser is closed

12-07-2024T16:24:46 - [MESSAGE][PASSED] - Browser is closed]]></system-out>
         <system-err><![CDATA[]]></system-err>
      </testcase>
      <testcase name="Test Cases/Sign up/TC21_Leave_all_empty_info" time="16.09" classname="Test Cases/Sign up/TC21_Leave_all_empty_info" status="PASSED">
         <system-out><![CDATA[12-07-2024T16:24:46 - [TEST_CASE][PASSED] - Test Cases/Sign up/TC21_Leave_all_empty_info: Test Cases/Sign up/TC21_Leave_all_empty_info

12-07-2024T16:24:46 - [TEST_STEP][PASSED] - openBrowser(Signup_URL): Browser is opened with url: 'https://demo-store.katalon.com./signup'

12-07-2024T16:24:46 - [MESSAGE][INFO] - Starting 'Chrome' driver

12-07-2024T16:24:46 - [MESSAGE][INFO] - Action delay is set to 0 milliseconds

12-07-2024T16:24:52 - [MESSAGE][PASSED] - Browser is opened with url: 'https://demo-store.katalon.com./signup'

12-07-2024T16:24:52 - [TEST_STEP][PASSED] - maximizeWindow(): Current window maximized

12-07-2024T16:24:52 - [MESSAGE][PASSED] - Current window maximized

12-07-2024T16:24:52 - [TEST_STEP][PASSED] - verifyElementPresent(findTestObject("Object Repository/Sign up/Sign_up_page"), 5): Object 'Object Repository/Sign up/Sign_up_page' is present

12-07-2024T16:24:53 - [MESSAGE][PASSED] - Object 'Object Repository/Sign up/Sign_up_page' is present

12-07-2024T16:24:53 - [TEST_STEP][PASSED] - setText(findTestObject("Object Repository/Sign up/Email_input"), ""): Text '' is set on object 'Object Repository/Sign up/Email_input'

12-07-2024T16:24:54 - [MESSAGE][PASSED] - Text '' is set on object 'Object Repository/Sign up/Email_input'

12-07-2024T16:24:54 - [TEST_STEP][PASSED] - setText(findTestObject("Object Repository/Sign up/Password_input"), ""): Text '' is set on object 'Object Repository/Sign up/Password_input'

12-07-2024T16:24:55 - [MESSAGE][PASSED] - Text '' is set on object 'Object Repository/Sign up/Password_input'

12-07-2024T16:24:55 - [TEST_STEP][PASSED] - setText(findTestObject("Object Repository/Sign up/Verify_password_input"), ""): Text '' is set on object 'Object Repository/Sign up/Verify_password_input'

12-07-2024T16:24:56 - [MESSAGE][PASSED] - Text '' is set on object 'Object Repository/Sign up/Verify_password_input'

12-07-2024T16:24:56 - [TEST_STEP][PASSED] - click(findTestObject("Object Repository/Sign up/Sign_up_button")): Object: 'Object Repository/Sign up/Sign_up_button' is clicked on

12-07-2024T16:24:56 - [MESSAGE][PASSED] - Object: 'Object Repository/Sign up/Sign_up_button' is clicked on

12-07-2024T16:24:56 - [TEST_STEP][PASSED] - verifyElementText(findTestObject("Object Repository/Sign up/Email_error_message_lb"), "Required"): Actual text and expected text of test object 'Object Repository/Sign up/Email_error_message_lb' are matched.

12-07-2024T16:24:57 - [MESSAGE][PASSED] - Actual text and expected text of test object 'Object Repository/Sign up/Email_error_message_lb' are matched.

12-07-2024T16:24:57 - [TEST_STEP][PASSED] - verifyElementText(findTestObject("Object Repository/Sign up/Password_error_message_lb"), "Required"): Actual text and expected text of test object 'Object Repository/Sign up/Password_error_message_lb' are matched.

12-07-2024T16:24:57 - [MESSAGE][PASSED] - Actual text and expected text of test object 'Object Repository/Sign up/Password_error_message_lb' are matched.

12-07-2024T16:24:57 - [TEST_STEP][PASSED] - verifyElementText(findTestObject("Object Repository/Sign up/VerifyPass_error_message_lb"), "Required"): Actual text and expected text of test object 'Object Repository/Sign up/VerifyPass_error_message_lb' are matched.

12-07-2024T16:24:58 - [MESSAGE][PASSED] - Actual text and expected text of test object 'Object Repository/Sign up/VerifyPass_error_message_lb' are matched.

12-07-2024T16:24:58 - [TEST_STEP][PASSED] - closeBrowser(): Browser is closed

12-07-2024T16:25:02 - [MESSAGE][PASSED] - Browser is closed]]></system-out>
         <system-err><![CDATA[]]></system-err>
      </testcase>
      <system-out><![CDATA[12-07-2024T16:22:59 - [TEST_SUITE][PASSED] - Sign up: Test Cases/Sign up/TC21_Leave_all_empty_info]]></system-out>
      <system-err><![CDATA[]]></system-err>
   </testsuite>
</testsuites>
