<?xml version="1.0" encoding="UTF-8"?>
<testsuites name="Sign in" time="407.173" tests="7" failures="0" errors="0">
   <testsuite name="Sign in" tests="7" failures="0" errors="0" time="407.173" skipped="0" timestamp="24-07-2024T17:49:08" hostname="quochuy.lu - VN-HCM-D-W-0011.globalservs.com" id="Test Suites/Shopping Cart/Sign in/Sign in">
      <properties>
         <property name="deviceName" value=""/>
         <property name="devicePlatform"/>
         <property name="logFolder" value="C:\\Users\\quochuy.lu\\git\\Katalon-certification\\Reports\\20240724_174847\\Shopping Cart\\Sign in\\Sign in\\20240724_174855"/>
         <property name="logFiles" value="C:\\Users\\quochuy.lu\\git\\Katalon-certification\\Reports\\20240724_174847\\Shopping Cart\\Sign in\\Sign in\\20240724_174855\\execution0.log"/>
         <property name="attachments" value=""/>
         <property name="hostName" value="quochuy.lu - VN-HCM-D-W-0011.globalservs.com"/>
         <property name="os" value="Windows 11 64bit"/>
         <property name="katalonVersion" value="9.6.0.217"/>
         <property name="browser" value="Chrome 126.0.0.0"/>
         <property name="hostAddress" value="10.161.207.102"/>
         <property name="sessionId" value="f72a1bb262e8492f6c2885cede57f7ca"/>
         <property name="seleniumVersion" value="3.141.59"/>
         <property name="proxyInformation" value="ProxyInformation { proxyOption=NO_PROXY, proxyServerType=HTTP, username=, password=********, proxyServerAddress=, proxyServerPort=0, executionList=&quot;&quot;, isApplyToDesiredCapabilities=true }"/>
         <property name="platform" value="Windows 11"/>
      </properties>
      <testcase name="Test Cases/Shopping Cart/Sign in/TC01_Fill_wrong_username_password_format" time="271.017" classname="Test Cases/Shopping Cart/Sign in/TC01_Fill_wrong_username_password_format" status="PASSED">
         <system-out><![CDATA[24-07-2024T17:49:09 - [TEST_CASE][PASSED] - Test Cases/Shopping Cart/Sign in/TC01_Fill_wrong_username_password_format: Test Cases/Shopping Cart/Sign in/TC01_Fill_wrong_username_password_format

24-07-2024T17:49:09 - [TEST_STEP][PASSED] - openBrowser(Login_URL): Browser is opened with url: 'https://demo-store.katalon.com/signin'

24-07-2024T17:49:10 - [MESSAGE][INFO] - Starting 'Chrome' driver

24-07-2024T17:49:10 - [MESSAGE][INFO] - Action delay is set to 0 milliseconds

24-07-2024T17:49:38 - [MESSAGE][PASSED] - Browser is opened with url: 'https://demo-store.katalon.com/signin'

24-07-2024T17:49:38 - [TEST_STEP][PASSED] - maximizeWindow(): Current window maximized

24-07-2024T17:49:38 - [MESSAGE][PASSED] - Current window maximized

24-07-2024T17:49:38 - [TEST_STEP][PASSED] - verifyElementPresent(findTestObject("Object Repository/Shopping Cart/Sign in/Sign_in_page"), 10): Object 'Object Repository/Shopping Cart/Sign in/Sign_in_page' is present

24-07-2024T17:50:09 - [MESSAGE][PASSED] - Object 'Object Repository/Shopping Cart/Sign in/Sign_in_page' is present

24-07-2024T17:50:09 - [TEST_STEP][PASSED] - setText(findTestObject("Object Repository/Shopping Cart/Sign in/Email_input"), username): Text 'abc' is set on object 'Object Repository/Shopping Cart/Sign in/Email_input'

24-07-2024T17:51:09 - [MESSAGE][PASSED] - Text 'abc' is set on object 'Object Repository/Shopping Cart/Sign in/Email_input'

24-07-2024T17:51:09 - [TEST_STEP][PASSED] - setText(findTestObject("Object Repository/Shopping Cart/Sign in/Password_input"), password): Text 'def' is set on object 'Object Repository/Shopping Cart/Sign in/Password_input'

24-07-2024T17:52:09 - [MESSAGE][PASSED] - Text 'def' is set on object 'Object Repository/Shopping Cart/Sign in/Password_input'

24-07-2024T17:52:09 - [TEST_STEP][PASSED] - sendKeys(findTestObject("Object Repository/Shopping Cart/Sign in/Password_input"), Keys.chord(TAB)): Keys 'TAB + ' sent to object: 'Object Repository/Shopping Cart/Sign in/Password_input'

24-07-2024T17:52:39 - [MESSAGE][PASSED] - Keys 'TAB + ' sent to object: 'Object Repository/Shopping Cart/Sign in/Password_input'

24-07-2024T17:52:39 - [TEST_STEP][PASSED] - verifyElementPresent(findTestObject("Object Repository/Shopping Cart/Sign in/Email_error_message_lb"), 10): Object 'Object Repository/Shopping Cart/Sign in/Email_error_message_lb' is present

24-07-2024T17:53:09 - [MESSAGE][PASSED] - Object 'Object Repository/Shopping Cart/Sign in/Email_error_message_lb' is present

24-07-2024T17:53:09 - [TEST_STEP][PASSED] - verifyElementPresent(findTestObject("Object Repository/Shopping Cart/Sign in/Password_error_message_lb"), 10): Object 'Object Repository/Shopping Cart/Sign in/Password_error_message_lb' is present

24-07-2024T17:53:39 - [MESSAGE][PASSED] - Object 'Object Repository/Shopping Cart/Sign in/Password_error_message_lb' is present

24-07-2024T17:53:39 - [TEST_STEP][PASSED] - closeBrowser(): Browser is closed

24-07-2024T17:53:40 - [MESSAGE][PASSED] - Browser is closed]]></system-out>
         <system-err><![CDATA[]]></system-err>
      </testcase>
      <testcase name="Test Cases/Shopping Cart/Sign in/TC01_Fill_wrong_username_password_format" time="12.491" classname="Test Cases/Shopping Cart/Sign in/TC01_Fill_wrong_username_password_format" status="PASSED">
         <system-out><![CDATA[24-07-2024T17:53:40 - [TEST_CASE][PASSED] - Test Cases/Shopping Cart/Sign in/TC01_Fill_wrong_username_password_format: Test Cases/Shopping Cart/Sign in/TC01_Fill_wrong_username_password_format

24-07-2024T17:53:40 - [TEST_STEP][PASSED] - openBrowser(Login_URL): Browser is opened with url: 'https://demo-store.katalon.com/signin'

24-07-2024T17:53:40 - [MESSAGE][INFO] - Starting 'Chrome' driver

24-07-2024T17:53:40 - [MESSAGE][INFO] - Action delay is set to 0 milliseconds

24-07-2024T17:53:47 - [MESSAGE][PASSED] - Browser is opened with url: 'https://demo-store.katalon.com/signin'

24-07-2024T17:53:47 - [TEST_STEP][PASSED] - maximizeWindow(): Current window maximized

24-07-2024T17:53:47 - [MESSAGE][PASSED] - Current window maximized

24-07-2024T17:53:47 - [TEST_STEP][PASSED] - verifyElementPresent(findTestObject("Object Repository/Shopping Cart/Sign in/Sign_in_page"), 10): Object 'Object Repository/Shopping Cart/Sign in/Sign_in_page' is present

24-07-2024T17:53:49 - [MESSAGE][PASSED] - Object 'Object Repository/Shopping Cart/Sign in/Sign_in_page' is present

24-07-2024T17:53:49 - [TEST_STEP][PASSED] - setText(findTestObject("Object Repository/Shopping Cart/Sign in/Email_input"), username): Text 'avgff@' is set on object 'Object Repository/Shopping Cart/Sign in/Email_input'

24-07-2024T17:53:50 - [MESSAGE][PASSED] - Text 'avgff@' is set on object 'Object Repository/Shopping Cart/Sign in/Email_input'

24-07-2024T17:53:50 - [TEST_STEP][PASSED] - setText(findTestObject("Object Repository/Shopping Cart/Sign in/Password_input"), password): Text 'abcdef' is set on object 'Object Repository/Shopping Cart/Sign in/Password_input'

24-07-2024T17:53:51 - [MESSAGE][PASSED] - Text 'abcdef' is set on object 'Object Repository/Shopping Cart/Sign in/Password_input'

24-07-2024T17:53:51 - [TEST_STEP][PASSED] - sendKeys(findTestObject("Object Repository/Shopping Cart/Sign in/Password_input"), Keys.chord(TAB)): Keys 'TAB + ' sent to object: 'Object Repository/Shopping Cart/Sign in/Password_input'

24-07-2024T17:53:51 - [MESSAGE][PASSED] - Keys 'TAB + ' sent to object: 'Object Repository/Shopping Cart/Sign in/Password_input'

24-07-2024T17:53:51 - [TEST_STEP][PASSED] - verifyElementPresent(findTestObject("Object Repository/Shopping Cart/Sign in/Email_error_message_lb"), 10): Object 'Object Repository/Shopping Cart/Sign in/Email_error_message_lb' is present

24-07-2024T17:53:52 - [MESSAGE][PASSED] - Object 'Object Repository/Shopping Cart/Sign in/Email_error_message_lb' is present

24-07-2024T17:53:52 - [TEST_STEP][PASSED] - verifyElementPresent(findTestObject("Object Repository/Shopping Cart/Sign in/Password_error_message_lb"), 10): Object 'Object Repository/Shopping Cart/Sign in/Password_error_message_lb' is present

24-07-2024T17:53:52 - [MESSAGE][PASSED] - Object 'Object Repository/Shopping Cart/Sign in/Password_error_message_lb' is present

24-07-2024T17:53:52 - [TEST_STEP][PASSED] - closeBrowser(): Browser is closed

24-07-2024T17:53:52 - [MESSAGE][PASSED] - Browser is closed]]></system-out>
         <system-err><![CDATA[]]></system-err>
      </testcase>
      <testcase name="Test Cases/Shopping Cart/Sign in/TC01_Fill_wrong_username_password_format" time="12.022" classname="Test Cases/Shopping Cart/Sign in/TC01_Fill_wrong_username_password_format" status="PASSED">
         <system-out><![CDATA[24-07-2024T17:53:52 - [TEST_CASE][PASSED] - Test Cases/Shopping Cart/Sign in/TC01_Fill_wrong_username_password_format: Test Cases/Shopping Cart/Sign in/TC01_Fill_wrong_username_password_format

24-07-2024T17:53:52 - [TEST_STEP][PASSED] - openBrowser(Login_URL): Browser is opened with url: 'https://demo-store.katalon.com/signin'

24-07-2024T17:53:52 - [MESSAGE][INFO] - Starting 'Chrome' driver

24-07-2024T17:53:52 - [MESSAGE][INFO] - Action delay is set to 0 milliseconds

24-07-2024T17:53:55 - [MESSAGE][PASSED] - Browser is opened with url: 'https://demo-store.katalon.com/signin'

24-07-2024T17:53:55 - [TEST_STEP][PASSED] - maximizeWindow(): Current window maximized

24-07-2024T17:54:00 - [MESSAGE][PASSED] - Current window maximized

24-07-2024T17:54:00 - [TEST_STEP][PASSED] - verifyElementPresent(findTestObject("Object Repository/Shopping Cart/Sign in/Sign_in_page"), 10): Object 'Object Repository/Shopping Cart/Sign in/Sign_in_page' is present

24-07-2024T17:54:01 - [MESSAGE][PASSED] - Object 'Object Repository/Shopping Cart/Sign in/Sign_in_page' is present

24-07-2024T17:54:01 - [TEST_STEP][PASSED] - setText(findTestObject("Object Repository/Shopping Cart/Sign in/Email_input"), username): Text 'avgff@com' is set on object 'Object Repository/Shopping Cart/Sign in/Email_input'

24-07-2024T17:54:02 - [MESSAGE][PASSED] - Text 'avgff@com' is set on object 'Object Repository/Shopping Cart/Sign in/Email_input'

24-07-2024T17:54:02 - [TEST_STEP][PASSED] - setText(findTestObject("Object Repository/Shopping Cart/Sign in/Password_input"), password): Text 'ABC123' is set on object 'Object Repository/Shopping Cart/Sign in/Password_input'

24-07-2024T17:54:03 - [MESSAGE][PASSED] - Text 'ABC123' is set on object 'Object Repository/Shopping Cart/Sign in/Password_input'

24-07-2024T17:54:03 - [TEST_STEP][PASSED] - sendKeys(findTestObject("Object Repository/Shopping Cart/Sign in/Password_input"), Keys.chord(TAB)): Keys 'TAB + ' sent to object: 'Object Repository/Shopping Cart/Sign in/Password_input'

24-07-2024T17:54:03 - [MESSAGE][PASSED] - Keys 'TAB + ' sent to object: 'Object Repository/Shopping Cart/Sign in/Password_input'

24-07-2024T17:54:03 - [TEST_STEP][PASSED] - verifyElementPresent(findTestObject("Object Repository/Shopping Cart/Sign in/Email_error_message_lb"), 10): Object 'Object Repository/Shopping Cart/Sign in/Email_error_message_lb' is present

24-07-2024T17:54:04 - [MESSAGE][PASSED] - Object 'Object Repository/Shopping Cart/Sign in/Email_error_message_lb' is present

24-07-2024T17:54:04 - [TEST_STEP][PASSED] - verifyElementPresent(findTestObject("Object Repository/Shopping Cart/Sign in/Password_error_message_lb"), 10): Object 'Object Repository/Shopping Cart/Sign in/Password_error_message_lb' is present

24-07-2024T17:54:04 - [MESSAGE][PASSED] - Object 'Object Repository/Shopping Cart/Sign in/Password_error_message_lb' is present

24-07-2024T17:54:04 - [TEST_STEP][PASSED] - closeBrowser(): Browser is closed

24-07-2024T17:54:04 - [MESSAGE][PASSED] - Browser is closed]]></system-out>
         <system-err><![CDATA[]]></system-err>
      </testcase>
      <testcase name="Test Cases/Shopping Cart/Sign in/TC02_Login_with_blank_username_password" time="11.791" classname="Test Cases/Shopping Cart/Sign in/TC02_Login_with_blank_username_password" status="PASSED">
         <system-out><![CDATA[24-07-2024T17:54:04 - [TEST_CASE][PASSED] - Test Cases/Shopping Cart/Sign in/TC02_Login_with_blank_username_password: Test Cases/Shopping Cart/Sign in/TC02_Login_with_blank_username_password

24-07-2024T17:54:04 - [TEST_STEP][PASSED] - openBrowser(Login_URL): Browser is opened with url: 'https://demo-store.katalon.com/signin'

24-07-2024T17:54:04 - [MESSAGE][INFO] - Starting 'Chrome' driver

24-07-2024T17:54:04 - [MESSAGE][INFO] - Action delay is set to 0 milliseconds

24-07-2024T17:54:07 - [MESSAGE][PASSED] - Browser is opened with url: 'https://demo-store.katalon.com/signin'

24-07-2024T17:54:07 - [TEST_STEP][PASSED] - maximizeWindow(): Current window maximized

24-07-2024T17:54:11 - [MESSAGE][PASSED] - Current window maximized

24-07-2024T17:54:11 - [TEST_STEP][PASSED] - verifyElementPresent(findTestObject("Object Repository/Shopping Cart/Sign in/Sign_in_page"), 10): Object 'Object Repository/Shopping Cart/Sign in/Sign_in_page' is present

24-07-2024T17:54:12 - [MESSAGE][PASSED] - Object 'Object Repository/Shopping Cart/Sign in/Sign_in_page' is present

24-07-2024T17:54:12 - [TEST_STEP][PASSED] - setText(findTestObject("Object Repository/Shopping Cart/Sign in/Email_input"), ""): Text '' is set on object 'Object Repository/Shopping Cart/Sign in/Email_input'

24-07-2024T17:54:14 - [MESSAGE][PASSED] - Text '' is set on object 'Object Repository/Shopping Cart/Sign in/Email_input'

24-07-2024T17:54:14 - [TEST_STEP][PASSED] - setText(findTestObject("Object Repository/Shopping Cart/Sign in/Password_input"), ""): Text '' is set on object 'Object Repository/Shopping Cart/Sign in/Password_input'

24-07-2024T17:54:14 - [MESSAGE][PASSED] - Text '' is set on object 'Object Repository/Shopping Cart/Sign in/Password_input'

24-07-2024T17:54:14 - [TEST_STEP][PASSED] - click(findTestObject("Object Repository/Shopping Cart/Sign in/Signin_button")): Object: 'Object Repository/Shopping Cart/Sign in/Signin_button' is clicked on

24-07-2024T17:54:15 - [MESSAGE][PASSED] - Object: 'Object Repository/Shopping Cart/Sign in/Signin_button' is clicked on

24-07-2024T17:54:15 - [TEST_STEP][PASSED] - verifyElementPresent(findTestObject("Object Repository/Shopping Cart/Sign in/Email_error_message_lb"), 10): Object 'Object Repository/Shopping Cart/Sign in/Email_error_message_lb' is present

24-07-2024T17:54:16 - [MESSAGE][PASSED] - Object 'Object Repository/Shopping Cart/Sign in/Email_error_message_lb' is present

24-07-2024T17:54:16 - [TEST_STEP][PASSED] - verifyElementPresent(findTestObject("Object Repository/Shopping Cart/Sign in/Password_error_message_lb"), 10): Object 'Object Repository/Shopping Cart/Sign in/Password_error_message_lb' is present

24-07-2024T17:54:16 - [MESSAGE][PASSED] - Object 'Object Repository/Shopping Cart/Sign in/Password_error_message_lb' is present

24-07-2024T17:54:16 - [TEST_STEP][PASSED] - closeBrowser(): Browser is closed

24-07-2024T17:54:16 - [MESSAGE][PASSED] - Browser is closed]]></system-out>
         <system-err><![CDATA[]]></system-err>
      </testcase>
      <testcase name="Test Cases/Shopping Cart/Sign in/TC03_Login_with_incorrect_username_password" time="12.341" classname="Test Cases/Shopping Cart/Sign in/TC03_Login_with_incorrect_username_password" status="PASSED">
         <system-out><![CDATA[24-07-2024T17:54:16 - [TEST_CASE][PASSED] - Test Cases/Shopping Cart/Sign in/TC03_Login_with_incorrect_username_password: Test Cases/Shopping Cart/Sign in/TC03_Login_with_incorrect_username_password

24-07-2024T17:54:16 - [TEST_STEP][PASSED] - openBrowser(Login_URL): Browser is opened with url: 'https://demo-store.katalon.com/signin'

24-07-2024T17:54:16 - [MESSAGE][INFO] - Starting 'Chrome' driver

24-07-2024T17:54:16 - [MESSAGE][INFO] - Action delay is set to 0 milliseconds

24-07-2024T17:54:23 - [MESSAGE][PASSED] - Browser is opened with url: 'https://demo-store.katalon.com/signin'

24-07-2024T17:54:23 - [TEST_STEP][PASSED] - maximizeWindow(): Current window maximized

24-07-2024T17:54:23 - [MESSAGE][PASSED] - Current window maximized

24-07-2024T17:54:23 - [TEST_STEP][PASSED] - verifyElementPresent(findTestObject("Object Repository/Shopping Cart/Sign in/Sign_in_page"), 10): Object 'Object Repository/Shopping Cart/Sign in/Sign_in_page' is present

24-07-2024T17:54:24 - [MESSAGE][PASSED] - Object 'Object Repository/Shopping Cart/Sign in/Sign_in_page' is present

24-07-2024T17:54:24 - [TEST_STEP][PASSED] - setText(findTestObject("Object Repository/Shopping Cart/Sign in/Email_input"), username): Text 'abc@gmail.com' is set on object 'Object Repository/Shopping Cart/Sign in/Email_input'

24-07-2024T17:54:25 - [MESSAGE][PASSED] - Text 'abc@gmail.com' is set on object 'Object Repository/Shopping Cart/Sign in/Email_input'

24-07-2024T17:54:25 - [TEST_STEP][PASSED] - setText(findTestObject("Object Repository/Shopping Cart/Sign in/Password_input"), password): Text 'Abcdef123' is set on object 'Object Repository/Shopping Cart/Sign in/Password_input'

24-07-2024T17:54:26 - [MESSAGE][PASSED] - Text 'Abcdef123' is set on object 'Object Repository/Shopping Cart/Sign in/Password_input'

24-07-2024T17:54:26 - [TEST_STEP][PASSED] - click(findTestObject("Object Repository/Shopping Cart/Sign in/Signin_button")): Object: 'Object Repository/Shopping Cart/Sign in/Signin_button' is clicked on

24-07-2024T17:54:27 - [MESSAGE][PASSED] - Object: 'Object Repository/Shopping Cart/Sign in/Signin_button' is clicked on

24-07-2024T17:54:27 - [TEST_STEP][PASSED] - verifyElementNotPresent(findTestObject("Object Repository/Shopping Cart/Dashboard/Dashboard_page"), 5): Web element with id: 'Object Repository/Shopping Cart/Dashboard/Dashboard_page' located by 'By.xpath: //*[contains(@class,'dashboard_box')]' is not present after '5' second(s)

24-07-2024T17:54:27 - [MESSAGE][PASSED] - Web element with id: 'Object Repository/Shopping Cart/Dashboard/Dashboard_page' located by 'By.xpath: //*[contains(@class,'dashboard_box')]' is not present after '5' second(s)

24-07-2024T17:54:27 - [TEST_STEP][PASSED] - closeBrowser(): Browser is closed

24-07-2024T17:54:29 - [MESSAGE][PASSED] - Browser is closed]]></system-out>
         <system-err><![CDATA[]]></system-err>
      </testcase>
      <testcase name="Test Cases/Shopping Cart/Sign in/TC04_Login_with_correct_username_password" time="70.925" classname="Test Cases/Shopping Cart/Sign in/TC04_Login_with_correct_username_password" status="PASSED">
         <system-out><![CDATA[24-07-2024T17:54:29 - [TEST_CASE][PASSED] - Test Cases/Shopping Cart/Sign in/TC04_Login_with_correct_username_password: Test Cases/Shopping Cart/Sign in/TC04_Login_with_correct_username_password

24-07-2024T17:54:29 - [TEST_STEP][PASSED] - openBrowser(Login_URL): Browser is opened with url: 'https://demo-store.katalon.com/signin'

24-07-2024T17:54:29 - [MESSAGE][INFO] - Starting 'Chrome' driver

24-07-2024T17:54:29 - [MESSAGE][INFO] - Action delay is set to 0 milliseconds

24-07-2024T17:54:35 - [MESSAGE][PASSED] - Browser is opened with url: 'https://demo-store.katalon.com/signin'

24-07-2024T17:54:35 - [TEST_STEP][PASSED] - maximizeWindow(): Current window maximized

24-07-2024T17:54:35 - [MESSAGE][PASSED] - Current window maximized

24-07-2024T17:54:35 - [TEST_STEP][PASSED] - verifyElementPresent(findTestObject("Object Repository/Shopping Cart/Sign in/Sign_in_page"), 10): Object 'Object Repository/Shopping Cart/Sign in/Sign_in_page' is present

24-07-2024T17:54:36 - [MESSAGE][PASSED] - Object 'Object Repository/Shopping Cart/Sign in/Sign_in_page' is present

24-07-2024T17:54:36 - [TEST_STEP][PASSED] - setText(findTestObject("Object Repository/Shopping Cart/Sign in/Email_input"), username): Text 'quoc.huy.lu8960@gmail.com' is set on object 'Object Repository/Shopping Cart/Sign in/Email_input'

24-07-2024T17:54:37 - [MESSAGE][PASSED] - Text 'quoc.huy.lu8960@gmail.com' is set on object 'Object Repository/Shopping Cart/Sign in/Email_input'

24-07-2024T17:54:37 - [TEST_STEP][PASSED] - setText(findTestObject("Object Repository/Shopping Cart/Sign in/Password_input"), password): Text 'KatalonCerti123' is set on object 'Object Repository/Shopping Cart/Sign in/Password_input'

24-07-2024T17:54:39 - [MESSAGE][PASSED] - Text 'KatalonCerti123' is set on object 'Object Repository/Shopping Cart/Sign in/Password_input'

24-07-2024T17:54:39 - [TEST_STEP][PASSED] - click(findTestObject("Object Repository/Shopping Cart/Sign in/Signin_button")): Object: 'Object Repository/Shopping Cart/Sign in/Signin_button' is clicked on

24-07-2024T17:54:39 - [MESSAGE][PASSED] - Object: 'Object Repository/Shopping Cart/Sign in/Signin_button' is clicked on

24-07-2024T17:54:39 - [TEST_STEP][PASSED] - waitForElementPresent(findTestObject("Object Repository/Shopping Cart/Dashboard/Dashboard_page"), 10): Object 'Object Repository/Shopping Cart/Dashboard/Dashboard_page' is present

24-07-2024T17:55:09 - [MESSAGE][PASSED] - Object 'Object Repository/Shopping Cart/Dashboard/Dashboard_page' is present

24-07-2024T17:55:09 - [TEST_STEP][PASSED] - verifyElementPresent(findTestObject("Object Repository/Shopping Cart/Dashboard/Dashboard_page"), 10): Object 'Object Repository/Shopping Cart/Dashboard/Dashboard_page' is present

24-07-2024T17:55:39 - [MESSAGE][PASSED] - Object 'Object Repository/Shopping Cart/Dashboard/Dashboard_page' is present

24-07-2024T17:55:39 - [TEST_STEP][PASSED] - closeBrowser(): Browser is closed

24-07-2024T17:55:39 - [MESSAGE][PASSED] - Browser is closed]]></system-out>
         <system-err><![CDATA[]]></system-err>
      </testcase>
      <testcase name="Test Cases/Shopping Cart/Sign in/TC05_Login_page_success_via_Account_button" time="16.043" classname="Test Cases/Shopping Cart/Sign in/TC05_Login_page_success_via_Account_button" status="PASSED">
         <system-out><![CDATA[24-07-2024T17:55:40 - [TEST_CASE][PASSED] - Test Cases/Shopping Cart/Sign in/TC05_Login_page_success_via_Account_button: Test Cases/Shopping Cart/Sign in/TC05_Login_page_success_via_Account_button

24-07-2024T17:55:40 - [TEST_STEP][PASSED] - openBrowser(Dashborad_URL): Browser is opened with url: 'https://demo-store.katalon.com/'

24-07-2024T17:55:40 - [MESSAGE][INFO] - Starting 'Chrome' driver

24-07-2024T17:55:40 - [MESSAGE][INFO] - Action delay is set to 0 milliseconds

24-07-2024T17:55:46 - [MESSAGE][PASSED] - Browser is opened with url: 'https://demo-store.katalon.com/'

24-07-2024T17:55:46 - [TEST_STEP][PASSED] - maximizeWindow(): Current window maximized

24-07-2024T17:55:46 - [MESSAGE][PASSED] - Current window maximized

24-07-2024T17:55:46 - [TEST_STEP][PASSED] - verifyElementPresent(findTestObject("Object Repository/Shopping Cart/Dashboard/Dashboard_page"), 10): Object 'Object Repository/Shopping Cart/Dashboard/Dashboard_page' is present

24-07-2024T17:55:46 - [MESSAGE][PASSED] - Object 'Object Repository/Shopping Cart/Dashboard/Dashboard_page' is present

24-07-2024T17:55:46 - [TEST_STEP][PASSED] - waitForElementPresent(findTestObject("Object Repository/Shopping Cart/Header/User_icon_logged_out"), 10): Object 'Object Repository/Shopping Cart/Header/User_icon_logged_out' is present

24-07-2024T17:55:49 - [MESSAGE][PASSED] - Object 'Object Repository/Shopping Cart/Header/User_icon_logged_out' is present

24-07-2024T17:55:49 - [TEST_STEP][PASSED] - click(findTestObject("Object Repository/Shopping Cart/Header/User_icon_logged_out")): Object: 'Object Repository/Shopping Cart/Header/User_icon_logged_out' is clicked on

24-07-2024T17:55:50 - [MESSAGE][PASSED] - Object: 'Object Repository/Shopping Cart/Header/User_icon_logged_out' is clicked on

24-07-2024T17:55:50 - [TEST_STEP][PASSED] - verifyElementPresent(findTestObject("Object Repository/Shopping Cart/Sign in/Sign_in_page"), 10): Object 'Object Repository/Shopping Cart/Sign in/Sign_in_page' is present

24-07-2024T17:55:51 - [MESSAGE][PASSED] - Object 'Object Repository/Shopping Cart/Sign in/Sign_in_page' is present

24-07-2024T17:55:51 - [TEST_STEP][PASSED] - setText(findTestObject("Object Repository/Shopping Cart/Sign in/Email_input"), username): Text 'quoc.huy.lu8960@gmail.com' is set on object 'Object Repository/Shopping Cart/Sign in/Email_input'

24-07-2024T17:55:51 - [MESSAGE][PASSED] - Text 'quoc.huy.lu8960@gmail.com' is set on object 'Object Repository/Shopping Cart/Sign in/Email_input'

24-07-2024T17:55:51 - [TEST_STEP][PASSED] - setText(findTestObject("Object Repository/Shopping Cart/Sign in/Password_input"), password): Text 'KatalonCerti123' is set on object 'Object Repository/Shopping Cart/Sign in/Password_input'

24-07-2024T17:55:52 - [MESSAGE][PASSED] - Text 'KatalonCerti123' is set on object 'Object Repository/Shopping Cart/Sign in/Password_input'

24-07-2024T17:55:52 - [TEST_STEP][PASSED] - click(findTestObject("Object Repository/Shopping Cart/Sign in/Signin_button")): Object: 'Object Repository/Shopping Cart/Sign in/Signin_button' is clicked on

24-07-2024T17:55:52 - [MESSAGE][PASSED] - Object: 'Object Repository/Shopping Cart/Sign in/Signin_button' is clicked on

24-07-2024T17:55:52 - [TEST_STEP][PASSED] - waitForElementPresent(findTestObject("Object Repository/Shopping Cart/Dashboard/Dashboard_page"), 10): Object 'Object Repository/Shopping Cart/Dashboard/Dashboard_page' is present

24-07-2024T17:55:54 - [MESSAGE][PASSED] - Object 'Object Repository/Shopping Cart/Dashboard/Dashboard_page' is present

24-07-2024T17:55:54 - [TEST_STEP][PASSED] - verifyElementPresent(findTestObject("Object Repository/Shopping Cart/Dashboard/Dashboard_page"), 10): Object 'Object Repository/Shopping Cart/Dashboard/Dashboard_page' is present

24-07-2024T17:55:54 - [MESSAGE][PASSED] - Object 'Object Repository/Shopping Cart/Dashboard/Dashboard_page' is present

24-07-2024T17:55:54 - [TEST_STEP][PASSED] - closeBrowser(): Browser is closed

24-07-2024T17:55:56 - [MESSAGE][PASSED] - Browser is closed]]></system-out>
         <system-err><![CDATA[]]></system-err>
      </testcase>
      <system-out><![CDATA[24-07-2024T17:49:08 - [TEST_SUITE][PASSED] - Sign in: Test Cases/Shopping Cart/Sign in/TC05_Login_page_success_via_Account_button]]></system-out>
      <system-err><![CDATA[]]></system-err>
   </testsuite>
</testsuites>
