<?xml version="1.0" encoding="UTF-8"?>
<testsuites name="Burger_menu_log_out" time="15.806" tests="1" failures="0" errors="0">
   <testsuite name="Burger_menu_log_out" tests="1" failures="0" errors="0" time="15.806" skipped="0" timestamp="19-07-2024T20:24:02" hostname="Admin - DESKTOP-26G4KH6" id="Test Suites/Haealthcare/Burger Menu/Burger_menu_log_out">
      <properties>
         <property name="deviceName" value=""/>
         <property name="devicePlatform"/>
         <property name="logFolder" value="C:\\Users\\Admin\\git\\Katalon-certification\\Reports\\20240719_202355\\Haealthcare\\Burger Menu\\Burger_menu_log_out\\20240719_202355"/>
         <property name="logFiles" value="C:\\Users\\Admin\\git\\Katalon-certification\\Reports\\20240719_202355\\Haealthcare\\Burger Menu\\Burger_menu_log_out\\20240719_202355\\execution0.log"/>
         <property name="attachments" value=""/>
         <property name="hostName" value="Admin - DESKTOP-26G4KH6"/>
         <property name="os" value="Windows 10 64bit"/>
         <property name="katalonVersion" value="9.6.0.217"/>
         <property name="browser" value="Chrome 126.0.0.0"/>
         <property name="hostAddress" value="192.168.0.191"/>
         <property name="sessionId" value="9492da4914e238691ebea5fb02bab48b"/>
         <property name="seleniumVersion" value="3.141.59"/>
         <property name="proxyInformation" value="ProxyInformation { proxyOption=NO_PROXY, proxyServerType=HTTP, username=, password=********, proxyServerAddress=, proxyServerPort=0, executionList=&quot;&quot;, isApplyToDesiredCapabilities=true }"/>
         <property name="platform" value="Windows 10"/>
      </properties>
      <testcase name="Test Cases/Healthcare/Buger Menu/TC04_Logged_out_Check_display" time="15.656" classname="Test Cases/Healthcare/Buger Menu/TC04_Logged_out_Check_display" status="PASSED">
         <system-out><![CDATA[19-07-2024T20:24:03 - [TEST_CASE][PASSED] - Test Cases/Healthcare/Buger Menu/TC04_Logged_out_Check_display: Test Cases/Healthcare/Buger Menu/TC04_Logged_out_Check_display

19-07-2024T20:24:03 - [TEST_STEP][PASSED] - openBrowser(HC_Dashborad_URL): Browser is opened with url: 'https://katalon-demo-cura.herokuapp.com/'

19-07-2024T20:24:04 - [MESSAGE][INFO] - Starting 'Chrome' driver

19-07-2024T20:24:04 - [MESSAGE][INFO] - Action delay is set to 0 milliseconds

19-07-2024T20:24:09 - [MESSAGE][PASSED] - Browser is opened with url: 'https://katalon-demo-cura.herokuapp.com/'

19-07-2024T20:24:09 - [TEST_STEP][PASSED] - maximizeWindow(): Current window maximized

19-07-2024T20:24:09 - [MESSAGE][PASSED] - Current window maximized

19-07-2024T20:24:09 - [TEST_STEP][PASSED] - click(findTestObject("Object Repository/Healthcare/Burger menu/a_Burger_menu")): Object: 'Object Repository/Healthcare/Burger menu/a_Burger_menu' is clicked on

19-07-2024T20:24:10 - [MESSAGE][PASSED] - Object: 'Object Repository/Healthcare/Burger menu/a_Burger_menu' is clicked on

19-07-2024T20:24:10 - [TEST_STEP][PASSED] - delay(5): Delayed 5 second(s)

19-07-2024T20:24:15 - [MESSAGE][PASSED] - Delayed 5 second(s)

19-07-2024T20:24:15 - [TEST_STEP][PASSED] - verifyElementPresent(findTestObject("Object Repository/Healthcare/Burger menu/Slidebar_opened"), 3): Object 'Object Repository/Healthcare/Burger menu/Slidebar_opened' is present

19-07-2024T20:24:15 - [MESSAGE][PASSED] - Object 'Object Repository/Healthcare/Burger menu/Slidebar_opened' is present

19-07-2024T20:24:15 - [TEST_STEP][PASSED] - verifyElementPresent(findTestObject("Object Repository/Healthcare/Burger menu/a_Home"), 3): Object 'Object Repository/Healthcare/Burger menu/a_Home' is present

19-07-2024T20:24:16 - [MESSAGE][PASSED] - Object 'Object Repository/Healthcare/Burger menu/a_Home' is present

19-07-2024T20:24:16 - [TEST_STEP][PASSED] - verifyElementPresent(findTestObject("Object Repository/Healthcare/Burger menu/a_Login"), 3): Object 'Object Repository/Healthcare/Burger menu/a_Login' is present

19-07-2024T20:24:16 - [MESSAGE][PASSED] - Object 'Object Repository/Healthcare/Burger menu/a_Login' is present

19-07-2024T20:24:16 - [TEST_STEP][PASSED] - verifyElementNotPresent(findTestObject("Object Repository/Healthcare/Burger menu/a_History"), 3): Web element with id: 'Object Repository/Healthcare/Burger menu/a_History' located by 'By.xpath: //a[@href = 'history.php#history' and (text() = 'History' or . = 'History')]' is not present after '3' second(s)

19-07-2024T20:24:16 - [MESSAGE][PASSED] - Web element with id: 'Object Repository/Healthcare/Burger menu/a_History' located by 'By.xpath: //a[@href = 'history.php#history' and (text() = 'History' or . = 'History')]' is not present after '3' second(s)

19-07-2024T20:24:16 - [TEST_STEP][PASSED] - verifyElementNotPresent(findTestObject("Object Repository/Healthcare/Burger menu/a_Profile"), 3): Web element with id: 'Object Repository/Healthcare/Burger menu/a_Profile' located by 'By.xpath: //a[@href = 'profile.php#profile' and (text() = 'Profile' or . = 'Profile')]' is not present after '3' second(s)

19-07-2024T20:24:17 - [MESSAGE][PASSED] - Web element with id: 'Object Repository/Healthcare/Burger menu/a_Profile' located by 'By.xpath: //a[@href = 'profile.php#profile' and (text() = 'Profile' or . = 'Profile')]' is not present after '3' second(s)

19-07-2024T20:24:17 - [TEST_STEP][PASSED] - verifyElementNotPresent(findTestObject("Object Repository/Healthcare/Burger menu/a_Logout"), 3): Web element with id: 'Object Repository/Healthcare/Burger menu/a_Logout' located by 'By.xpath: //a[@href = 'authenticate.php?logout' and (text() = 'Logout' or . = 'Logout')]' is not present after '3' second(s)

19-07-2024T20:24:17 - [MESSAGE][PASSED] - Web element with id: 'Object Repository/Healthcare/Burger menu/a_Logout' located by 'By.xpath: //a[@href = 'authenticate.php?logout' and (text() = 'Logout' or . = 'Logout')]' is not present after '3' second(s)

19-07-2024T20:24:17 - [TEST_STEP][PASSED] - closeBrowser(): Browser is closed

19-07-2024T20:24:18 - [MESSAGE][PASSED] - Browser is closed]]></system-out>
         <system-err><![CDATA[]]></system-err>
      </testcase>
      <system-out><![CDATA[19-07-2024T20:24:02 - [TEST_SUITE][PASSED] - Burger_menu_log_out: Test Cases/Healthcare/Buger Menu/TC04_Logged_out_Check_display]]></system-out>
      <system-err><![CDATA[]]></system-err>
   </testsuite>
</testsuites>
