<?xml version="1.0" encoding="UTF-8"?>
<testsuites name="Make appointment" time="46.047" tests="4" failures="0" errors="0">
   <testsuite name="Make appointment" tests="4" failures="0" errors="0" time="46.047" skipped="0" timestamp="18-07-2024T23:22:08" hostname="Admin - DESKTOP-26G4KH6" id="Test Suites/Haealthcare/Appointment/Make appointment/Make appointment">
      <properties>
         <property name="deviceName" value=""/>
         <property name="devicePlatform"/>
         <property name="logFolder" value="C:\\Users\\Admin\\git\\Katalon-certification\\Reports\\20240718_232159\\Haealthcare\\Appointment\\Make appointment\\Make appointment\\20240718_232200"/>
         <property name="logFiles" value="C:\\Users\\Admin\\git\\Katalon-certification\\Reports\\20240718_232159\\Haealthcare\\Appointment\\Make appointment\\Make appointment\\20240718_232200\\execution0.log"/>
         <property name="attachments" value=""/>
         <property name="hostName" value="Admin - DESKTOP-26G4KH6"/>
         <property name="os" value="Windows 10 64bit"/>
         <property name="katalonVersion" value="9.6.0.217"/>
         <property name="browser" value="Chrome 126.0.0.0"/>
         <property name="hostAddress" value="172.16.0.122"/>
         <property name="sessionId" value="40ec12a36767b946df10d2b4f9553c3e"/>
         <property name="seleniumVersion" value="3.141.59"/>
         <property name="proxyInformation" value="ProxyInformation { proxyOption=NO_PROXY, proxyServerType=HTTP, username=, password=********, proxyServerAddress=, proxyServerPort=0, executionList=&quot;&quot;, isApplyToDesiredCapabilities=true }"/>
         <property name="platform" value="Windows 10"/>
      </properties>
      <testcase name="Test Cases/Healthcare/Appointment/TC13_Make_apointment_Tokyo" time="12.719" classname="Test Cases/Healthcare/Appointment/TC13_Make_apointment_Tokyo" status="PASSED">
         <system-out><![CDATA[18-07-2024T23:22:08 - [TEST_CASE][PASSED] - Test Cases/Healthcare/Appointment/TC13_Make_apointment_Tokyo: Test Cases/Healthcare/Appointment/TC13_Make_apointment_Tokyo

18-07-2024T23:22:08 - [TEST_STEP][PASSED] - store.Authentication.HC_Login_Make_Appointment.Login_Appointment(): store.Authentication.HC_Login_Make_Appointment.Login_Appointment is PASSED

18-07-2024T23:22:09 - [MESSAGE][INFO] - Starting 'Chrome' driver

18-07-2024T23:22:09 - [MESSAGE][INFO] - Action delay is set to 0 milliseconds

18-07-2024T23:22:13 - [MESSAGE][PASSED] - Browser is opened with url: 'https://katalon-demo-cura.herokuapp.com/'

18-07-2024T23:22:13 - [MESSAGE][PASSED] - Current window maximized

18-07-2024T23:22:14 - [MESSAGE][PASSED] - Object: 'Object Repository/Healthcare/Dashboard/a_Make Appointment' is clicked on

18-07-2024T23:22:15 - [MESSAGE][PASSED] - Text 'John Doe' is set on object 'Object Repository/Healthcare/Login/input_Username_username'

18-07-2024T23:22:15 - [MESSAGE][PASSED] - Text 'ThisIsNotAPassword' is set on object 'Object Repository/Healthcare/Login/input_Password_password'

18-07-2024T23:22:17 - [MESSAGE][PASSED] - Object: 'Object Repository/Healthcare/Login/button_Login' is clicked on

18-07-2024T23:22:17 - [MESSAGE][PASSED] - Object 'Object Repository/Healthcare/Appointment/form_Healthcare' is present

18-07-2024T23:22:17 - [MESSAGE][PASSED] - Object 'Object Repository/Healthcare/Appointment/form_Healthcare' is present

18-07-2024T23:22:17 - [MESSAGE][PASSED] - store.Authentication.HC_Login_Make_Appointment.Login_Appointment is PASSED

18-07-2024T23:22:17 - [TEST_STEP][PASSED] - click(findTestObject("Object Repository/Healthcare/Appointment/Facility_dropdownlist")): Object: 'Object Repository/Healthcare/Appointment/Facility_dropdownlist' is clicked on

18-07-2024T23:22:18 - [MESSAGE][PASSED] - Object: 'Object Repository/Healthcare/Appointment/Facility_dropdownlist' is clicked on

18-07-2024T23:22:18 - [TEST_STEP][PASSED] - click(findTestObject("Object Repository/Healthcare/Appointment/Facility_Tokyo_option")): Object: 'Object Repository/Healthcare/Appointment/Facility_Tokyo_option' is clicked on

18-07-2024T23:22:18 - [MESSAGE][PASSED] - Object: 'Object Repository/Healthcare/Appointment/Facility_Tokyo_option' is clicked on

18-07-2024T23:22:18 - [TEST_STEP][PASSED] - click(findTestObject("Object Repository/Healthcare/Appointment/VisitDate_Calendar_icon")): Object: 'Object Repository/Healthcare/Appointment/VisitDate_Calendar_icon' is clicked on

18-07-2024T23:22:18 - [MESSAGE][PASSED] - Object: 'Object Repository/Healthcare/Appointment/VisitDate_Calendar_icon' is clicked on

18-07-2024T23:22:18 - [TEST_STEP][PASSED] - click(findTestObject("Object Repository/Healthcare/Appointment/VisitDate_Calendar_Date_option")): Object: 'Object Repository/Healthcare/Appointment/VisitDate_Calendar_Date_option' is clicked on

18-07-2024T23:22:19 - [MESSAGE][PASSED] - Object: 'Object Repository/Healthcare/Appointment/VisitDate_Calendar_Date_option' is clicked on

18-07-2024T23:22:19 - [TEST_STEP][PASSED] - click(findTestObject("Object Repository/Healthcare/Appointment/Book_appointment_button")): Object: 'Object Repository/Healthcare/Appointment/Book_appointment_button' is clicked on

18-07-2024T23:22:20 - [MESSAGE][PASSED] - Object: 'Object Repository/Healthcare/Appointment/Book_appointment_button' is clicked on

18-07-2024T23:22:20 - [TEST_STEP][PASSED] - verifyElementPresent(findTestObject("Object Repository/Healthcare/Summary/Appointment_Confirmation_label"), 3): Object 'Object Repository/Healthcare/Summary/Appointment_Confirmation_label' is present

18-07-2024T23:22:20 - [MESSAGE][PASSED] - Object 'Object Repository/Healthcare/Summary/Appointment_Confirmation_label' is present

18-07-2024T23:22:20 - [TEST_STEP][PASSED] - verifyElementPresent(findTestObject("Object Repository/Healthcare/Summary/Facility_Tokyo_label"), 3): Object 'Object Repository/Healthcare/Summary/Facility_Tokyo_label' is present

18-07-2024T23:22:20 - [MESSAGE][PASSED] - Object 'Object Repository/Healthcare/Summary/Facility_Tokyo_label' is present

18-07-2024T23:22:20 - [TEST_STEP][PASSED] - closeBrowser(): Browser is closed

18-07-2024T23:22:20 - [MESSAGE][PASSED] - Browser is closed]]></system-out>
         <system-err><![CDATA[]]></system-err>
      </testcase>
      <testcase name="Test Cases/Healthcare/Appointment/TC14_Make_appointment_Seoul" time="10.934" classname="Test Cases/Healthcare/Appointment/TC14_Make_appointment_Seoul" status="PASSED">
         <system-out><![CDATA[18-07-2024T23:22:20 - [TEST_CASE][PASSED] - Test Cases/Healthcare/Appointment/TC14_Make_appointment_Seoul: Test Cases/Healthcare/Appointment/TC14_Make_appointment_Seoul

18-07-2024T23:22:21 - [TEST_STEP][PASSED] - store.Authentication.HC_Login_Make_Appointment.Login_Appointment(): store.Authentication.HC_Login_Make_Appointment.Login_Appointment is PASSED

18-07-2024T23:22:21 - [MESSAGE][INFO] - Starting 'Chrome' driver

18-07-2024T23:22:21 - [MESSAGE][INFO] - Action delay is set to 0 milliseconds

18-07-2024T23:22:24 - [MESSAGE][PASSED] - Browser is opened with url: 'https://katalon-demo-cura.herokuapp.com/'

18-07-2024T23:22:24 - [MESSAGE][PASSED] - Current window maximized

18-07-2024T23:22:25 - [MESSAGE][PASSED] - Object: 'Object Repository/Healthcare/Dashboard/a_Make Appointment' is clicked on

18-07-2024T23:22:26 - [MESSAGE][PASSED] - Text 'John Doe' is set on object 'Object Repository/Healthcare/Login/input_Username_username'

18-07-2024T23:22:26 - [MESSAGE][PASSED] - Text 'ThisIsNotAPassword' is set on object 'Object Repository/Healthcare/Login/input_Password_password'

18-07-2024T23:22:28 - [MESSAGE][PASSED] - Object: 'Object Repository/Healthcare/Login/button_Login' is clicked on

18-07-2024T23:22:28 - [MESSAGE][PASSED] - Object 'Object Repository/Healthcare/Appointment/form_Healthcare' is present

18-07-2024T23:22:28 - [MESSAGE][PASSED] - Object 'Object Repository/Healthcare/Appointment/form_Healthcare' is present

18-07-2024T23:22:28 - [MESSAGE][PASSED] - store.Authentication.HC_Login_Make_Appointment.Login_Appointment is PASSED

18-07-2024T23:22:28 - [TEST_STEP][PASSED] - click(findTestObject("Object Repository/Healthcare/Appointment/Facility_dropdownlist")): Object: 'Object Repository/Healthcare/Appointment/Facility_dropdownlist' is clicked on

18-07-2024T23:22:29 - [MESSAGE][PASSED] - Object: 'Object Repository/Healthcare/Appointment/Facility_dropdownlist' is clicked on

18-07-2024T23:22:29 - [TEST_STEP][PASSED] - click(findTestObject("Object Repository/Healthcare/Appointment/Facility_Seoul_option")): Object: 'Object Repository/Healthcare/Appointment/Facility_Seoul_option' is clicked on

18-07-2024T23:22:29 - [MESSAGE][PASSED] - Object: 'Object Repository/Healthcare/Appointment/Facility_Seoul_option' is clicked on

18-07-2024T23:22:29 - [TEST_STEP][PASSED] - click(findTestObject("Object Repository/Healthcare/Appointment/VisitDate_Calendar_icon")): Object: 'Object Repository/Healthcare/Appointment/VisitDate_Calendar_icon' is clicked on

18-07-2024T23:22:29 - [MESSAGE][PASSED] - Object: 'Object Repository/Healthcare/Appointment/VisitDate_Calendar_icon' is clicked on

18-07-2024T23:22:29 - [TEST_STEP][PASSED] - click(findTestObject("Object Repository/Healthcare/Appointment/VisitDate_Calendar_Date_option")): Object: 'Object Repository/Healthcare/Appointment/VisitDate_Calendar_Date_option' is clicked on

18-07-2024T23:22:30 - [MESSAGE][PASSED] - Object: 'Object Repository/Healthcare/Appointment/VisitDate_Calendar_Date_option' is clicked on

18-07-2024T23:22:30 - [TEST_STEP][PASSED] - click(findTestObject("Object Repository/Healthcare/Appointment/Book_appointment_button")): Object: 'Object Repository/Healthcare/Appointment/Book_appointment_button' is clicked on

18-07-2024T23:22:31 - [MESSAGE][PASSED] - Object: 'Object Repository/Healthcare/Appointment/Book_appointment_button' is clicked on

18-07-2024T23:22:31 - [TEST_STEP][PASSED] - verifyElementPresent(findTestObject("Object Repository/Healthcare/Summary/Appointment_Confirmation_label"), 3): Object 'Object Repository/Healthcare/Summary/Appointment_Confirmation_label' is present

18-07-2024T23:22:31 - [MESSAGE][PASSED] - Object 'Object Repository/Healthcare/Summary/Appointment_Confirmation_label' is present

18-07-2024T23:22:31 - [TEST_STEP][PASSED] - verifyElementPresent(findTestObject("Object Repository/Healthcare/Summary/Facility_Seoul_label"), 3): Object 'Object Repository/Healthcare/Summary/Facility_Seoul_label' is present

18-07-2024T23:22:31 - [MESSAGE][PASSED] - Object 'Object Repository/Healthcare/Summary/Facility_Seoul_label' is present

18-07-2024T23:22:31 - [TEST_STEP][PASSED] - closeBrowser(): Browser is closed

18-07-2024T23:22:31 - [MESSAGE][PASSED] - Browser is closed]]></system-out>
         <system-err><![CDATA[]]></system-err>
      </testcase>
      <testcase name="Test Cases/Healthcare/Appointment/TC15_Make_appointment_Hongkong" time="11.009" classname="Test Cases/Healthcare/Appointment/TC15_Make_appointment_Hongkong" status="PASSED">
         <system-out><![CDATA[18-07-2024T23:22:31 - [TEST_CASE][PASSED] - Test Cases/Healthcare/Appointment/TC15_Make_appointment_Hongkong: Test Cases/Healthcare/Appointment/TC15_Make_appointment_Hongkong

18-07-2024T23:22:32 - [TEST_STEP][PASSED] - store.Authentication.HC_Login_Make_Appointment.Login_Appointment(): store.Authentication.HC_Login_Make_Appointment.Login_Appointment is PASSED

18-07-2024T23:22:32 - [MESSAGE][INFO] - Starting 'Chrome' driver

18-07-2024T23:22:32 - [MESSAGE][INFO] - Action delay is set to 0 milliseconds

18-07-2024T23:22:35 - [MESSAGE][PASSED] - Browser is opened with url: 'https://katalon-demo-cura.herokuapp.com/'

18-07-2024T23:22:35 - [MESSAGE][PASSED] - Current window maximized

18-07-2024T23:22:36 - [MESSAGE][PASSED] - Object: 'Object Repository/Healthcare/Dashboard/a_Make Appointment' is clicked on

18-07-2024T23:22:37 - [MESSAGE][PASSED] - Text 'John Doe' is set on object 'Object Repository/Healthcare/Login/input_Username_username'

18-07-2024T23:22:37 - [MESSAGE][PASSED] - Text 'ThisIsNotAPassword' is set on object 'Object Repository/Healthcare/Login/input_Password_password'

18-07-2024T23:22:39 - [MESSAGE][PASSED] - Object: 'Object Repository/Healthcare/Login/button_Login' is clicked on

18-07-2024T23:22:39 - [MESSAGE][PASSED] - Object 'Object Repository/Healthcare/Appointment/form_Healthcare' is present

18-07-2024T23:22:39 - [MESSAGE][PASSED] - Object 'Object Repository/Healthcare/Appointment/form_Healthcare' is present

18-07-2024T23:22:39 - [MESSAGE][PASSED] - store.Authentication.HC_Login_Make_Appointment.Login_Appointment is PASSED

18-07-2024T23:22:39 - [TEST_STEP][PASSED] - click(findTestObject("Object Repository/Healthcare/Appointment/Facility_dropdownlist")): Object: 'Object Repository/Healthcare/Appointment/Facility_dropdownlist' is clicked on

18-07-2024T23:22:40 - [MESSAGE][PASSED] - Object: 'Object Repository/Healthcare/Appointment/Facility_dropdownlist' is clicked on

18-07-2024T23:22:40 - [TEST_STEP][PASSED] - click(findTestObject("Object Repository/Healthcare/Appointment/Facility_HongKong_option")): Object: 'Object Repository/Healthcare/Appointment/Facility_HongKong_option' is clicked on

18-07-2024T23:22:40 - [MESSAGE][PASSED] - Object: 'Object Repository/Healthcare/Appointment/Facility_HongKong_option' is clicked on

18-07-2024T23:22:40 - [TEST_STEP][PASSED] - click(findTestObject("Object Repository/Healthcare/Appointment/VisitDate_Calendar_icon")): Object: 'Object Repository/Healthcare/Appointment/VisitDate_Calendar_icon' is clicked on

18-07-2024T23:22:40 - [MESSAGE][PASSED] - Object: 'Object Repository/Healthcare/Appointment/VisitDate_Calendar_icon' is clicked on

18-07-2024T23:22:40 - [TEST_STEP][PASSED] - click(findTestObject("Object Repository/Healthcare/Appointment/VisitDate_Calendar_Date_option")): Object: 'Object Repository/Healthcare/Appointment/VisitDate_Calendar_Date_option' is clicked on

18-07-2024T23:22:41 - [MESSAGE][PASSED] - Object: 'Object Repository/Healthcare/Appointment/VisitDate_Calendar_Date_option' is clicked on

18-07-2024T23:22:41 - [TEST_STEP][PASSED] - click(findTestObject("Object Repository/Healthcare/Appointment/Book_appointment_button")): Object: 'Object Repository/Healthcare/Appointment/Book_appointment_button' is clicked on

18-07-2024T23:22:42 - [MESSAGE][PASSED] - Object: 'Object Repository/Healthcare/Appointment/Book_appointment_button' is clicked on

18-07-2024T23:22:42 - [TEST_STEP][PASSED] - verifyElementPresent(findTestObject("Object Repository/Healthcare/Summary/Appointment_Confirmation_label"), 3): Object 'Object Repository/Healthcare/Summary/Appointment_Confirmation_label' is present

18-07-2024T23:22:42 - [MESSAGE][PASSED] - Object 'Object Repository/Healthcare/Summary/Appointment_Confirmation_label' is present

18-07-2024T23:22:42 - [TEST_STEP][PASSED] - verifyElementPresent(findTestObject("Object Repository/Healthcare/Summary/Facility_HongKong_label"), 3): Object 'Object Repository/Healthcare/Summary/Facility_HongKong_label' is present

18-07-2024T23:22:42 - [MESSAGE][PASSED] - Object 'Object Repository/Healthcare/Summary/Facility_HongKong_label' is present

18-07-2024T23:22:42 - [TEST_STEP][PASSED] - closeBrowser(): Browser is closed

18-07-2024T23:22:42 - [MESSAGE][PASSED] - Browser is closed]]></system-out>
         <system-err><![CDATA[]]></system-err>
      </testcase>
      <testcase name="Test Cases/Healthcare/Appointment/TC16_Appointment_Go_to_HP" time="11.209" classname="Test Cases/Healthcare/Appointment/TC16_Appointment_Go_to_HP" status="PASSED">
         <system-out><![CDATA[18-07-2024T23:22:42 - [TEST_CASE][PASSED] - Test Cases/Healthcare/Appointment/TC16_Appointment_Go_to_HP: Test Cases/Healthcare/Appointment/TC16_Appointment_Go_to_HP

18-07-2024T23:22:43 - [TEST_STEP][PASSED] - store.Function.HC_Make_Appointment.Make_Appointment("HongKong"): store.Function.HC_Make_Appointment.Make_Appointment is PASSED

18-07-2024T23:22:43 - [MESSAGE][INFO] - Starting 'Chrome' driver

18-07-2024T23:22:43 - [MESSAGE][INFO] - Action delay is set to 0 milliseconds

18-07-2024T23:22:46 - [MESSAGE][PASSED] - Browser is opened with url: 'https://katalon-demo-cura.herokuapp.com/'

18-07-2024T23:22:46 - [MESSAGE][PASSED] - Current window maximized

18-07-2024T23:22:47 - [MESSAGE][PASSED] - Object: 'Object Repository/Healthcare/Dashboard/a_Make Appointment' is clicked on

18-07-2024T23:22:47 - [MESSAGE][PASSED] - Text 'John Doe' is set on object 'Object Repository/Healthcare/Login/input_Username_username'

18-07-2024T23:22:48 - [MESSAGE][PASSED] - Text 'ThisIsNotAPassword' is set on object 'Object Repository/Healthcare/Login/input_Password_password'

18-07-2024T23:22:49 - [MESSAGE][PASSED] - Object: 'Object Repository/Healthcare/Login/button_Login' is clicked on

18-07-2024T23:22:50 - [MESSAGE][PASSED] - Object 'Object Repository/Healthcare/Appointment/form_Healthcare' is present

18-07-2024T23:22:50 - [MESSAGE][PASSED] - Object 'Object Repository/Healthcare/Appointment/form_Healthcare' is present

18-07-2024T23:22:50 - [MESSAGE][PASSED] - Object: 'Object Repository/Healthcare/Appointment/Facility_dropdownlist' is clicked on

18-07-2024T23:22:51 - [MESSAGE][PASSED] - Object: 'Object Repository/Healthcare/Appointment/Facility_HongKong_option' is clicked on

18-07-2024T23:22:51 - [MESSAGE][PASSED] - Object: 'Object Repository/Healthcare/Appointment/VisitDate_Calendar_icon' is clicked on

18-07-2024T23:22:51 - [MESSAGE][PASSED] - Object: 'Object Repository/Healthcare/Appointment/VisitDate_Calendar_Date_option' is clicked on

18-07-2024T23:22:52 - [MESSAGE][PASSED] - Object: 'Object Repository/Healthcare/Appointment/Book_appointment_button' is clicked on

18-07-2024T23:22:53 - [MESSAGE][PASSED] - Object 'Object Repository/Healthcare/Summary/Appointment_Confirmation_label' is present

18-07-2024T23:22:53 - [MESSAGE][PASSED] - store.Function.HC_Make_Appointment.Make_Appointment is PASSED

18-07-2024T23:22:53 - [TEST_STEP][PASSED] - click(findTestObject("Object Repository/Healthcare/Summary/Go_to_HP_btn")): Object: 'Object Repository/Healthcare/Summary/Go_to_HP_btn' is clicked on

18-07-2024T23:22:53 - [MESSAGE][PASSED] - Object: 'Object Repository/Healthcare/Summary/Go_to_HP_btn' is clicked on

18-07-2024T23:22:53 - [TEST_STEP][PASSED] - verifyElementPresent(findTestObject("Object Repository/Healthcare/Appointment/form_Healthcare"), 3): Object 'Object Repository/Healthcare/Appointment/form_Healthcare' is present

18-07-2024T23:22:54 - [MESSAGE][PASSED] - Object 'Object Repository/Healthcare/Appointment/form_Healthcare' is present

18-07-2024T23:22:54 - [TEST_STEP][PASSED] - closeBrowser(): Browser is closed

18-07-2024T23:22:54 - [MESSAGE][PASSED] - Browser is closed]]></system-out>
         <system-err><![CDATA[]]></system-err>
      </testcase>
      <system-out><![CDATA[18-07-2024T23:22:08 - [TEST_SUITE][PASSED] - Make appointment: Test Cases/Healthcare/Appointment/TC16_Appointment_Go_to_HP]]></system-out>
      <system-err><![CDATA[]]></system-err>
   </testsuite>
</testsuites>
