<?xml version="1.0" encoding="UTF-8"?>
<testsuites name="Checkout_logged_in" time="496.499" tests="1" failures="0" errors="0">
   <testsuite name="Checkout_logged_in" tests="1" failures="0" errors="0" time="496.499" skipped="0" timestamp="24-07-2024T19:00:19" hostname="Admin - DESKTOP-26G4KH6" id="Test Suites/Shopping Cart/Checkout/Checkout_logged_in">
      <properties>
         <property name="deviceName" value=""/>
         <property name="devicePlatform"/>
         <property name="logFolder" value="C:\\Users\\Admin\\git\\Katalon-certification\\Reports\\20240724_190010\\Shopping Cart\\Checkout\\Checkout_logged_in\\20240724_190010"/>
         <property name="logFiles" value="C:\\Users\\Admin\\git\\Katalon-certification\\Reports\\20240724_190010\\Shopping Cart\\Checkout\\Checkout_logged_in\\20240724_190010\\execution0.log"/>
         <property name="attachments" value=""/>
         <property name="hostName" value="Admin - DESKTOP-26G4KH6"/>
         <property name="os" value="Windows 10 64bit"/>
         <property name="katalonVersion" value="9.6.0.217"/>
         <property name="browser" value="Chrome 126.0.0.0"/>
         <property name="hostAddress" value="192.168.0.191"/>
         <property name="sessionId" value="a49b19dbaf854e9b7701b5f4f06ea59b"/>
         <property name="seleniumVersion" value="3.141.59"/>
         <property name="proxyInformation" value="ProxyInformation { proxyOption=NO_PROXY, proxyServerType=HTTP, username=, password=********, proxyServerAddress=, proxyServerPort=0, executionList=&quot;&quot;, isApplyToDesiredCapabilities=true }"/>
         <property name="platform" value="Windows 10"/>
      </properties>
      <testcase name="Test Cases/Shopping Cart/Check out/TC50_Logged_in_Checkout" time="496.259" classname="Test Cases/Shopping Cart/Check out/TC50_Logged_in_Checkout" status="PASSED">
         <system-out><![CDATA[24-07-2024T19:00:19 - [TEST_CASE][PASSED] - Test Cases/Shopping Cart/Check out/TC50_Logged_in_Checkout: Test Cases/Shopping Cart/Check out/TC50_Logged_in_Checkout

24-07-2024T19:00:20 - [TEST_STEP][PASSED] - store.Authentication.Login.Login_successed(username, password): store.Authentication.Login.Login_successed is PASSED

24-07-2024T19:00:20 - [MESSAGE][INFO] - Starting 'Chrome' driver

24-07-2024T19:00:20 - [MESSAGE][INFO] - Action delay is set to 0 milliseconds

24-07-2024T19:00:34 - [MESSAGE][PASSED] - Browser is opened with url: 'https://demo-store.katalon.com/signin'

24-07-2024T19:00:34 - [MESSAGE][PASSED] - Current window maximized

24-07-2024T19:01:04 - [MESSAGE][PASSED] - Object 'Object Repository/Shopping Cart/Sign in/Sign_in_page' is present

24-07-2024T19:02:04 - [MESSAGE][PASSED] - Text 'quoc.huy.lu8960@gmail.com' is set on object 'Object Repository/Shopping Cart/Sign in/Email_input'

24-07-2024T19:03:05 - [MESSAGE][PASSED] - Text 'KatalonCerti123' is set on object 'Object Repository/Shopping Cart/Sign in/Password_input'

24-07-2024T19:03:35 - [MESSAGE][PASSED] - Object: 'Object Repository/Shopping Cart/Sign in/Signin_button' is clicked on

24-07-2024T19:04:05 - [MESSAGE][PASSED] - Object 'Object Repository/Shopping Cart/Dashboard/Dashboard_page' is present

24-07-2024T19:04:05 - [MESSAGE][PASSED] - store.Authentication.Login.Login_successed is PASSED

24-07-2024T19:04:05 - [TEST_STEP][PASSED] - maximizeWindow(): Current window maximized

24-07-2024T19:04:05 - [MESSAGE][PASSED] - Current window maximized

24-07-2024T19:04:05 - [TEST_STEP][PASSED] - waitForElementPresent(findTestObject("Object Repository/Shopping Cart/Dashboard/Product_item", ["product_name":product_name]), 3): Object 'Object Repository/Shopping Cart/Dashboard/Product_item' is present

24-07-2024T19:04:35 - [MESSAGE][PASSED] - Object 'Object Repository/Shopping Cart/Dashboard/Product_item' is present

24-07-2024T19:04:35 - [TEST_STEP][PASSED] - click(findTestObject("Object Repository/Shopping Cart/Dashboard/Product_item", ["product_name":product_name])): Object: 'Object Repository/Shopping Cart/Dashboard/Product_item' is clicked on

24-07-2024T19:05:05 - [MESSAGE][PASSED] - Object: 'Object Repository/Shopping Cart/Dashboard/Product_item' is clicked on

24-07-2024T19:05:05 - [TEST_STEP][PASSED] - waitForElementPresent(findTestObject("Object Repository/Shopping Cart/Product Overview/Product_Overview_page"), 3): Object 'Object Repository/Shopping Cart/Product Overview/Product_Overview_page' is present

24-07-2024T19:05:35 - [MESSAGE][PASSED] - Object 'Object Repository/Shopping Cart/Product Overview/Product_Overview_page' is present

24-07-2024T19:05:35 - [TEST_STEP][PASSED] - store.Function.Check_out_product.Check_out_a_product(): store.Function.Check_out_product.Check_out_a_product is PASSED

24-07-2024T19:06:05 - [MESSAGE][PASSED] - Object: 'Object Repository/Shopping Cart/Product Overview/Add_to_cart_button' is clicked on

24-07-2024T19:06:35 - [MESSAGE][PASSED] - Object 'Object Repository/Shopping Cart/Cart/Cart_page' is present

24-07-2024T19:07:05 - [MESSAGE][PASSED] - Object: 'Object Repository/Shopping Cart/Cart/Check_out_button' is clicked on

24-07-2024T19:07:35 - [MESSAGE][PASSED] - Object 'Object Repository/Shopping Cart/Check out/Checkout_page' is present

24-07-2024T19:08:05 - [MESSAGE][PASSED] - Object: 'Object Repository/Shopping Cart/Check out/Confirm_checkout_button' is clicked on

24-07-2024T19:08:05 - [MESSAGE][PASSED] - store.Function.Check_out_product.Check_out_a_product is PASSED

24-07-2024T19:08:05 - [TEST_STEP][PASSED] - verifyElementPresent(findTestObject("Object Repository/Shopping Cart/Check out/Success page/Checkout_success_page"), 5): Object 'Object Repository/Shopping Cart/Check out/Success page/Checkout_success_page' is present

24-07-2024T19:08:35 - [MESSAGE][PASSED] - Object 'Object Repository/Shopping Cart/Check out/Success page/Checkout_success_page' is present]]></system-out>
         <system-err><![CDATA[]]></system-err>
      </testcase>
      <system-out><![CDATA[24-07-2024T19:00:19 - [TEST_SUITE][PASSED] - Checkout_logged_in: Test Cases/Shopping Cart/Check out/TC50_Logged_in_Checkout]]></system-out>
      <system-err><![CDATA[]]></system-err>
   </testsuite>
</testsuites>
