<?xml version="1.0" encoding="UTF-8"?>
<testsuites name="Make appointment" time="74.018" tests="4" failures="0" errors="0">
   <testsuite name="Make appointment" tests="4" failures="0" errors="0" time="74.018" skipped="0" timestamp="19-07-2024T20:20:16" hostname="Admin - DESKTOP-26G4KH6" id="Test Suites/Haealthcare/Appointment/Make appointment">
      <properties>
         <property name="deviceName" value=""/>
         <property name="devicePlatform"/>
         <property name="logFolder" value="C:\\Users\\Admin\\git\\Katalon-certification\\Reports\\20240719_202006\\Haealthcare\\Appointment\\Make appointment\\20240719_202007"/>
         <property name="logFiles" value="C:\\Users\\Admin\\git\\Katalon-certification\\Reports\\20240719_202006\\Haealthcare\\Appointment\\Make appointment\\20240719_202007\\execution0.log"/>
         <property name="attachments" value=""/>
         <property name="hostName" value="Admin - DESKTOP-26G4KH6"/>
         <property name="os" value="Windows 10 64bit"/>
         <property name="katalonVersion" value="9.6.0.217"/>
         <property name="browser" value="Chrome 126.0.0.0"/>
         <property name="hostAddress" value="192.168.0.191"/>
         <property name="sessionId" value="85e80d6414730785484dcbe57750a50f"/>
         <property name="seleniumVersion" value="3.141.59"/>
         <property name="proxyInformation" value="ProxyInformation { proxyOption=NO_PROXY, proxyServerType=HTTP, username=, password=********, proxyServerAddress=, proxyServerPort=0, executionList=&quot;&quot;, isApplyToDesiredCapabilities=true }"/>
         <property name="platform" value="Windows 10"/>
      </properties>
      <testcase name="Test Cases/Healthcare/Appointment/TC13_Make_apointment_Tokyo" time="36.431" classname="Test Cases/Healthcare/Appointment/TC13_Make_apointment_Tokyo" status="PASSED">
         <system-out><![CDATA[19-07-2024T20:20:16 - [TEST_CASE][PASSED] - Test Cases/Healthcare/Appointment/TC13_Make_apointment_Tokyo: Test Cases/Healthcare/Appointment/TC13_Make_apointment_Tokyo

19-07-2024T20:20:16 - [TEST_STEP][PASSED] - store.Authentication.HC_Login_Make_Appointment.Login_Appointment(): store.Authentication.HC_Login_Make_Appointment.Login_Appointment is PASSED

19-07-2024T20:20:17 - [MESSAGE][INFO] - Starting 'Chrome' driver

19-07-2024T20:20:17 - [MESSAGE][INFO] - Action delay is set to 0 milliseconds

19-07-2024T20:20:43 - [MESSAGE][PASSED] - Browser is opened with url: 'https://katalon-demo-cura.herokuapp.com/'

19-07-2024T20:20:43 - [MESSAGE][PASSED] - Current window maximized

19-07-2024T20:20:44 - [MESSAGE][PASSED] - Object: 'Object Repository/Healthcare/Dashboard/a_Make Appointment' is clicked on

19-07-2024T20:20:45 - [MESSAGE][PASSED] - Text 'John Doe' is set on object 'Object Repository/Healthcare/Login/input_Username_username'

19-07-2024T20:20:46 - [MESSAGE][PASSED] - Text 'ThisIsNotAPassword' is set on object 'Object Repository/Healthcare/Login/input_Password_password'

19-07-2024T20:20:48 - [MESSAGE][PASSED] - Object: 'Object Repository/Healthcare/Login/button_Login' is clicked on

19-07-2024T20:20:48 - [MESSAGE][PASSED] - Object 'Object Repository/Healthcare/Appointment/form_Healthcare' is present

19-07-2024T20:20:48 - [MESSAGE][PASSED] - Object 'Object Repository/Healthcare/Appointment/form_Healthcare' is present

19-07-2024T20:20:48 - [MESSAGE][PASSED] - store.Authentication.HC_Login_Make_Appointment.Login_Appointment is PASSED

19-07-2024T20:20:48 - [TEST_STEP][PASSED] - click(findTestObject("Object Repository/Healthcare/Appointment/Facility_dropdownlist")): Object: 'Object Repository/Healthcare/Appointment/Facility_dropdownlist' is clicked on

19-07-2024T20:20:49 - [MESSAGE][PASSED] - Object: 'Object Repository/Healthcare/Appointment/Facility_dropdownlist' is clicked on

19-07-2024T20:20:49 - [TEST_STEP][PASSED] - click(findTestObject("Object Repository/Healthcare/Appointment/Facility_Tokyo_option")): Object: 'Object Repository/Healthcare/Appointment/Facility_Tokyo_option' is clicked on

19-07-2024T20:20:49 - [MESSAGE][PASSED] - Object: 'Object Repository/Healthcare/Appointment/Facility_Tokyo_option' is clicked on

19-07-2024T20:20:49 - [TEST_STEP][PASSED] - click(findTestObject("Object Repository/Healthcare/Appointment/VisitDate_Calendar_icon")): Object: 'Object Repository/Healthcare/Appointment/VisitDate_Calendar_icon' is clicked on

19-07-2024T20:20:49 - [MESSAGE][PASSED] - Object: 'Object Repository/Healthcare/Appointment/VisitDate_Calendar_icon' is clicked on

19-07-2024T20:20:49 - [TEST_STEP][PASSED] - click(findTestObject("Object Repository/Healthcare/Appointment/VisitDate_Calendar_Date_option")): Object: 'Object Repository/Healthcare/Appointment/VisitDate_Calendar_Date_option' is clicked on

19-07-2024T20:20:50 - [MESSAGE][PASSED] - Object: 'Object Repository/Healthcare/Appointment/VisitDate_Calendar_Date_option' is clicked on

19-07-2024T20:20:50 - [TEST_STEP][PASSED] - click(findTestObject("Object Repository/Healthcare/Appointment/Book_appointment_button")): Object: 'Object Repository/Healthcare/Appointment/Book_appointment_button' is clicked on

19-07-2024T20:20:51 - [MESSAGE][PASSED] - Object: 'Object Repository/Healthcare/Appointment/Book_appointment_button' is clicked on

19-07-2024T20:20:51 - [TEST_STEP][PASSED] - verifyElementPresent(findTestObject("Object Repository/Healthcare/Summary/Appointment_Confirmation_label"), 3): Object 'Object Repository/Healthcare/Summary/Appointment_Confirmation_label' is present

19-07-2024T20:20:51 - [MESSAGE][PASSED] - Object 'Object Repository/Healthcare/Summary/Appointment_Confirmation_label' is present

19-07-2024T20:20:51 - [TEST_STEP][PASSED] - verifyElementPresent(findTestObject("Object Repository/Healthcare/Summary/Facility_Tokyo_label"), 3): Object 'Object Repository/Healthcare/Summary/Facility_Tokyo_label' is present

19-07-2024T20:20:52 - [MESSAGE][PASSED] - Object 'Object Repository/Healthcare/Summary/Facility_Tokyo_label' is present

19-07-2024T20:20:52 - [TEST_STEP][PASSED] - closeBrowser(): Browser is closed

19-07-2024T20:20:52 - [MESSAGE][PASSED] - Browser is closed]]></system-out>
         <system-err><![CDATA[]]></system-err>
      </testcase>
      <testcase name="Test Cases/Healthcare/Appointment/TC14_Make_appointment_Seoul" time="12.596" classname="Test Cases/Healthcare/Appointment/TC14_Make_appointment_Seoul" status="PASSED">
         <system-out><![CDATA[19-07-2024T20:20:52 - [TEST_CASE][PASSED] - Test Cases/Healthcare/Appointment/TC14_Make_appointment_Seoul: Test Cases/Healthcare/Appointment/TC14_Make_appointment_Seoul

19-07-2024T20:20:52 - [TEST_STEP][PASSED] - store.Authentication.HC_Login_Make_Appointment.Login_Appointment(): store.Authentication.HC_Login_Make_Appointment.Login_Appointment is PASSED

19-07-2024T20:20:52 - [MESSAGE][INFO] - Starting 'Chrome' driver

19-07-2024T20:20:52 - [MESSAGE][INFO] - Action delay is set to 0 milliseconds

19-07-2024T20:20:56 - [MESSAGE][PASSED] - Browser is opened with url: 'https://katalon-demo-cura.herokuapp.com/'

19-07-2024T20:20:56 - [MESSAGE][PASSED] - Current window maximized

19-07-2024T20:20:57 - [MESSAGE][PASSED] - Object: 'Object Repository/Healthcare/Dashboard/a_Make Appointment' is clicked on

19-07-2024T20:20:57 - [MESSAGE][PASSED] - Text 'John Doe' is set on object 'Object Repository/Healthcare/Login/input_Username_username'

19-07-2024T20:20:58 - [MESSAGE][PASSED] - Text 'ThisIsNotAPassword' is set on object 'Object Repository/Healthcare/Login/input_Password_password'

19-07-2024T20:21:00 - [MESSAGE][PASSED] - Object: 'Object Repository/Healthcare/Login/button_Login' is clicked on

19-07-2024T20:21:01 - [MESSAGE][PASSED] - Object 'Object Repository/Healthcare/Appointment/form_Healthcare' is present

19-07-2024T20:21:01 - [MESSAGE][PASSED] - Object 'Object Repository/Healthcare/Appointment/form_Healthcare' is present

19-07-2024T20:21:01 - [MESSAGE][PASSED] - store.Authentication.HC_Login_Make_Appointment.Login_Appointment is PASSED

19-07-2024T20:21:01 - [TEST_STEP][PASSED] - click(findTestObject("Object Repository/Healthcare/Appointment/Facility_dropdownlist")): Object: 'Object Repository/Healthcare/Appointment/Facility_dropdownlist' is clicked on

19-07-2024T20:21:01 - [MESSAGE][PASSED] - Object: 'Object Repository/Healthcare/Appointment/Facility_dropdownlist' is clicked on

19-07-2024T20:21:01 - [TEST_STEP][PASSED] - click(findTestObject("Object Repository/Healthcare/Appointment/Facility_Seoul_option")): Object: 'Object Repository/Healthcare/Appointment/Facility_Seoul_option' is clicked on

19-07-2024T20:21:01 - [MESSAGE][PASSED] - Object: 'Object Repository/Healthcare/Appointment/Facility_Seoul_option' is clicked on

19-07-2024T20:21:01 - [TEST_STEP][PASSED] - click(findTestObject("Object Repository/Healthcare/Appointment/VisitDate_Calendar_icon")): Object: 'Object Repository/Healthcare/Appointment/VisitDate_Calendar_icon' is clicked on

19-07-2024T20:21:02 - [MESSAGE][PASSED] - Object: 'Object Repository/Healthcare/Appointment/VisitDate_Calendar_icon' is clicked on

19-07-2024T20:21:02 - [TEST_STEP][PASSED] - click(findTestObject("Object Repository/Healthcare/Appointment/VisitDate_Calendar_Date_option")): Object: 'Object Repository/Healthcare/Appointment/VisitDate_Calendar_Date_option' is clicked on

19-07-2024T20:21:02 - [MESSAGE][PASSED] - Object: 'Object Repository/Healthcare/Appointment/VisitDate_Calendar_Date_option' is clicked on

19-07-2024T20:21:02 - [TEST_STEP][PASSED] - click(findTestObject("Object Repository/Healthcare/Appointment/Book_appointment_button")): Object: 'Object Repository/Healthcare/Appointment/Book_appointment_button' is clicked on

19-07-2024T20:21:04 - [MESSAGE][PASSED] - Object: 'Object Repository/Healthcare/Appointment/Book_appointment_button' is clicked on

19-07-2024T20:21:04 - [TEST_STEP][PASSED] - verifyElementPresent(findTestObject("Object Repository/Healthcare/Summary/Appointment_Confirmation_label"), 3): Object 'Object Repository/Healthcare/Summary/Appointment_Confirmation_label' is present

19-07-2024T20:21:04 - [MESSAGE][PASSED] - Object 'Object Repository/Healthcare/Summary/Appointment_Confirmation_label' is present

19-07-2024T20:21:04 - [TEST_STEP][PASSED] - verifyElementPresent(findTestObject("Object Repository/Healthcare/Summary/Facility_Seoul_label"), 3): Object 'Object Repository/Healthcare/Summary/Facility_Seoul_label' is present

19-07-2024T20:21:05 - [MESSAGE][PASSED] - Object 'Object Repository/Healthcare/Summary/Facility_Seoul_label' is present

19-07-2024T20:21:05 - [TEST_STEP][PASSED] - closeBrowser(): Browser is closed

19-07-2024T20:21:05 - [MESSAGE][PASSED] - Browser is closed]]></system-out>
         <system-err><![CDATA[]]></system-err>
      </testcase>
      <testcase name="Test Cases/Healthcare/Appointment/TC15_Make_appointment_Hongkong" time="12.255" classname="Test Cases/Healthcare/Appointment/TC15_Make_appointment_Hongkong" status="PASSED">
         <system-out><![CDATA[19-07-2024T20:21:05 - [TEST_CASE][PASSED] - Test Cases/Healthcare/Appointment/TC15_Make_appointment_Hongkong: Test Cases/Healthcare/Appointment/TC15_Make_appointment_Hongkong

19-07-2024T20:21:05 - [TEST_STEP][PASSED] - store.Authentication.HC_Login_Make_Appointment.Login_Appointment(): store.Authentication.HC_Login_Make_Appointment.Login_Appointment is PASSED

19-07-2024T20:21:05 - [MESSAGE][INFO] - Starting 'Chrome' driver

19-07-2024T20:21:05 - [MESSAGE][INFO] - Action delay is set to 0 milliseconds

19-07-2024T20:21:10 - [MESSAGE][PASSED] - Browser is opened with url: 'https://katalon-demo-cura.herokuapp.com/'

19-07-2024T20:21:10 - [MESSAGE][PASSED] - Current window maximized

19-07-2024T20:21:11 - [MESSAGE][PASSED] - Object: 'Object Repository/Healthcare/Dashboard/a_Make Appointment' is clicked on

19-07-2024T20:21:12 - [MESSAGE][PASSED] - Text 'John Doe' is set on object 'Object Repository/Healthcare/Login/input_Username_username'

19-07-2024T20:21:12 - [MESSAGE][PASSED] - Text 'ThisIsNotAPassword' is set on object 'Object Repository/Healthcare/Login/input_Password_password'

19-07-2024T20:21:13 - [MESSAGE][PASSED] - Object: 'Object Repository/Healthcare/Login/button_Login' is clicked on

19-07-2024T20:21:14 - [MESSAGE][PASSED] - Object 'Object Repository/Healthcare/Appointment/form_Healthcare' is present

19-07-2024T20:21:14 - [MESSAGE][PASSED] - Object 'Object Repository/Healthcare/Appointment/form_Healthcare' is present

19-07-2024T20:21:14 - [MESSAGE][PASSED] - store.Authentication.HC_Login_Make_Appointment.Login_Appointment is PASSED

19-07-2024T20:21:14 - [TEST_STEP][PASSED] - click(findTestObject("Object Repository/Healthcare/Appointment/Facility_dropdownlist")): Object: 'Object Repository/Healthcare/Appointment/Facility_dropdownlist' is clicked on

19-07-2024T20:21:14 - [MESSAGE][PASSED] - Object: 'Object Repository/Healthcare/Appointment/Facility_dropdownlist' is clicked on

19-07-2024T20:21:14 - [TEST_STEP][PASSED] - click(findTestObject("Object Repository/Healthcare/Appointment/Facility_HongKong_option")): Object: 'Object Repository/Healthcare/Appointment/Facility_HongKong_option' is clicked on

19-07-2024T20:21:14 - [MESSAGE][PASSED] - Object: 'Object Repository/Healthcare/Appointment/Facility_HongKong_option' is clicked on

19-07-2024T20:21:14 - [TEST_STEP][PASSED] - click(findTestObject("Object Repository/Healthcare/Appointment/VisitDate_Calendar_icon")): Object: 'Object Repository/Healthcare/Appointment/VisitDate_Calendar_icon' is clicked on

19-07-2024T20:21:15 - [MESSAGE][PASSED] - Object: 'Object Repository/Healthcare/Appointment/VisitDate_Calendar_icon' is clicked on

19-07-2024T20:21:15 - [TEST_STEP][PASSED] - click(findTestObject("Object Repository/Healthcare/Appointment/VisitDate_Calendar_Date_option")): Object: 'Object Repository/Healthcare/Appointment/VisitDate_Calendar_Date_option' is clicked on

19-07-2024T20:21:15 - [MESSAGE][PASSED] - Object: 'Object Repository/Healthcare/Appointment/VisitDate_Calendar_Date_option' is clicked on

19-07-2024T20:21:15 - [TEST_STEP][PASSED] - click(findTestObject("Object Repository/Healthcare/Appointment/Book_appointment_button")): Object: 'Object Repository/Healthcare/Appointment/Book_appointment_button' is clicked on

19-07-2024T20:21:16 - [MESSAGE][PASSED] - Object: 'Object Repository/Healthcare/Appointment/Book_appointment_button' is clicked on

19-07-2024T20:21:16 - [TEST_STEP][PASSED] - verifyElementPresent(findTestObject("Object Repository/Healthcare/Summary/Appointment_Confirmation_label"), 3): Object 'Object Repository/Healthcare/Summary/Appointment_Confirmation_label' is present

19-07-2024T20:21:17 - [MESSAGE][PASSED] - Object 'Object Repository/Healthcare/Summary/Appointment_Confirmation_label' is present

19-07-2024T20:21:17 - [TEST_STEP][PASSED] - verifyElementPresent(findTestObject("Object Repository/Healthcare/Summary/Facility_HongKong_label"), 3): Object 'Object Repository/Healthcare/Summary/Facility_HongKong_label' is present

19-07-2024T20:21:17 - [MESSAGE][PASSED] - Object 'Object Repository/Healthcare/Summary/Facility_HongKong_label' is present

19-07-2024T20:21:17 - [TEST_STEP][PASSED] - closeBrowser(): Browser is closed

19-07-2024T20:21:17 - [MESSAGE][PASSED] - Browser is closed]]></system-out>
         <system-err><![CDATA[]]></system-err>
      </testcase>
      <testcase name="Test Cases/Healthcare/Appointment/TC16_Appointment_Go_to_HP" time="12.56" classname="Test Cases/Healthcare/Appointment/TC16_Appointment_Go_to_HP" status="PASSED">
         <system-out><![CDATA[19-07-2024T20:21:17 - [TEST_CASE][PASSED] - Test Cases/Healthcare/Appointment/TC16_Appointment_Go_to_HP: Test Cases/Healthcare/Appointment/TC16_Appointment_Go_to_HP

19-07-2024T20:21:17 - [TEST_STEP][PASSED] - store.Function.HC_Make_Appointment.Make_Appointment("HongKong"): store.Function.HC_Make_Appointment.Make_Appointment is PASSED

19-07-2024T20:21:17 - [MESSAGE][INFO] - Starting 'Chrome' driver

19-07-2024T20:21:17 - [MESSAGE][INFO] - Action delay is set to 0 milliseconds

19-07-2024T20:21:21 - [MESSAGE][PASSED] - Browser is opened with url: 'https://katalon-demo-cura.herokuapp.com/'

19-07-2024T20:21:21 - [MESSAGE][PASSED] - Current window maximized

19-07-2024T20:21:22 - [MESSAGE][PASSED] - Object: 'Object Repository/Healthcare/Dashboard/a_Make Appointment' is clicked on

19-07-2024T20:21:22 - [MESSAGE][PASSED] - Text 'John Doe' is set on object 'Object Repository/Healthcare/Login/input_Username_username'

19-07-2024T20:21:23 - [MESSAGE][PASSED] - Text 'ThisIsNotAPassword' is set on object 'Object Repository/Healthcare/Login/input_Password_password'

19-07-2024T20:21:24 - [MESSAGE][PASSED] - Object: 'Object Repository/Healthcare/Login/button_Login' is clicked on

19-07-2024T20:21:25 - [MESSAGE][PASSED] - Object 'Object Repository/Healthcare/Appointment/form_Healthcare' is present

19-07-2024T20:21:25 - [MESSAGE][PASSED] - Object 'Object Repository/Healthcare/Appointment/form_Healthcare' is present

19-07-2024T20:21:25 - [MESSAGE][PASSED] - Object: 'Object Repository/Healthcare/Appointment/Facility_dropdownlist' is clicked on

19-07-2024T20:21:26 - [MESSAGE][PASSED] - Object: 'Object Repository/Healthcare/Appointment/Facility_HongKong_option' is clicked on

19-07-2024T20:21:26 - [MESSAGE][PASSED] - Object: 'Object Repository/Healthcare/Appointment/VisitDate_Calendar_icon' is clicked on

19-07-2024T20:21:26 - [MESSAGE][PASSED] - Object: 'Object Repository/Healthcare/Appointment/VisitDate_Calendar_Date_option' is clicked on

19-07-2024T20:21:27 - [MESSAGE][PASSED] - Object: 'Object Repository/Healthcare/Appointment/Book_appointment_button' is clicked on

19-07-2024T20:21:28 - [MESSAGE][PASSED] - Object 'Object Repository/Healthcare/Summary/Appointment_Confirmation_label' is present

19-07-2024T20:21:28 - [MESSAGE][PASSED] - store.Function.HC_Make_Appointment.Make_Appointment is PASSED

19-07-2024T20:21:28 - [TEST_STEP][PASSED] - click(findTestObject("Object Repository/Healthcare/Summary/Go_to_HP_btn")): Object: 'Object Repository/Healthcare/Summary/Go_to_HP_btn' is clicked on

19-07-2024T20:21:29 - [MESSAGE][PASSED] - Object: 'Object Repository/Healthcare/Summary/Go_to_HP_btn' is clicked on

19-07-2024T20:21:29 - [TEST_STEP][PASSED] - verifyElementPresent(findTestObject("Object Repository/Healthcare/Appointment/form_Healthcare"), 3): Object 'Object Repository/Healthcare/Appointment/form_Healthcare' is present

19-07-2024T20:21:29 - [MESSAGE][PASSED] - Object 'Object Repository/Healthcare/Appointment/form_Healthcare' is present

19-07-2024T20:21:29 - [TEST_STEP][PASSED] - closeBrowser(): Browser is closed

19-07-2024T20:21:30 - [MESSAGE][PASSED] - Browser is closed]]></system-out>
         <system-err><![CDATA[]]></system-err>
      </testcase>
      <system-out><![CDATA[19-07-2024T20:20:16 - [TEST_SUITE][PASSED] - Make appointment: Test Cases/Healthcare/Appointment/TC16_Appointment_Go_to_HP]]></system-out>
      <system-err><![CDATA[]]></system-err>
   </testsuite>
</testsuites>
